# JRE version: Java(TM) SE Runtime Environment (8.0_471) (build 1.8.0_471-b09)
# Java VM: Java HotSpot(TM) 64-Bit Server VM (25.471-b09 mixed mode windows-amd64 compressed oops)
Heap:
 PSYoungGen      total 70656K, used 23505K [0x000000066b180000, 0x000000066f880000, 0x00000007c0000000)
  eden space 68608K, 32% used [0x000000066b180000,0x000000066c78e470,0x000000066f480000)
  from space 2048K, 44% used [0x000000066f480000,0x000000066f566180,0x000000066f680000)
  to   space 2048K, 0% used [0x000000066f680000,0x000000066f680000,0x000000066f880000)
 ParOldGen       total 442880K, used 292372K [0x00000003c1400000, 0x00000003dc480000, 0x000000066b180000)
  object space 442880K, 66% used [0x00000003c1400000,0x00000003d31853c8,0x00000003dc480000)
 Metaspace       used 44669K, capacity 45193K, committed 45696K, reserved 1089536K
  class space    used 5090K, capacity 5225K, committed 5248K, reserved 1048576K
GC Heap History (10 events):
Event: 631.424 GC heap before
{Heap before GC invocations=1356 (full 5):
 PSYoungGen      total 70656K, used 69504K [0x000000066b180000, 0x000000066f880000, 0x00000007c0000000)
  eden space 68608K, 100% used [0x000000066b180000,0x000000066f480000,0x000000066f480000)
  from space 2048K, 43% used [0x000000066f680000,0x000000066f7603f0,0x000000066f880000)
  to   space 2048K, 0% used [0x000000066f480000,0x000000066f480000,0x000000066f680000)
 ParOldGen       total 442880K, used 292220K [0x00000003c1400000, 0x00000003dc480000, 0x000000066b180000)
  object space 442880K, 65% used [0x00000003c1400000,0x00000003d315f3c8,0x00000003dc480000)
 Metaspace       used 44629K, capacity 45065K, committed 45440K, reserved 1089536K
  class space    used 5082K, capacity 5225K, committed 5248K, reserved 1048576K
Event: 631.425 GC heap after
Heap after GC invocations=1356 (full 5):
 PSYoungGen      total 70656K, used 1682K [0x000000066b180000, 0x000000066f880000, 0x00000007c0000000)
  eden space 68608K, 0% used [0x000000066b180000,0x000000066b180000,0x000000066f480000)
  from space 2048K, 82% used [0x000000066f480000,0x000000066f624810,0x000000066f680000)
  to   space 2048K, 0% used [0x000000066f680000,0x000000066f680000,0x000000066f880000)
 ParOldGen       total 442880K, used 292244K [0x00000003c1400000, 0x00000003dc480000, 0x000000066b180000)
  object space 442880K, 65% used [0x00000003c1400000,0x00000003d31653c8,0x00000003dc480000)
 Metaspace       used 44629K, capacity 45065K, committed 45440K, reserved 1089536K
  class space    used 5082K, capacity 5225K, committed 5248K, reserved 1048576K
}
Event: 631.671 GC heap before
{Heap before GC invocations=1357 (full 5):
 PSYoungGen      total 70656K, used 70290K [0x000000066b180000, 0x000000066f880000, 0x00000007c0000000)
  eden space 68608K, 100% used [0x000000066b180000,0x000000066f480000,0x000000066f480000)
  from space 2048K, 82% used [0x000000066f480000,0x000000066f624810,0x000000066f680000)
  to   space 2048K, 0% used [0x000000066f680000,0x000000066f680000,0x000000066f880000)
 ParOldGen       total 442880K, used 292244K [0x00000003c1400000, 0x00000003dc480000, 0x000000066b180000)
  object space 442880K, 65% used [0x00000003c1400000,0x00000003d31653c8,0x00000003dc480000)
 Metaspace       used 44629K, capacity 45065K, committed 45440K, reserved 1089536K
  class space    used 5082K, capacity 5225K, committed 5248K, reserved 1048576K
Event: 631.672 GC heap after
Heap after GC invocations=1357 (full 5):
 PSYoungGen      total 70656K, used 1281K [0x000000066b180000, 0x000000066f880000, 0x00000007c0000000)
  eden space 68608K, 0% used [0x000000066b180000,0x000000066b180000,0x000000066f480000)
  from space 2048K, 62% used [0x000000066f680000,0x000000066f7c0560,0x000000066f880000)
  to   space 2048K, 0% used [0x000000066f480000,0x000000066f480000,0x000000066f680000)
 ParOldGen       total 442880K, used 292284K [0x00000003c1400000, 0x00000003dc480000, 0x000000066b180000)
  object space 442880K, 65% used [0x00000003c1400000,0x00000003d316f3c8,0x00000003dc480000)
 Metaspace       used 44629K, capacity 45065K, committed 45440K, reserved 1089536K
  class space    used 5082K, capacity 5225K, committed 5248K, reserved 1048576K
}
Event: 631.913 GC heap before
{Heap before GC invocations=1358 (full 5):
 PSYoungGen      total 70656K, used 69889K [0x000000066b180000, 0x000000066f880000, 0x00000007c0000000)
  eden space 68608K, 100% used [0x000000066b180000,0x000000066f480000,0x000000066f480000)
  from space 2048K, 62% used [0x000000066f680000,0x000000066f7c0560,0x000000066f880000)
  to   space 2048K, 0% used [0x000000066f480000,0x000000066f480000,0x000000066f680000)
 ParOldGen       total 442880K, used 292284K [0x00000003c1400000, 0x00000003dc480000, 0x000000066b180000)
  object space 442880K, 65% used [0x00000003c1400000,0x00000003d316f3c8,0x00000003dc480000)
 Metaspace       used 44629K, capacity 45065K, committed 45440K, reserved 1089536K
  class space    used 5082K, capacity 5225K, committed 5248K, reserved 1048576K
Event: 631.915 GC heap after
Heap after GC invocations=1358 (full 5):
 PSYoungGen      total 70656K, used 848K [0x000000066b180000, 0x000000066f880000, 0x00000007c0000000)
  eden space 68608K, 0% used [0x000000066b180000,0x000000066b180000,0x000000066f480000)
  from space 2048K, 41% used [0x000000066f480000,0x000000066f5542b0,0x000000066f680000)
  to   space 2048K, 0% used [0x000000066f680000,0x000000066f680000,0x000000066f880000)
 ParOldGen       total 442880K, used 292284K [0x00000003c1400000, 0x00000003dc480000, 0x000000066b180000)
  object space 442880K, 65% used [0x00000003c1400000,0x00000003d316f3c8,0x00000003dc480000)
 Metaspace       used 44629K, capacity 45065K, committed 45440K, reserved 1089536K
  class space    used 5082K, capacity 5225K, committed 5248K, reserved 1048576K
}
Event: 632.149 GC heap before
{Heap before GC invocations=1359 (full 5):
 PSYoungGen      total 70656K, used 69456K [0x000000066b180000, 0x000000066f880000, 0x00000007c0000000)
  eden space 68608K, 100% used [0x000000066b180000,0x000000066f480000,0x000000066f480000)
  from space 2048K, 41% used [0x000000066f480000,0x000000066f5542b0,0x000000066f680000)
  to   space 2048K, 0% used [0x000000066f680000,0x000000066f680000,0x000000066f880000)
 ParOldGen       total 442880K, used 292284K [0x00000003c1400000, 0x00000003dc480000, 0x000000066b180000)
  object space 442880K, 65% used [0x00000003c1400000,0x00000003d316f3c8,0x00000003dc480000)
 Metaspace       used 44629K, capacity 45065K, committed 45440K, reserved 1089536K
  class space    used 5082K, capacity 5225K, committed 5248K, reserved 1048576K
Event: 632.151 GC heap after
Heap after GC invocations=1359 (full 5):
 PSYoungGen      total 70656K, used 856K [0x000000066b180000, 0x000000066f880000, 0x00000007c0000000)
  eden space 68608K, 0% used [0x000000066b180000,0x000000066b180000,0x000000066f480000)
  from space 2048K, 41% used [0x000000066f680000,0x000000066f756180,0x000000066f880000)
  to   space 2048K, 0% used [0x000000066f480000,0x000000066f480000,0x000000066f680000)
 ParOldGen       total 442880K, used 292308K [0x00000003c1400000, 0x00000003dc480000, 0x000000066b180000)
  object space 442880K, 66% used [0x00000003c1400000,0x00000003d31753c8,0x00000003dc480000)
 Metaspace       used 44629K, capacity 45065K, committed 45440K, reserved 1089536K
  class space    used 5082K, capacity 5225K, committed 5248K, reserved 1048576K
}
Event: 632.398 GC heap before
{Heap before GC invocations=1360 (full 5):
 PSYoungGen      total 70656K, used 69464K [0x000000066b180000, 0x000000066f880000, 0x00000007c0000000)
  eden space 68608K, 100% used [0x000000066b180000,0x000000066f480000,0x000000066f480000)
  from space 2048K, 41% used [0x000000066f680000,0x000000066f756180,0x000000066f880000)
  to   space 2048K, 0% used [0x000000066f480000,0x000000066f480000,0x000000066f680000)
 ParOldGen       total 442880K, used 292308K [0x00000003c1400000, 0x00000003dc480000, 0x000000066b180000)
  object space 442880K, 66% used [0x00000003c1400000,0x00000003d31753c8,0x00000003dc480000)
 Metaspace       used 44629K, capacity 45065K, committed 45440K, reserved 1089536K
  class space    used 5082K, capacity 5225K, committed 5248K, reserved 1048576K
Event: 632.400 GC heap after
Heap after GC invocations=1360 (full 5):
 PSYoungGen      total 70656K, used 920K [0x000000066b180000, 0x000000066f880000, 0x00000007c0000000)
  eden space 68608K, 0% used [0x000000066b180000,0x000000066b180000,0x000000066f480000)
  from space 2048K, 44% used [0x000000066f480000,0x000000066f566180,0x000000066f680000)
  to   space 2048K, 0% used [0x000000066f680000,0x000000066f680000,0x000000066f880000)
 ParOldGen       total 442880K, used 292372K [0x00000003c1400000, 0x00000003dc480000, 0x000000066b180000)
  object space 442880K, 66% used [0x00000003c1400000,0x00000003d31853c8,0x00000003dc480000)
 Metaspace       used 44629K, capacity 45065K, committed 45440K, reserved 1089536K
  class space    used 5082K, capacity 5225K, committed 5248K, reserved 1048576K
}

