# JRE version: Java(TM) SE Runtime Environment (8.0_471) (build 1.8.0_471-b09)
# Java VM: Java HotSpot(TM) 64-Bit Server VM (25.471-b09 mixed mode windows-amd64 compressed oops)
Heap:
 PSYoungGen      total 838144K, used 821045K [0x000000066b180000, 0x00000006a5b80000, 0x00000007c0000000)
  eden space 772096K, 97% used [0x000000066b180000,0x0000000699443e08,0x000000069a380000)
  from space 66048K, 97% used [0x00000006a1b00000,0x00000006a5a098e8,0x00000006a5b80000)
  to   space 94208K, 0% used [0x000000069a380000,0x000000069a380000,0x000000069ff80000)
 ParOldGen       total 421376K, used 138760K [0x00000003c1400000, 0x00000003daf80000, 0x000000066b180000)
  object space 421376K, 32% used [0x00000003c1400000,0x00000003c9b82378,0x00000003daf80000)
 Metaspace       used 43509K, capacity 43921K, committed 44416K, reserved 1089536K
  class space    used 5002K, capacity 5123K, committed 5248K, reserved 1048576K
GC Heap History (10 events):
Event: 52.212 GC heap before
{Heap before GC invocations=21 (full 5):
 PSYoungGen      total 806400K, used 767831K [0x000000066b180000, 0x00000006abc00000, 0x00000007c0000000)
  eden space 730624K, 100% used [0x000000066b180000,0x0000000697b00000,0x0000000697b00000)
  from space 75776K, 49% used [0x0000000697b00000,0x0000000699f55d60,0x000000069c500000)
  to   space 73728K, 0% used [0x00000006a7400000,0x00000006a7400000,0x00000006abc00000)
 ParOldGen       total 421376K, used 138728K [0x00000003c1400000, 0x00000003daf80000, 0x000000066b180000)
  object space 421376K, 32% used [0x00000003c1400000,0x00000003c9b7a378,0x00000003daf80000)
 Metaspace       used 43131K, capacity 43557K, committed 43776K, reserved 1087488K
  class space    used 4979K, capacity 5089K, committed 5120K, reserved 1048576K
Event: 52.222 GC heap after
Heap after GC invocations=21 (full 5):
 PSYoungGen      total 941568K, used 53688K [0x000000066b180000, 0x00000006aaa80000, 0x00000007c0000000)
  eden space 885760K, 0% used [0x000000066b180000,0x000000066b180000,0x00000006a1280000)
  from space 55808K, 96% used [0x00000006a7400000,0x00000006aa86e098,0x00000006aaa80000)
  to   space 77824K, 0% used [0x00000006a1280000,0x00000006a1280000,0x00000006a5e80000)
 ParOldGen       total 421376K, used 138736K [0x00000003c1400000, 0x00000003daf80000, 0x000000066b180000)
  object space 421376K, 32% used [0x00000003c1400000,0x00000003c9b7c378,0x00000003daf80000)
 Metaspace       used 43131K, capacity 43557K, committed 43776K, reserved 1087488K
  class space    used 4979K, capacity 5089K, committed 5120K, reserved 1048576K
}
Event: 100.392 GC heap before
{Heap before GC invocations=22 (full 5):
 PSYoungGen      total 941568K, used 939448K [0x000000066b180000, 0x00000006aaa80000, 0x00000007c0000000)
  eden space 885760K, 100% used [0x000000066b180000,0x00000006a1280000,0x00000006a1280000)
  from space 55808K, 96% used [0x00000006a7400000,0x00000006aa86e098,0x00000006aaa80000)
  to   space 77824K, 0% used [0x00000006a1280000,0x00000006a1280000,0x00000006a5e80000)
 ParOldGen       total 421376K, used 138736K [0x00000003c1400000, 0x00000003daf80000, 0x000000066b180000)
  object space 421376K, 32% used [0x00000003c1400000,0x00000003c9b7c378,0x00000003daf80000)
 Metaspace       used 43340K, capacity 43793K, committed 44160K, reserved 1087488K
  class space    used 4994K, capacity 5123K, committed 5248K, reserved 1048576K
Event: 100.403 GC heap after
Heap after GC invocations=22 (full 5):
 PSYoungGen      total 911872K, used 56114K [0x000000066b180000, 0x00000006a9400000, 0x00000007c0000000)
  eden space 855552K, 0% used [0x000000066b180000,0x000000066b180000,0x000000069f500000)
  from space 56320K, 99% used [0x00000006a1280000,0x00000006a494cad8,0x00000006a4980000)
  to   space 76288K, 0% used [0x00000006a4980000,0x00000006a4980000,0x00000006a9400000)
 ParOldGen       total 421376K, used 138744K [0x00000003c1400000, 0x00000003daf80000, 0x000000066b180000)
  object space 421376K, 32% used [0x00000003c1400000,0x00000003c9b7e378,0x00000003daf80000)
 Metaspace       used 43340K, capacity 43793K, committed 44160K, reserved 1087488K
  class space    used 4994K, capacity 5123K, committed 5248K, reserved 1048576K
}
Event: 155.096 GC heap before
{Heap before GC invocations=23 (full 5):
 PSYoungGen      total 911872K, used 902924K [0x000000066b180000, 0x00000006a9400000, 0x00000007c0000000)
  eden space 855552K, 98% used [0x000000066b180000,0x000000069ec76658,0x000000069f500000)
  from space 56320K, 99% used [0x00000006a1280000,0x00000006a494cad8,0x00000006a4980000)
  to   space 76288K, 0% used [0x00000006a4980000,0x00000006a4980000,0x00000006a9400000)
 ParOldGen       total 421376K, used 138744K [0x00000003c1400000, 0x00000003daf80000, 0x000000066b180000)
  object space 421376K, 32% used [0x00000003c1400000,0x00000003c9b7e378,0x00000003daf80000)
 Metaspace       used 43418K, capacity 43857K, committed 44416K, reserved 1089536K
  class space    used 4994K, capacity 5123K, committed 5248K, reserved 1048576K
Event: 155.105 GC heap after
Heap after GC invocations=23 (full 5):
 PSYoungGen      total 885760K, used 58987K [0x000000066b180000, 0x00000006a8380000, 0x00000007c0000000)
  eden space 826368K, 0% used [0x000000066b180000,0x000000066b180000,0x000000069d880000)
  from space 59392K, 99% used [0x00000006a4980000,0x00000006a831ae38,0x00000006a8380000)
  to   space 85504K, 0% used [0x000000069dc80000,0x000000069dc80000,0x00000006a3000000)
 ParOldGen       total 421376K, used 138752K [0x00000003c1400000, 0x00000003daf80000, 0x000000066b180000)
  object space 421376K, 32% used [0x00000003c1400000,0x00000003c9b80378,0x00000003daf80000)
 Metaspace       used 43418K, capacity 43857K, committed 44416K, reserved 1089536K
  class space    used 4994K, capacity 5123K, committed 5248K, reserved 1048576K
}
Event: 167.767 GC heap before
{Heap before GC invocations=24 (full 5):
 PSYoungGen      total 885760K, used 885355K [0x000000066b180000, 0x00000006a8380000, 0x00000007c0000000)
  eden space 826368K, 100% used [0x000000066b180000,0x000000069d880000,0x000000069d880000)
  from space 59392K, 99% used [0x00000006a4980000,0x00000006a831ae38,0x00000006a8380000)
  to   space 85504K, 0% used [0x000000069dc80000,0x000000069dc80000,0x00000006a3000000)
 ParOldGen       total 421376K, used 138752K [0x00000003c1400000, 0x00000003daf80000, 0x000000066b180000)
  object space 421376K, 32% used [0x00000003c1400000,0x00000003c9b80378,0x00000003daf80000)
 Metaspace       used 43453K, capacity 43857K, committed 44416K, reserved 1089536K
  class space    used 4994K, capacity 5123K, committed 5248K, reserved 1048576K
Event: 167.775 GC heap after
Heap after GC invocations=24 (full 5):
 PSYoungGen      total 862720K, used 63844K [0x000000066b180000, 0x00000006a6d80000, 0x00000007c0000000)
  eden space 798720K, 0% used [0x000000066b180000,0x000000066b180000,0x000000069bd80000)
  from space 64000K, 99% used [0x000000069dc80000,0x00000006a1ad9210,0x00000006a1b00000)
  to   space 84480K, 0% used [0x00000006a1b00000,0x00000006a1b00000,0x00000006a6d80000)
 ParOldGen       total 421376K, used 138760K [0x00000003c1400000, 0x00000003daf80000, 0x000000066b180000)
  object space 421376K, 32% used [0x00000003c1400000,0x00000003c9b82378,0x00000003daf80000)
 Metaspace       used 43453K, capacity 43857K, committed 44416K, reserved 1089536K
  class space    used 4994K, capacity 5123K, committed 5248K, reserved 1048576K
}
Event: 179.318 GC heap before
{Heap before GC invocations=25 (full 5):
 PSYoungGen      total 862720K, used 862564K [0x000000066b180000, 0x00000006a6d80000, 0x00000007c0000000)
  eden space 798720K, 100% used [0x000000066b180000,0x000000069bd80000,0x000000069bd80000)
  from space 64000K, 99% used [0x000000069dc80000,0x00000006a1ad9210,0x00000006a1b00000)
  to   space 84480K, 0% used [0x00000006a1b00000,0x00000006a1b00000,0x00000006a6d80000)
 ParOldGen       total 421376K, used 138760K [0x00000003c1400000, 0x00000003daf80000, 0x000000066b180000)
  object space 421376K, 32% used [0x00000003c1400000,0x00000003c9b82378,0x00000003daf80000)
 Metaspace       used 43463K, capacity 43921K, committed 44416K, reserved 1089536K
  class space    used 4994K, capacity 5123K, committed 5248K, reserved 1048576K
Event: 179.325 GC heap after
Heap after GC invocations=25 (full 5):
 PSYoungGen      total 838144K, used 64550K [0x000000066b180000, 0x00000006a5b80000, 0x00000007c0000000)
  eden space 772096K, 0% used [0x000000066b180000,0x000000066b180000,0x000000069a380000)
  from space 66048K, 97% used [0x00000006a1b00000,0x00000006a5a098e8,0x00000006a5b80000)
  to   space 94208K, 0% used [0x000000069a380000,0x000000069a380000,0x000000069ff80000)
 ParOldGen       total 421376K, used 138760K [0x00000003c1400000, 0x00000003daf80000, 0x000000066b180000)
  object space 421376K, 32% used [0x00000003c1400000,0x00000003c9b82378,0x00000003daf80000)
 Metaspace       used 43463K, capacity 43921K, committed 44416K, reserved 1089536K
  class space    used 4994K, capacity 5123K, committed 5248K, reserved 1048576K
}

