# JRE version: Java(TM) SE Runtime Environment (8.0_471) (build 1.8.0_471-b09)
# Java VM: Java HotSpot(TM) 64-Bit Server VM (25.471-b09 mixed mode windows-amd64 compressed oops)
Heap:
 PSYoungGen      total 639488K, used 527113K [0x000000066b180000, 0x000000069a200000, 0x00000007c0000000)
  eden space 591360K, 81% used [0x000000066b180000,0x0000000688594c48,0x000000068f300000)
  from space 48128K, 99% used [0x0000000690500000,0x00000006933ada28,0x0000000693400000)
  to   space 89600K, 0% used [0x0000000694a80000,0x0000000694a80000,0x000000069a200000)
 ParOldGen       total 423424K, used 152632K [0x00000003c1400000, 0x00000003db180000, 0x000000066b180000)
  object space 423424K, 36% used [0x00000003c1400000,0x00000003ca90e1b8,0x00000003db180000)
 Metaspace       used 44253K, capacity 44669K, committed 45184K, reserved 1089536K
  class space    used 5087K, capacity 5223K, committed 5248K, reserved 1048576K
GC Heap History (10 events):
Event: 148.620 GC heap before
{Heap before GC invocations=30 (full 5):
 PSYoungGen      total 763392K, used 753071K [0x000000066b180000, 0x00000006a0a80000, 0x00000007c0000000)
  eden space 691200K, 100% used [0x000000066b180000,0x0000000695480000,0x0000000695480000)
  from space 72192K, 85% used [0x000000069c400000,0x00000006a006bfc8,0x00000006a0a80000)
  to   space 93184K, 0% used [0x0000000695480000,0x0000000695480000,0x000000069af80000)
 ParOldGen       total 423424K, used 137842K [0x00000003c1400000, 0x00000003db180000, 0x000000066b180000)
  object space 423424K, 32% used [0x00000003c1400000,0x00000003c9a9ca78,0x00000003db180000)
 Metaspace       used 44186K, capacity 44669K, committed 45184K, reserved 1089536K
  class space    used 5077K, capacity 5223K, committed 5248K, reserved 1048576K
Event: 148.627 GC heap after
Heap after GC invocations=30 (full 5):
 PSYoungGen      total 731648K, used 61821K [0x000000066b180000, 0x000000069f680000, 0x00000007c0000000)
  eden space 669696K, 0% used [0x000000066b180000,0x000000066b180000,0x0000000693f80000)
  from space 61952K, 99% used [0x0000000695480000,0x00000006990df7a8,0x0000000699100000)
  to   space 93696K, 0% used [0x0000000699b00000,0x0000000699b00000,0x000000069f680000)
 ParOldGen       total 423424K, used 137842K [0x00000003c1400000, 0x00000003db180000, 0x000000066b180000)
  object space 423424K, 32% used [0x00000003c1400000,0x00000003c9a9ca78,0x00000003db180000)
 Metaspace       used 44186K, capacity 44669K, committed 45184K, reserved 1089536K
  class space    used 5077K, capacity 5223K, committed 5248K, reserved 1048576K
}
Event: 154.731 GC heap before
{Heap before GC invocations=31 (full 5):
 PSYoungGen      total 731648K, used 731517K [0x000000066b180000, 0x000000069f680000, 0x00000007c0000000)
  eden space 669696K, 100% used [0x000000066b180000,0x0000000693f80000,0x0000000693f80000)
  from space 61952K, 99% used [0x0000000695480000,0x00000006990df7a8,0x0000000699100000)
  to   space 93696K, 0% used [0x0000000699b00000,0x0000000699b00000,0x000000069f680000)
 ParOldGen       total 423424K, used 137842K [0x00000003c1400000, 0x00000003db180000, 0x000000066b180000)
  object space 423424K, 32% used [0x00000003c1400000,0x00000003c9a9ca78,0x00000003db180000)
 Metaspace       used 44193K, capacity 44669K, committed 45184K, reserved 1089536K
  class space    used 5077K, capacity 5223K, committed 5248K, reserved 1048576K
Event: 154.750 GC heap after
Heap after GC invocations=31 (full 5):
 PSYoungGen      total 721408K, used 61226K [0x000000066b180000, 0x000000069e200000, 0x00000007c0000000)
  eden space 648704K, 0% used [0x000000066b180000,0x000000066b180000,0x0000000692b00000)
  from space 72704K, 84% used [0x0000000699b00000,0x000000069d6caba8,0x000000069e200000)
  to   space 93696K, 0% used [0x0000000692b00000,0x0000000692b00000,0x0000000698680000)
 ParOldGen       total 423424K, used 137842K [0x00000003c1400000, 0x00000003db180000, 0x000000066b180000)
  object space 423424K, 32% used [0x00000003c1400000,0x00000003c9a9ca78,0x00000003db180000)
 Metaspace       used 44193K, capacity 44669K, committed 45184K, reserved 1089536K
  class space    used 5077K, capacity 5223K, committed 5248K, reserved 1048576K
}
Event: 161.331 GC heap before
{Heap before GC invocations=32 (full 5):
 PSYoungGen      total 721408K, used 709930K [0x000000066b180000, 0x000000069e200000, 0x00000007c0000000)
  eden space 648704K, 100% used [0x000000066b180000,0x0000000692b00000,0x0000000692b00000)
  from space 72704K, 84% used [0x0000000699b00000,0x000000069d6caba8,0x000000069e200000)
  to   space 93696K, 0% used [0x0000000692b00000,0x0000000692b00000,0x0000000698680000)
 ParOldGen       total 423424K, used 137842K [0x00000003c1400000, 0x00000003db180000, 0x000000066b180000)
  object space 423424K, 32% used [0x00000003c1400000,0x00000003c9a9ca78,0x00000003db180000)
 Metaspace       used 44197K, capacity 44669K, committed 45184K, reserved 1089536K
  class space    used 5078K, capacity 5223K, committed 5248K, reserved 1048576K
Event: 161.337 GC heap after
Heap after GC invocations=32 (full 5):
 PSYoungGen      total 689664K, used 60901K [0x000000066b180000, 0x000000069ce80000, 0x00000007c0000000)
  eden space 628736K, 0% used [0x000000066b180000,0x000000066b180000,0x0000000691780000)
  from space 60928K, 99% used [0x0000000692b00000,0x00000006966794a8,0x0000000696680000)
  to   space 93696K, 0% used [0x0000000697300000,0x0000000697300000,0x000000069ce80000)
 ParOldGen       total 423424K, used 137842K [0x00000003c1400000, 0x00000003db180000, 0x000000066b180000)
  object space 423424K, 32% used [0x00000003c1400000,0x00000003c9a9ca78,0x00000003db180000)
 Metaspace       used 44197K, capacity 44669K, committed 45184K, reserved 1089536K
  class space    used 5078K, capacity 5223K, committed 5248K, reserved 1048576K
}
Event: 168.133 GC heap before
{Heap before GC invocations=33 (full 5):
 PSYoungGen      total 689664K, used 689637K [0x000000066b180000, 0x000000069ce80000, 0x00000007c0000000)
  eden space 628736K, 100% used [0x000000066b180000,0x0000000691780000,0x0000000691780000)
  from space 60928K, 99% used [0x0000000692b00000,0x00000006966794a8,0x0000000696680000)
  to   space 93696K, 0% used [0x0000000697300000,0x0000000697300000,0x000000069ce80000)
 ParOldGen       total 423424K, used 137842K [0x00000003c1400000, 0x00000003db180000, 0x000000066b180000)
  object space 423424K, 32% used [0x00000003c1400000,0x00000003c9a9ca78,0x00000003db180000)
 Metaspace       used 44205K, capacity 44669K, committed 45184K, reserved 1089536K
  class space    used 5078K, capacity 5223K, committed 5248K, reserved 1048576K
Event: 168.140 GC heap after
Heap after GC invocations=33 (full 5):
 PSYoungGen      total 682496K, used 60775K [0x000000066b180000, 0x000000069ba00000, 0x00000007c0000000)
  eden space 609792K, 0% used [0x000000066b180000,0x000000066b180000,0x0000000690500000)
  from space 72704K, 83% used [0x0000000697300000,0x000000069ae59f68,0x000000069ba00000)
  to   space 92672K, 0% used [0x0000000690500000,0x0000000690500000,0x0000000695f80000)
 ParOldGen       total 423424K, used 137850K [0x00000003c1400000, 0x00000003db180000, 0x000000066b180000)
  object space 423424K, 32% used [0x00000003c1400000,0x00000003c9a9ea78,0x00000003db180000)
 Metaspace       used 44205K, capacity 44669K, committed 45184K, reserved 1089536K
  class space    used 5078K, capacity 5223K, committed 5248K, reserved 1048576K
}
Event: 175.114 GC heap before
{Heap before GC invocations=34 (full 5):
 PSYoungGen      total 682496K, used 670567K [0x000000066b180000, 0x000000069ba00000, 0x00000007c0000000)
  eden space 609792K, 100% used [0x000000066b180000,0x0000000690500000,0x0000000690500000)
  from space 72704K, 83% used [0x0000000697300000,0x000000069ae59f68,0x000000069ba00000)
  to   space 92672K, 0% used [0x0000000690500000,0x0000000690500000,0x0000000695f80000)
 ParOldGen       total 423424K, used 137850K [0x00000003c1400000, 0x00000003db180000, 0x000000066b180000)
  object space 423424K, 32% used [0x00000003c1400000,0x00000003c9a9ea78,0x00000003db180000)
 Metaspace       used 44211K, capacity 44669K, committed 45184K, reserved 1089536K
  class space    used 5078K, capacity 5223K, committed 5248K, reserved 1048576K
Event: 175.121 GC heap after
Heap after GC invocations=34 (full 5):
 PSYoungGen      total 639488K, used 47798K [0x000000066b180000, 0x000000069a200000, 0x00000007c0000000)
  eden space 591360K, 0% used [0x000000066b180000,0x000000066b180000,0x000000068f300000)
  from space 48128K, 99% used [0x0000000690500000,0x00000006933ada28,0x0000000693400000)
  to   space 89600K, 0% used [0x0000000694a80000,0x0000000694a80000,0x000000069a200000)
 ParOldGen       total 423424K, used 152632K [0x00000003c1400000, 0x00000003db180000, 0x000000066b180000)
  object space 423424K, 36% used [0x00000003c1400000,0x00000003ca90e1b8,0x00000003db180000)
 Metaspace       used 44211K, capacity 44669K, committed 45184K, reserved 1089536K
  class space    used 5078K, capacity 5223K, committed 5248K, reserved 1048576K
}

