# JRE version: Java(TM) SE Runtime Environment (8.0_471) (build 1.8.0_471-b09)
# Java VM: Java HotSpot(TM) 64-Bit Server VM (25.471-b09 mixed mode windows-amd64 compressed oops)
Heap:
 PSYoungGen      total 663552K, used 214843K [0x000000066b180000, 0x00000006a2680000, 0x00000007c0000000)
  eden space 581632K, 34% used [0x000000066b180000,0x00000006776e2bd8,0x000000068e980000)
  from space 81920K, 15% used [0x000000068e980000,0x000000068f5ec1d0,0x0000000693980000)
  to   space 81408K, 0% used [0x000000069d700000,0x000000069d700000,0x00000006a2680000)
 ParOldGen       total 411648K, used 150766K [0x00000003c1400000, 0x00000003da600000, 0x000000066b180000)
  object space 411648K, 36% used [0x00000003c1400000,0x00000003ca73ba28,0x00000003da600000)
 Metaspace       used 44140K, capacity 44617K, committed 44928K, reserved 1089536K
  class space    used 5088K, capacity 5225K, committed 5248K, reserved 1048576K
GC Heap History (10 events):
Event: 23.095 GC heap before
{Heap before GC invocations=14 (full 4):
 PSYoungGen      total 656896K, used 0K [0x000000066b180000, 0x0000000698980000, 0x00000007c0000000)
  eden space 574464K, 0% used [0x000000066b180000,0x000000066b180000,0x000000068e280000)
  from space 82432K, 0% used [0x0000000693500000,0x0000000693500000,0x0000000698580000)
  to   space 84480K, 0% used [0x000000068e280000,0x000000068e280000,0x0000000693500000)
 ParOldGen       total 411648K, used 67138K [0x00000003c1400000, 0x00000003da600000, 0x000000066b180000)
  object space 411648K, 16% used [0x00000003c1400000,0x00000003c5590b68,0x00000003da600000)
 Metaspace       used 31326K, capacity 31675K, committed 31872K, reserved 1077248K
  class space    used 3787K, capacity 3900K, committed 3968K, reserved 1048576K
Event: 23.120 GC heap after
Heap after GC invocations=14 (full 4):
 PSYoungGen      total 656896K, used 0K [0x000000066b180000, 0x0000000698980000, 0x00000007c0000000)
  eden space 574464K, 0% used [0x000000066b180000,0x000000066b180000,0x000000068e280000)
  from space 82432K, 0% used [0x0000000693500000,0x0000000693500000,0x0000000698580000)
  to   space 84480K, 0% used [0x000000068e280000,0x000000068e280000,0x0000000693500000)
 ParOldGen       total 411648K, used 67138K [0x00000003c1400000, 0x00000003da600000, 0x000000066b180000)
  object space 411648K, 16% used [0x00000003c1400000,0x00000003c5590b30,0x00000003da600000)
 Metaspace       used 31326K, capacity 31675K, committed 31872K, reserved 1077248K
  class space    used 3787K, capacity 3900K, committed 3968K, reserved 1048576K
}
Event: 24.462 GC heap before
{Heap before GC invocations=15 (full 4):
 PSYoungGen      total 656896K, used 359664K [0x000000066b180000, 0x0000000698980000, 0x00000007c0000000)
  eden space 574464K, 62% used [0x000000066b180000,0x00000006810bc0b8,0x000000068e280000)
  from space 82432K, 0% used [0x0000000693500000,0x0000000693500000,0x0000000698580000)
  to   space 84480K, 0% used [0x000000068e280000,0x000000068e280000,0x0000000693500000)
 ParOldGen       total 411648K, used 67138K [0x00000003c1400000, 0x00000003da600000, 0x000000066b180000)
  object space 411648K, 16% used [0x00000003c1400000,0x00000003c5590b30,0x00000003da600000)
 Metaspace       used 36534K, capacity 36881K, committed 37120K, reserved 1081344K
  class space    used 4380K, capacity 4517K, committed 4608K, reserved 1048576K
Event: 24.472 GC heap after
Heap after GC invocations=15 (full 4):
 PSYoungGen      total 658944K, used 54588K [0x000000066b180000, 0x0000000698e80000, 0x00000007c0000000)
  eden space 574464K, 0% used [0x000000066b180000,0x000000066b180000,0x000000068e280000)
  from space 84480K, 64% used [0x000000068e280000,0x00000006917cf100,0x0000000693500000)
  to   space 87040K, 0% used [0x0000000693980000,0x0000000693980000,0x0000000698e80000)
 ParOldGen       total 411648K, used 67146K [0x00000003c1400000, 0x00000003da600000, 0x000000066b180000)
  object space 411648K, 16% used [0x00000003c1400000,0x00000003c5592b30,0x00000003da600000)
 Metaspace       used 36534K, capacity 36881K, committed 37120K, reserved 1081344K
  class space    used 4380K, capacity 4517K, committed 4608K, reserved 1048576K
}
Event: 24.472 GC heap before
{Heap before GC invocations=16 (full 5):
 PSYoungGen      total 658944K, used 54588K [0x000000066b180000, 0x0000000698e80000, 0x00000007c0000000)
  eden space 574464K, 0% used [0x000000066b180000,0x000000066b180000,0x000000068e280000)
  from space 84480K, 64% used [0x000000068e280000,0x00000006917cf100,0x0000000693500000)
  to   space 87040K, 0% used [0x0000000693980000,0x0000000693980000,0x0000000698e80000)
 ParOldGen       total 411648K, used 67146K [0x00000003c1400000, 0x00000003da600000, 0x000000066b180000)
  object space 411648K, 16% used [0x00000003c1400000,0x00000003c5592b30,0x00000003da600000)
 Metaspace       used 36534K, capacity 36881K, committed 37120K, reserved 1081344K
  class space    used 4380K, capacity 4517K, committed 4608K, reserved 1048576K
Event: 24.544 GC heap after
Heap after GC invocations=16 (full 5):
 PSYoungGen      total 658944K, used 0K [0x000000066b180000, 0x0000000698e80000, 0x00000007c0000000)
  eden space 574464K, 0% used [0x000000066b180000,0x000000066b180000,0x000000068e280000)
  from space 84480K, 0% used [0x000000068e280000,0x000000068e280000,0x0000000693500000)
  to   space 87040K, 0% used [0x0000000693980000,0x0000000693980000,0x0000000698e80000)
 ParOldGen       total 411648K, used 114132K [0x00000003c1400000, 0x00000003da600000, 0x000000066b180000)
  object space 411648K, 27% used [0x00000003c1400000,0x00000003c8375020,0x00000003da600000)
 Metaspace       used 36534K, capacity 36881K, committed 37120K, reserved 1081344K
  class space    used 4380K, capacity 4517K, committed 4608K, reserved 1048576K
}
Event: 28.950 GC heap before
{Heap before GC invocations=17 (full 5):
 PSYoungGen      total 658944K, used 574464K [0x000000066b180000, 0x0000000698e80000, 0x00000007c0000000)
  eden space 574464K, 100% used [0x000000066b180000,0x000000068e280000,0x000000068e280000)
  from space 84480K, 0% used [0x000000068e280000,0x000000068e280000,0x0000000693500000)
  to   space 87040K, 0% used [0x0000000693980000,0x0000000693980000,0x0000000698e80000)
 ParOldGen       total 411648K, used 114132K [0x00000003c1400000, 0x00000003da600000, 0x000000066b180000)
  object space 411648K, 27% used [0x00000003c1400000,0x00000003c8375020,0x00000003da600000)
 Metaspace       used 43636K, capacity 44137K, committed 44416K, reserved 1089536K
  class space    used 5066K, capacity 5193K, committed 5248K, reserved 1048576K
Event: 28.955 GC heap after
Heap after GC invocations=17 (full 5):
 PSYoungGen      total 668672K, used 36529K [0x000000066b180000, 0x00000006aaa80000, 0x00000007c0000000)
  eden space 581632K, 0% used [0x000000066b180000,0x000000066b180000,0x000000068e980000)
  from space 87040K, 41% used [0x0000000693980000,0x0000000695d2c4e0,0x0000000698e80000)
  to   space 81920K, 0% used [0x000000068e980000,0x000000068e980000,0x0000000693980000)
 ParOldGen       total 411648K, used 114148K [0x00000003c1400000, 0x00000003da600000, 0x000000066b180000)
  object space 411648K, 27% used [0x00000003c1400000,0x00000003c8379020,0x00000003da600000)
 Metaspace       used 43636K, capacity 44137K, committed 44416K, reserved 1089536K
  class space    used 5066K, capacity 5193K, committed 5248K, reserved 1048576K
}
Event: 41.190 GC heap before
{Heap before GC invocations=18 (full 5):
 PSYoungGen      total 668672K, used 618161K [0x000000066b180000, 0x00000006aaa80000, 0x00000007c0000000)
  eden space 581632K, 100% used [0x000000066b180000,0x000000068e980000,0x000000068e980000)
  from space 87040K, 41% used [0x0000000693980000,0x0000000695d2c4e0,0x0000000698e80000)
  to   space 81920K, 0% used [0x000000068e980000,0x000000068e980000,0x0000000693980000)
 ParOldGen       total 411648K, used 114148K [0x00000003c1400000, 0x00000003da600000, 0x000000066b180000)
  object space 411648K, 27% used [0x00000003c1400000,0x00000003c8379020,0x00000003da600000)
 Metaspace       used 43969K, capacity 44457K, committed 44928K, reserved 1089536K
  class space    used 5075K, capacity 5193K, committed 5248K, reserved 1048576K
Event: 41.200 GC heap after
Heap after GC invocations=18 (full 5):
 PSYoungGen      total 663552K, used 12720K [0x000000066b180000, 0x00000006a2680000, 0x00000007c0000000)
  eden space 581632K, 0% used [0x000000066b180000,0x000000066b180000,0x000000068e980000)
  from space 81920K, 15% used [0x000000068e980000,0x000000068f5ec1d0,0x0000000693980000)
  to   space 81408K, 0% used [0x000000069d700000,0x000000069d700000,0x00000006a2680000)
 ParOldGen       total 411648K, used 150766K [0x00000003c1400000, 0x00000003da600000, 0x000000066b180000)
  object space 411648K, 36% used [0x00000003c1400000,0x00000003ca73ba28,0x00000003da600000)
 Metaspace       used 43969K, capacity 44457K, committed 44928K, reserved 1089536K
  class space    used 5075K, capacity 5193K, committed 5248K, reserved 1048576K
}

