# JRE version: Java(TM) SE Runtime Environment (8.0_471) (build 1.8.0_471-b09)
# Java VM: Java HotSpot(TM) 64-Bit Server VM (25.471-b09 mixed mode windows-amd64 compressed oops)
Heap:
 PSYoungGen      total 653312K, used 569720K [0x000000066b180000, 0x0000000698a00000, 0x00000007c0000000)
  eden space 576000K, 91% used [0x000000066b180000,0x000000068b33b420,0x000000068e400000)
  from space 77312K, 56% used [0x0000000693e80000,0x0000000696922df0,0x0000000698a00000)
  to   space 84992K, 0% used [0x000000068e400000,0x000000068e400000,0x0000000693700000)
 ParOldGen       total 430592K, used 80854K [0x00000003c1400000, 0x00000003db880000, 0x000000066b180000)
  object space 430592K, 18% used [0x00000003c1400000,0x00000003c62f5aa8,0x00000003db880000)
 Metaspace       used 31192K, capacity 31483K, committed 31872K, reserved 1077248K
  class space    used 3774K, capacity 3900K, committed 3968K, reserved 1048576K
GC Heap History (10 events):
Event: 4.969 GC heap before
{Heap before GC invocations=6 (full 2):
 PSYoungGen      total 305664K, used 262144K [0x000000066b180000, 0x0000000680680000, 0x00000007c0000000)
  eden space 262144K, 100% used [0x000000066b180000,0x000000067b180000,0x000000067b180000)
  from space 43520K, 0% used [0x000000067b180000,0x000000067b180000,0x000000067dc00000)
  to   space 43520K, 0% used [0x000000067dc00000,0x000000067dc00000,0x0000000680680000)
 ParOldGen       total 430592K, used 28458K [0x00000003c1400000, 0x00000003db880000, 0x000000066b180000)
  object space 430592K, 6% used [0x00000003c1400000,0x00000003c2fcaad0,0x00000003db880000)
 Metaspace       used 25311K, capacity 25523K, committed 25728K, reserved 1071104K
  class space    used 3104K, capacity 3178K, committed 3200K, reserved 1048576K
Event: 4.976 GC heap after
Heap after GC invocations=6 (full 2):
 PSYoungGen      total 305664K, used 25797K [0x000000066b180000, 0x0000000687580000, 0x00000007c0000000)
  eden space 262144K, 0% used [0x000000066b180000,0x000000066b180000,0x000000067b180000)
  from space 43520K, 59% used [0x000000067dc00000,0x000000067f531428,0x0000000680680000)
  to   space 43520K, 0% used [0x000000067b180000,0x000000067b180000,0x000000067dc00000)
 ParOldGen       total 430592K, used 28466K [0x00000003c1400000, 0x00000003db880000, 0x000000066b180000)
  object space 430592K, 6% used [0x00000003c1400000,0x00000003c2fccad0,0x00000003db880000)
 Metaspace       used 25311K, capacity 25523K, committed 25728K, reserved 1071104K
  class space    used 3104K, capacity 3178K, committed 3200K, reserved 1048576K
}
Event: 6.610 GC heap before
{Heap before GC invocations=7 (full 2):
 PSYoungGen      total 305664K, used 287941K [0x000000066b180000, 0x0000000687580000, 0x00000007c0000000)
  eden space 262144K, 100% used [0x000000066b180000,0x000000067b180000,0x000000067b180000)
  from space 43520K, 59% used [0x000000067dc00000,0x000000067f531428,0x0000000680680000)
  to   space 43520K, 0% used [0x000000067b180000,0x000000067b180000,0x000000067dc00000)
 ParOldGen       total 430592K, used 28466K [0x00000003c1400000, 0x00000003db880000, 0x000000066b180000)
  object space 430592K, 6% used [0x00000003c1400000,0x00000003c2fccad0,0x00000003db880000)
 Metaspace       used 25336K, capacity 25523K, committed 25728K, reserved 1071104K
  class space    used 3104K, capacity 3178K, committed 3200K, reserved 1048576K
Event: 6.635 GC heap after
Heap after GC invocations=7 (full 2):
 PSYoungGen      total 305664K, used 43516K [0x000000066b180000, 0x0000000688c80000, 0x00000007c0000000)
  eden space 262144K, 0% used [0x000000066b180000,0x000000066b180000,0x000000067b180000)
  from space 43520K, 99% used [0x000000067b180000,0x000000067dbff048,0x000000067dc00000)
  to   space 43520K, 0% used [0x0000000686200000,0x0000000686200000,0x0000000688c80000)
 ParOldGen       total 430592K, used 48181K [0x00000003c1400000, 0x00000003db880000, 0x000000066b180000)
  object space 430592K, 11% used [0x00000003c1400000,0x00000003c430d630,0x00000003db880000)
 Metaspace       used 25336K, capacity 25523K, committed 25728K, reserved 1071104K
  class space    used 3104K, capacity 3178K, committed 3200K, reserved 1048576K
}
Event: 8.065 GC heap before
{Heap before GC invocations=8 (full 2):
 PSYoungGen      total 305664K, used 305660K [0x000000066b180000, 0x0000000688c80000, 0x00000007c0000000)
  eden space 262144K, 100% used [0x000000066b180000,0x000000067b180000,0x000000067b180000)
  from space 43520K, 99% used [0x000000067b180000,0x000000067dbff048,0x000000067dc00000)
  to   space 43520K, 0% used [0x0000000686200000,0x0000000686200000,0x0000000688c80000)
 ParOldGen       total 430592K, used 48181K [0x00000003c1400000, 0x00000003db880000, 0x000000066b180000)
  object space 430592K, 11% used [0x00000003c1400000,0x00000003c430d630,0x00000003db880000)
 Metaspace       used 25433K, capacity 25651K, committed 25984K, reserved 1073152K
  class space    used 3104K, capacity 3178K, committed 3200K, reserved 1048576K
Event: 8.107 GC heap after
Heap after GC invocations=8 (full 2):
 PSYoungGen      total 401920K, used 43490K [0x000000066b180000, 0x000000068fb00000, 0x00000007c0000000)
  eden space 358400K, 0% used [0x000000066b180000,0x000000066b180000,0x0000000680f80000)
  from space 43520K, 99% used [0x0000000686200000,0x0000000688c78828,0x0000000688c80000)
  to   space 84480K, 0% used [0x0000000680f80000,0x0000000680f80000,0x0000000686200000)
 ParOldGen       total 430592K, used 80838K [0x00000003c1400000, 0x00000003db880000, 0x000000066b180000)
  object space 430592K, 18% used [0x00000003c1400000,0x00000003c62f1aa8,0x00000003db880000)
 Metaspace       used 25433K, capacity 25651K, committed 25984K, reserved 1073152K
  class space    used 3104K, capacity 3178K, committed 3200K, reserved 1048576K
}
Event: 11.496 GC heap before
{Heap before GC invocations=9 (full 2):
 PSYoungGen      total 401920K, used 401890K [0x000000066b180000, 0x000000068fb00000, 0x00000007c0000000)
  eden space 358400K, 100% used [0x000000066b180000,0x0000000680f80000,0x0000000680f80000)
  from space 43520K, 99% used [0x0000000686200000,0x0000000688c78828,0x0000000688c80000)
  to   space 84480K, 0% used [0x0000000680f80000,0x0000000680f80000,0x0000000686200000)
 ParOldGen       total 430592K, used 80838K [0x00000003c1400000, 0x00000003db880000, 0x000000066b180000)
  object space 430592K, 18% used [0x00000003c1400000,0x00000003c62f1aa8,0x00000003db880000)
 Metaspace       used 29036K, capacity 29283K, committed 29568K, reserved 1075200K
  class space    used 3553K, capacity 3638K, committed 3712K, reserved 1048576K
Event: 11.522 GC heap after
Heap after GC invocations=9 (full 2):
 PSYoungGen      total 442880K, used 59203K [0x000000066b180000, 0x0000000699580000, 0x00000007c0000000)
  eden space 358400K, 0% used [0x000000066b180000,0x000000066b180000,0x0000000680f80000)
  from space 84480K, 70% used [0x0000000680f80000,0x0000000684950e28,0x0000000686200000)
  to   space 89088K, 0% used [0x0000000693e80000,0x0000000693e80000,0x0000000699580000)
 ParOldGen       total 430592K, used 80846K [0x00000003c1400000, 0x00000003db880000, 0x000000066b180000)
  object space 430592K, 18% used [0x00000003c1400000,0x00000003c62f3aa8,0x00000003db880000)
 Metaspace       used 29036K, capacity 29283K, committed 29568K, reserved 1075200K
  class space    used 3553K, capacity 3638K, committed 3712K, reserved 1048576K
}
Event: 13.002 GC heap before
{Heap before GC invocations=10 (full 2):
 PSYoungGen      total 442880K, used 410440K [0x000000066b180000, 0x0000000699580000, 0x00000007c0000000)
  eden space 358400K, 98% used [0x000000066b180000,0x0000000680881298,0x0000000680f80000)
  from space 84480K, 70% used [0x0000000680f80000,0x0000000684950e28,0x0000000686200000)
  to   space 89088K, 0% used [0x0000000693e80000,0x0000000693e80000,0x0000000699580000)
 ParOldGen       total 430592K, used 80846K [0x00000003c1400000, 0x00000003db880000, 0x000000066b180000)
  object space 430592K, 18% used [0x00000003c1400000,0x00000003c62f3aa8,0x00000003db880000)
 Metaspace       used 30572K, capacity 30837K, committed 30976K, reserved 1077248K
  class space    used 3733K, capacity 3835K, committed 3840K, reserved 1048576K
Event: 13.016 GC heap after
Heap after GC invocations=10 (full 2):
 PSYoungGen      total 653312K, used 43659K [0x000000066b180000, 0x0000000698a00000, 0x00000007c0000000)
  eden space 576000K, 0% used [0x000000066b180000,0x000000066b180000,0x000000068e400000)
  from space 77312K, 56% used [0x0000000693e80000,0x0000000696922df0,0x0000000698a00000)
  to   space 84992K, 0% used [0x000000068e400000,0x000000068e400000,0x0000000693700000)
 ParOldGen       total 430592K, used 80854K [0x00000003c1400000, 0x00000003db880000, 0x000000066b180000)
  object space 430592K, 18% used [0x00000003c1400000,0x00000003c62f5aa8,0x00000003db880000)
 Metaspace       used 30572K, capacity 30837K, committed 30976K, reserved 1077248K
  class space    used 3733K, capacity 3835K, committed 3840K, reserved 1048576K
}

