# JRE version: Java(TM) SE Runtime Environment (8.0_471) (build 1.8.0_471-b09)
# Java VM: Java HotSpot(TM) 64-Bit Server VM (25.471-b09 mixed mode windows-amd64 compressed oops)
Heap:
 PSYoungGen      total 69120K, used 58447K [0x000000066b180000, 0x000000066f680000, 0x00000007c0000000)
  eden space 67584K, 85% used [0x000000066b180000,0x000000066e9b3d20,0x000000066f380000)
  from space 1536K, 58% used [0x000000066f380000,0x000000066f460000,0x000000066f500000)
  to   space 1536K, 0% used [0x000000066f500000,0x000000066f500000,0x000000066f680000)
 ParOldGen       total 437760K, used 249759K [0x00000003c1400000, 0x00000003dbf80000, 0x000000066b180000)
  object space 437760K, 57% used [0x00000003c1400000,0x00000003d07e7d60,0x00000003dbf80000)
 Metaspace       used 44627K, capacity 45071K, committed 45440K, reserved 1089536K
  class space    used 5090K, capacity 5226K, committed 5248K, reserved 1048576K
GC Heap History (10 events):
Event: 482.784 GC heap before
{Heap before GC invocations=624 (full 5):
 PSYoungGen      total 69120K, used 68672K [0x000000066b180000, 0x000000066f680000, 0x00000007c0000000)
  eden space 67584K, 100% used [0x000000066b180000,0x000000066f380000,0x000000066f380000)
  from space 1536K, 70% used [0x000000066f500000,0x000000066f610000,0x000000066f680000)
  to   space 1536K, 0% used [0x000000066f380000,0x000000066f380000,0x000000066f500000)
 ParOldGen       total 437760K, used 249259K [0x00000003c1400000, 0x00000003dbf80000, 0x000000066b180000)
  object space 437760K, 56% used [0x00000003c1400000,0x00000003d076ac90,0x00000003dbf80000)
 Metaspace       used 44588K, capacity 45071K, committed 45440K, reserved 1089536K
  class space    used 5081K, capacity 5226K, committed 5248K, reserved 1048576K
Event: 482.786 GC heap after
Heap after GC invocations=624 (full 5):
 PSYoungGen      total 69120K, used 992K [0x000000066b180000, 0x000000066f680000, 0x00000007c0000000)
  eden space 67584K, 0% used [0x000000066b180000,0x000000066b180000,0x000000066f380000)
  from space 1536K, 64% used [0x000000066f380000,0x000000066f478000,0x000000066f500000)
  to   space 1536K, 0% used [0x000000066f500000,0x000000066f500000,0x000000066f680000)
 ParOldGen       total 437760K, used 249447K [0x00000003c1400000, 0x00000003dbf80000, 0x000000066b180000)
  object space 437760K, 56% used [0x00000003c1400000,0x00000003d0799d00,0x00000003dbf80000)
 Metaspace       used 44588K, capacity 45071K, committed 45440K, reserved 1089536K
  class space    used 5081K, capacity 5226K, committed 5248K, reserved 1048576K
}
Event: 483.177 GC heap before
{Heap before GC invocations=625 (full 5):
 PSYoungGen      total 69120K, used 68576K [0x000000066b180000, 0x000000066f680000, 0x00000007c0000000)
  eden space 67584K, 100% used [0x000000066b180000,0x000000066f380000,0x000000066f380000)
  from space 1536K, 64% used [0x000000066f380000,0x000000066f478000,0x000000066f500000)
  to   space 1536K, 0% used [0x000000066f500000,0x000000066f500000,0x000000066f680000)
 ParOldGen       total 437760K, used 249447K [0x00000003c1400000, 0x00000003dbf80000, 0x000000066b180000)
  object space 437760K, 56% used [0x00000003c1400000,0x00000003d0799d00,0x00000003dbf80000)
 Metaspace       used 44588K, capacity 45071K, committed 45440K, reserved 1089536K
  class space    used 5081K, capacity 5226K, committed 5248K, reserved 1048576K
Event: 483.179 GC heap after
Heap after GC invocations=625 (full 5):
 PSYoungGen      total 69120K, used 1024K [0x000000066b180000, 0x000000066f680000, 0x00000007c0000000)
  eden space 67584K, 0% used [0x000000066b180000,0x000000066b180000,0x000000066f380000)
  from space 1536K, 66% used [0x000000066f500000,0x000000066f600000,0x000000066f680000)
  to   space 1536K, 0% used [0x000000066f380000,0x000000066f380000,0x000000066f500000)
 ParOldGen       total 437760K, used 249547K [0x00000003c1400000, 0x00000003dbf80000, 0x000000066b180000)
  object space 437760K, 57% used [0x00000003c1400000,0x00000003d07b2d30,0x00000003dbf80000)
 Metaspace       used 44588K, capacity 45071K, committed 45440K, reserved 1089536K
  class space    used 5081K, capacity 5226K, committed 5248K, reserved 1048576K
}
Event: 483.581 GC heap before
{Heap before GC invocations=626 (full 5):
 PSYoungGen      total 69120K, used 68608K [0x000000066b180000, 0x000000066f680000, 0x00000007c0000000)
  eden space 67584K, 100% used [0x000000066b180000,0x000000066f380000,0x000000066f380000)
  from space 1536K, 66% used [0x000000066f500000,0x000000066f600000,0x000000066f680000)
  to   space 1536K, 0% used [0x000000066f380000,0x000000066f380000,0x000000066f500000)
 ParOldGen       total 437760K, used 249547K [0x00000003c1400000, 0x00000003dbf80000, 0x000000066b180000)
  object space 437760K, 57% used [0x00000003c1400000,0x00000003d07b2d30,0x00000003dbf80000)
 Metaspace       used 44588K, capacity 45071K, committed 45440K, reserved 1089536K
  class space    used 5081K, capacity 5226K, committed 5248K, reserved 1048576K
Event: 483.582 GC heap after
Heap after GC invocations=626 (full 5):
 PSYoungGen      total 69120K, used 928K [0x000000066b180000, 0x000000066f680000, 0x00000007c0000000)
  eden space 67584K, 0% used [0x000000066b180000,0x000000066b180000,0x000000066f380000)
  from space 1536K, 60% used [0x000000066f380000,0x000000066f468000,0x000000066f500000)
  to   space 1536K, 0% used [0x000000066f500000,0x000000066f500000,0x000000066f680000)
 ParOldGen       total 437760K, used 249579K [0x00000003c1400000, 0x00000003dbf80000, 0x000000066b180000)
  object space 437760K, 57% used [0x00000003c1400000,0x00000003d07bad30,0x00000003dbf80000)
 Metaspace       used 44588K, capacity 45071K, committed 45440K, reserved 1089536K
  class space    used 5081K, capacity 5226K, committed 5248K, reserved 1048576K
}
Event: 483.965 GC heap before
{Heap before GC invocations=627 (full 5):
 PSYoungGen      total 69120K, used 68512K [0x000000066b180000, 0x000000066f680000, 0x00000007c0000000)
  eden space 67584K, 100% used [0x000000066b180000,0x000000066f380000,0x000000066f380000)
  from space 1536K, 60% used [0x000000066f380000,0x000000066f468000,0x000000066f500000)
  to   space 1536K, 0% used [0x000000066f500000,0x000000066f500000,0x000000066f680000)
 ParOldGen       total 437760K, used 249579K [0x00000003c1400000, 0x00000003dbf80000, 0x000000066b180000)
  object space 437760K, 57% used [0x00000003c1400000,0x00000003d07bad30,0x00000003dbf80000)
 Metaspace       used 44588K, capacity 45071K, committed 45440K, reserved 1089536K
  class space    used 5081K, capacity 5226K, committed 5248K, reserved 1048576K
Event: 483.967 GC heap after
Heap after GC invocations=627 (full 5):
 PSYoungGen      total 69120K, used 1056K [0x000000066b180000, 0x000000066f680000, 0x00000007c0000000)
  eden space 67584K, 0% used [0x000000066b180000,0x000000066b180000,0x000000066f380000)
  from space 1536K, 68% used [0x000000066f500000,0x000000066f608000,0x000000066f680000)
  to   space 1536K, 0% used [0x000000066f380000,0x000000066f380000,0x000000066f500000)
 ParOldGen       total 437760K, used 249579K [0x00000003c1400000, 0x00000003dbf80000, 0x000000066b180000)
  object space 437760K, 57% used [0x00000003c1400000,0x00000003d07bad30,0x00000003dbf80000)
 Metaspace       used 44588K, capacity 45071K, committed 45440K, reserved 1089536K
  class space    used 5081K, capacity 5226K, committed 5248K, reserved 1048576K
}
Event: 484.364 GC heap before
{Heap before GC invocations=628 (full 5):
 PSYoungGen      total 69120K, used 68640K [0x000000066b180000, 0x000000066f680000, 0x00000007c0000000)
  eden space 67584K, 100% used [0x000000066b180000,0x000000066f380000,0x000000066f380000)
  from space 1536K, 68% used [0x000000066f500000,0x000000066f608000,0x000000066f680000)
  to   space 1536K, 0% used [0x000000066f380000,0x000000066f380000,0x000000066f500000)
 ParOldGen       total 437760K, used 249579K [0x00000003c1400000, 0x00000003dbf80000, 0x000000066b180000)
  object space 437760K, 57% used [0x00000003c1400000,0x00000003d07bad30,0x00000003dbf80000)
 Metaspace       used 44588K, capacity 45071K, committed 45440K, reserved 1089536K
  class space    used 5081K, capacity 5226K, committed 5248K, reserved 1048576K
Event: 484.365 GC heap after
Heap after GC invocations=628 (full 5):
 PSYoungGen      total 69120K, used 896K [0x000000066b180000, 0x000000066f680000, 0x00000007c0000000)
  eden space 67584K, 0% used [0x000000066b180000,0x000000066b180000,0x000000066f380000)
  from space 1536K, 58% used [0x000000066f380000,0x000000066f460000,0x000000066f500000)
  to   space 1536K, 0% used [0x000000066f500000,0x000000066f500000,0x000000066f680000)
 ParOldGen       total 437760K, used 249759K [0x00000003c1400000, 0x00000003dbf80000, 0x000000066b180000)
  object space 437760K, 57% used [0x00000003c1400000,0x00000003d07e7d60,0x00000003dbf80000)
 Metaspace       used 44588K, capacity 45071K, committed 45440K, reserved 1089536K
  class space    used 5081K, capacity 5226K, committed 5248K, reserved 1048576K
}

