# JRE version: Java(TM) SE Runtime Environment (8.0_471) (build 1.8.0_471-b09)
# Java VM: Java HotSpot(TM) 64-Bit Server VM (25.471-b09 mixed mode windows-amd64 compressed oops)
Heap:
 PSYoungGen      total 301056K, used 79739K [0x000000066b180000, 0x0000000680f00000, 0x00000007c0000000)
  eden space 259584K, 30% used [0x000000066b180000,0x000000066ff5ecb0,0x000000067af00000)
  from space 41472K, 0% used [0x000000067af00000,0x000000067af00000,0x000000067d780000)
  to   space 48128K, 0% used [0x000000067e000000,0x000000067e000000,0x0000000680f00000)
 ParOldGen       total 427008K, used 145707K [0x00000003c1400000, 0x00000003db500000, 0x000000066b180000)
  object space 427008K, 34% used [0x00000003c1400000,0x00000003ca24afc8,0x00000003db500000)
 Metaspace       used 44343K, capacity 44849K, committed 45312K, reserved 1089536K
  class space    used 5122K, capacity 5297K, committed 5376K, reserved 1048576K
GC Heap History (10 events):
Event: 4556.333 GC heap before
{Heap before GC invocations=53 (full 9):
 PSYoungGen      total 290816K, used 18921K [0x000000066b180000, 0x0000000680100000, 0x00000007c0000000)
  eden space 271872K, 0% used [0x000000066b180000,0x000000066b180000,0x000000067bb00000)
  from space 18944K, 99% used [0x000000067d880000,0x000000067eafa640,0x000000067eb00000)
  to   space 30208K, 0% used [0x000000067bb00000,0x000000067bb00000,0x000000067d880000)
 ParOldGen       total 427008K, used 149533K [0x00000003c1400000, 0x00000003db500000, 0x000000066b180000)
  object space 427008K, 35% used [0x00000003c1400000,0x00000003ca6076f0,0x00000003db500000)
 Metaspace       used 43781K, capacity 44281K, committed 44800K, reserved 1089536K
  class space    used 5111K, capacity 5261K, committed 5376K, reserved 1048576K
Event: 4556.394 GC heap after
Heap after GC invocations=53 (full 9):
 PSYoungGen      total 290816K, used 0K [0x000000066b180000, 0x0000000680100000, 0x00000007c0000000)
  eden space 271872K, 0% used [0x000000066b180000,0x000000066b180000,0x000000067bb00000)
  from space 18944K, 0% used [0x000000067d880000,0x000000067d880000,0x000000067eb00000)
  to   space 30208K, 0% used [0x000000067bb00000,0x000000067bb00000,0x000000067d880000)
 ParOldGen       total 427008K, used 122163K [0x00000003c1400000, 0x00000003db500000, 0x000000066b180000)
  object space 427008K, 28% used [0x00000003c1400000,0x00000003c8b4cda8,0x00000003db500000)
 Metaspace       used 43781K, capacity 44281K, committed 44800K, reserved 1089536K
  class space    used 5111K, capacity 5261K, committed 5376K, reserved 1048576K
}
Event: 4560.798 GC heap before
{Heap before GC invocations=54 (full 9):
 PSYoungGen      total 290816K, used 271872K [0x000000066b180000, 0x0000000680100000, 0x00000007c0000000)
  eden space 271872K, 100% used [0x000000066b180000,0x000000067bb00000,0x000000067bb00000)
  from space 18944K, 0% used [0x000000067d880000,0x000000067d880000,0x000000067eb00000)
  to   space 30208K, 0% used [0x000000067bb00000,0x000000067bb00000,0x000000067d880000)
 ParOldGen       total 427008K, used 122163K [0x00000003c1400000, 0x00000003db500000, 0x000000066b180000)
  object space 427008K, 28% used [0x00000003c1400000,0x00000003c8b4cda8,0x00000003db500000)
 Metaspace       used 44135K, capacity 44651K, committed 45056K, reserved 1089536K
  class space    used 5117K, capacity 5296K, committed 5376K, reserved 1048576K
Event: 4560.801 GC heap after
Heap after GC invocations=54 (full 9):
 PSYoungGen      total 292864K, used 25760K [0x000000066b180000, 0x000000067f900000, 0x00000007c0000000)
  eden space 266752K, 0% used [0x000000066b180000,0x000000066b180000,0x000000067b600000)
  from space 26112K, 98% used [0x000000067bb00000,0x000000067d428210,0x000000067d480000)
  to   space 34304K, 0% used [0x000000067d780000,0x000000067d780000,0x000000067f900000)
 ParOldGen       total 427008K, used 122171K [0x00000003c1400000, 0x00000003db500000, 0x000000066b180000)
  object space 427008K, 28% used [0x00000003c1400000,0x00000003c8b4eda8,0x00000003db500000)
 Metaspace       used 44135K, capacity 44651K, committed 45056K, reserved 1089536K
  class space    used 5117K, capacity 5296K, committed 5376K, reserved 1048576K
}
Event: 4567.798 GC heap before
{Heap before GC invocations=55 (full 9):
 PSYoungGen      total 292864K, used 292512K [0x000000066b180000, 0x000000067f900000, 0x00000007c0000000)
  eden space 266752K, 100% used [0x000000066b180000,0x000000067b600000,0x000000067b600000)
  from space 26112K, 98% used [0x000000067bb00000,0x000000067d428210,0x000000067d480000)
  to   space 34304K, 0% used [0x000000067d780000,0x000000067d780000,0x000000067f900000)
 ParOldGen       total 427008K, used 122171K [0x00000003c1400000, 0x00000003db500000, 0x000000066b180000)
  object space 427008K, 28% used [0x00000003c1400000,0x00000003c8b4eda8,0x00000003db500000)
 Metaspace       used 44278K, capacity 44779K, committed 45312K, reserved 1089536K
  class space    used 5119K, capacity 5296K, committed 5376K, reserved 1048576K
Event: 4567.804 GC heap after
Heap after GC invocations=55 (full 9):
 PSYoungGen      total 293888K, used 34300K [0x000000066b180000, 0x0000000680200000, 0x00000007c0000000)
  eden space 259584K, 0% used [0x000000066b180000,0x000000066b180000,0x000000067af00000)
  from space 34304K, 99% used [0x000000067d780000,0x000000067f8ff018,0x000000067f900000)
  to   space 41472K, 0% used [0x000000067af00000,0x000000067af00000,0x000000067d780000)
 ParOldGen       total 427008K, used 123401K [0x00000003c1400000, 0x00000003db500000, 0x000000066b180000)
  object space 427008K, 28% used [0x00000003c1400000,0x00000003c8c82438,0x00000003db500000)
 Metaspace       used 44278K, capacity 44779K, committed 45312K, reserved 1089536K
  class space    used 5119K, capacity 5296K, committed 5376K, reserved 1048576K
}
Event: 4573.833 GC heap before
{Heap before GC invocations=56 (full 9):
 PSYoungGen      total 293888K, used 260073K [0x000000066b180000, 0x0000000680200000, 0x00000007c0000000)
  eden space 259584K, 86% used [0x000000066b180000,0x0000000678dfb3f8,0x000000067af00000)
  from space 34304K, 99% used [0x000000067d780000,0x000000067f8ff018,0x000000067f900000)
  to   space 41472K, 0% used [0x000000067af00000,0x000000067af00000,0x000000067d780000)
 ParOldGen       total 427008K, used 123401K [0x00000003c1400000, 0x00000003db500000, 0x000000066b180000)
  object space 427008K, 28% used [0x00000003c1400000,0x00000003c8c82438,0x00000003db500000)
 Metaspace       used 44332K, capacity 44849K, committed 45312K, reserved 1089536K
  class space    used 5120K, capacity 5297K, committed 5376K, reserved 1048576K
Event: 4573.837 GC heap after
Heap after GC invocations=56 (full 9):
 PSYoungGen      total 301056K, used 38163K [0x000000066b180000, 0x0000000680f00000, 0x00000007c0000000)
  eden space 259584K, 0% used [0x000000066b180000,0x000000066b180000,0x000000067af00000)
  from space 41472K, 92% used [0x000000067af00000,0x000000067d444d28,0x000000067d780000)
  to   space 48128K, 0% used [0x000000067e000000,0x000000067e000000,0x0000000680f00000)
 ParOldGen       total 427008K, used 123409K [0x00000003c1400000, 0x00000003db500000, 0x000000066b180000)
  object space 427008K, 28% used [0x00000003c1400000,0x00000003c8c84438,0x00000003db500000)
 Metaspace       used 44332K, capacity 44849K, committed 45312K, reserved 1089536K
  class space    used 5120K, capacity 5297K, committed 5376K, reserved 1048576K
}
Event: 4573.837 GC heap before
{Heap before GC invocations=57 (full 10):
 PSYoungGen      total 301056K, used 38163K [0x000000066b180000, 0x0000000680f00000, 0x00000007c0000000)
  eden space 259584K, 0% used [0x000000066b180000,0x000000066b180000,0x000000067af00000)
  from space 41472K, 92% used [0x000000067af00000,0x000000067d444d28,0x000000067d780000)
  to   space 48128K, 0% used [0x000000067e000000,0x000000067e000000,0x0000000680f00000)
 ParOldGen       total 427008K, used 123409K [0x00000003c1400000, 0x00000003db500000, 0x000000066b180000)
  object space 427008K, 28% used [0x00000003c1400000,0x00000003c8c84438,0x00000003db500000)
 Metaspace       used 44332K, capacity 44849K, committed 45312K, reserved 1089536K
  class space    used 5120K, capacity 5297K, committed 5376K, reserved 1048576K
Event: 4573.920 GC heap after
Heap after GC invocations=57 (full 10):
 PSYoungGen      total 301056K, used 0K [0x000000066b180000, 0x0000000680f00000, 0x00000007c0000000)
  eden space 259584K, 0% used [0x000000066b180000,0x000000066b180000,0x000000067af00000)
  from space 41472K, 0% used [0x000000067af00000,0x000000067af00000,0x000000067d780000)
  to   space 48128K, 0% used [0x000000067e000000,0x000000067e000000,0x0000000680f00000)
 ParOldGen       total 427008K, used 145707K [0x00000003c1400000, 0x00000003db500000, 0x000000066b180000)
  object space 427008K, 34% used [0x00000003c1400000,0x00000003ca24afc8,0x00000003db500000)
 Metaspace       used 44332K, capacity 44849K, committed 45312K, reserved 1089536K
  class space    used 5120K, capacity 5297K, committed 5376K, reserved 1048576K
}

