# JRE version: Java(TM) SE Runtime Environment (8.0_471) (build 1.8.0_471-b09)
# Java VM: Java HotSpot(TM) 64-Bit Server VM (25.471-b09 mixed mode windows-amd64 compressed oops)
Heap:
 PSYoungGen      total 468992K, used 197317K [0x000000066b180000, 0x0000000690a80000, 0x00000007c0000000)
  eden space 462336K, 41% used [0x000000066b180000,0x0000000676c1d6e0,0x0000000687500000)
  from space 6656K, 93% used [0x0000000688400000,0x0000000688a13e20,0x0000000688a80000)
  to   space 74752K, 0% used [0x000000068c180000,0x000000068c180000,0x0000000690a80000)
 ParOldGen       total 423936K, used 193046K [0x00000003c1400000, 0x00000003db200000, 0x000000066b180000)
  object space 423936K, 45% used [0x00000003c1400000,0x00000003cd085ba0,0x00000003db200000)
 Metaspace       used 44576K, capacity 45097K, committed 45568K, reserved 1089536K
  class space    used 5100K, capacity 5257K, committed 5376K, reserved 1048576K
GC Heap History (10 events):
Event: 175.351 GC heap before
{Heap before GC invocations=32 (full 5):
 PSYoungGen      total 579072K, used 578810K [0x000000066b180000, 0x000000069a780000, 0x00000007c0000000)
  eden space 531456K, 100% used [0x000000066b180000,0x000000068b880000,0x000000068b880000)
  from space 47616K, 99% used [0x0000000697900000,0x000000069a73eb08,0x000000069a780000)
  to   space 72704K, 0% used [0x0000000691980000,0x0000000691980000,0x0000000696080000)
 ParOldGen       total 423936K, used 153283K [0x00000003c1400000, 0x00000003db200000, 0x000000066b180000)
  object space 423936K, 36% used [0x00000003c1400000,0x00000003ca9b0ca8,0x00000003db200000)
 Metaspace       used 44496K, capacity 44937K, committed 45184K, reserved 1089536K
  class space    used 5091K, capacity 5225K, committed 5248K, reserved 1048576K
Event: 175.359 GC heap after
Heap after GC invocations=32 (full 5):
 PSYoungGen      total 563712K, used 46804K [0x000000066b180000, 0x0000000697980000, 0x00000007c0000000)
  eden space 516608K, 0% used [0x000000066b180000,0x000000066b180000,0x000000068aa00000)
  from space 47104K, 99% used [0x0000000691980000,0x00000006947352d8,0x0000000694780000)
  to   space 51200K, 0% used [0x0000000694780000,0x0000000694780000,0x0000000697980000)
 ParOldGen       total 423936K, used 153283K [0x00000003c1400000, 0x00000003db200000, 0x000000066b180000)
  object space 423936K, 36% used [0x00000003c1400000,0x00000003ca9b0ca8,0x00000003db200000)
 Metaspace       used 44496K, capacity 44937K, committed 45184K, reserved 1089536K
  class space    used 5091K, capacity 5225K, committed 5248K, reserved 1048576K
}
Event: 189.749 GC heap before
{Heap before GC invocations=33 (full 5):
 PSYoungGen      total 563712K, used 563412K [0x000000066b180000, 0x0000000697980000, 0x00000007c0000000)
  eden space 516608K, 100% used [0x000000066b180000,0x000000068aa00000,0x000000068aa00000)
  from space 47104K, 99% used [0x0000000691980000,0x00000006947352d8,0x0000000694780000)
  to   space 51200K, 0% used [0x0000000694780000,0x0000000694780000,0x0000000697980000)
 ParOldGen       total 423936K, used 153283K [0x00000003c1400000, 0x00000003db200000, 0x000000066b180000)
  object space 423936K, 36% used [0x00000003c1400000,0x00000003ca9b0ca8,0x00000003db200000)
 Metaspace       used 44500K, capacity 45001K, committed 45440K, reserved 1089536K
  class space    used 5091K, capacity 5225K, committed 5248K, reserved 1048576K
Event: 189.755 GC heap after
Heap after GC invocations=33 (full 5):
 PSYoungGen      total 548864K, used 46364K [0x000000066b180000, 0x0000000697500000, 0x00000007c0000000)
  eden space 502272K, 0% used [0x000000066b180000,0x000000066b180000,0x0000000689c00000)
  from space 46592K, 99% used [0x0000000694780000,0x00000006974c7058,0x0000000697500000)
  to   space 69632K, 0% used [0x000000068ed00000,0x000000068ed00000,0x0000000693100000)
 ParOldGen       total 423936K, used 153283K [0x00000003c1400000, 0x00000003db200000, 0x000000066b180000)
  object space 423936K, 36% used [0x00000003c1400000,0x00000003ca9b0ca8,0x00000003db200000)
 Metaspace       used 44500K, capacity 45001K, committed 45440K, reserved 1089536K
  class space    used 5091K, capacity 5225K, committed 5248K, reserved 1048576K
}
Event: 206.399 GC heap before
{Heap before GC invocations=34 (full 5):
 PSYoungGen      total 548864K, used 548636K [0x000000066b180000, 0x0000000697500000, 0x00000007c0000000)
  eden space 502272K, 100% used [0x000000066b180000,0x0000000689c00000,0x0000000689c00000)
  from space 46592K, 99% used [0x0000000694780000,0x00000006974c7058,0x0000000697500000)
  to   space 69632K, 0% used [0x000000068ed00000,0x000000068ed00000,0x0000000693100000)
 ParOldGen       total 423936K, used 153283K [0x00000003c1400000, 0x00000003db200000, 0x000000066b180000)
  object space 423936K, 36% used [0x00000003c1400000,0x00000003ca9b0ca8,0x00000003db200000)
 Metaspace       used 44512K, capacity 45001K, committed 45440K, reserved 1089536K
  class space    used 5091K, capacity 5225K, committed 5248K, reserved 1048576K
Event: 206.407 GC heap after
Heap after GC invocations=34 (full 5):
 PSYoungGen      total 518144K, used 29296K [0x000000066b180000, 0x0000000694800000, 0x00000007c0000000)
  eden space 488448K, 0% used [0x000000066b180000,0x000000066b180000,0x0000000688e80000)
  from space 29696K, 98% used [0x000000068ed00000,0x000000069099c2b8,0x0000000690a00000)
  to   space 63488K, 0% used [0x0000000690a00000,0x0000000690a00000,0x0000000694800000)
 ParOldGen       total 423936K, used 170384K [0x00000003c1400000, 0x00000003db200000, 0x000000066b180000)
  object space 423936K, 40% used [0x00000003c1400000,0x00000003cba643d8,0x00000003db200000)
 Metaspace       used 44512K, capacity 45001K, committed 45440K, reserved 1089536K
  class space    used 5091K, capacity 5225K, committed 5248K, reserved 1048576K
}
Event: 225.119 GC heap before
{Heap before GC invocations=35 (full 5):
 PSYoungGen      total 518144K, used 517744K [0x000000066b180000, 0x0000000694800000, 0x00000007c0000000)
  eden space 488448K, 100% used [0x000000066b180000,0x0000000688e80000,0x0000000688e80000)
  from space 29696K, 98% used [0x000000068ed00000,0x000000069099c2b8,0x0000000690a00000)
  to   space 63488K, 0% used [0x0000000690a00000,0x0000000690a00000,0x0000000694800000)
 ParOldGen       total 423936K, used 170384K [0x00000003c1400000, 0x00000003db200000, 0x000000066b180000)
  object space 423936K, 40% used [0x00000003c1400000,0x00000003cba643d8,0x00000003db200000)
 Metaspace       used 44516K, capacity 45001K, committed 45440K, reserved 1089536K
  class space    used 5091K, capacity 5225K, committed 5248K, reserved 1048576K
Event: 225.130 GC heap after
Heap after GC invocations=35 (full 5):
 PSYoungGen      total 483328K, used 7687K [0x000000066b180000, 0x0000000691200000, 0x00000007c0000000)
  eden space 475136K, 0% used [0x000000066b180000,0x000000066b180000,0x0000000688180000)
  from space 8192K, 93% used [0x0000000690a00000,0x0000000691181d08,0x0000000691200000)
  to   space 72704K, 0% used [0x0000000688400000,0x0000000688400000,0x000000068cb00000)
 ParOldGen       total 423936K, used 192085K [0x00000003c1400000, 0x00000003db200000, 0x000000066b180000)
  object space 423936K, 45% used [0x00000003c1400000,0x00000003ccf95798,0x00000003db200000)
 Metaspace       used 44516K, capacity 45001K, committed 45440K, reserved 1089536K
  class space    used 5091K, capacity 5225K, committed 5248K, reserved 1048576K
}
Event: 246.198 GC heap before
{Heap before GC invocations=36 (full 5):
 PSYoungGen      total 483328K, used 482823K [0x000000066b180000, 0x0000000691200000, 0x00000007c0000000)
  eden space 475136K, 100% used [0x000000066b180000,0x0000000688180000,0x0000000688180000)
  from space 8192K, 93% used [0x0000000690a00000,0x0000000691181d08,0x0000000691200000)
  to   space 72704K, 0% used [0x0000000688400000,0x0000000688400000,0x000000068cb00000)
 ParOldGen       total 423936K, used 192085K [0x00000003c1400000, 0x00000003db200000, 0x000000066b180000)
  object space 423936K, 45% used [0x00000003c1400000,0x00000003ccf95798,0x00000003db200000)
 Metaspace       used 44530K, capacity 45001K, committed 45440K, reserved 1089536K
  class space    used 5092K, capacity 5225K, committed 5248K, reserved 1048576K
Event: 246.200 GC heap after
Heap after GC invocations=36 (full 5):
 PSYoungGen      total 468992K, used 6223K [0x000000066b180000, 0x0000000690a80000, 0x00000007c0000000)
  eden space 462336K, 0% used [0x000000066b180000,0x000000066b180000,0x0000000687500000)
  from space 6656K, 93% used [0x0000000688400000,0x0000000688a13e20,0x0000000688a80000)
  to   space 74752K, 0% used [0x000000068c180000,0x000000068c180000,0x0000000690a80000)
 ParOldGen       total 423936K, used 193046K [0x00000003c1400000, 0x00000003db200000, 0x000000066b180000)
  object space 423936K, 45% used [0x00000003c1400000,0x00000003cd085ba0,0x00000003db200000)
 Metaspace       used 44530K, capacity 45001K, committed 45440K, reserved 1089536K
  class space    used 5092K, capacity 5225K, committed 5248K, reserved 1048576K
}

