# JRE version: Java(TM) SE Runtime Environment (8.0_471) (build 1.8.0_471-b09)
# Java VM: Java HotSpot(TM) 64-Bit Server VM (25.471-b09 mixed mode windows-amd64 compressed oops)
Heap:
 PSYoungGen      total 566272K, used 18484K [0x000000066b180000, 0x0000000697f00000, 0x00000007c0000000)
  eden space 565760K, 3% used [0x000000066b180000,0x000000066c38d0f8,0x000000068da00000)
  from space 512K, 0% used [0x000000068da00000,0x000000068da00000,0x000000068da80000)
  to   space 84480K, 0% used [0x0000000692c80000,0x0000000692c80000,0x0000000697f00000)
 ParOldGen       total 427008K, used 130212K [0x00000003c1400000, 0x00000003db500000, 0x000000066b180000)
  object space 427008K, 30% used [0x00000003c1400000,0x00000003c9329070,0x00000003db500000)
 Metaspace       used 42796K, capacity 43241K, committed 43648K, reserved 1087488K
  class space    used 4984K, capacity 5127K, committed 5248K, reserved 1048576K
GC Heap History (10 events):
Event: 32.836 GC heap before
{Heap before GC invocations=20 (full 7):
 PSYoungGen      total 649216K, used 32K [0x000000066b180000, 0x0000000698000000, 0x00000007c0000000)
  eden space 565760K, 0% used [0x000000066b180000,0x000000066b180000,0x000000068da00000)
  from space 83456K, 0% used [0x000000068da00000,0x000000068da08000,0x0000000692b80000)
  to   space 84992K, 0% used [0x0000000692d00000,0x0000000692d00000,0x0000000698000000)
 ParOldGen       total 427008K, used 132253K [0x00000003c1400000, 0x00000003db500000, 0x000000066b180000)
  object space 427008K, 30% used [0x00000003c1400000,0x00000003c95276f0,0x00000003db500000)
 Metaspace       used 42633K, capacity 43081K, committed 43520K, reserved 1087488K
  class space    used 4968K, capacity 5095K, committed 5120K, reserved 1048576K
Event: 32.864 GC heap after
Heap after GC invocations=20 (full 7):
 PSYoungGen      total 649216K, used 0K [0x000000066b180000, 0x0000000698000000, 0x00000007c0000000)
  eden space 565760K, 0% used [0x000000066b180000,0x000000066b180000,0x000000068da00000)
  from space 83456K, 0% used [0x000000068da00000,0x000000068da00000,0x0000000692b80000)
  to   space 84992K, 0% used [0x0000000692d00000,0x0000000692d00000,0x0000000698000000)
 ParOldGen       total 427008K, used 132253K [0x00000003c1400000, 0x00000003db500000, 0x000000066b180000)
  object space 427008K, 30% used [0x00000003c1400000,0x00000003c95276f0,0x00000003db500000)
 Metaspace       used 42633K, capacity 43081K, committed 43520K, reserved 1087488K
  class space    used 4968K, capacity 5095K, committed 5120K, reserved 1048576K
}
Event: 33.216 GC heap before
{Heap before GC invocations=21 (full 7):
 PSYoungGen      total 649216K, used 31212K [0x000000066b180000, 0x0000000698000000, 0x00000007c0000000)
  eden space 565760K, 5% used [0x000000066b180000,0x000000066cffb138,0x000000068da00000)
  from space 83456K, 0% used [0x000000068da00000,0x000000068da00000,0x0000000692b80000)
  to   space 84992K, 0% used [0x0000000692d00000,0x0000000692d00000,0x0000000698000000)
 ParOldGen       total 427008K, used 132253K [0x00000003c1400000, 0x00000003db500000, 0x000000066b180000)
  object space 427008K, 30% used [0x00000003c1400000,0x00000003c95276f0,0x00000003db500000)
 Metaspace       used 42765K, capacity 43241K, committed 43648K, reserved 1087488K
  class space    used 4979K, capacity 5127K, committed 5248K, reserved 1048576K
Event: 33.218 GC heap after
Heap after GC invocations=21 (full 7):
 PSYoungGen      total 650752K, used 868K [0x000000066b180000, 0x0000000698000000, 0x00000007c0000000)
  eden space 565760K, 0% used [0x000000066b180000,0x000000066b180000,0x000000068da00000)
  from space 84992K, 1% used [0x0000000692d00000,0x0000000692dd90b0,0x0000000698000000)
  to   space 84992K, 0% used [0x000000068da00000,0x000000068da00000,0x0000000692d00000)
 ParOldGen       total 427008K, used 132261K [0x00000003c1400000, 0x00000003db500000, 0x000000066b180000)
  object space 427008K, 30% used [0x00000003c1400000,0x00000003c95296f0,0x00000003db500000)
 Metaspace       used 42765K, capacity 43241K, committed 43648K, reserved 1087488K
  class space    used 4979K, capacity 5127K, committed 5248K, reserved 1048576K
}
Event: 33.218 GC heap before
{Heap before GC invocations=22 (full 8):
 PSYoungGen      total 650752K, used 868K [0x000000066b180000, 0x0000000698000000, 0x00000007c0000000)
  eden space 565760K, 0% used [0x000000066b180000,0x000000066b180000,0x000000068da00000)
  from space 84992K, 1% used [0x0000000692d00000,0x0000000692dd90b0,0x0000000698000000)
  to   space 84992K, 0% used [0x000000068da00000,0x000000068da00000,0x0000000692d00000)
 ParOldGen       total 427008K, used 132261K [0x00000003c1400000, 0x00000003db500000, 0x000000066b180000)
  object space 427008K, 30% used [0x00000003c1400000,0x00000003c95296f0,0x00000003db500000)
 Metaspace       used 42765K, capacity 43241K, committed 43648K, reserved 1087488K
  class space    used 4979K, capacity 5127K, committed 5248K, reserved 1048576K
Event: 33.307 GC heap after
Heap after GC invocations=22 (full 8):
 PSYoungGen      total 650752K, used 0K [0x000000066b180000, 0x0000000698000000, 0x00000007c0000000)
  eden space 565760K, 0% used [0x000000066b180000,0x000000066b180000,0x000000068da00000)
  from space 84992K, 0% used [0x0000000692d00000,0x0000000692d00000,0x0000000698000000)
  to   space 84992K, 0% used [0x000000068da00000,0x000000068da00000,0x0000000692d00000)
 ParOldGen       total 427008K, used 130212K [0x00000003c1400000, 0x00000003db500000, 0x000000066b180000)
  object space 427008K, 30% used [0x00000003c1400000,0x00000003c9329070,0x00000003db500000)
 Metaspace       used 42765K, capacity 43241K, committed 43648K, reserved 1087488K
  class space    used 4979K, capacity 5127K, committed 5248K, reserved 1048576K
}
Event: 33.307 GC heap before
{Heap before GC invocations=23 (full 8):
 PSYoungGen      total 650752K, used 1803K [0x000000066b180000, 0x0000000698000000, 0x00000007c0000000)
  eden space 565760K, 0% used [0x000000066b180000,0x000000066b342d28,0x000000068da00000)
  from space 84992K, 0% used [0x0000000692d00000,0x0000000692d00000,0x0000000698000000)
  to   space 84992K, 0% used [0x000000068da00000,0x000000068da00000,0x0000000692d00000)
 ParOldGen       total 427008K, used 130212K [0x00000003c1400000, 0x00000003db500000, 0x000000066b180000)
  object space 427008K, 30% used [0x00000003c1400000,0x00000003c9329070,0x00000003db500000)
 Metaspace       used 42765K, capacity 43241K, committed 43648K, reserved 1087488K
  class space    used 4979K, capacity 5127K, committed 5248K, reserved 1048576K
Event: 33.309 GC heap after
Heap after GC invocations=23 (full 8):
 PSYoungGen      total 566272K, used 32K [0x000000066b180000, 0x0000000697f00000, 0x00000007c0000000)
  eden space 565760K, 0% used [0x000000066b180000,0x000000066b180000,0x000000068da00000)
  from space 512K, 6% used [0x000000068da00000,0x000000068da08000,0x000000068da80000)
  to   space 84480K, 0% used [0x0000000692c80000,0x0000000692c80000,0x0000000697f00000)
 ParOldGen       total 427008K, used 130212K [0x00000003c1400000, 0x00000003db500000, 0x000000066b180000)
  object space 427008K, 30% used [0x00000003c1400000,0x00000003c9329070,0x00000003db500000)
 Metaspace       used 42765K, capacity 43241K, committed 43648K, reserved 1087488K
  class space    used 4979K, capacity 5127K, committed 5248K, reserved 1048576K
}
Event: 33.309 GC heap before
{Heap before GC invocations=24 (full 9):
 PSYoungGen      total 566272K, used 32K [0x000000066b180000, 0x0000000697f00000, 0x00000007c0000000)
  eden space 565760K, 0% used [0x000000066b180000,0x000000066b180000,0x000000068da00000)
  from space 512K, 6% used [0x000000068da00000,0x000000068da08000,0x000000068da80000)
  to   space 84480K, 0% used [0x0000000692c80000,0x0000000692c80000,0x0000000697f00000)
 ParOldGen       total 427008K, used 130212K [0x00000003c1400000, 0x00000003db500000, 0x000000066b180000)
  object space 427008K, 30% used [0x00000003c1400000,0x00000003c9329070,0x00000003db500000)
 Metaspace       used 42765K, capacity 43241K, committed 43648K, reserved 1087488K
  class space    used 4979K, capacity 5127K, committed 5248K, reserved 1048576K
Event: 33.335 GC heap after
Heap after GC invocations=24 (full 9):
 PSYoungGen      total 566272K, used 0K [0x000000066b180000, 0x0000000697f00000, 0x00000007c0000000)
  eden space 565760K, 0% used [0x000000066b180000,0x000000066b180000,0x000000068da00000)
  from space 512K, 0% used [0x000000068da00000,0x000000068da00000,0x000000068da80000)
  to   space 84480K, 0% used [0x0000000692c80000,0x0000000692c80000,0x0000000697f00000)
 ParOldGen       total 427008K, used 130212K [0x00000003c1400000, 0x00000003db500000, 0x000000066b180000)
  object space 427008K, 30% used [0x00000003c1400000,0x00000003c9329070,0x00000003db500000)
 Metaspace       used 42765K, capacity 43241K, committed 43648K, reserved 1087488K
  class space    used 4979K, capacity 5127K, committed 5248K, reserved 1048576K
}

