# JRE version: Java(TM) SE Runtime Environment (8.0_471) (build 1.8.0_471-b09)
# Java VM: Java HotSpot(TM) 64-Bit Server VM (25.471-b09 mixed mode windows-amd64 compressed oops)
Heap:
 PSYoungGen      total 1017344K, used 778312K [0x000000066b180000, 0x00000006b1c80000, 0x00000007c0000000)
  eden space 945664K, 74% used [0x000000066b180000,0x00000006963abd50,0x00000006a4d00000)
  from space 71680K, 99% used [0x00000006ad680000,0x00000006b1c662c0,0x00000006b1c80000)
  to   space 104448K, 0% used [0x00000006a5080000,0x00000006a5080000,0x00000006ab680000)
 ParOldGen       total 417280K, used 126048K [0x00000003c1400000, 0x00000003dab80000, 0x000000066b180000)
  object space 417280K, 30% used [0x00000003c1400000,0x00000003c8f180e8,0x00000003dab80000)
 Metaspace       used 44067K, capacity 44509K, committed 45056K, reserved 1089536K
  class space    used 5079K, capacity 5255K, committed 5376K, reserved 1048576K
GC Heap History (10 events):
Event: 25.203 GC heap before
{Heap before GC invocations=21 (full 5):
 PSYoungGen      total 779264K, used 743868K [0x000000066b180000, 0x00000006a9900000, 0x00000007c0000000)
  eden space 700416K, 100% used [0x000000066b180000,0x0000000695d80000,0x0000000695d80000)
  from space 78848K, 55% used [0x0000000695d80000,0x00000006987ef0f8,0x000000069aa80000)
  to   space 78336K, 0% used [0x00000006a4c80000,0x00000006a4c80000,0x00000006a9900000)
 ParOldGen       total 417280K, used 126008K [0x00000003c1400000, 0x00000003dab80000, 0x000000066b180000)
  object space 417280K, 30% used [0x00000003c1400000,0x00000003c8f0e0e8,0x00000003dab80000)
 Metaspace       used 42505K, capacity 43045K, committed 43264K, reserved 1087488K
  class space    used 4949K, capacity 5089K, committed 5120K, reserved 1048576K
Event: 25.212 GC heap after
Heap after GC invocations=21 (full 5):
 PSYoungGen      total 941568K, used 55767K [0x000000066b180000, 0x00000006a9d00000, 0x00000007c0000000)
  eden space 863232K, 0% used [0x000000066b180000,0x000000066b180000,0x000000069fc80000)
  from space 78336K, 71% used [0x00000006a4c80000,0x00000006a82f5e00,0x00000006a9900000)
  to   space 81920K, 0% used [0x000000069fc80000,0x000000069fc80000,0x00000006a4c80000)
 ParOldGen       total 417280K, used 126016K [0x00000003c1400000, 0x00000003dab80000, 0x000000066b180000)
  object space 417280K, 30% used [0x00000003c1400000,0x00000003c8f100e8,0x00000003dab80000)
 Metaspace       used 42505K, capacity 43045K, committed 43264K, reserved 1087488K
  class space    used 4949K, capacity 5089K, committed 5120K, reserved 1048576K
}
Event: 32.824 GC heap before
{Heap before GC invocations=22 (full 5):
 PSYoungGen      total 941568K, used 918999K [0x000000066b180000, 0x00000006a9d00000, 0x00000007c0000000)
  eden space 863232K, 100% used [0x000000066b180000,0x000000069fc80000,0x000000069fc80000)
  from space 78336K, 71% used [0x00000006a4c80000,0x00000006a82f5e00,0x00000006a9900000)
  to   space 81920K, 0% used [0x000000069fc80000,0x000000069fc80000,0x00000006a4c80000)
 ParOldGen       total 417280K, used 126016K [0x00000003c1400000, 0x00000003dab80000, 0x000000066b180000)
  object space 417280K, 30% used [0x00000003c1400000,0x00000003c8f100e8,0x00000003dab80000)
 Metaspace       used 42651K, capacity 43109K, committed 43520K, reserved 1087488K
  class space    used 4952K, capacity 5089K, committed 5120K, reserved 1048576K
Event: 32.836 GC heap after
Heap after GC invocations=22 (full 5):
 PSYoungGen      total 945152K, used 67972K [0x000000066b180000, 0x00000006b5900000, 0x00000007c0000000)
  eden space 863232K, 0% used [0x000000066b180000,0x000000066b180000,0x000000069fc80000)
  from space 81920K, 82% used [0x000000069fc80000,0x00000006a3ee1218,0x00000006a4c80000)
  to   space 89600K, 0% used [0x00000006b0180000,0x00000006b0180000,0x00000006b5900000)
 ParOldGen       total 417280K, used 126024K [0x00000003c1400000, 0x00000003dab80000, 0x000000066b180000)
  object space 417280K, 30% used [0x00000003c1400000,0x00000003c8f120e8,0x00000003dab80000)
 Metaspace       used 42651K, capacity 43109K, committed 43520K, reserved 1087488K
  class space    used 4952K, capacity 5089K, committed 5120K, reserved 1048576K
}
Event: 44.266 GC heap before
{Heap before GC invocations=23 (full 5):
 PSYoungGen      total 945152K, used 931204K [0x000000066b180000, 0x00000006b5900000, 0x00000007c0000000)
  eden space 863232K, 100% used [0x000000066b180000,0x000000069fc80000,0x000000069fc80000)
  from space 81920K, 82% used [0x000000069fc80000,0x00000006a3ee1218,0x00000006a4c80000)
  to   space 89600K, 0% used [0x00000006b0180000,0x00000006b0180000,0x00000006b5900000)
 ParOldGen       total 417280K, used 126024K [0x00000003c1400000, 0x00000003dab80000, 0x000000066b180000)
  object space 417280K, 30% used [0x00000003c1400000,0x00000003c8f120e8,0x00000003dab80000)
 Metaspace       used 42702K, capacity 43173K, committed 43520K, reserved 1087488K
  class space    used 4954K, capacity 5089K, committed 5120K, reserved 1048576K
Event: 44.278 GC heap after
Heap after GC invocations=23 (full 5):
 PSYoungGen      total 1093632K, used 68149K [0x000000066b180000, 0x00000006b4c80000, 0x00000007c0000000)
  eden space 1016832K, 0% used [0x000000066b180000,0x000000066b180000,0x00000006a9280000)
  from space 76800K, 88% used [0x00000006b0180000,0x00000006b440d500,0x00000006b4c80000)
  to   space 95232K, 0% used [0x00000006a9280000,0x00000006a9280000,0x00000006aef80000)
 ParOldGen       total 417280K, used 126032K [0x00000003c1400000, 0x00000003dab80000, 0x000000066b180000)
  object space 417280K, 30% used [0x00000003c1400000,0x00000003c8f140e8,0x00000003dab80000)
 Metaspace       used 42702K, capacity 43173K, committed 43520K, reserved 1087488K
  class space    used 4954K, capacity 5089K, committed 5120K, reserved 1048576K
}
Event: 77.323 GC heap before
{Heap before GC invocations=24 (full 5):
 PSYoungGen      total 1093632K, used 1084981K [0x000000066b180000, 0x00000006b4c80000, 0x00000007c0000000)
  eden space 1016832K, 100% used [0x000000066b180000,0x00000006a9280000,0x00000006a9280000)
  from space 76800K, 88% used [0x00000006b0180000,0x00000006b440d500,0x00000006b4c80000)
  to   space 95232K, 0% used [0x00000006a9280000,0x00000006a9280000,0x00000006aef80000)
 ParOldGen       total 417280K, used 126032K [0x00000003c1400000, 0x00000003dab80000, 0x000000066b180000)
  object space 417280K, 30% used [0x00000003c1400000,0x00000003c8f140e8,0x00000003dab80000)
 Metaspace       used 43877K, capacity 44413K, committed 44672K, reserved 1089536K
  class space    used 5063K, capacity 5223K, committed 5248K, reserved 1048576K
Event: 77.336 GC heap after
Heap after GC invocations=24 (full 5):
 PSYoungGen      total 1050112K, used 69511K [0x000000066b180000, 0x00000006b3300000, 0x00000007c0000000)
  eden space 980480K, 0% used [0x000000066b180000,0x000000066b180000,0x00000006a6f00000)
  from space 69632K, 99% used [0x00000006a9280000,0x00000006ad661cd0,0x00000006ad680000)
  to   space 94720K, 0% used [0x00000006ad680000,0x00000006ad680000,0x00000006b3300000)
 ParOldGen       total 417280K, used 126040K [0x00000003c1400000, 0x00000003dab80000, 0x000000066b180000)
  object space 417280K, 30% used [0x00000003c1400000,0x00000003c8f160e8,0x00000003dab80000)
 Metaspace       used 43877K, capacity 44413K, committed 44672K, reserved 1089536K
  class space    used 5063K, capacity 5223K, committed 5248K, reserved 1048576K
}
Event: 95.769 GC heap before
{Heap before GC invocations=25 (full 5):
 PSYoungGen      total 1050112K, used 1049991K [0x000000066b180000, 0x00000006b3300000, 0x00000007c0000000)
  eden space 980480K, 100% used [0x000000066b180000,0x00000006a6f00000,0x00000006a6f00000)
  from space 69632K, 99% used [0x00000006a9280000,0x00000006ad661cd0,0x00000006ad680000)
  to   space 94720K, 0% used [0x00000006ad680000,0x00000006ad680000,0x00000006b3300000)
 ParOldGen       total 417280K, used 126040K [0x00000003c1400000, 0x00000003dab80000, 0x000000066b180000)
  object space 417280K, 30% used [0x00000003c1400000,0x00000003c8f160e8,0x00000003dab80000)
 Metaspace       used 43913K, capacity 44413K, committed 44672K, reserved 1089536K
  class space    used 5063K, capacity 5223K, committed 5248K, reserved 1048576K
Event: 95.779 GC heap after
Heap after GC invocations=25 (full 5):
 PSYoungGen      total 1017344K, used 71576K [0x000000066b180000, 0x00000006b1c80000, 0x00000007c0000000)
  eden space 945664K, 0% used [0x000000066b180000,0x000000066b180000,0x00000006a4d00000)
  from space 71680K, 99% used [0x00000006ad680000,0x00000006b1c662c0,0x00000006b1c80000)
  to   space 104448K, 0% used [0x00000006a5080000,0x00000006a5080000,0x00000006ab680000)
 ParOldGen       total 417280K, used 126048K [0x00000003c1400000, 0x00000003dab80000, 0x000000066b180000)
  object space 417280K, 30% used [0x00000003c1400000,0x00000003c8f180e8,0x00000003dab80000)
 Metaspace       used 43913K, capacity 44413K, committed 44672K, reserved 1089536K
  class space    used 5063K, capacity 5223K, committed 5248K, reserved 1048576K
}

