# JRE version: Java(TM) SE Runtime Environment (8.0_471) (build 1.8.0_471-b09)
# Java VM: Java HotSpot(TM) 64-Bit Server VM (25.471-b09 mixed mode windows-amd64 compressed oops)
Heap:
 PSYoungGen      total 307712K, used 55421K [0x000000066b180000, 0x000000067f900000, 0x00000007c0000000)
  eden space 293376K, 16% used [0x000000066b180000,0x000000066e0e76f0,0x000000067d000000)
  from space 14336K, 47% used [0x000000067eb00000,0x000000067f1b7dc8,0x000000067f900000)
  to   space 20992K, 0% used [0x000000067d000000,0x000000067d000000,0x000000067e480000)
 ParOldGen       total 413184K, used 181478K [0x00000003c1400000, 0x00000003da780000, 0x000000066b180000)
  object space 413184K, 43% used [0x00000003c1400000,0x00000003cc539ba8,0x00000003da780000)
 Metaspace       used 44657K, capacity 45151K, committed 45568K, reserved 1089536K
  class space    used 5103K, capacity 5266K, committed 5376K, reserved 1048576K
GC Heap History (10 events):
Event: 427.128 GC heap before
{Heap before GC invocations=49 (full 5):
 PSYoungGen      total 336896K, used 336858K [0x000000066b180000, 0x0000000681f00000, 0x00000007c0000000)
  eden space 327168K, 100% used [0x000000066b180000,0x000000067f100000,0x000000067f100000)
  from space 9728K, 99% used [0x000000067f880000,0x00000006801f6a70,0x0000000680200000)
  to   space 23552K, 0% used [0x0000000680800000,0x0000000680800000,0x0000000681f00000)
 ParOldGen       total 413184K, used 179196K [0x00000003c1400000, 0x00000003da780000, 0x000000066b180000)
  object space 413184K, 43% used [0x00000003c1400000,0x00000003cc2ff030,0x00000003da780000)
 Metaspace       used 44594K, capacity 45119K, committed 45440K, reserved 1089536K
  class space    used 5094K, capacity 5234K, committed 5248K, reserved 1048576K
Event: 427.131 GC heap after
Heap after GC invocations=49 (full 5):
 PSYoungGen      total 336384K, used 13822K [0x000000066b180000, 0x0000000681800000, 0x00000007c0000000)
  eden space 320000K, 0% used [0x000000066b180000,0x000000066b180000,0x000000067ea00000)
  from space 16384K, 84% used [0x0000000680800000,0x000000068157f828,0x0000000681800000)
  to   space 23552K, 0% used [0x000000067ea00000,0x000000067ea00000,0x0000000680100000)
 ParOldGen       total 413184K, used 179424K [0x00000003c1400000, 0x00000003da780000, 0x000000066b180000)
  object space 413184K, 43% used [0x00000003c1400000,0x00000003cc3382e0,0x00000003da780000)
 Metaspace       used 44594K, capacity 45119K, committed 45440K, reserved 1089536K
  class space    used 5094K, capacity 5234K, committed 5248K, reserved 1048576K
}
Event: 434.838 GC heap before
{Heap before GC invocations=50 (full 5):
 PSYoungGen      total 336384K, used 333822K [0x000000066b180000, 0x0000000681800000, 0x00000007c0000000)
  eden space 320000K, 100% used [0x000000066b180000,0x000000067ea00000,0x000000067ea00000)
  from space 16384K, 84% used [0x0000000680800000,0x000000068157f828,0x0000000681800000)
  to   space 23552K, 0% used [0x000000067ea00000,0x000000067ea00000,0x0000000680100000)
 ParOldGen       total 413184K, used 179424K [0x00000003c1400000, 0x00000003da780000, 0x000000066b180000)
  object space 413184K, 43% used [0x00000003c1400000,0x00000003cc3382e0,0x00000003da780000)
 Metaspace       used 44599K, capacity 45119K, committed 45440K, reserved 1089536K
  class space    used 5094K, capacity 5234K, committed 5248K, reserved 1048576K
Event: 434.841 GC heap after
Heap after GC invocations=50 (full 5):
 PSYoungGen      total 321024K, used 8052K [0x000000066b180000, 0x0000000681000000, 0x00000007c0000000)
  eden space 312832K, 0% used [0x000000066b180000,0x000000066b180000,0x000000067e300000)
  from space 8192K, 98% used [0x000000067ea00000,0x000000067f1dd048,0x000000067f200000)
  to   space 23040K, 0% used [0x000000067f980000,0x000000067f980000,0x0000000681000000)
 ParOldGen       total 413184K, used 179780K [0x00000003c1400000, 0x00000003da780000, 0x000000066b180000)
  object space 413184K, 43% used [0x00000003c1400000,0x00000003cc391338,0x00000003da780000)
 Metaspace       used 44599K, capacity 45119K, committed 45440K, reserved 1089536K
  class space    used 5094K, capacity 5234K, committed 5248K, reserved 1048576K
}
Event: 442.748 GC heap before
{Heap before GC invocations=51 (full 5):
 PSYoungGen      total 321024K, used 320884K [0x000000066b180000, 0x0000000681000000, 0x00000007c0000000)
  eden space 312832K, 100% used [0x000000066b180000,0x000000067e300000,0x000000067e300000)
  from space 8192K, 98% used [0x000000067ea00000,0x000000067f1dd048,0x000000067f200000)
  to   space 23040K, 0% used [0x000000067f980000,0x000000067f980000,0x0000000681000000)
 ParOldGen       total 413184K, used 179780K [0x00000003c1400000, 0x00000003da780000, 0x000000066b180000)
  object space 413184K, 43% used [0x00000003c1400000,0x00000003cc391338,0x00000003da780000)
 Metaspace       used 44602K, capacity 45119K, committed 45440K, reserved 1089536K
  class space    used 5094K, capacity 5234K, committed 5248K, reserved 1048576K
Event: 442.750 GC heap after
Heap after GC invocations=51 (full 5):
 PSYoungGen      total 321536K, used 7389K [0x000000066b180000, 0x0000000680880000, 0x00000007c0000000)
  eden space 306176K, 0% used [0x000000066b180000,0x000000066b180000,0x000000067dc80000)
  from space 15360K, 48% used [0x000000067f980000,0x00000006800b7430,0x0000000680880000)
  to   space 22528K, 0% used [0x000000067dc80000,0x000000067dc80000,0x000000067f280000)
 ParOldGen       total 413184K, used 180313K [0x00000003c1400000, 0x00000003da780000, 0x000000066b180000)
  object space 413184K, 43% used [0x00000003c1400000,0x00000003cc4165a8,0x00000003da780000)
 Metaspace       used 44602K, capacity 45119K, committed 45440K, reserved 1089536K
  class space    used 5094K, capacity 5234K, committed 5248K, reserved 1048576K
}
Event: 450.580 GC heap before
{Heap before GC invocations=52 (full 5):
 PSYoungGen      total 321536K, used 313565K [0x000000066b180000, 0x0000000680880000, 0x00000007c0000000)
  eden space 306176K, 100% used [0x000000066b180000,0x000000067dc80000,0x000000067dc80000)
  from space 15360K, 48% used [0x000000067f980000,0x00000006800b7430,0x0000000680880000)
  to   space 22528K, 0% used [0x000000067dc80000,0x000000067dc80000,0x000000067f280000)
 ParOldGen       total 413184K, used 180313K [0x00000003c1400000, 0x00000003da780000, 0x000000066b180000)
  object space 413184K, 43% used [0x00000003c1400000,0x00000003cc4165a8,0x00000003da780000)
 Metaspace       used 44603K, capacity 45119K, committed 45440K, reserved 1089536K
  class space    used 5094K, capacity 5234K, committed 5248K, reserved 1048576K
Event: 450.583 GC heap after
Heap after GC invocations=52 (full 5):
 PSYoungGen      total 307712K, used 7738K [0x000000066b180000, 0x0000000680000000, 0x00000007c0000000)
  eden space 299520K, 0% used [0x000000066b180000,0x000000066b180000,0x000000067d600000)
  from space 8192K, 94% used [0x000000067dc80000,0x000000067e40e8d8,0x000000067e480000)
  to   space 21504K, 0% used [0x000000067eb00000,0x000000067eb00000,0x0000000680000000)
 ParOldGen       total 413184K, used 180434K [0x00000003c1400000, 0x00000003da780000, 0x000000066b180000)
  object space 413184K, 43% used [0x00000003c1400000,0x00000003cc434838,0x00000003da780000)
 Metaspace       used 44603K, capacity 45119K, committed 45440K, reserved 1089536K
  class space    used 5094K, capacity 5234K, committed 5248K, reserved 1048576K
}
Event: 458.309 GC heap before
{Heap before GC invocations=53 (full 5):
 PSYoungGen      total 307712K, used 307258K [0x000000066b180000, 0x0000000680000000, 0x00000007c0000000)
  eden space 299520K, 100% used [0x000000066b180000,0x000000067d600000,0x000000067d600000)
  from space 8192K, 94% used [0x000000067dc80000,0x000000067e40e8d8,0x000000067e480000)
  to   space 21504K, 0% used [0x000000067eb00000,0x000000067eb00000,0x0000000680000000)
 ParOldGen       total 413184K, used 180434K [0x00000003c1400000, 0x00000003da780000, 0x000000066b180000)
  object space 413184K, 43% used [0x00000003c1400000,0x00000003cc434838,0x00000003da780000)
 Metaspace       used 44615K, capacity 45119K, committed 45440K, reserved 1089536K
  class space    used 5094K, capacity 5234K, committed 5248K, reserved 1048576K
Event: 458.311 GC heap after
Heap after GC invocations=53 (full 5):
 PSYoungGen      total 307712K, used 6879K [0x000000066b180000, 0x000000067f900000, 0x00000007c0000000)
  eden space 293376K, 0% used [0x000000066b180000,0x000000066b180000,0x000000067d000000)
  from space 14336K, 47% used [0x000000067eb00000,0x000000067f1b7dc8,0x000000067f900000)
  to   space 20992K, 0% used [0x000000067d000000,0x000000067d000000,0x000000067e480000)
 ParOldGen       total 413184K, used 181478K [0x00000003c1400000, 0x00000003da780000, 0x000000066b180000)
  object space 413184K, 43% used [0x00000003c1400000,0x00000003cc539ba8,0x00000003da780000)
 Metaspace       used 44615K, capacity 45119K, committed 45440K, reserved 1089536K
  class space    used 5094K, capacity 5234K, committed 5248K, reserved 1048576K
}

