# JRE version: Java(TM) SE Runtime Environment (8.0_471) (build 1.8.0_471-b09)
# Java VM: Java HotSpot(TM) 64-Bit Server VM (25.471-b09 mixed mode windows-amd64 compressed oops)
Heap:
 PSYoungGen      total 735744K, used 152616K [0x000000066b180000, 0x000000069fe00000, 0x00000007c0000000)
  eden space 677376K, 13% used [0x000000066b180000,0x0000000670dc03e8,0x0000000694700000)
  from space 58368K, 99% used [0x0000000695c80000,0x0000000699549e58,0x0000000699580000)
  to   space 93696K, 0% used [0x000000069a280000,0x000000069a280000,0x000000069fe00000)
 ParOldGen       total 416256K, used 142847K [0x00000003c1400000, 0x00000003daa80000, 0x000000066b180000)
  object space 416256K, 34% used [0x00000003c1400000,0x00000003c9f7fe98,0x00000003daa80000)
 Metaspace       used 44372K, capacity 44905K, committed 45312K, reserved 1089536K
  class space    used 5096K, capacity 5257K, committed 5376K, reserved 1048576K
GC Heap History (10 events):
Event: 201.548 GC heap before
{Heap before GC invocations=26 (full 5):
 PSYoungGen      total 863232K, used 862832K [0x000000066b180000, 0x00000006a6e00000, 0x00000007c0000000)
  eden space 799232K, 100% used [0x000000066b180000,0x000000069be00000,0x000000069be00000)
  from space 64000K, 99% used [0x00000006a2f80000,0x00000006a6d9c2e8,0x00000006a6e00000)
  to   space 87040K, 0% used [0x000000069c400000,0x000000069c400000,0x00000006a1900000)
 ParOldGen       total 416256K, used 142831K [0x00000003c1400000, 0x00000003daa80000, 0x000000066b180000)
  object space 416256K, 34% used [0x00000003c1400000,0x00000003c9f7be98,0x00000003daa80000)
 Metaspace       used 44130K, capacity 44643K, committed 45056K, reserved 1089536K
  class space    used 5077K, capacity 5256K, committed 5376K, reserved 1048576K
Event: 201.554 GC heap after
Heap after GC invocations=26 (full 5):
 PSYoungGen      total 835072K, used 62231K [0x000000066b180000, 0x00000006a5400000, 0x00000007c0000000)
  eden space 772608K, 0% used [0x000000066b180000,0x000000066b180000,0x000000069a400000)
  from space 62464K, 99% used [0x000000069c400000,0x00000006a00c5d10,0x00000006a0100000)
  to   space 84992K, 0% used [0x00000006a0100000,0x00000006a0100000,0x00000006a5400000)
 ParOldGen       total 416256K, used 142839K [0x00000003c1400000, 0x00000003daa80000, 0x000000066b180000)
  object space 416256K, 34% used [0x00000003c1400000,0x00000003c9f7de98,0x00000003daa80000)
 Metaspace       used 44130K, capacity 44643K, committed 45056K, reserved 1089536K
  class space    used 5077K, capacity 5256K, committed 5376K, reserved 1048576K
}
Event: 212.213 GC heap before
{Heap before GC invocations=27 (full 5):
 PSYoungGen      total 835072K, used 834839K [0x000000066b180000, 0x00000006a5400000, 0x00000007c0000000)
  eden space 772608K, 100% used [0x000000066b180000,0x000000069a400000,0x000000069a400000)
  from space 62464K, 99% used [0x000000069c400000,0x00000006a00c5d10,0x00000006a0100000)
  to   space 84992K, 0% used [0x00000006a0100000,0x00000006a0100000,0x00000006a5400000)
 ParOldGen       total 416256K, used 142839K [0x00000003c1400000, 0x00000003daa80000, 0x000000066b180000)
  object space 416256K, 34% used [0x00000003c1400000,0x00000003c9f7de98,0x00000003daa80000)
 Metaspace       used 44136K, capacity 44643K, committed 45056K, reserved 1089536K
  class space    used 5077K, capacity 5256K, committed 5376K, reserved 1048576K
Event: 212.220 GC heap after
Heap after GC invocations=27 (full 5):
 PSYoungGen      total 811520K, used 62866K [0x000000066b180000, 0x00000006a4000000, 0x00000007c0000000)
  eden space 747008K, 0% used [0x000000066b180000,0x000000066b180000,0x0000000698b00000)
  from space 64512K, 97% used [0x00000006a0100000,0x00000006a3e64870,0x00000006a4000000)
  to   space 92672K, 0% used [0x0000000698b00000,0x0000000698b00000,0x000000069e580000)
 ParOldGen       total 416256K, used 142847K [0x00000003c1400000, 0x00000003daa80000, 0x000000066b180000)
  object space 416256K, 34% used [0x00000003c1400000,0x00000003c9f7fe98,0x00000003daa80000)
 Metaspace       used 44136K, capacity 44643K, committed 45056K, reserved 1089536K
  class space    used 5077K, capacity 5256K, committed 5376K, reserved 1048576K
}
Event: 224.461 GC heap before
{Heap before GC invocations=28 (full 5):
 PSYoungGen      total 811520K, used 809874K [0x000000066b180000, 0x00000006a4000000, 0x00000007c0000000)
  eden space 747008K, 100% used [0x000000066b180000,0x0000000698b00000,0x0000000698b00000)
  from space 64512K, 97% used [0x00000006a0100000,0x00000006a3e64870,0x00000006a4000000)
  to   space 92672K, 0% used [0x0000000698b00000,0x0000000698b00000,0x000000069e580000)
 ParOldGen       total 416256K, used 142847K [0x00000003c1400000, 0x00000003daa80000, 0x000000066b180000)
  object space 416256K, 34% used [0x00000003c1400000,0x00000003c9f7fe98,0x00000003daa80000)
 Metaspace       used 44144K, capacity 44643K, committed 45056K, reserved 1089536K
  class space    used 5077K, capacity 5256K, committed 5376K, reserved 1048576K
Event: 224.468 GC heap after
Heap after GC invocations=28 (full 5):
 PSYoungGen      total 785920K, used 63283K [0x000000066b180000, 0x00000006a2c00000, 0x00000007c0000000)
  eden space 722432K, 0% used [0x000000066b180000,0x000000066b180000,0x0000000697300000)
  from space 63488K, 99% used [0x0000000698b00000,0x000000069c8ccd48,0x000000069c900000)
  to   space 94720K, 0% used [0x000000069cf80000,0x000000069cf80000,0x00000006a2c00000)
 ParOldGen       total 416256K, used 142847K [0x00000003c1400000, 0x00000003daa80000, 0x000000066b180000)
  object space 416256K, 34% used [0x00000003c1400000,0x00000003c9f7fe98,0x00000003daa80000)
 Metaspace       used 44144K, capacity 44643K, committed 45056K, reserved 1089536K
  class space    used 5077K, capacity 5256K, committed 5376K, reserved 1048576K
}
Event: 239.355 GC heap before
{Heap before GC invocations=29 (full 5):
 PSYoungGen      total 785920K, used 785715K [0x000000066b180000, 0x00000006a2c00000, 0x00000007c0000000)
  eden space 722432K, 100% used [0x000000066b180000,0x0000000697300000,0x0000000697300000)
  from space 63488K, 99% used [0x0000000698b00000,0x000000069c8ccd48,0x000000069c900000)
  to   space 94720K, 0% used [0x000000069cf80000,0x000000069cf80000,0x00000006a2c00000)
 ParOldGen       total 416256K, used 142847K [0x00000003c1400000, 0x00000003daa80000, 0x000000066b180000)
  object space 416256K, 34% used [0x00000003c1400000,0x00000003c9f7fe98,0x00000003daa80000)
 Metaspace       used 44174K, capacity 44649K, committed 45056K, reserved 1089536K
  class space    used 5078K, capacity 5257K, committed 5376K, reserved 1048576K
Event: 239.362 GC heap after
Heap after GC invocations=29 (full 5):
 PSYoungGen      total 770048K, used 58950K [0x000000066b180000, 0x00000006a1480000, 0x00000007c0000000)
  eden space 699392K, 0% used [0x000000066b180000,0x000000066b180000,0x0000000695c80000)
  from space 70656K, 83% used [0x000000069cf80000,0x00000006a0911978,0x00000006a1480000)
  to   space 94208K, 0% used [0x0000000695c80000,0x0000000695c80000,0x000000069b880000)
 ParOldGen       total 416256K, used 142847K [0x00000003c1400000, 0x00000003daa80000, 0x000000066b180000)
  object space 416256K, 34% used [0x00000003c1400000,0x00000003c9f7fe98,0x00000003daa80000)
 Metaspace       used 44174K, capacity 44649K, committed 45056K, reserved 1089536K
  class space    used 5078K, capacity 5257K, committed 5376K, reserved 1048576K
}
Event: 257.813 GC heap before
{Heap before GC invocations=30 (full 5):
 PSYoungGen      total 770048K, used 758342K [0x000000066b180000, 0x00000006a1480000, 0x00000007c0000000)
  eden space 699392K, 100% used [0x000000066b180000,0x0000000695c80000,0x0000000695c80000)
  from space 70656K, 83% used [0x000000069cf80000,0x00000006a0911978,0x00000006a1480000)
  to   space 94208K, 0% used [0x0000000695c80000,0x0000000695c80000,0x000000069b880000)
 ParOldGen       total 416256K, used 142847K [0x00000003c1400000, 0x00000003daa80000, 0x000000066b180000)
  object space 416256K, 34% used [0x00000003c1400000,0x00000003c9f7fe98,0x00000003daa80000)
 Metaspace       used 44184K, capacity 44713K, committed 45056K, reserved 1089536K
  class space    used 5078K, capacity 5257K, committed 5376K, reserved 1048576K
Event: 257.819 GC heap after
Heap after GC invocations=30 (full 5):
 PSYoungGen      total 735744K, used 58151K [0x000000066b180000, 0x000000069fe00000, 0x00000007c0000000)
  eden space 677376K, 0% used [0x000000066b180000,0x000000066b180000,0x0000000694700000)
  from space 58368K, 99% used [0x0000000695c80000,0x0000000699549e58,0x0000000699580000)
  to   space 93696K, 0% used [0x000000069a280000,0x000000069a280000,0x000000069fe00000)
 ParOldGen       total 416256K, used 142847K [0x00000003c1400000, 0x00000003daa80000, 0x000000066b180000)
  object space 416256K, 34% used [0x00000003c1400000,0x00000003c9f7fe98,0x00000003daa80000)
 Metaspace       used 44184K, capacity 44713K, committed 45056K, reserved 1089536K
  class space    used 5078K, capacity 5257K, committed 5376K, reserved 1048576K
}

