# JRE version: Java(TM) SE Runtime Environment (8.0_471) (build 1.8.0_471-b09)
# Java VM: Java HotSpot(TM) 64-Bit Server VM (25.471-b09 mixed mode windows-amd64 compressed oops)
Heap:
 PSYoungGen      total 63488K, used 40892K [0x000000066b180000, 0x000000066f300000, 0x00000007c0000000)
  eden space 59904K, 65% used [0x000000066b180000,0x000000066d7e7230,0x000000066ec00000)
  from space 3584K, 43% used [0x000000066ef80000,0x000000066f108000,0x000000066f300000)
  to   space 3584K, 0% used [0x000000066ec00000,0x000000066ec00000,0x000000066ef80000)
 ParOldGen       total 414720K, used 258685K [0x00000003c1400000, 0x00000003da900000, 0x000000066b180000)
  object space 414720K, 62% used [0x00000003c1400000,0x00000003d109f790,0x00000003da900000)
 Metaspace       used 43857K, capacity 44321K, committed 44672K, reserved 1089536K
  class space    used 5017K, capacity 5163K, committed 5248K, reserved 1048576K
GC Heap History (10 events):
Event: 570.461 GC heap before
{Heap before GC invocations=573 (full 5):
 PSYoungGen      total 63488K, used 62240K [0x000000066b180000, 0x000000066f300000, 0x00000007c0000000)
  eden space 59904K, 100% used [0x000000066b180000,0x000000066ec00000,0x000000066ec00000)
  from space 3584K, 65% used [0x000000066ec00000,0x000000066ee48000,0x000000066ef80000)
  to   space 3584K, 0% used [0x000000066ef80000,0x000000066ef80000,0x000000066f300000)
 ParOldGen       total 414720K, used 257336K [0x00000003c1400000, 0x00000003da900000, 0x000000066b180000)
  object space 414720K, 62% used [0x00000003c1400000,0x00000003d0f4e3a0,0x00000003da900000)
 Metaspace       used 43814K, capacity 44321K, committed 44672K, reserved 1089536K
  class space    used 5008K, capacity 5163K, committed 5248K, reserved 1048576K
Event: 570.463 GC heap after
Heap after GC invocations=573 (full 5):
 PSYoungGen      total 63488K, used 2176K [0x000000066b180000, 0x000000066f300000, 0x00000007c0000000)
  eden space 59904K, 0% used [0x000000066b180000,0x000000066b180000,0x000000066ec00000)
  from space 3584K, 60% used [0x000000066ef80000,0x000000066f1a0000,0x000000066f300000)
  to   space 3584K, 0% used [0x000000066ec00000,0x000000066ec00000,0x000000066ef80000)
 ParOldGen       total 414720K, used 257573K [0x00000003c1400000, 0x00000003da900000, 0x000000066b180000)
  object space 414720K, 62% used [0x00000003c1400000,0x00000003d0f89470,0x00000003da900000)
 Metaspace       used 43814K, capacity 44321K, committed 44672K, reserved 1089536K
  class space    used 5008K, capacity 5163K, committed 5248K, reserved 1048576K
}
Event: 571.015 GC heap before
{Heap before GC invocations=574 (full 5):
 PSYoungGen      total 63488K, used 62080K [0x000000066b180000, 0x000000066f300000, 0x00000007c0000000)
  eden space 59904K, 100% used [0x000000066b180000,0x000000066ec00000,0x000000066ec00000)
  from space 3584K, 60% used [0x000000066ef80000,0x000000066f1a0000,0x000000066f300000)
  to   space 3584K, 0% used [0x000000066ec00000,0x000000066ec00000,0x000000066ef80000)
 ParOldGen       total 414720K, used 257573K [0x00000003c1400000, 0x00000003da900000, 0x000000066b180000)
  object space 414720K, 62% used [0x00000003c1400000,0x00000003d0f89470,0x00000003da900000)
 Metaspace       used 43814K, capacity 44321K, committed 44672K, reserved 1089536K
  class space    used 5008K, capacity 5163K, committed 5248K, reserved 1048576K
Event: 571.017 GC heap after
Heap after GC invocations=574 (full 5):
 PSYoungGen      total 63488K, used 2144K [0x000000066b180000, 0x000000066f300000, 0x00000007c0000000)
  eden space 59904K, 0% used [0x000000066b180000,0x000000066b180000,0x000000066ec00000)
  from space 3584K, 59% used [0x000000066ec00000,0x000000066ee18000,0x000000066ef80000)
  to   space 3584K, 0% used [0x000000066ef80000,0x000000066ef80000,0x000000066f300000)
 ParOldGen       total 414720K, used 257777K [0x00000003c1400000, 0x00000003da900000, 0x000000066b180000)
  object space 414720K, 62% used [0x00000003c1400000,0x00000003d0fbc500,0x00000003da900000)
 Metaspace       used 43814K, capacity 44321K, committed 44672K, reserved 1089536K
  class space    used 5008K, capacity 5163K, committed 5248K, reserved 1048576K
}
Event: 571.570 GC heap before
{Heap before GC invocations=575 (full 5):
 PSYoungGen      total 63488K, used 62048K [0x000000066b180000, 0x000000066f300000, 0x00000007c0000000)
  eden space 59904K, 100% used [0x000000066b180000,0x000000066ec00000,0x000000066ec00000)
  from space 3584K, 59% used [0x000000066ec00000,0x000000066ee18000,0x000000066ef80000)
  to   space 3584K, 0% used [0x000000066ef80000,0x000000066ef80000,0x000000066f300000)
 ParOldGen       total 414720K, used 257777K [0x00000003c1400000, 0x00000003da900000, 0x000000066b180000)
  object space 414720K, 62% used [0x00000003c1400000,0x00000003d0fbc500,0x00000003da900000)
 Metaspace       used 43814K, capacity 44321K, committed 44672K, reserved 1089536K
  class space    used 5008K, capacity 5163K, committed 5248K, reserved 1048576K
Event: 571.571 GC heap after
Heap after GC invocations=575 (full 5):
 PSYoungGen      total 63488K, used 1824K [0x000000066b180000, 0x000000066f300000, 0x00000007c0000000)
  eden space 59904K, 0% used [0x000000066b180000,0x000000066b180000,0x000000066ec00000)
  from space 3584K, 50% used [0x000000066ef80000,0x000000066f148000,0x000000066f300000)
  to   space 3584K, 0% used [0x000000066ec00000,0x000000066ec00000,0x000000066ef80000)
 ParOldGen       total 414720K, used 258125K [0x00000003c1400000, 0x00000003da900000, 0x000000066b180000)
  object space 414720K, 62% used [0x00000003c1400000,0x00000003d1013610,0x00000003da900000)
 Metaspace       used 43814K, capacity 44321K, committed 44672K, reserved 1089536K
  class space    used 5008K, capacity 5163K, committed 5248K, reserved 1048576K
}
Event: 572.147 GC heap before
{Heap before GC invocations=576 (full 5):
 PSYoungGen      total 63488K, used 61728K [0x000000066b180000, 0x000000066f300000, 0x00000007c0000000)
  eden space 59904K, 100% used [0x000000066b180000,0x000000066ec00000,0x000000066ec00000)
  from space 3584K, 50% used [0x000000066ef80000,0x000000066f148000,0x000000066f300000)
  to   space 3584K, 0% used [0x000000066ec00000,0x000000066ec00000,0x000000066ef80000)
 ParOldGen       total 414720K, used 258125K [0x00000003c1400000, 0x00000003da900000, 0x000000066b180000)
  object space 414720K, 62% used [0x00000003c1400000,0x00000003d1013610,0x00000003da900000)
 Metaspace       used 43814K, capacity 44321K, committed 44672K, reserved 1089536K
  class space    used 5008K, capacity 5163K, committed 5248K, reserved 1048576K
Event: 572.148 GC heap after
Heap after GC invocations=576 (full 5):
 PSYoungGen      total 63488K, used 1408K [0x000000066b180000, 0x000000066f300000, 0x00000007c0000000)
  eden space 59904K, 0% used [0x000000066b180000,0x000000066b180000,0x000000066ec00000)
  from space 3584K, 39% used [0x000000066ec00000,0x000000066ed60000,0x000000066ef80000)
  to   space 3584K, 0% used [0x000000066ef80000,0x000000066ef80000,0x000000066f300000)
 ParOldGen       total 414720K, used 258653K [0x00000003c1400000, 0x00000003da900000, 0x000000066b180000)
  object space 414720K, 62% used [0x00000003c1400000,0x00000003d1097790,0x00000003da900000)
 Metaspace       used 43814K, capacity 44321K, committed 44672K, reserved 1089536K
  class space    used 5008K, capacity 5163K, committed 5248K, reserved 1048576K
}
Event: 572.700 GC heap before
{Heap before GC invocations=577 (full 5):
 PSYoungGen      total 63488K, used 61312K [0x000000066b180000, 0x000000066f300000, 0x00000007c0000000)
  eden space 59904K, 100% used [0x000000066b180000,0x000000066ec00000,0x000000066ec00000)
  from space 3584K, 39% used [0x000000066ec00000,0x000000066ed60000,0x000000066ef80000)
  to   space 3584K, 0% used [0x000000066ef80000,0x000000066ef80000,0x000000066f300000)
 ParOldGen       total 414720K, used 258653K [0x00000003c1400000, 0x00000003da900000, 0x000000066b180000)
  object space 414720K, 62% used [0x00000003c1400000,0x00000003d1097790,0x00000003da900000)
 Metaspace       used 43815K, capacity 44321K, committed 44672K, reserved 1089536K
  class space    used 5008K, capacity 5163K, committed 5248K, reserved 1048576K
Event: 572.701 GC heap after
Heap after GC invocations=577 (full 5):
 PSYoungGen      total 63488K, used 1568K [0x000000066b180000, 0x000000066f300000, 0x00000007c0000000)
  eden space 59904K, 0% used [0x000000066b180000,0x000000066b180000,0x000000066ec00000)
  from space 3584K, 43% used [0x000000066ef80000,0x000000066f108000,0x000000066f300000)
  to   space 3584K, 0% used [0x000000066ec00000,0x000000066ec00000,0x000000066ef80000)
 ParOldGen       total 414720K, used 258685K [0x00000003c1400000, 0x00000003da900000, 0x000000066b180000)
  object space 414720K, 62% used [0x00000003c1400000,0x00000003d109f790,0x00000003da900000)
 Metaspace       used 43815K, capacity 44321K, committed 44672K, reserved 1089536K
  class space    used 5008K, capacity 5163K, committed 5248K, reserved 1048576K
}

