# JRE version: Java(TM) SE Runtime Environment (8.0_471) (build 1.8.0_471-b09)
# Java VM: Java HotSpot(TM) 64-Bit Server VM (25.471-b09 mixed mode windows-amd64 compressed oops)
Heap:
 PSYoungGen      total 51200K, used 43518K [0x000000066b180000, 0x000000066ef00000, 0x00000007c0000000)
  eden space 46592K, 89% used [0x000000066b180000,0x000000066da35f28,0x000000066df00000)
  from space 4608K, 39% used [0x000000066df00000,0x000000066e0c9978,0x000000066e380000)
  to   space 4608K, 0% used [0x000000066ea80000,0x000000066ea80000,0x000000066ef00000)
 ParOldGen       total 553472K, used 282189K [0x00000003c1400000, 0x00000003e3080000, 0x000000066b180000)
  object space 553472K, 50% used [0x00000003c1400000,0x00000003d2793400,0x00000003e3080000)
 Metaspace       used 43914K, capacity 44397K, committed 44928K, reserved 1089536K
  class space    used 5016K, capacity 5165K, committed 5248K, reserved 1048576K
GC Heap History (10 events):
Event: 1914.410 GC heap before
{Heap before GC invocations=3035 (full 6):
 PSYoungGen      total 45056K, used 44088K [0x000000066b180000, 0x000000066e180000, 0x00000007c0000000)
  eden space 40960K, 100% used [0x000000066b180000,0x000000066d980000,0x000000066d980000)
  from space 4096K, 76% used [0x000000066dd80000,0x000000066e08e1b0,0x000000066e180000)
  to   space 4096K, 0% used [0x000000066d980000,0x000000066d980000,0x000000066dd80000)
 ParOldGen       total 553472K, used 280047K [0x00000003c1400000, 0x00000003e3080000, 0x000000066b180000)
  object space 553472K, 50% used [0x00000003c1400000,0x00000003d257bc10,0x00000003e3080000)
 Metaspace       used 43869K, capacity 44365K, committed 44928K, reserved 1089536K
  class space    used 5006K, capacity 5133K, committed 5248K, reserved 1048576K
Event: 1914.412 GC heap after
Heap after GC invocations=3035 (full 6):
 PSYoungGen      total 45056K, used 3175K [0x000000066b180000, 0x000000066e180000, 0x00000007c0000000)
  eden space 40960K, 0% used [0x000000066b180000,0x000000066b180000,0x000000066d980000)
  from space 4096K, 77% used [0x000000066d980000,0x000000066dc99e88,0x000000066dd80000)
  to   space 4096K, 0% used [0x000000066dd80000,0x000000066dd80000,0x000000066e180000)
 ParOldGen       total 553472K, used 280247K [0x00000003c1400000, 0x00000003e3080000, 0x000000066b180000)
  object space 553472K, 50% used [0x00000003c1400000,0x00000003d25adcb0,0x00000003e3080000)
 Metaspace       used 43869K, capacity 44365K, committed 44928K, reserved 1089536K
  class space    used 5006K, capacity 5133K, committed 5248K, reserved 1048576K
}
Event: 1914.868 GC heap before
{Heap before GC invocations=3036 (full 6):
 PSYoungGen      total 45056K, used 44135K [0x000000066b180000, 0x000000066e180000, 0x00000007c0000000)
  eden space 40960K, 100% used [0x000000066b180000,0x000000066d980000,0x000000066d980000)
  from space 4096K, 77% used [0x000000066d980000,0x000000066dc99e88,0x000000066dd80000)
  to   space 4096K, 0% used [0x000000066dd80000,0x000000066dd80000,0x000000066e180000)
 ParOldGen       total 553472K, used 280247K [0x00000003c1400000, 0x00000003e3080000, 0x000000066b180000)
  object space 553472K, 50% used [0x00000003c1400000,0x00000003d25adcb0,0x00000003e3080000)
 Metaspace       used 43869K, capacity 44365K, committed 44928K, reserved 1089536K
  class space    used 5006K, capacity 5133K, committed 5248K, reserved 1048576K
Event: 1914.870 GC heap after
Heap after GC invocations=3036 (full 6):
 PSYoungGen      total 45056K, used 2887K [0x000000066b180000, 0x000000066e180000, 0x00000007c0000000)
  eden space 40960K, 0% used [0x000000066b180000,0x000000066b180000,0x000000066d980000)
  from space 4096K, 70% used [0x000000066dd80000,0x000000066e051e88,0x000000066e180000)
  to   space 4096K, 0% used [0x000000066d980000,0x000000066d980000,0x000000066dd80000)
 ParOldGen       total 553472K, used 280615K [0x00000003c1400000, 0x00000003e3080000, 0x000000066b180000)
  object space 553472K, 50% used [0x00000003c1400000,0x00000003d2609d90,0x00000003e3080000)
 Metaspace       used 43869K, capacity 44365K, committed 44928K, reserved 1089536K
  class space    used 5006K, capacity 5133K, committed 5248K, reserved 1048576K
}
Event: 1915.311 GC heap before
{Heap before GC invocations=3037 (full 6):
 PSYoungGen      total 45056K, used 43847K [0x000000066b180000, 0x000000066e180000, 0x00000007c0000000)
  eden space 40960K, 100% used [0x000000066b180000,0x000000066d980000,0x000000066d980000)
  from space 4096K, 70% used [0x000000066dd80000,0x000000066e051e88,0x000000066e180000)
  to   space 4096K, 0% used [0x000000066d980000,0x000000066d980000,0x000000066dd80000)
 ParOldGen       total 553472K, used 280615K [0x00000003c1400000, 0x00000003e3080000, 0x000000066b180000)
  object space 553472K, 50% used [0x00000003c1400000,0x00000003d2609d90,0x00000003e3080000)
 Metaspace       used 43869K, capacity 44365K, committed 44928K, reserved 1089536K
  class space    used 5006K, capacity 5133K, committed 5248K, reserved 1048576K
Event: 1915.320 GC heap after
Heap after GC invocations=3037 (full 6):
 PSYoungGen      total 45056K, used 3062K [0x000000066b180000, 0x000000066e780000, 0x00000007c0000000)
  eden space 40960K, 0% used [0x000000066b180000,0x000000066b180000,0x000000066d980000)
  from space 4096K, 74% used [0x000000066d980000,0x000000066dc7d8f0,0x000000066dd80000)
  to   space 4096K, 0% used [0x000000066e380000,0x000000066e380000,0x000000066e780000)
 ParOldGen       total 553472K, used 281207K [0x00000003c1400000, 0x00000003e3080000, 0x000000066b180000)
  object space 553472K, 50% used [0x00000003c1400000,0x00000003d269dff0,0x00000003e3080000)
 Metaspace       used 43869K, capacity 44365K, committed 44928K, reserved 1089536K
  class space    used 5006K, capacity 5133K, committed 5248K, reserved 1048576K
}
Event: 1915.762 GC heap before
{Heap before GC invocations=3038 (full 6):
 PSYoungGen      total 45056K, used 44022K [0x000000066b180000, 0x000000066e780000, 0x00000007c0000000)
  eden space 40960K, 100% used [0x000000066b180000,0x000000066d980000,0x000000066d980000)
  from space 4096K, 74% used [0x000000066d980000,0x000000066dc7d8f0,0x000000066dd80000)
  to   space 4096K, 0% used [0x000000066e380000,0x000000066e380000,0x000000066e780000)
 ParOldGen       total 553472K, used 281207K [0x00000003c1400000, 0x00000003e3080000, 0x000000066b180000)
  object space 553472K, 50% used [0x00000003c1400000,0x00000003d269dff0,0x00000003e3080000)
 Metaspace       used 43869K, capacity 44365K, committed 44928K, reserved 1089536K
  class space    used 5006K, capacity 5133K, committed 5248K, reserved 1048576K
Event: 1915.764 GC heap after
Heap after GC invocations=3038 (full 6):
 PSYoungGen      total 50688K, used 3341K [0x000000066b180000, 0x000000066e800000, 0x00000007c0000000)
  eden space 46592K, 0% used [0x000000066b180000,0x000000066b180000,0x000000066df00000)
  from space 4096K, 81% used [0x000000066e380000,0x000000066e6c3770,0x000000066e780000)
  to   space 4608K, 0% used [0x000000066df00000,0x000000066df00000,0x000000066e380000)
 ParOldGen       total 553472K, used 281764K [0x00000003c1400000, 0x00000003e3080000, 0x000000066b180000)
  object space 553472K, 50% used [0x00000003c1400000,0x00000003d2729260,0x00000003e3080000)
 Metaspace       used 43869K, capacity 44365K, committed 44928K, reserved 1089536K
  class space    used 5006K, capacity 5133K, committed 5248K, reserved 1048576K
}
Event: 1916.267 GC heap before
{Heap before GC invocations=3039 (full 6):
 PSYoungGen      total 50688K, used 49933K [0x000000066b180000, 0x000000066e800000, 0x00000007c0000000)
  eden space 46592K, 100% used [0x000000066b180000,0x000000066df00000,0x000000066df00000)
  from space 4096K, 81% used [0x000000066e380000,0x000000066e6c3770,0x000000066e780000)
  to   space 4608K, 0% used [0x000000066df00000,0x000000066df00000,0x000000066e380000)
 ParOldGen       total 553472K, used 281764K [0x00000003c1400000, 0x00000003e3080000, 0x000000066b180000)
  object space 553472K, 50% used [0x00000003c1400000,0x00000003d2729260,0x00000003e3080000)
 Metaspace       used 43869K, capacity 44365K, committed 44928K, reserved 1089536K
  class space    used 5006K, capacity 5133K, committed 5248K, reserved 1048576K
Event: 1916.276 GC heap after
Heap after GC invocations=3039 (full 6):
 PSYoungGen      total 51200K, used 1830K [0x000000066b180000, 0x000000066ef00000, 0x00000007c0000000)
  eden space 46592K, 0% used [0x000000066b180000,0x000000066b180000,0x000000066df00000)
  from space 4608K, 39% used [0x000000066df00000,0x000000066e0c9978,0x000000066e380000)
  to   space 4608K, 0% used [0x000000066ea80000,0x000000066ea80000,0x000000066ef00000)
 ParOldGen       total 553472K, used 282189K [0x00000003c1400000, 0x00000003e3080000, 0x000000066b180000)
  object space 553472K, 50% used [0x00000003c1400000,0x00000003d2793400,0x00000003e3080000)
 Metaspace       used 43869K, capacity 44365K, committed 44928K, reserved 1089536K
  class space    used 5006K, capacity 5133K, committed 5248K, reserved 1048576K
}

