# JRE version: Java(TM) SE Runtime Environment (8.0_471) (build 1.8.0_471-b09)
# Java VM: Java HotSpot(TM) 64-Bit Server VM (25.471-b09 mixed mode windows-amd64 compressed oops)
Heap:
 PSYoungGen      total 624640K, used 310167K [0x000000066b180000, 0x00000006a5c80000, 0x00000007c0000000)
  eden space 534016K, 49% used [0x000000066b180000,0x000000067b20b3c0,0x000000068bb00000)
  from space 90624K, 52% used [0x0000000691200000,0x000000069405aad0,0x0000000696a80000)
  to   space 89088K, 0% used [0x000000068bb00000,0x000000068bb00000,0x0000000691200000)
 ParOldGen       total 432128K, used 117019K [0x00000003c1400000, 0x00000003dba00000, 0x000000066b180000)
  object space 432128K, 27% used [0x00000003c1400000,0x00000003c8646cc0,0x00000003dba00000)
 Metaspace       used 43095K, capacity 43625K, committed 44160K, reserved 1087488K
  class space    used 4991K, capacity 5127K, committed 5248K, reserved 1048576K
GC Heap History (10 events):
Event: 12.949 GC heap before
{Heap before GC invocations=13 (full 3):
 PSYoungGen      total 558080K, used 0K [0x000000066b180000, 0x0000000695f80000, 0x00000007c0000000)
  eden space 532480K, 0% used [0x000000066b180000,0x000000066b180000,0x000000068b980000)
  from space 25600K, 0% used [0x000000068b980000,0x000000068b980000,0x000000068d280000)
  to   space 84992K, 0% used [0x0000000690c80000,0x0000000690c80000,0x0000000695f80000)
 ParOldGen       total 432128K, used 69219K [0x00000003c1400000, 0x00000003dba00000, 0x000000066b180000)
  object space 432128K, 16% used [0x00000003c1400000,0x00000003c5798c90,0x00000003dba00000)
 Metaspace       used 31152K, capacity 31413K, committed 31616K, reserved 1077248K
  class space    used 3784K, capacity 3899K, committed 3968K, reserved 1048576K
Event: 12.950 GC heap after
Heap after GC invocations=13 (full 3):
 PSYoungGen      total 615424K, used 0K [0x000000066b180000, 0x0000000696380000, 0x00000007c0000000)
  eden space 530432K, 0% used [0x000000066b180000,0x000000066b180000,0x000000068b780000)
  from space 84992K, 0% used [0x0000000690c80000,0x0000000690c80000,0x0000000695f80000)
  to   space 87040K, 0% used [0x000000068b780000,0x000000068b780000,0x0000000690c80000)
 ParOldGen       total 432128K, used 69219K [0x00000003c1400000, 0x00000003dba00000, 0x000000066b180000)
  object space 432128K, 16% used [0x00000003c1400000,0x00000003c5798c90,0x00000003dba00000)
 Metaspace       used 31152K, capacity 31413K, committed 31616K, reserved 1077248K
  class space    used 3784K, capacity 3899K, committed 3968K, reserved 1048576K
}
Event: 12.950 GC heap before
{Heap before GC invocations=14 (full 4):
 PSYoungGen      total 615424K, used 0K [0x000000066b180000, 0x0000000696380000, 0x00000007c0000000)
  eden space 530432K, 0% used [0x000000066b180000,0x000000066b180000,0x000000068b780000)
  from space 84992K, 0% used [0x0000000690c80000,0x0000000690c80000,0x0000000695f80000)
  to   space 87040K, 0% used [0x000000068b780000,0x000000068b780000,0x0000000690c80000)
 ParOldGen       total 432128K, used 69219K [0x00000003c1400000, 0x00000003dba00000, 0x000000066b180000)
  object space 432128K, 16% used [0x00000003c1400000,0x00000003c5798c90,0x00000003dba00000)
 Metaspace       used 31152K, capacity 31413K, committed 31616K, reserved 1077248K
  class space    used 3784K, capacity 3899K, committed 3968K, reserved 1048576K
Event: 12.972 GC heap after
Heap after GC invocations=14 (full 4):
 PSYoungGen      total 615424K, used 0K [0x000000066b180000, 0x0000000696380000, 0x00000007c0000000)
  eden space 530432K, 0% used [0x000000066b180000,0x000000066b180000,0x000000068b780000)
  from space 84992K, 0% used [0x0000000690c80000,0x0000000690c80000,0x0000000695f80000)
  to   space 87040K, 0% used [0x000000068b780000,0x000000068b780000,0x0000000690c80000)
 ParOldGen       total 432128K, used 69219K [0x00000003c1400000, 0x00000003dba00000, 0x000000066b180000)
  object space 432128K, 16% used [0x00000003c1400000,0x00000003c5798c90,0x00000003dba00000)
 Metaspace       used 31152K, capacity 31413K, committed 31616K, reserved 1077248K
  class space    used 3784K, capacity 3899K, committed 3968K, reserved 1048576K
}
Event: 14.394 GC heap before
{Heap before GC invocations=15 (full 4):
 PSYoungGen      total 615424K, used 407331K [0x000000066b180000, 0x0000000696380000, 0x00000007c0000000)
  eden space 530432K, 76% used [0x000000066b180000,0x0000000683f48fd0,0x000000068b780000)
  from space 84992K, 0% used [0x0000000690c80000,0x0000000690c80000,0x0000000695f80000)
  to   space 87040K, 0% used [0x000000068b780000,0x000000068b780000,0x0000000690c80000)
 ParOldGen       total 432128K, used 69219K [0x00000003c1400000, 0x00000003dba00000, 0x000000066b180000)
  object space 432128K, 16% used [0x00000003c1400000,0x00000003c5798c90,0x00000003dba00000)
 Metaspace       used 36484K, capacity 36829K, committed 37120K, reserved 1081344K
  class space    used 4377K, capacity 4519K, committed 4608K, reserved 1048576K
Event: 14.405 GC heap after
Heap after GC invocations=15 (full 4):
 PSYoungGen      total 617472K, used 58608K [0x000000066b180000, 0x0000000696a80000, 0x00000007c0000000)
  eden space 530432K, 0% used [0x000000066b180000,0x000000066b180000,0x000000068b780000)
  from space 87040K, 67% used [0x000000068b780000,0x000000068f0bc088,0x0000000690c80000)
  to   space 90624K, 0% used [0x0000000691200000,0x0000000691200000,0x0000000696a80000)
 ParOldGen       total 432128K, used 69227K [0x00000003c1400000, 0x00000003dba00000, 0x000000066b180000)
  object space 432128K, 16% used [0x00000003c1400000,0x00000003c579ac90,0x00000003dba00000)
 Metaspace       used 36484K, capacity 36829K, committed 37120K, reserved 1081344K
  class space    used 4377K, capacity 4519K, committed 4608K, reserved 1048576K
}
Event: 14.405 GC heap before
{Heap before GC invocations=16 (full 5):
 PSYoungGen      total 617472K, used 58608K [0x000000066b180000, 0x0000000696a80000, 0x00000007c0000000)
  eden space 530432K, 0% used [0x000000066b180000,0x000000066b180000,0x000000068b780000)
  from space 87040K, 67% used [0x000000068b780000,0x000000068f0bc088,0x0000000690c80000)
  to   space 90624K, 0% used [0x0000000691200000,0x0000000691200000,0x0000000696a80000)
 ParOldGen       total 432128K, used 69227K [0x00000003c1400000, 0x00000003dba00000, 0x000000066b180000)
  object space 432128K, 16% used [0x00000003c1400000,0x00000003c579ac90,0x00000003dba00000)
 Metaspace       used 36484K, capacity 36829K, committed 37120K, reserved 1081344K
  class space    used 4377K, capacity 4519K, committed 4608K, reserved 1048576K
Event: 14.498 GC heap after
Heap after GC invocations=16 (full 5):
 PSYoungGen      total 617472K, used 0K [0x000000066b180000, 0x0000000696a80000, 0x00000007c0000000)
  eden space 530432K, 0% used [0x000000066b180000,0x000000066b180000,0x000000068b780000)
  from space 87040K, 0% used [0x000000068b780000,0x000000068b780000,0x0000000690c80000)
  to   space 90624K, 0% used [0x0000000691200000,0x0000000691200000,0x0000000696a80000)
 ParOldGen       total 432128K, used 117003K [0x00000003c1400000, 0x00000003dba00000, 0x000000066b180000)
  object space 432128K, 27% used [0x00000003c1400000,0x00000003c8642cc0,0x00000003dba00000)
 Metaspace       used 36484K, capacity 36829K, committed 37120K, reserved 1081344K
  class space    used 4377K, capacity 4519K, committed 4608K, reserved 1048576K
}
Event: 19.972 GC heap before
{Heap before GC invocations=17 (full 5):
 PSYoungGen      total 617472K, used 530432K [0x000000066b180000, 0x0000000696a80000, 0x00000007c0000000)
  eden space 530432K, 100% used [0x000000066b180000,0x000000068b780000,0x000000068b780000)
  from space 87040K, 0% used [0x000000068b780000,0x000000068b780000,0x0000000690c80000)
  to   space 90624K, 0% used [0x0000000691200000,0x0000000691200000,0x0000000696a80000)
 ParOldGen       total 432128K, used 117003K [0x00000003c1400000, 0x00000003dba00000, 0x000000066b180000)
  object space 432128K, 27% used [0x00000003c1400000,0x00000003c8642cc0,0x00000003dba00000)
 Metaspace       used 42674K, capacity 43209K, committed 43520K, reserved 1087488K
  class space    used 4969K, capacity 5095K, committed 5120K, reserved 1048576K
Event: 19.978 GC heap after
Heap after GC invocations=17 (full 5):
 PSYoungGen      total 624640K, used 47466K [0x000000066b180000, 0x00000006a5c80000, 0x00000007c0000000)
  eden space 534016K, 0% used [0x000000066b180000,0x000000066b180000,0x000000068bb00000)
  from space 90624K, 52% used [0x0000000691200000,0x000000069405aad0,0x0000000696a80000)
  to   space 89088K, 0% used [0x000000068bb00000,0x000000068bb00000,0x0000000691200000)
 ParOldGen       total 432128K, used 117019K [0x00000003c1400000, 0x00000003dba00000, 0x000000066b180000)
  object space 432128K, 27% used [0x00000003c1400000,0x00000003c8646cc0,0x00000003dba00000)
 Metaspace       used 42674K, capacity 43209K, committed 43520K, reserved 1087488K
  class space    used 4969K, capacity 5095K, committed 5120K, reserved 1048576K
}

