# JRE version: Java(TM) SE Runtime Environment (8.0_471) (build 1.8.0_471-b09)
# Java VM: Java HotSpot(TM) 64-Bit Server VM (25.471-b09 mixed mode windows-amd64 compressed oops)
Heap:
 PSYoungGen      total 678400K, used 361649K [0x000000066b180000, 0x00000006ad480000, 0x00000007c0000000)
  eden space 592896K, 53% used [0x000000066b180000,0x000000067e5df660,0x000000068f480000)
  from space 85504K, 53% used [0x0000000694680000,0x000000069734d0c0,0x0000000699a00000)
  to   space 83968K, 0% used [0x000000068f480000,0x000000068f480000,0x0000000694680000)
 ParOldGen       total 414208K, used 112947K [0x00000003c1400000, 0x00000003da880000, 0x000000066b180000)
  object space 414208K, 27% used [0x00000003c1400000,0x00000003c824cd60,0x00000003da880000)
 Metaspace       used 43990K, capacity 44495K, committed 44928K, reserved 1089536K
  class space    used 5087K, capacity 5226K, committed 5248K, reserved 1048576K
GC Heap History (10 events):
Event: 13.498 GC heap before
{Heap before GC invocations=13 (full 3):
 PSYoungGen      total 614912K, used 0K [0x000000066b180000, 0x0000000699000000, 0x00000007c0000000)
  eden space 591360K, 0% used [0x000000066b180000,0x000000066b180000,0x000000068f300000)
  from space 23552K, 0% used [0x000000068f300000,0x000000068f300000,0x0000000690a00000)
  to   space 80384K, 0% used [0x0000000694180000,0x0000000694180000,0x0000000699000000)
 ParOldGen       total 414208K, used 62830K [0x00000003c1400000, 0x00000003da880000, 0x000000066b180000)
  object space 414208K, 15% used [0x00000003c1400000,0x00000003c515ba70,0x00000003da880000)
 Metaspace       used 31169K, capacity 31413K, committed 31616K, reserved 1077248K
  class space    used 3786K, capacity 3899K, committed 3968K, reserved 1048576K
Event: 13.498 GC heap after
Heap after GC invocations=13 (full 3):
 PSYoungGen      total 669696K, used 0K [0x000000066b180000, 0x0000000699400000, 0x00000007c0000000)
  eden space 589312K, 0% used [0x000000066b180000,0x000000066b180000,0x000000068f100000)
  from space 80384K, 0% used [0x0000000694180000,0x0000000694180000,0x0000000699000000)
  to   space 82432K, 0% used [0x000000068f100000,0x000000068f100000,0x0000000694180000)
 ParOldGen       total 414208K, used 62830K [0x00000003c1400000, 0x00000003da880000, 0x000000066b180000)
  object space 414208K, 15% used [0x00000003c1400000,0x00000003c515ba70,0x00000003da880000)
 Metaspace       used 31169K, capacity 31413K, committed 31616K, reserved 1077248K
  class space    used 3786K, capacity 3899K, committed 3968K, reserved 1048576K
}
Event: 13.498 GC heap before
{Heap before GC invocations=14 (full 4):
 PSYoungGen      total 669696K, used 0K [0x000000066b180000, 0x0000000699400000, 0x00000007c0000000)
  eden space 589312K, 0% used [0x000000066b180000,0x000000066b180000,0x000000068f100000)
  from space 80384K, 0% used [0x0000000694180000,0x0000000694180000,0x0000000699000000)
  to   space 82432K, 0% used [0x000000068f100000,0x000000068f100000,0x0000000694180000)
 ParOldGen       total 414208K, used 62830K [0x00000003c1400000, 0x00000003da880000, 0x000000066b180000)
  object space 414208K, 15% used [0x00000003c1400000,0x00000003c515ba70,0x00000003da880000)
 Metaspace       used 31169K, capacity 31413K, committed 31616K, reserved 1077248K
  class space    used 3786K, capacity 3899K, committed 3968K, reserved 1048576K
Event: 13.518 GC heap after
Heap after GC invocations=14 (full 4):
 PSYoungGen      total 669696K, used 0K [0x000000066b180000, 0x0000000699400000, 0x00000007c0000000)
  eden space 589312K, 0% used [0x000000066b180000,0x000000066b180000,0x000000068f100000)
  from space 80384K, 0% used [0x0000000694180000,0x0000000694180000,0x0000000699000000)
  to   space 82432K, 0% used [0x000000068f100000,0x000000068f100000,0x0000000694180000)
 ParOldGen       total 414208K, used 62830K [0x00000003c1400000, 0x00000003da880000, 0x000000066b180000)
  object space 414208K, 15% used [0x00000003c1400000,0x00000003c515ba70,0x00000003da880000)
 Metaspace       used 31169K, capacity 31413K, committed 31616K, reserved 1077248K
  class space    used 3786K, capacity 3899K, committed 3968K, reserved 1048576K
}
Event: 14.862 GC heap before
{Heap before GC invocations=15 (full 4):
 PSYoungGen      total 669696K, used 370302K [0x000000066b180000, 0x0000000699400000, 0x00000007c0000000)
  eden space 589312K, 62% used [0x000000066b180000,0x0000000681b1f9e8,0x000000068f100000)
  from space 80384K, 0% used [0x0000000694180000,0x0000000694180000,0x0000000699000000)
  to   space 82432K, 0% used [0x000000068f100000,0x000000068f100000,0x0000000694180000)
 ParOldGen       total 414208K, used 62830K [0x00000003c1400000, 0x00000003da880000, 0x000000066b180000)
  object space 414208K, 15% used [0x00000003c1400000,0x00000003c515ba70,0x00000003da880000)
 Metaspace       used 36328K, capacity 36689K, committed 37120K, reserved 1081344K
  class space    used 4366K, capacity 4517K, committed 4608K, reserved 1048576K
Event: 14.872 GC heap after
Heap after GC invocations=15 (full 4):
 PSYoungGen      total 671744K, used 54431K [0x000000066b180000, 0x0000000699a00000, 0x00000007c0000000)
  eden space 589312K, 0% used [0x000000066b180000,0x000000066b180000,0x000000068f100000)
  from space 82432K, 66% used [0x000000068f100000,0x0000000692627c10,0x0000000694180000)
  to   space 85504K, 0% used [0x0000000694680000,0x0000000694680000,0x0000000699a00000)
 ParOldGen       total 414208K, used 62838K [0x00000003c1400000, 0x00000003da880000, 0x000000066b180000)
  object space 414208K, 15% used [0x00000003c1400000,0x00000003c515da70,0x00000003da880000)
 Metaspace       used 36328K, capacity 36689K, committed 37120K, reserved 1081344K
  class space    used 4366K, capacity 4517K, committed 4608K, reserved 1048576K
}
Event: 14.872 GC heap before
{Heap before GC invocations=16 (full 5):
 PSYoungGen      total 671744K, used 54431K [0x000000066b180000, 0x0000000699a00000, 0x00000007c0000000)
  eden space 589312K, 0% used [0x000000066b180000,0x000000066b180000,0x000000068f100000)
  from space 82432K, 66% used [0x000000068f100000,0x0000000692627c10,0x0000000694180000)
  to   space 85504K, 0% used [0x0000000694680000,0x0000000694680000,0x0000000699a00000)
 ParOldGen       total 414208K, used 62838K [0x00000003c1400000, 0x00000003da880000, 0x000000066b180000)
  object space 414208K, 15% used [0x00000003c1400000,0x00000003c515da70,0x00000003da880000)
 Metaspace       used 36328K, capacity 36689K, committed 37120K, reserved 1081344K
  class space    used 4366K, capacity 4517K, committed 4608K, reserved 1048576K
Event: 14.962 GC heap after
Heap after GC invocations=16 (full 5):
 PSYoungGen      total 671744K, used 0K [0x000000066b180000, 0x0000000699a00000, 0x00000007c0000000)
  eden space 589312K, 0% used [0x000000066b180000,0x000000066b180000,0x000000068f100000)
  from space 82432K, 0% used [0x000000068f100000,0x000000068f100000,0x0000000694180000)
  to   space 85504K, 0% used [0x0000000694680000,0x0000000694680000,0x0000000699a00000)
 ParOldGen       total 414208K, used 112931K [0x00000003c1400000, 0x00000003da880000, 0x000000066b180000)
  object space 414208K, 27% used [0x00000003c1400000,0x00000003c8248d60,0x00000003da880000)
 Metaspace       used 36328K, capacity 36689K, committed 37120K, reserved 1081344K
  class space    used 4366K, capacity 4517K, committed 4608K, reserved 1048576K
}
Event: 21.602 GC heap before
{Heap before GC invocations=17 (full 5):
 PSYoungGen      total 671744K, used 589312K [0x000000066b180000, 0x0000000699a00000, 0x00000007c0000000)
  eden space 589312K, 100% used [0x000000066b180000,0x000000068f100000,0x000000068f100000)
  from space 82432K, 0% used [0x000000068f100000,0x000000068f100000,0x0000000694180000)
  to   space 85504K, 0% used [0x0000000694680000,0x0000000694680000,0x0000000699a00000)
 ParOldGen       total 414208K, used 112931K [0x00000003c1400000, 0x00000003da880000, 0x000000066b180000)
  object space 414208K, 27% used [0x00000003c1400000,0x00000003c8248d60,0x00000003da880000)
 Metaspace       used 43669K, capacity 44201K, committed 44672K, reserved 1089536K
  class space    used 5071K, capacity 5193K, committed 5248K, reserved 1048576K
Event: 21.609 GC heap after
Heap after GC invocations=17 (full 5):
 PSYoungGen      total 678400K, used 45876K [0x000000066b180000, 0x00000006ad480000, 0x00000007c0000000)
  eden space 592896K, 0% used [0x000000066b180000,0x000000066b180000,0x000000068f480000)
  from space 85504K, 53% used [0x0000000694680000,0x000000069734d0c0,0x0000000699a00000)
  to   space 83968K, 0% used [0x000000068f480000,0x000000068f480000,0x0000000694680000)
 ParOldGen       total 414208K, used 112947K [0x00000003c1400000, 0x00000003da880000, 0x000000066b180000)
  object space 414208K, 27% used [0x00000003c1400000,0x00000003c824cd60,0x00000003da880000)
 Metaspace       used 43669K, capacity 44201K, committed 44672K, reserved 1089536K
  class space    used 5071K, capacity 5193K, committed 5248K, reserved 1048576K
}

