# JRE version: Java(TM) SE Runtime Environment (8.0_471) (build 1.8.0_471-b09)
# Java VM: Java HotSpot(TM) 64-Bit Server VM (25.471-b09 mixed mode windows-amd64 compressed oops)
Heap:
 PSYoungGen      total 44032K, used 32290K [0x000000066b180000, 0x000000066df00000, 0x00000007c0000000)
  eden space 41472K, 74% used [0x000000066b180000,0x000000066cfdc5a8,0x000000066da00000)
  from space 2560K, 46% used [0x000000066dc80000,0x000000066ddac610,0x000000066df00000)
  to   space 2560K, 0% used [0x000000066da00000,0x000000066da00000,0x000000066dc80000)
 ParOldGen       total 415744K, used 294599K [0x00000003c1400000, 0x00000003daa00000, 0x000000066b180000)
  object space 415744K, 70% used [0x00000003c1400000,0x00000003d33b1ce0,0x00000003daa00000)
 Metaspace       used 44757K, capacity 45273K, committed 45824K, reserved 1089536K
  class space    used 5104K, capacity 5265K, committed 5376K, reserved 1048576K
GC Heap History (10 events):
Event: 950.376 GC heap before
{Heap before GC invocations=645 (full 5):
 PSYoungGen      total 43008K, used 42706K [0x000000066b180000, 0x000000066df00000, 0x00000007c0000000)
  eden space 41472K, 100% used [0x000000066b180000,0x000000066da00000,0x000000066da00000)
  from space 1536K, 80% used [0x000000066da00000,0x000000066db34a10,0x000000066db80000)
  to   space 2560K, 0% used [0x000000066dc80000,0x000000066dc80000,0x000000066df00000)
 ParOldGen       total 415744K, used 294252K [0x00000003c1400000, 0x00000003daa00000, 0x000000066b180000)
  object space 415744K, 70% used [0x00000003c1400000,0x00000003d335b2d0,0x00000003daa00000)
 Metaspace       used 44716K, capacity 45241K, committed 45696K, reserved 1089536K
  class space    used 5095K, capacity 5233K, committed 5248K, reserved 1048576K
Event: 950.378 GC heap after
Heap after GC invocations=645 (full 5):
 PSYoungGen      total 44032K, used 1330K [0x000000066b180000, 0x000000066df00000, 0x00000007c0000000)
  eden space 41472K, 0% used [0x000000066b180000,0x000000066b180000,0x000000066da00000)
  from space 2560K, 51% used [0x000000066dc80000,0x000000066ddcca10,0x000000066df00000)
  to   space 2560K, 0% used [0x000000066da00000,0x000000066da00000,0x000000066dc80000)
 ParOldGen       total 415744K, used 294268K [0x00000003c1400000, 0x00000003daa00000, 0x000000066b180000)
  object space 415744K, 70% used [0x00000003c1400000,0x00000003d335f2d0,0x00000003daa00000)
 Metaspace       used 44716K, capacity 45241K, committed 45696K, reserved 1089536K
  class space    used 5095K, capacity 5233K, committed 5248K, reserved 1048576K
}
Event: 951.006 GC heap before
{Heap before GC invocations=646 (full 5):
 PSYoungGen      total 44032K, used 42802K [0x000000066b180000, 0x000000066df00000, 0x00000007c0000000)
  eden space 41472K, 100% used [0x000000066b180000,0x000000066da00000,0x000000066da00000)
  from space 2560K, 51% used [0x000000066dc80000,0x000000066ddcca10,0x000000066df00000)
  to   space 2560K, 0% used [0x000000066da00000,0x000000066da00000,0x000000066dc80000)
 ParOldGen       total 415744K, used 294268K [0x00000003c1400000, 0x00000003daa00000, 0x000000066b180000)
  object space 415744K, 70% used [0x00000003c1400000,0x00000003d335f2d0,0x00000003daa00000)
 Metaspace       used 44716K, capacity 45241K, committed 45696K, reserved 1089536K
  class space    used 5095K, capacity 5233K, committed 5248K, reserved 1048576K
Event: 951.007 GC heap after
Heap after GC invocations=646 (full 5):
 PSYoungGen      total 44032K, used 1184K [0x000000066b180000, 0x000000066df00000, 0x00000007c0000000)
  eden space 41472K, 0% used [0x000000066b180000,0x000000066b180000,0x000000066da00000)
  from space 2560K, 46% used [0x000000066da00000,0x000000066db28000,0x000000066dc80000)
  to   space 2560K, 0% used [0x000000066dc80000,0x000000066dc80000,0x000000066df00000)
 ParOldGen       total 415744K, used 294415K [0x00000003c1400000, 0x00000003daa00000, 0x000000066b180000)
  object space 415744K, 70% used [0x00000003c1400000,0x00000003d3383ce0,0x00000003daa00000)
 Metaspace       used 44716K, capacity 45241K, committed 45696K, reserved 1089536K
  class space    used 5095K, capacity 5233K, committed 5248K, reserved 1048576K
}
Event: 951.639 GC heap before
{Heap before GC invocations=647 (full 5):
 PSYoungGen      total 44032K, used 42656K [0x000000066b180000, 0x000000066df00000, 0x00000007c0000000)
  eden space 41472K, 100% used [0x000000066b180000,0x000000066da00000,0x000000066da00000)
  from space 2560K, 46% used [0x000000066da00000,0x000000066db28000,0x000000066dc80000)
  to   space 2560K, 0% used [0x000000066dc80000,0x000000066dc80000,0x000000066df00000)
 ParOldGen       total 415744K, used 294415K [0x00000003c1400000, 0x00000003daa00000, 0x000000066b180000)
  object space 415744K, 70% used [0x00000003c1400000,0x00000003d3383ce0,0x00000003daa00000)
 Metaspace       used 44716K, capacity 45241K, committed 45696K, reserved 1089536K
  class space    used 5095K, capacity 5233K, committed 5248K, reserved 1048576K
Event: 951.641 GC heap after
Heap after GC invocations=647 (full 5):
 PSYoungGen      total 44032K, used 1184K [0x000000066b180000, 0x000000066df00000, 0x00000007c0000000)
  eden space 41472K, 0% used [0x000000066b180000,0x000000066b180000,0x000000066da00000)
  from space 2560K, 46% used [0x000000066dc80000,0x000000066dda8000,0x000000066df00000)
  to   space 2560K, 0% used [0x000000066da00000,0x000000066da00000,0x000000066dc80000)
 ParOldGen       total 415744K, used 294423K [0x00000003c1400000, 0x00000003daa00000, 0x000000066b180000)
  object space 415744K, 70% used [0x00000003c1400000,0x00000003d3385ce0,0x00000003daa00000)
 Metaspace       used 44716K, capacity 45241K, committed 45696K, reserved 1089536K
  class space    used 5095K, capacity 5233K, committed 5248K, reserved 1048576K
}
Event: 952.303 GC heap before
{Heap before GC invocations=648 (full 5):
 PSYoungGen      total 44032K, used 42656K [0x000000066b180000, 0x000000066df00000, 0x00000007c0000000)
  eden space 41472K, 100% used [0x000000066b180000,0x000000066da00000,0x000000066da00000)
  from space 2560K, 46% used [0x000000066dc80000,0x000000066dda8000,0x000000066df00000)
  to   space 2560K, 0% used [0x000000066da00000,0x000000066da00000,0x000000066dc80000)
 ParOldGen       total 415744K, used 294423K [0x00000003c1400000, 0x00000003daa00000, 0x000000066b180000)
  object space 415744K, 70% used [0x00000003c1400000,0x00000003d3385ce0,0x00000003daa00000)
 Metaspace       used 44716K, capacity 45241K, committed 45696K, reserved 1089536K
  class space    used 5095K, capacity 5233K, committed 5248K, reserved 1048576K
Event: 952.304 GC heap after
Heap after GC invocations=648 (full 5):
 PSYoungGen      total 44032K, used 1216K [0x000000066b180000, 0x000000066df00000, 0x00000007c0000000)
  eden space 41472K, 0% used [0x000000066b180000,0x000000066b180000,0x000000066da00000)
  from space 2560K, 47% used [0x000000066da00000,0x000000066db30000,0x000000066dc80000)
  to   space 2560K, 0% used [0x000000066dc80000,0x000000066dc80000,0x000000066df00000)
 ParOldGen       total 415744K, used 294583K [0x00000003c1400000, 0x00000003daa00000, 0x000000066b180000)
  object space 415744K, 70% used [0x00000003c1400000,0x00000003d33adce0,0x00000003daa00000)
 Metaspace       used 44716K, capacity 45241K, committed 45696K, reserved 1089536K
  class space    used 5095K, capacity 5233K, committed 5248K, reserved 1048576K
}
Event: 952.938 GC heap before
{Heap before GC invocations=649 (full 5):
 PSYoungGen      total 44032K, used 42688K [0x000000066b180000, 0x000000066df00000, 0x00000007c0000000)
  eden space 41472K, 100% used [0x000000066b180000,0x000000066da00000,0x000000066da00000)
  from space 2560K, 47% used [0x000000066da00000,0x000000066db30000,0x000000066dc80000)
  to   space 2560K, 0% used [0x000000066dc80000,0x000000066dc80000,0x000000066df00000)
 ParOldGen       total 415744K, used 294583K [0x00000003c1400000, 0x00000003daa00000, 0x000000066b180000)
  object space 415744K, 70% used [0x00000003c1400000,0x00000003d33adce0,0x00000003daa00000)
 Metaspace       used 44716K, capacity 45241K, committed 45696K, reserved 1089536K
  class space    used 5095K, capacity 5233K, committed 5248K, reserved 1048576K
Event: 952.940 GC heap after
Heap after GC invocations=649 (full 5):
 PSYoungGen      total 44032K, used 1201K [0x000000066b180000, 0x000000066df00000, 0x00000007c0000000)
  eden space 41472K, 0% used [0x000000066b180000,0x000000066b180000,0x000000066da00000)
  from space 2560K, 46% used [0x000000066dc80000,0x000000066ddac610,0x000000066df00000)
  to   space 2560K, 0% used [0x000000066da00000,0x000000066da00000,0x000000066dc80000)
 ParOldGen       total 415744K, used 294599K [0x00000003c1400000, 0x00000003daa00000, 0x000000066b180000)
  object space 415744K, 70% used [0x00000003c1400000,0x00000003d33b1ce0,0x00000003daa00000)
 Metaspace       used 44716K, capacity 45241K, committed 45696K, reserved 1089536K
  class space    used 5095K, capacity 5233K, committed 5248K, reserved 1048576K
}

