# JRE version: Java(TM) SE Runtime Environment (8.0_471) (build 1.8.0_471-b09)
# Java VM: Java HotSpot(TM) 64-Bit Server VM (25.471-b09 mixed mode windows-amd64 compressed oops)
Heap:
 PSYoungGen      total 114176K, used 54202K [0x000000066b180000, 0x0000000672d00000, 0x00000007c0000000)
  eden space 105472K, 43% used [0x000000066b180000,0x000000066ddf1810,0x0000000671880000)
  from space 8704K, 99% used [0x0000000672280000,0x0000000672afd2a8,0x0000000672b00000)
  to   space 10240K, 0% used [0x0000000671880000,0x0000000671880000,0x0000000672280000)
 ParOldGen       total 435712K, used 206766K [0x00000003c1400000, 0x00000003dbd80000, 0x000000066b180000)
  object space 435712K, 47% used [0x00000003c1400000,0x00000003cddeb9b0,0x00000003dbd80000)
 Metaspace       used 43629K, capacity 44103K, committed 44416K, reserved 1089536K
  class space    used 5008K, capacity 5132K, committed 5248K, reserved 1048576K
GC Heap History (10 events):
Event: 635.943 GC heap before
{Heap before GC invocations=125 (full 5):
 PSYoungGen      total 118272K, used 118197K [0x000000066b180000, 0x0000000672f00000, 0x00000007c0000000)
  eden space 111104K, 100% used [0x000000066b180000,0x0000000671e00000,0x0000000671e00000)
  from space 7168K, 98% used [0x0000000671f80000,0x000000067266d5b8,0x0000000672680000)
  to   space 8704K, 0% used [0x0000000672680000,0x0000000672680000,0x0000000672f00000)
 ParOldGen       total 435712K, used 202796K [0x00000003c1400000, 0x00000003dbd80000, 0x000000066b180000)
  object space 435712K, 46% used [0x00000003c1400000,0x00000003cda0b0b0,0x00000003dbd80000)
 Metaspace       used 43586K, capacity 44103K, committed 44416K, reserved 1089536K
  class space    used 4999K, capacity 5132K, committed 5248K, reserved 1048576K
Event: 635.944 GC heap after
Heap after GC invocations=125 (full 5):
 PSYoungGen      total 118784K, used 8011K [0x000000066b180000, 0x0000000672f00000, 0x00000007c0000000)
  eden space 110080K, 0% used [0x000000066b180000,0x000000066b180000,0x0000000671d00000)
  from space 8704K, 92% used [0x0000000672680000,0x0000000672e52d70,0x0000000672f00000)
  to   space 9216K, 0% used [0x0000000671d00000,0x0000000671d00000,0x0000000672600000)
 ParOldGen       total 435712K, used 202948K [0x00000003c1400000, 0x00000003dbd80000, 0x000000066b180000)
  object space 435712K, 46% used [0x00000003c1400000,0x00000003cda310b0,0x00000003dbd80000)
 Metaspace       used 43586K, capacity 44103K, committed 44416K, reserved 1089536K
  class space    used 4999K, capacity 5132K, committed 5248K, reserved 1048576K
}
Event: 638.469 GC heap before
{Heap before GC invocations=126 (full 5):
 PSYoungGen      total 118784K, used 118088K [0x000000066b180000, 0x0000000672f00000, 0x00000007c0000000)
  eden space 110080K, 99% used [0x000000066b180000,0x0000000671cff540,0x0000000671d00000)
  from space 8704K, 92% used [0x0000000672680000,0x0000000672e52d70,0x0000000672f00000)
  to   space 9216K, 0% used [0x0000000671d00000,0x0000000671d00000,0x0000000672600000)
 ParOldGen       total 435712K, used 202948K [0x00000003c1400000, 0x00000003dbd80000, 0x000000066b180000)
  object space 435712K, 46% used [0x00000003c1400000,0x00000003cda310b0,0x00000003dbd80000)
 Metaspace       used 43586K, capacity 44103K, committed 44416K, reserved 1089536K
  class space    used 4999K, capacity 5132K, committed 5248K, reserved 1048576K
Event: 638.471 GC heap after
Heap after GC invocations=126 (full 5):
 PSYoungGen      total 114688K, used 5124K [0x000000066b180000, 0x0000000672e00000, 0x00000007c0000000)
  eden space 109056K, 0% used [0x000000066b180000,0x000000066b180000,0x0000000671c00000)
  from space 5632K, 90% used [0x0000000671d00000,0x0000000672201228,0x0000000672280000)
  to   space 9216K, 0% used [0x0000000672500000,0x0000000672500000,0x0000000672e00000)
 ParOldGen       total 435712K, used 203068K [0x00000003c1400000, 0x00000003dbd80000, 0x000000066b180000)
  object space 435712K, 46% used [0x00000003c1400000,0x00000003cda4f0b0,0x00000003dbd80000)
 Metaspace       used 43586K, capacity 44103K, committed 44416K, reserved 1089536K
  class space    used 4999K, capacity 5132K, committed 5248K, reserved 1048576K
}
Event: 640.908 GC heap before
{Heap before GC invocations=127 (full 5):
 PSYoungGen      total 114688K, used 114180K [0x000000066b180000, 0x0000000672e00000, 0x00000007c0000000)
  eden space 109056K, 100% used [0x000000066b180000,0x0000000671c00000,0x0000000671c00000)
  from space 5632K, 90% used [0x0000000671d00000,0x0000000672201228,0x0000000672280000)
  to   space 9216K, 0% used [0x0000000672500000,0x0000000672500000,0x0000000672e00000)
 ParOldGen       total 435712K, used 203068K [0x00000003c1400000, 0x00000003dbd80000, 0x000000066b180000)
  object space 435712K, 46% used [0x00000003c1400000,0x00000003cda4f0b0,0x00000003dbd80000)
 Metaspace       used 43586K, capacity 44103K, committed 44416K, reserved 1089536K
  class space    used 4999K, capacity 5132K, committed 5248K, reserved 1048576K
Event: 640.910 GC heap after
Heap after GC invocations=127 (full 5):
 PSYoungGen      total 116224K, used 6926K [0x000000066b180000, 0x0000000672d00000, 0x00000007c0000000)
  eden space 108032K, 0% used [0x000000066b180000,0x000000066b180000,0x0000000671b00000)
  from space 8192K, 84% used [0x0000000672500000,0x0000000672bc3ba0,0x0000000672d00000)
  to   space 9216K, 0% used [0x0000000671b00000,0x0000000671b00000,0x0000000672400000)
 ParOldGen       total 435712K, used 203392K [0x00000003c1400000, 0x00000003dbd80000, 0x000000066b180000)
  object space 435712K, 46% used [0x00000003c1400000,0x00000003cdaa00e0,0x00000003dbd80000)
 Metaspace       used 43586K, capacity 44103K, committed 44416K, reserved 1089536K
  class space    used 4999K, capacity 5132K, committed 5248K, reserved 1048576K
}
Event: 643.302 GC heap before
{Heap before GC invocations=128 (full 5):
 PSYoungGen      total 116224K, used 114958K [0x000000066b180000, 0x0000000672d00000, 0x00000007c0000000)
  eden space 108032K, 100% used [0x000000066b180000,0x0000000671b00000,0x0000000671b00000)
  from space 8192K, 84% used [0x0000000672500000,0x0000000672bc3ba0,0x0000000672d00000)
  to   space 9216K, 0% used [0x0000000671b00000,0x0000000671b00000,0x0000000672400000)
 ParOldGen       total 435712K, used 203392K [0x00000003c1400000, 0x00000003dbd80000, 0x000000066b180000)
  object space 435712K, 46% used [0x00000003c1400000,0x00000003cdaa00e0,0x00000003dbd80000)
 Metaspace       used 43586K, capacity 44103K, committed 44416K, reserved 1089536K
  class space    used 4999K, capacity 5132K, committed 5248K, reserved 1048576K
Event: 643.304 GC heap after
Heap after GC invocations=128 (full 5):
 PSYoungGen      total 113664K, used 6519K [0x000000066b180000, 0x0000000672b00000, 0x00000007c0000000)
  eden space 107008K, 0% used [0x000000066b180000,0x000000066b180000,0x0000000671a00000)
  from space 6656K, 97% used [0x0000000671b00000,0x000000067215df40,0x0000000672180000)
  to   space 8704K, 0% used [0x0000000672280000,0x0000000672280000,0x0000000672b00000)
 ParOldGen       total 435712K, used 204228K [0x00000003c1400000, 0x00000003dbd80000, 0x000000066b180000)
  object space 435712K, 46% used [0x00000003c1400000,0x00000003cdb713b0,0x00000003dbd80000)
 Metaspace       used 43586K, capacity 44103K, committed 44416K, reserved 1089536K
  class space    used 4999K, capacity 5132K, committed 5248K, reserved 1048576K
}
Event: 645.450 GC heap before
{Heap before GC invocations=129 (full 5):
 PSYoungGen      total 113664K, used 113527K [0x000000066b180000, 0x0000000672b00000, 0x00000007c0000000)
  eden space 107008K, 100% used [0x000000066b180000,0x0000000671a00000,0x0000000671a00000)
  from space 6656K, 97% used [0x0000000671b00000,0x000000067215df40,0x0000000672180000)
  to   space 8704K, 0% used [0x0000000672280000,0x0000000672280000,0x0000000672b00000)
 ParOldGen       total 435712K, used 204228K [0x00000003c1400000, 0x00000003dbd80000, 0x000000066b180000)
  object space 435712K, 46% used [0x00000003c1400000,0x00000003cdb713b0,0x00000003dbd80000)
 Metaspace       used 43587K, capacity 44103K, committed 44416K, reserved 1089536K
  class space    used 4999K, capacity 5132K, committed 5248K, reserved 1048576K
Event: 645.453 GC heap after
Heap after GC invocations=129 (full 5):
 PSYoungGen      total 114176K, used 8692K [0x000000066b180000, 0x0000000672d00000, 0x00000007c0000000)
  eden space 105472K, 0% used [0x000000066b180000,0x000000066b180000,0x0000000671880000)
  from space 8704K, 99% used [0x0000000672280000,0x0000000672afd2a8,0x0000000672b00000)
  to   space 10240K, 0% used [0x0000000671880000,0x0000000671880000,0x0000000672280000)
 ParOldGen       total 435712K, used 206766K [0x00000003c1400000, 0x00000003dbd80000, 0x000000066b180000)
  object space 435712K, 47% used [0x00000003c1400000,0x00000003cddeb9b0,0x00000003dbd80000)
 Metaspace       used 43587K, capacity 44103K, committed 44416K, reserved 1089536K
  class space    used 4999K, capacity 5132K, committed 5248K, reserved 1048576K
}

