# JRE version: Java(TM) SE Runtime Environment (8.0_471) (build 1.8.0_471-b09)
# Java VM: Java HotSpot(TM) 64-Bit Server VM (25.471-b09 mixed mode windows-amd64 compressed oops)
Heap:
 PSYoungGen      total 973312K, used 631962K [0x000000066b180000, 0x00000006abf00000, 0x00000007c0000000)
  eden space 890368K, 70% used [0x000000066b180000,0x0000000691aa6a70,0x00000006a1700000)
  from space 82944K, 0% used [0x00000006a6e00000,0x00000006a6e00000,0x00000006abf00000)
  to   space 86016K, 0% used [0x00000006a1700000,0x00000006a1700000,0x00000006a6b00000)
 ParOldGen       total 412672K, used 136519K [0x00000003c1400000, 0x00000003da700000, 0x000000066b180000)
  object space 412672K, 33% used [0x00000003c1400000,0x00000003c9951c40,0x00000003da700000)
 Metaspace       used 43928K, capacity 44425K, committed 44928K, reserved 1089536K
  class space    used 5083K, capacity 5225K, committed 5248K, reserved 1048576K
GC Heap History (10 events):
Event: 34.450 GC heap before
{Heap before GC invocations=13 (full 3):
 PSYoungGen      total 602624K, used 1928K [0x000000066b180000, 0x0000000698a80000, 0x00000007c0000000)
  eden space 578560K, 0% used [0x000000066b180000,0x000000066b362230,0x000000068e680000)
  from space 24064K, 0% used [0x000000068e680000,0x000000068e680000,0x000000068fe00000)
  to   space 83968K, 0% used [0x0000000693880000,0x0000000693880000,0x0000000698a80000)
 ParOldGen       total 412672K, used 68035K [0x00000003c1400000, 0x00000003da700000, 0x000000066b180000)
  object space 412672K, 16% used [0x00000003c1400000,0x00000003c5670d90,0x00000003da700000)
 Metaspace       used 31478K, capacity 31803K, committed 32128K, reserved 1077248K
  class space    used 3787K, capacity 3900K, committed 3968K, reserved 1048576K
Event: 34.451 GC heap after
Heap after GC invocations=13 (full 3):
 PSYoungGen      total 660480K, used 0K [0x000000066b180000, 0x0000000698e80000, 0x00000007c0000000)
  eden space 576512K, 0% used [0x000000066b180000,0x000000066b180000,0x000000068e480000)
  from space 83968K, 0% used [0x0000000693880000,0x0000000693880000,0x0000000698a80000)
  to   space 86016K, 0% used [0x000000068e480000,0x000000068e480000,0x0000000693880000)
 ParOldGen       total 412672K, used 68035K [0x00000003c1400000, 0x00000003da700000, 0x000000066b180000)
  object space 412672K, 16% used [0x00000003c1400000,0x00000003c5670d90,0x00000003da700000)
 Metaspace       used 31478K, capacity 31803K, committed 32128K, reserved 1077248K
  class space    used 3787K, capacity 3900K, committed 3968K, reserved 1048576K
}
Event: 34.451 GC heap before
{Heap before GC invocations=14 (full 4):
 PSYoungGen      total 660480K, used 0K [0x000000066b180000, 0x0000000698e80000, 0x00000007c0000000)
  eden space 576512K, 0% used [0x000000066b180000,0x000000066b180000,0x000000068e480000)
  from space 83968K, 0% used [0x0000000693880000,0x0000000693880000,0x0000000698a80000)
  to   space 86016K, 0% used [0x000000068e480000,0x000000068e480000,0x0000000693880000)
 ParOldGen       total 412672K, used 68035K [0x00000003c1400000, 0x00000003da700000, 0x000000066b180000)
  object space 412672K, 16% used [0x00000003c1400000,0x00000003c5670d90,0x00000003da700000)
 Metaspace       used 31478K, capacity 31803K, committed 32128K, reserved 1077248K
  class space    used 3787K, capacity 3900K, committed 3968K, reserved 1048576K
Event: 34.479 GC heap after
Heap after GC invocations=14 (full 4):
 PSYoungGen      total 660480K, used 0K [0x000000066b180000, 0x0000000698e80000, 0x00000007c0000000)
  eden space 576512K, 0% used [0x000000066b180000,0x000000066b180000,0x000000068e480000)
  from space 83968K, 0% used [0x0000000693880000,0x0000000693880000,0x0000000698a80000)
  to   space 86016K, 0% used [0x000000068e480000,0x000000068e480000,0x0000000693880000)
 ParOldGen       total 412672K, used 68035K [0x00000003c1400000, 0x00000003da700000, 0x000000066b180000)
  object space 412672K, 16% used [0x00000003c1400000,0x00000003c5670d58,0x00000003da700000)
 Metaspace       used 31478K, capacity 31803K, committed 32128K, reserved 1077248K
  class space    used 3787K, capacity 3900K, committed 3968K, reserved 1048576K
}
Event: 37.645 GC heap before
{Heap before GC invocations=15 (full 4):
 PSYoungGen      total 660480K, used 576512K [0x000000066b180000, 0x0000000698e80000, 0x00000007c0000000)
  eden space 576512K, 100% used [0x000000066b180000,0x000000068e480000,0x000000068e480000)
  from space 83968K, 0% used [0x0000000693880000,0x0000000693880000,0x0000000698a80000)
  to   space 86016K, 0% used [0x000000068e480000,0x000000068e480000,0x0000000693880000)
 ParOldGen       total 412672K, used 68035K [0x00000003c1400000, 0x00000003da700000, 0x000000066b180000)
  object space 412672K, 16% used [0x00000003c1400000,0x00000003c5670d58,0x00000003da700000)
 Metaspace       used 34893K, capacity 35315K, committed 35584K, reserved 1081344K
  class space    used 4166K, capacity 4320K, committed 4352K, reserved 1048576K
Event: 37.656 GC heap after
Heap after GC invocations=15 (full 4):
 PSYoungGen      total 662528K, used 56945K [0x000000066b180000, 0x00000006ac500000, 0x00000007c0000000)
  eden space 576512K, 0% used [0x000000066b180000,0x000000066b180000,0x000000068e480000)
  from space 86016K, 66% used [0x000000068e480000,0x0000000691c1c668,0x0000000693880000)
  to   space 89088K, 0% used [0x00000006a6e00000,0x00000006a6e00000,0x00000006ac500000)
 ParOldGen       total 412672K, used 68043K [0x00000003c1400000, 0x00000003da700000, 0x000000066b180000)
  object space 412672K, 16% used [0x00000003c1400000,0x00000003c5672d58,0x00000003da700000)
 Metaspace       used 34893K, capacity 35315K, committed 35584K, reserved 1081344K
  class space    used 4166K, capacity 4320K, committed 4352K, reserved 1048576K
}
Event: 38.846 GC heap before
{Heap before GC invocations=16 (full 4):
 PSYoungGen      total 662528K, used 302883K [0x000000066b180000, 0x00000006ac500000, 0x00000007c0000000)
  eden space 576512K, 42% used [0x000000066b180000,0x000000067a1ac8d0,0x000000068e480000)
  from space 86016K, 66% used [0x000000068e480000,0x0000000691c1c668,0x0000000693880000)
  to   space 89088K, 0% used [0x00000006a6e00000,0x00000006a6e00000,0x00000006ac500000)
 ParOldGen       total 412672K, used 68043K [0x00000003c1400000, 0x00000003da700000, 0x000000066b180000)
  object space 412672K, 16% used [0x00000003c1400000,0x00000003c5672d58,0x00000003da700000)
 Metaspace       used 37022K, capacity 37363K, committed 37632K, reserved 1083392K
  class space    used 4385K, capacity 4512K, committed 4608K, reserved 1048576K
Event: 38.859 GC heap after
Heap after GC invocations=16 (full 4):
 PSYoungGen      total 973312K, used 25931K [0x000000066b180000, 0x00000006abf00000, 0x00000007c0000000)
  eden space 890368K, 0% used [0x000000066b180000,0x000000066b180000,0x00000006a1700000)
  from space 82944K, 31% used [0x00000006a6e00000,0x00000006a8752d00,0x00000006abf00000)
  to   space 86016K, 0% used [0x00000006a1700000,0x00000006a1700000,0x00000006a6b00000)
 ParOldGen       total 412672K, used 122407K [0x00000003c1400000, 0x00000003da700000, 0x000000066b180000)
  object space 412672K, 29% used [0x00000003c1400000,0x00000003c8b89e38,0x00000003da700000)
 Metaspace       used 37022K, capacity 37363K, committed 37632K, reserved 1083392K
  class space    used 4385K, capacity 4512K, committed 4608K, reserved 1048576K
}
Event: 38.859 GC heap before
{Heap before GC invocations=17 (full 5):
 PSYoungGen      total 973312K, used 25931K [0x000000066b180000, 0x00000006abf00000, 0x00000007c0000000)
  eden space 890368K, 0% used [0x000000066b180000,0x000000066b180000,0x00000006a1700000)
  from space 82944K, 31% used [0x00000006a6e00000,0x00000006a8752d00,0x00000006abf00000)
  to   space 86016K, 0% used [0x00000006a1700000,0x00000006a1700000,0x00000006a6b00000)
 ParOldGen       total 412672K, used 122407K [0x00000003c1400000, 0x00000003da700000, 0x000000066b180000)
  object space 412672K, 29% used [0x00000003c1400000,0x00000003c8b89e38,0x00000003da700000)
 Metaspace       used 37022K, capacity 37363K, committed 37632K, reserved 1083392K
  class space    used 4385K, capacity 4512K, committed 4608K, reserved 1048576K
Event: 38.963 GC heap after
Heap after GC invocations=17 (full 5):
 PSYoungGen      total 973312K, used 0K [0x000000066b180000, 0x00000006abf00000, 0x00000007c0000000)
  eden space 890368K, 0% used [0x000000066b180000,0x000000066b180000,0x00000006a1700000)
  from space 82944K, 0% used [0x00000006a6e00000,0x00000006a6e00000,0x00000006abf00000)
  to   space 86016K, 0% used [0x00000006a1700000,0x00000006a1700000,0x00000006a6b00000)
 ParOldGen       total 412672K, used 136519K [0x00000003c1400000, 0x00000003da700000, 0x000000066b180000)
  object space 412672K, 33% used [0x00000003c1400000,0x00000003c9951c40,0x00000003da700000)
 Metaspace       used 37022K, capacity 37363K, committed 37632K, reserved 1083392K
  class space    used 4385K, capacity 4512K, committed 4608K, reserved 1048576K
}

