# JRE version: Java(TM) SE Runtime Environment (8.0_471) (build 1.8.0_471-b09)
# Java VM: Java HotSpot(TM) 64-Bit Server VM (25.471-b09 mixed mode windows-amd64 compressed oops)
Heap:
 PSYoungGen      total 1010176K, used 672741K [0x000000066b180000, 0x00000006adc00000, 0x00000007c0000000)
  eden space 937472K, 66% used [0x000000066b180000,0x0000000690fad160,0x00000006a4500000)
  from space 72704K, 71% used [0x00000006a9500000,0x00000006ac7cc550,0x00000006adc00000)
  to   space 77312K, 0% used [0x00000006a4500000,0x00000006a4500000,0x00000006a9080000)
 ParOldGen       total 411136K, used 138026K [0x00000003c1400000, 0x00000003da580000, 0x000000066b180000)
  object space 411136K, 33% used [0x00000003c1400000,0x00000003c9aca998,0x00000003da580000)
 Metaspace       used 43896K, capacity 44337K, committed 44672K, reserved 1089536K
  class space    used 5077K, capacity 5221K, committed 5248K, reserved 1048576K
GC Heap History (10 events):
Event: 15.440 GC heap before
{Heap before GC invocations=17 (full 5):
 PSYoungGen      total 663552K, used 581120K [0x000000066b180000, 0x0000000698e00000, 0x00000007c0000000)
  eden space 581120K, 100% used [0x000000066b180000,0x000000068e900000,0x000000068e900000)
  from space 82432K, 0% used [0x000000068e900000,0x000000068e900000,0x0000000693980000)
  to   space 83456K, 0% used [0x0000000693c80000,0x0000000693c80000,0x0000000698e00000)
 ParOldGen       total 411136K, used 108480K [0x00000003c1400000, 0x00000003da580000, 0x000000066b180000)
  object space 411136K, 26% used [0x00000003c1400000,0x00000003c7df0200,0x00000003da580000)
 Metaspace       used 41846K, capacity 42265K, committed 42496K, reserved 1087488K
  class space    used 4954K, capacity 5087K, committed 5120K, reserved 1048576K
Event: 15.445 GC heap after
Heap after GC invocations=17 (full 5):
 PSYoungGen      total 668672K, used 18898K [0x000000066b180000, 0x00000006ac700000, 0x00000007c0000000)
  eden space 585216K, 0% used [0x000000066b180000,0x000000066b180000,0x000000068ed00000)
  from space 83456K, 22% used [0x0000000693c80000,0x0000000694ef48c0,0x0000000698e00000)
  to   space 81408K, 0% used [0x000000068ed00000,0x000000068ed00000,0x0000000693c80000)
 ParOldGen       total 411136K, used 108496K [0x00000003c1400000, 0x00000003da580000, 0x000000066b180000)
  object space 411136K, 26% used [0x00000003c1400000,0x00000003c7df4200,0x00000003da580000)
 Metaspace       used 41846K, capacity 42265K, committed 42496K, reserved 1087488K
  class space    used 4954K, capacity 5087K, committed 5120K, reserved 1048576K
}
Event: 17.534 GC heap before
{Heap before GC invocations=18 (full 5):
 PSYoungGen      total 668672K, used 604114K [0x000000066b180000, 0x00000006ac700000, 0x00000007c0000000)
  eden space 585216K, 100% used [0x000000066b180000,0x000000068ed00000,0x000000068ed00000)
  from space 83456K, 22% used [0x0000000693c80000,0x0000000694ef48c0,0x0000000698e00000)
  to   space 81408K, 0% used [0x000000068ed00000,0x000000068ed00000,0x0000000693c80000)
 ParOldGen       total 411136K, used 108496K [0x00000003c1400000, 0x00000003da580000, 0x000000066b180000)
  object space 411136K, 26% used [0x00000003c1400000,0x00000003c7df4200,0x00000003da580000)
 Metaspace       used 43211K, capacity 43659K, committed 44160K, reserved 1087488K
  class space    used 5053K, capacity 5188K, committed 5248K, reserved 1048576K
Event: 17.540 GC heap after
Heap after GC invocations=18 (full 5):
 PSYoungGen      total 666624K, used 16340K [0x000000066b180000, 0x00000006a3800000, 0x00000007c0000000)
  eden space 585216K, 0% used [0x000000066b180000,0x000000066b180000,0x000000068ed00000)
  from space 81408K, 20% used [0x000000068ed00000,0x000000068fcf5040,0x0000000693c80000)
  to   space 79872K, 0% used [0x000000069ea00000,0x000000069ea00000,0x00000006a3800000)
 ParOldGen       total 411136K, used 123454K [0x00000003c1400000, 0x00000003da580000, 0x000000066b180000)
  object space 411136K, 30% used [0x00000003c1400000,0x00000003c8c8fbb0,0x00000003da580000)
 Metaspace       used 43211K, capacity 43659K, committed 44160K, reserved 1087488K
  class space    used 5053K, capacity 5188K, committed 5248K, reserved 1048576K
}
Event: 19.186 GC heap before
{Heap before GC invocations=19 (full 5):
 PSYoungGen      total 666624K, used 601556K [0x000000066b180000, 0x00000006a3800000, 0x00000007c0000000)
  eden space 585216K, 100% used [0x000000066b180000,0x000000068ed00000,0x000000068ed00000)
  from space 81408K, 20% used [0x000000068ed00000,0x000000068fcf5040,0x0000000693c80000)
  to   space 79872K, 0% used [0x000000069ea00000,0x000000069ea00000,0x00000006a3800000)
 ParOldGen       total 411136K, used 123454K [0x00000003c1400000, 0x00000003da580000, 0x000000066b180000)
  object space 411136K, 30% used [0x00000003c1400000,0x00000003c8c8fbb0,0x00000003da580000)
 Metaspace       used 43347K, capacity 43851K, committed 44160K, reserved 1087488K
  class space    used 5053K, capacity 5188K, committed 5248K, reserved 1048576K
Event: 19.191 GC heap after
Heap after GC invocations=19 (full 5):
 PSYoungGen      total 811520K, used 18960K [0x000000066b180000, 0x00000006a2580000, 0x00000007c0000000)
  eden space 750592K, 0% used [0x000000066b180000,0x000000066b180000,0x0000000698e80000)
  from space 60928K, 31% used [0x000000069ea00000,0x000000069fc84270,0x00000006a2580000)
  to   space 77312K, 0% used [0x0000000698e80000,0x0000000698e80000,0x000000069da00000)
 ParOldGen       total 411136K, used 138010K [0x00000003c1400000, 0x00000003da580000, 0x000000066b180000)
  object space 411136K, 33% used [0x00000003c1400000,0x00000003c9ac6998,0x00000003da580000)
 Metaspace       used 43347K, capacity 43851K, committed 44160K, reserved 1087488K
  class space    used 5053K, capacity 5188K, committed 5248K, reserved 1048576K
}
Event: 21.382 GC heap before
{Heap before GC invocations=20 (full 5):
 PSYoungGen      total 811520K, used 769552K [0x000000066b180000, 0x00000006a2580000, 0x00000007c0000000)
  eden space 750592K, 100% used [0x000000066b180000,0x0000000698e80000,0x0000000698e80000)
  from space 60928K, 31% used [0x000000069ea00000,0x000000069fc84270,0x00000006a2580000)
  to   space 77312K, 0% used [0x0000000698e80000,0x0000000698e80000,0x000000069da00000)
 ParOldGen       total 411136K, used 138010K [0x00000003c1400000, 0x00000003da580000, 0x000000066b180000)
  object space 411136K, 33% used [0x00000003c1400000,0x00000003c9ac6998,0x00000003da580000)
 Metaspace       used 43449K, capacity 43985K, committed 44416K, reserved 1089536K
  class space    used 5059K, capacity 5189K, committed 5248K, reserved 1048576K
Event: 21.389 GC heap after
Heap after GC invocations=20 (full 5):
 PSYoungGen      total 827904K, used 34797K [0x000000066b180000, 0x00000006add80000, 0x00000007c0000000)
  eden space 750592K, 0% used [0x000000066b180000,0x000000066b180000,0x0000000698e80000)
  from space 77312K, 45% used [0x0000000698e80000,0x000000069b07b688,0x000000069da00000)
  to   space 74240K, 0% used [0x00000006a9500000,0x00000006a9500000,0x00000006add80000)
 ParOldGen       total 411136K, used 138018K [0x00000003c1400000, 0x00000003da580000, 0x000000066b180000)
  object space 411136K, 33% used [0x00000003c1400000,0x00000003c9ac8998,0x00000003da580000)
 Metaspace       used 43449K, capacity 43985K, committed 44416K, reserved 1089536K
  class space    used 5059K, capacity 5189K, committed 5248K, reserved 1048576K
}
Event: 23.685 GC heap before
{Heap before GC invocations=21 (full 5):
 PSYoungGen      total 827904K, used 785389K [0x000000066b180000, 0x00000006add80000, 0x00000007c0000000)
  eden space 750592K, 100% used [0x000000066b180000,0x0000000698e80000,0x0000000698e80000)
  from space 77312K, 45% used [0x0000000698e80000,0x000000069b07b688,0x000000069da00000)
  to   space 74240K, 0% used [0x00000006a9500000,0x00000006a9500000,0x00000006add80000)
 ParOldGen       total 411136K, used 138018K [0x00000003c1400000, 0x00000003da580000, 0x000000066b180000)
  object space 411136K, 33% used [0x00000003c1400000,0x00000003c9ac8998,0x00000003da580000)
 Metaspace       used 43585K, capacity 44049K, committed 44416K, reserved 1089536K
  class space    used 5062K, capacity 5189K, committed 5248K, reserved 1048576K
Event: 23.694 GC heap after
Heap after GC invocations=21 (full 5):
 PSYoungGen      total 1010176K, used 52017K [0x000000066b180000, 0x00000006adc00000, 0x00000007c0000000)
  eden space 937472K, 0% used [0x000000066b180000,0x000000066b180000,0x00000006a4500000)
  from space 72704K, 71% used [0x00000006a9500000,0x00000006ac7cc550,0x00000006adc00000)
  to   space 77312K, 0% used [0x00000006a4500000,0x00000006a4500000,0x00000006a9080000)
 ParOldGen       total 411136K, used 138026K [0x00000003c1400000, 0x00000003da580000, 0x000000066b180000)
  object space 411136K, 33% used [0x00000003c1400000,0x00000003c9aca998,0x00000003da580000)
 Metaspace       used 43585K, capacity 44049K, committed 44416K, reserved 1089536K
  class space    used 5062K, capacity 5189K, committed 5248K, reserved 1048576K
}

