# JRE version: Java(TM) SE Runtime Environment (8.0_471) (build 1.8.0_471-b09)
# Java VM: Java HotSpot(TM) 64-Bit Server VM (25.471-b09 mixed mode windows-amd64 compressed oops)
Heap:
 PSYoungGen      total 474112K, used 325698K [0x000000066b180000, 0x000000068f880000, 0x00000007c0000000)
  eden space 465920K, 68% used [0x000000066b180000,0x000000067e79ffd8,0x0000000687880000)
  from space 8192K, 99% used [0x0000000688580000,0x0000000688d70a68,0x0000000688d80000)
  to   space 65536K, 0% used [0x000000068b880000,0x000000068b880000,0x000000068f880000)
 ParOldGen       total 404480K, used 171738K [0x00000003c1400000, 0x00000003d9f00000, 0x000000066b180000)
  object space 404480K, 42% used [0x00000003c1400000,0x00000003cbbb6ba0,0x00000003d9f00000)
 Metaspace       used 43433K, capacity 43899K, committed 44416K, reserved 1089536K
  class space    used 5000K, capacity 5130K, committed 5248K, reserved 1048576K
GC Heap History (10 events):
Event: 95.270 GC heap before
{Heap before GC invocations=24 (full 5):
 PSYoungGen      total 543744K, used 543421K [0x000000066b180000, 0x0000000698d80000, 0x00000007c0000000)
  eden space 537600K, 100% used [0x000000066b180000,0x000000068be80000,0x000000068be80000)
  from space 6144K, 94% used [0x0000000698780000,0x0000000698d2f4a8,0x0000000698d80000)
  to   space 82432K, 0% used [0x000000068ec80000,0x000000068ec80000,0x0000000693d00000)
 ParOldGen       total 404480K, used 171738K [0x00000003c1400000, 0x00000003d9f00000, 0x000000066b180000)
  object space 404480K, 42% used [0x00000003c1400000,0x00000003cbbb6ba0,0x00000003d9f00000)
 Metaspace       used 43353K, capacity 43829K, committed 44160K, reserved 1087488K
  class space    used 4990K, capacity 5129K, committed 5248K, reserved 1048576K
Event: 95.272 GC heap after
Heap after GC invocations=24 (full 5):
 PSYoungGen      total 528896K, used 6327K [0x000000066b180000, 0x0000000698800000, 0x00000007c0000000)
  eden space 522240K, 0% used [0x000000066b180000,0x000000066b180000,0x000000068af80000)
  from space 6656K, 95% used [0x000000068ec80000,0x000000068f2adf38,0x000000068f300000)
  to   space 79360K, 0% used [0x0000000693a80000,0x0000000693a80000,0x0000000698800000)
 ParOldGen       total 404480K, used 171738K [0x00000003c1400000, 0x00000003d9f00000, 0x000000066b180000)
  object space 404480K, 42% used [0x00000003c1400000,0x00000003cbbb6ba0,0x00000003d9f00000)
 Metaspace       used 43353K, capacity 43829K, committed 44160K, reserved 1087488K
  class space    used 4990K, capacity 5129K, committed 5248K, reserved 1048576K
}
Event: 102.684 GC heap before
{Heap before GC invocations=25 (full 5):
 PSYoungGen      total 528896K, used 528567K [0x000000066b180000, 0x0000000698800000, 0x00000007c0000000)
  eden space 522240K, 100% used [0x000000066b180000,0x000000068af80000,0x000000068af80000)
  from space 6656K, 95% used [0x000000068ec80000,0x000000068f2adf38,0x000000068f300000)
  to   space 79360K, 0% used [0x0000000693a80000,0x0000000693a80000,0x0000000698800000)
 ParOldGen       total 404480K, used 171738K [0x00000003c1400000, 0x00000003d9f00000, 0x000000066b180000)
  object space 404480K, 42% used [0x00000003c1400000,0x00000003cbbb6ba0,0x00000003d9f00000)
 Metaspace       used 43361K, capacity 43829K, committed 44160K, reserved 1087488K
  class space    used 4990K, capacity 5129K, committed 5248K, reserved 1048576K
Event: 102.687 GC heap after
Heap after GC invocations=25 (full 5):
 PSYoungGen      total 514048K, used 6629K [0x000000066b180000, 0x0000000694100000, 0x00000007c0000000)
  eden space 507392K, 0% used [0x000000066b180000,0x000000066b180000,0x000000068a100000)
  from space 6656K, 99% used [0x0000000693a80000,0x00000006940f9518,0x0000000694100000)
  to   space 76288K, 0% used [0x000000068ac00000,0x000000068ac00000,0x000000068f680000)
 ParOldGen       total 404480K, used 171738K [0x00000003c1400000, 0x00000003d9f00000, 0x000000066b180000)
  object space 404480K, 42% used [0x00000003c1400000,0x00000003cbbb6ba0,0x00000003d9f00000)
 Metaspace       used 43361K, capacity 43829K, committed 44160K, reserved 1087488K
  class space    used 4990K, capacity 5129K, committed 5248K, reserved 1048576K
}
Event: 109.413 GC heap before
{Heap before GC invocations=26 (full 5):
 PSYoungGen      total 514048K, used 514021K [0x000000066b180000, 0x0000000694100000, 0x00000007c0000000)
  eden space 507392K, 100% used [0x000000066b180000,0x000000068a100000,0x000000068a100000)
  from space 6656K, 99% used [0x0000000693a80000,0x00000006940f9518,0x0000000694100000)
  to   space 76288K, 0% used [0x000000068ac00000,0x000000068ac00000,0x000000068f680000)
 ParOldGen       total 404480K, used 171738K [0x00000003c1400000, 0x00000003d9f00000, 0x000000066b180000)
  object space 404480K, 42% used [0x00000003c1400000,0x00000003cbbb6ba0,0x00000003d9f00000)
 Metaspace       used 43377K, capacity 43829K, committed 44160K, reserved 1087488K
  class space    used 4990K, capacity 5129K, committed 5248K, reserved 1048576K
Event: 109.415 GC heap after
Heap after GC invocations=26 (full 5):
 PSYoungGen      total 498688K, used 5388K [0x000000066b180000, 0x0000000693b00000, 0x00000007c0000000)
  eden space 493056K, 0% used [0x000000066b180000,0x000000066b180000,0x0000000689300000)
  from space 5632K, 95% used [0x000000068ac00000,0x000000068b143198,0x000000068b180000)
  to   space 72704K, 0% used [0x000000068f400000,0x000000068f400000,0x0000000693b00000)
 ParOldGen       total 404480K, used 171738K [0x00000003c1400000, 0x00000003d9f00000, 0x000000066b180000)
  object space 404480K, 42% used [0x00000003c1400000,0x00000003cbbb6ba0,0x00000003d9f00000)
 Metaspace       used 43377K, capacity 43829K, committed 44160K, reserved 1087488K
  class space    used 4990K, capacity 5129K, committed 5248K, reserved 1048576K
}
Event: 116.321 GC heap before
{Heap before GC invocations=27 (full 5):
 PSYoungGen      total 498688K, used 498444K [0x000000066b180000, 0x0000000693b00000, 0x00000007c0000000)
  eden space 493056K, 100% used [0x000000066b180000,0x0000000689300000,0x0000000689300000)
  from space 5632K, 95% used [0x000000068ac00000,0x000000068b143198,0x000000068b180000)
  to   space 72704K, 0% used [0x000000068f400000,0x000000068f400000,0x0000000693b00000)
 ParOldGen       total 404480K, used 171738K [0x00000003c1400000, 0x00000003d9f00000, 0x000000066b180000)
  object space 404480K, 42% used [0x00000003c1400000,0x00000003cbbb6ba0,0x00000003d9f00000)
 Metaspace       used 43379K, capacity 43829K, committed 44160K, reserved 1087488K
  class space    used 4990K, capacity 5129K, committed 5248K, reserved 1048576K
Event: 116.325 GC heap after
Heap after GC invocations=27 (full 5):
 PSYoungGen      total 505344K, used 7015K [0x000000066b180000, 0x0000000690d80000, 0x00000007c0000000)
  eden space 479232K, 0% used [0x000000066b180000,0x000000066b180000,0x0000000688580000)
  from space 26112K, 26% used [0x000000068f400000,0x000000068fad9dc0,0x0000000690d80000)
  to   space 69632K, 0% used [0x0000000688580000,0x0000000688580000,0x000000068c980000)
 ParOldGen       total 404480K, used 171738K [0x00000003c1400000, 0x00000003d9f00000, 0x000000066b180000)
  object space 404480K, 42% used [0x00000003c1400000,0x00000003cbbb6ba0,0x00000003d9f00000)
 Metaspace       used 43379K, capacity 43829K, committed 44160K, reserved 1087488K
  class space    used 4990K, capacity 5129K, committed 5248K, reserved 1048576K
}
Event: 122.931 GC heap before
{Heap before GC invocations=28 (full 5):
 PSYoungGen      total 505344K, used 486247K [0x000000066b180000, 0x0000000690d80000, 0x00000007c0000000)
  eden space 479232K, 100% used [0x000000066b180000,0x0000000688580000,0x0000000688580000)
  from space 26112K, 26% used [0x000000068f400000,0x000000068fad9dc0,0x0000000690d80000)
  to   space 69632K, 0% used [0x0000000688580000,0x0000000688580000,0x000000068c980000)
 ParOldGen       total 404480K, used 171738K [0x00000003c1400000, 0x00000003d9f00000, 0x000000066b180000)
  object space 404480K, 42% used [0x00000003c1400000,0x00000003cbbb6ba0,0x00000003d9f00000)
 Metaspace       used 43380K, capacity 43829K, committed 44160K, reserved 1087488K
  class space    used 4990K, capacity 5129K, committed 5248K, reserved 1048576K
Event: 122.934 GC heap after
Heap after GC invocations=28 (full 5):
 PSYoungGen      total 474112K, used 8130K [0x000000066b180000, 0x000000068f880000, 0x00000007c0000000)
  eden space 465920K, 0% used [0x000000066b180000,0x000000066b180000,0x0000000687880000)
  from space 8192K, 99% used [0x0000000688580000,0x0000000688d70a68,0x0000000688d80000)
  to   space 65536K, 0% used [0x000000068b880000,0x000000068b880000,0x000000068f880000)
 ParOldGen       total 404480K, used 171738K [0x00000003c1400000, 0x00000003d9f00000, 0x000000066b180000)
  object space 404480K, 42% used [0x00000003c1400000,0x00000003cbbb6ba0,0x00000003d9f00000)
 Metaspace       used 43380K, capacity 43829K, committed 44160K, reserved 1087488K
  class space    used 4990K, capacity 5129K, committed 5248K, reserved 1048576K
}

