# JRE version: Java(TM) SE Runtime Environment (8.0_471) (build 1.8.0_471-b09)
# Java VM: Java HotSpot(TM) 64-Bit Server VM (25.471-b09 mixed mode windows-amd64 compressed oops)
Heap:
 PSYoungGen      total 146944K, used 91439K [0x000000066b180000, 0x0000000674b00000, 0x00000007c0000000)
  eden space 140800K, 64% used [0x000000066b180000,0x0000000670ab3cc8,0x0000000673b00000)
  from space 6144K, 1% used [0x0000000674500000,0x0000000674518000,0x0000000674b00000)
  to   space 8192K, 0% used [0x0000000673b00000,0x0000000673b00000,0x0000000674300000)
 ParOldGen       total 422400K, used 193841K [0x00000003c1400000, 0x00000003db080000, 0x000000066b180000)
  object space 422400K, 45% used [0x00000003c1400000,0x00000003cd14c4d0,0x00000003db080000)
 Metaspace       used 43712K, capacity 44187K, committed 44672K, reserved 1089536K
  class space    used 5012K, capacity 5162K, committed 5248K, reserved 1048576K
GC Heap History (10 events):
Event: 567.337 GC heap before
{Heap before GC invocations=87 (full 5):
 PSYoungGen      total 148992K, used 148672K [0x000000066b180000, 0x0000000675680000, 0x00000007c0000000)
  eden space 148480K, 100% used [0x000000066b180000,0x0000000674280000,0x0000000674280000)
  from space 512K, 37% used [0x0000000674480000,0x00000006744b0000,0x0000000674500000)
  to   space 10240K, 0% used [0x0000000674c80000,0x0000000674c80000,0x0000000675680000)
 ParOldGen       total 422400K, used 193841K [0x00000003c1400000, 0x00000003db080000, 0x000000066b180000)
  object space 422400K, 45% used [0x00000003c1400000,0x00000003cd14c4d0,0x00000003db080000)
 Metaspace       used 43669K, capacity 44155K, committed 44672K, reserved 1089536K
  class space    used 5004K, capacity 5130K, committed 5248K, reserved 1048576K
Event: 567.339 GC heap after
Heap after GC invocations=87 (full 5):
 PSYoungGen      total 154624K, used 128K [0x000000066b180000, 0x0000000675400000, 0x00000007c0000000)
  eden space 146944K, 0% used [0x000000066b180000,0x000000066b180000,0x0000000674100000)
  from space 7680K, 1% used [0x0000000674c80000,0x0000000674ca0000,0x0000000675400000)
  to   space 9728K, 0% used [0x0000000674100000,0x0000000674100000,0x0000000674a80000)
 ParOldGen       total 422400K, used 193841K [0x00000003c1400000, 0x00000003db080000, 0x000000066b180000)
  object space 422400K, 45% used [0x00000003c1400000,0x00000003cd14c4d0,0x00000003db080000)
 Metaspace       used 43669K, capacity 44155K, committed 44672K, reserved 1089536K
  class space    used 5004K, capacity 5130K, committed 5248K, reserved 1048576K
}
Event: 572.386 GC heap before
{Heap before GC invocations=88 (full 5):
 PSYoungGen      total 154624K, used 147072K [0x000000066b180000, 0x0000000675400000, 0x00000007c0000000)
  eden space 146944K, 100% used [0x000000066b180000,0x0000000674100000,0x0000000674100000)
  from space 7680K, 1% used [0x0000000674c80000,0x0000000674ca0000,0x0000000675400000)
  to   space 9728K, 0% used [0x0000000674100000,0x0000000674100000,0x0000000674a80000)
 ParOldGen       total 422400K, used 193841K [0x00000003c1400000, 0x00000003db080000, 0x000000066b180000)
  object space 422400K, 45% used [0x00000003c1400000,0x00000003cd14c4d0,0x00000003db080000)
 Metaspace       used 43669K, capacity 44155K, committed 44672K, reserved 1089536K
  class space    used 5004K, capacity 5130K, committed 5248K, reserved 1048576K
Event: 572.387 GC heap after
Heap after GC invocations=88 (full 5):
 PSYoungGen      total 145920K, used 160K [0x000000066b180000, 0x0000000675280000, 0x00000007c0000000)
  eden space 145408K, 0% used [0x000000066b180000,0x000000066b180000,0x0000000673f80000)
  from space 512K, 31% used [0x0000000674100000,0x0000000674128000,0x0000000674180000)
  to   space 9728K, 0% used [0x0000000674900000,0x0000000674900000,0x0000000675280000)
 ParOldGen       total 422400K, used 193841K [0x00000003c1400000, 0x00000003db080000, 0x000000066b180000)
  object space 422400K, 45% used [0x00000003c1400000,0x00000003cd14c4d0,0x00000003db080000)
 Metaspace       used 43669K, capacity 44155K, committed 44672K, reserved 1089536K
  class space    used 5004K, capacity 5130K, committed 5248K, reserved 1048576K
}
Event: 577.388 GC heap before
{Heap before GC invocations=89 (full 5):
 PSYoungGen      total 145920K, used 145568K [0x000000066b180000, 0x0000000675280000, 0x00000007c0000000)
  eden space 145408K, 100% used [0x000000066b180000,0x0000000673f80000,0x0000000673f80000)
  from space 512K, 31% used [0x0000000674100000,0x0000000674128000,0x0000000674180000)
  to   space 9728K, 0% used [0x0000000674900000,0x0000000674900000,0x0000000675280000)
 ParOldGen       total 422400K, used 193841K [0x00000003c1400000, 0x00000003db080000, 0x000000066b180000)
  object space 422400K, 45% used [0x00000003c1400000,0x00000003cd14c4d0,0x00000003db080000)
 Metaspace       used 43669K, capacity 44155K, committed 44672K, reserved 1089536K
  class space    used 5004K, capacity 5130K, committed 5248K, reserved 1048576K
Event: 577.390 GC heap after
Heap after GC invocations=89 (full 5):
 PSYoungGen      total 151040K, used 160K [0x000000066b180000, 0x0000000675000000, 0x00000007c0000000)
  eden space 143872K, 0% used [0x000000066b180000,0x000000066b180000,0x0000000673e00000)
  from space 7168K, 2% used [0x0000000674900000,0x0000000674928000,0x0000000675000000)
  to   space 9216K, 0% used [0x0000000673e00000,0x0000000673e00000,0x0000000674700000)
 ParOldGen       total 422400K, used 193841K [0x00000003c1400000, 0x00000003db080000, 0x000000066b180000)
  object space 422400K, 45% used [0x00000003c1400000,0x00000003cd14c4d0,0x00000003db080000)
 Metaspace       used 43669K, capacity 44155K, committed 44672K, reserved 1089536K
  class space    used 5004K, capacity 5130K, committed 5248K, reserved 1048576K
}
Event: 582.328 GC heap before
{Heap before GC invocations=90 (full 5):
 PSYoungGen      total 151040K, used 144032K [0x000000066b180000, 0x0000000675000000, 0x00000007c0000000)
  eden space 143872K, 100% used [0x000000066b180000,0x0000000673e00000,0x0000000673e00000)
  from space 7168K, 2% used [0x0000000674900000,0x0000000674928000,0x0000000675000000)
  to   space 9216K, 0% used [0x0000000673e00000,0x0000000673e00000,0x0000000674700000)
 ParOldGen       total 422400K, used 193841K [0x00000003c1400000, 0x00000003db080000, 0x000000066b180000)
  object space 422400K, 45% used [0x00000003c1400000,0x00000003cd14c4d0,0x00000003db080000)
 Metaspace       used 43669K, capacity 44155K, committed 44672K, reserved 1089536K
  class space    used 5004K, capacity 5130K, committed 5248K, reserved 1048576K
Event: 582.330 GC heap after
Heap after GC invocations=90 (full 5):
 PSYoungGen      total 142848K, used 160K [0x000000066b180000, 0x0000000674d80000, 0x00000007c0000000)
  eden space 142336K, 0% used [0x000000066b180000,0x000000066b180000,0x0000000673c80000)
  from space 512K, 31% used [0x0000000673e00000,0x0000000673e28000,0x0000000673e80000)
  to   space 8704K, 0% used [0x0000000674500000,0x0000000674500000,0x0000000674d80000)
 ParOldGen       total 422400K, used 193841K [0x00000003c1400000, 0x00000003db080000, 0x000000066b180000)
  object space 422400K, 45% used [0x00000003c1400000,0x00000003cd14c4d0,0x00000003db080000)
 Metaspace       used 43669K, capacity 44155K, committed 44672K, reserved 1089536K
  class space    used 5004K, capacity 5130K, committed 5248K, reserved 1048576K
}
Event: 587.220 GC heap before
{Heap before GC invocations=91 (full 5):
 PSYoungGen      total 142848K, used 142496K [0x000000066b180000, 0x0000000674d80000, 0x00000007c0000000)
  eden space 142336K, 100% used [0x000000066b180000,0x0000000673c80000,0x0000000673c80000)
  from space 512K, 31% used [0x0000000673e00000,0x0000000673e28000,0x0000000673e80000)
  to   space 8704K, 0% used [0x0000000674500000,0x0000000674500000,0x0000000674d80000)
 ParOldGen       total 422400K, used 193841K [0x00000003c1400000, 0x00000003db080000, 0x000000066b180000)
  object space 422400K, 45% used [0x00000003c1400000,0x00000003cd14c4d0,0x00000003db080000)
 Metaspace       used 43669K, capacity 44155K, committed 44672K, reserved 1089536K
  class space    used 5004K, capacity 5130K, committed 5248K, reserved 1048576K
Event: 587.221 GC heap after
Heap after GC invocations=91 (full 5):
 PSYoungGen      total 146944K, used 96K [0x000000066b180000, 0x0000000674b00000, 0x00000007c0000000)
  eden space 140800K, 0% used [0x000000066b180000,0x000000066b180000,0x0000000673b00000)
  from space 6144K, 1% used [0x0000000674500000,0x0000000674518000,0x0000000674b00000)
  to   space 8192K, 0% used [0x0000000673b00000,0x0000000673b00000,0x0000000674300000)
 ParOldGen       total 422400K, used 193841K [0x00000003c1400000, 0x00000003db080000, 0x000000066b180000)
  object space 422400K, 45% used [0x00000003c1400000,0x00000003cd14c4d0,0x00000003db080000)
 Metaspace       used 43669K, capacity 44155K, committed 44672K, reserved 1089536K
  class space    used 5004K, capacity 5130K, committed 5248K, reserved 1048576K
}

