# JRE version: Java(TM) SE Runtime Environment (8.0_471) (build 1.8.0_471-b09)
# Java VM: Java HotSpot(TM) 64-Bit Server VM (25.471-b09 mixed mode windows-amd64 compressed oops)
Heap:
 PSYoungGen      total 359936K, used 50705K [0x000000066b180000, 0x0000000687b80000, 0x00000007c0000000)
  eden space 352256K, 12% used [0x000000066b180000,0x000000066dba6978,0x0000000680980000)
  from space 7680K, 98% used [0x0000000681180000,0x00000006818ddba8,0x0000000681900000)
  to   space 58368K, 0% used [0x0000000684280000,0x0000000684280000,0x0000000687b80000)
 ParOldGen       total 416768K, used 203683K [0x00000003c1400000, 0x00000003dab00000, 0x000000066b180000)
  object space 416768K, 48% used [0x00000003c1400000,0x00000003cdae8dd8,0x00000003dab00000)
 Metaspace       used 44464K, capacity 44995K, committed 45440K, reserved 1089536K
  class space    used 5095K, capacity 5224K, committed 5248K, reserved 1048576K
GC Heap History (10 events):
Event: 342.307 GC heap before
{Heap before GC invocations=48 (full 5):
 PSYoungGen      total 459264K, used 405266K [0x000000066b180000, 0x000000068c980000, 0x00000007c0000000)
  eden space 397312K, 100% used [0x000000066b180000,0x0000000683580000,0x0000000683580000)
  from space 61952K, 12% used [0x0000000688d00000,0x00000006894c4ab8,0x000000068c980000)
  to   space 75776K, 0% used [0x0000000683580000,0x0000000683580000,0x0000000687f80000)
 ParOldGen       total 416768K, used 203179K [0x00000003c1400000, 0x00000003dab00000, 0x000000066b180000)
  object space 416768K, 48% used [0x00000003c1400000,0x00000003cda6add8,0x00000003dab00000)
 Metaspace       used 44415K, capacity 44867K, committed 45184K, reserved 1089536K
  class space    used 5086K, capacity 5224K, committed 5248K, reserved 1048576K
Event: 342.310 GC heap after
Heap after GC invocations=48 (full 5):
 PSYoungGen      total 395776K, used 8146K [0x000000066b180000, 0x000000068b900000, 0x00000007c0000000)
  eden space 387584K, 0% used [0x000000066b180000,0x000000066b180000,0x0000000682c00000)
  from space 8192K, 99% used [0x0000000683580000,0x0000000683d74ab8,0x0000000683d80000)
  to   space 72192K, 0% used [0x0000000687280000,0x0000000687280000,0x000000068b900000)
 ParOldGen       total 416768K, used 203283K [0x00000003c1400000, 0x00000003dab00000, 0x000000066b180000)
  object space 416768K, 48% used [0x00000003c1400000,0x00000003cda84dd8,0x00000003dab00000)
 Metaspace       used 44415K, capacity 44867K, committed 45184K, reserved 1089536K
  class space    used 5086K, capacity 5224K, committed 5248K, reserved 1048576K
}
Event: 346.158 GC heap before
{Heap before GC invocations=49 (full 5):
 PSYoungGen      total 395776K, used 395730K [0x000000066b180000, 0x000000068b900000, 0x00000007c0000000)
  eden space 387584K, 100% used [0x000000066b180000,0x0000000682c00000,0x0000000682c00000)
  from space 8192K, 99% used [0x0000000683580000,0x0000000683d74ab8,0x0000000683d80000)
  to   space 72192K, 0% used [0x0000000687280000,0x0000000687280000,0x000000068b900000)
 ParOldGen       total 416768K, used 203283K [0x00000003c1400000, 0x00000003dab00000, 0x000000066b180000)
  object space 416768K, 48% used [0x00000003c1400000,0x00000003cda84dd8,0x00000003dab00000)
 Metaspace       used 44419K, capacity 44867K, committed 45184K, reserved 1089536K
  class space    used 5086K, capacity 5224K, committed 5248K, reserved 1048576K
Event: 346.161 GC heap after
Heap after GC invocations=49 (full 5):
 PSYoungGen      total 434176K, used 8018K [0x000000066b180000, 0x000000068a900000, 0x00000007c0000000)
  eden space 378368K, 0% used [0x000000066b180000,0x000000066b180000,0x0000000682300000)
  from space 55808K, 14% used [0x0000000687280000,0x0000000687a54ab8,0x000000068a900000)
  to   space 68608K, 0% used [0x0000000682300000,0x0000000682300000,0x0000000686600000)
 ParOldGen       total 416768K, used 203387K [0x00000003c1400000, 0x00000003dab00000, 0x000000066b180000)
  object space 416768K, 48% used [0x00000003c1400000,0x00000003cda9edd8,0x00000003dab00000)
 Metaspace       used 44419K, capacity 44867K, committed 45184K, reserved 1089536K
  class space    used 5086K, capacity 5224K, committed 5248K, reserved 1048576K
}
Event: 349.913 GC heap before
{Heap before GC invocations=50 (full 5):
 PSYoungGen      total 434176K, used 386386K [0x000000066b180000, 0x000000068a900000, 0x00000007c0000000)
  eden space 378368K, 100% used [0x000000066b180000,0x0000000682300000,0x0000000682300000)
  from space 55808K, 14% used [0x0000000687280000,0x0000000687a54ab8,0x000000068a900000)
  to   space 68608K, 0% used [0x0000000682300000,0x0000000682300000,0x0000000686600000)
 ParOldGen       total 416768K, used 203387K [0x00000003c1400000, 0x00000003dab00000, 0x000000066b180000)
  object space 416768K, 48% used [0x00000003c1400000,0x00000003cda9edd8,0x00000003dab00000)
 Metaspace       used 44421K, capacity 44867K, committed 45184K, reserved 1089536K
  class space    used 5087K, capacity 5224K, committed 5248K, reserved 1048576K
Event: 349.916 GC heap after
Heap after GC invocations=50 (full 5):
 PSYoungGen      total 377344K, used 8082K [0x000000066b180000, 0x0000000689900000, 0x00000007c0000000)
  eden space 369152K, 0% used [0x000000066b180000,0x000000066b180000,0x0000000681a00000)
  from space 8192K, 98% used [0x0000000682300000,0x0000000682ae4ab8,0x0000000682b00000)
  to   space 65024K, 0% used [0x0000000685980000,0x0000000685980000,0x0000000689900000)
 ParOldGen       total 416768K, used 203475K [0x00000003c1400000, 0x00000003dab00000, 0x000000066b180000)
  object space 416768K, 48% used [0x00000003c1400000,0x00000003cdab4dd8,0x00000003dab00000)
 Metaspace       used 44421K, capacity 44867K, committed 45184K, reserved 1089536K
  class space    used 5087K, capacity 5224K, committed 5248K, reserved 1048576K
}
Event: 353.507 GC heap before
{Heap before GC invocations=51 (full 5):
 PSYoungGen      total 377344K, used 377234K [0x000000066b180000, 0x0000000689900000, 0x00000007c0000000)
  eden space 369152K, 100% used [0x000000066b180000,0x0000000681a00000,0x0000000681a00000)
  from space 8192K, 98% used [0x0000000682300000,0x0000000682ae4ab8,0x0000000682b00000)
  to   space 65024K, 0% used [0x0000000685980000,0x0000000685980000,0x0000000689900000)
 ParOldGen       total 416768K, used 203475K [0x00000003c1400000, 0x00000003dab00000, 0x000000066b180000)
  object space 416768K, 48% used [0x00000003c1400000,0x00000003cdab4dd8,0x00000003dab00000)
 Metaspace       used 44424K, capacity 44867K, committed 45184K, reserved 1089536K
  class space    used 5087K, capacity 5224K, committed 5248K, reserved 1048576K
Event: 353.510 GC heap after
Heap after GC invocations=51 (full 5):
 PSYoungGen      total 409600K, used 9938K [0x000000066b180000, 0x0000000688980000, 0x00000007c0000000)
  eden space 360448K, 0% used [0x000000066b180000,0x000000066b180000,0x0000000681180000)
  from space 49152K, 20% used [0x0000000685980000,0x0000000686334ab8,0x0000000688980000)
  to   space 61440K, 0% used [0x0000000681180000,0x0000000681180000,0x0000000684d80000)
 ParOldGen       total 416768K, used 203531K [0x00000003c1400000, 0x00000003dab00000, 0x000000066b180000)
  object space 416768K, 48% used [0x00000003c1400000,0x00000003cdac2dd8,0x00000003dab00000)
 Metaspace       used 44424K, capacity 44867K, committed 45184K, reserved 1089536K
  class space    used 5087K, capacity 5224K, committed 5248K, reserved 1048576K
}
Event: 357.016 GC heap before
{Heap before GC invocations=52 (full 5):
 PSYoungGen      total 409600K, used 370386K [0x000000066b180000, 0x0000000688980000, 0x00000007c0000000)
  eden space 360448K, 100% used [0x000000066b180000,0x0000000681180000,0x0000000681180000)
  from space 49152K, 20% used [0x0000000685980000,0x0000000686334ab8,0x0000000688980000)
  to   space 61440K, 0% used [0x0000000681180000,0x0000000681180000,0x0000000684d80000)
 ParOldGen       total 416768K, used 203531K [0x00000003c1400000, 0x00000003dab00000, 0x000000066b180000)
  object space 416768K, 48% used [0x00000003c1400000,0x00000003cdac2dd8,0x00000003dab00000)
 Metaspace       used 44424K, capacity 44867K, committed 45184K, reserved 1089536K
  class space    used 5087K, capacity 5224K, committed 5248K, reserved 1048576K
Event: 357.019 GC heap after
Heap after GC invocations=52 (full 5):
 PSYoungGen      total 359936K, used 7542K [0x000000066b180000, 0x0000000687b80000, 0x00000007c0000000)
  eden space 352256K, 0% used [0x000000066b180000,0x000000066b180000,0x0000000680980000)
  from space 7680K, 98% used [0x0000000681180000,0x00000006818ddba8,0x0000000681900000)
  to   space 58368K, 0% used [0x0000000684280000,0x0000000684280000,0x0000000687b80000)
 ParOldGen       total 416768K, used 203683K [0x00000003c1400000, 0x00000003dab00000, 0x000000066b180000)
  object space 416768K, 48% used [0x00000003c1400000,0x00000003cdae8dd8,0x00000003dab00000)
 Metaspace       used 44424K, capacity 44867K, committed 45184K, reserved 1089536K
  class space    used 5087K, capacity 5224K, committed 5248K, reserved 1048576K
}

