# JRE version: Java(TM) SE Runtime Environment (8.0_471) (build 1.8.0_471-b09)
# Java VM: Java HotSpot(TM) 64-Bit Server VM (25.471-b09 mixed mode windows-amd64 compressed oops)
Heap:
 PSYoungGen      total 770048K, used 183322K [0x000000066b180000, 0x00000006a7100000, 0x00000007c0000000)
  eden space 688640K, 24% used [0x000000066b180000,0x000000067565de00,0x0000000695200000)
  from space 81408K, 17% used [0x0000000695200000,0x0000000696028c30,0x000000069a180000)
  to   space 79360K, 0% used [0x00000006a2380000,0x00000006a2380000,0x00000006a7100000)
 ParOldGen       total 429568K, used 157390K [0x00000003c1400000, 0x00000003db780000, 0x000000066b180000)
  object space 429568K, 36% used [0x00000003c1400000,0x00000003cadb3bb0,0x00000003db780000)
 Metaspace       used 43321K, capacity 43817K, committed 44160K, reserved 1087488K
  class space    used 4997K, capacity 5127K, committed 5248K, reserved 1048576K
GC Heap History (10 events):
Event: 13.718 GC heap before
{Heap before GC invocations=16 (full 5):
 PSYoungGen      total 635392K, used 57319K [0x000000066b180000, 0x0000000697880000, 0x00000007c0000000)
  eden space 552448K, 0% used [0x000000066b180000,0x000000066b180000,0x000000068cd00000)
  from space 82944K, 69% used [0x000000068cd00000,0x00000006904f9fe8,0x0000000691e00000)
  to   space 86528K, 0% used [0x0000000692400000,0x0000000692400000,0x0000000697880000)
 ParOldGen       total 429568K, used 64313K [0x00000003c1400000, 0x00000003db780000, 0x000000066b180000)
  object space 429568K, 14% used [0x00000003c1400000,0x00000003c52ce490,0x00000003db780000)
 Metaspace       used 36400K, capacity 36765K, committed 37120K, reserved 1081344K
  class space    used 4366K, capacity 4519K, committed 4608K, reserved 1048576K
Event: 13.825 GC heap after
Heap after GC invocations=16 (full 5):
 PSYoungGen      total 635392K, used 0K [0x000000066b180000, 0x0000000697880000, 0x00000007c0000000)
  eden space 552448K, 0% used [0x000000066b180000,0x000000066b180000,0x000000068cd00000)
  from space 82944K, 0% used [0x000000068cd00000,0x000000068cd00000,0x0000000691e00000)
  to   space 86528K, 0% used [0x0000000692400000,0x0000000692400000,0x0000000697880000)
 ParOldGen       total 429568K, used 115865K [0x00000003c1400000, 0x00000003db780000, 0x000000066b180000)
  object space 429568K, 26% used [0x00000003c1400000,0x00000003c8526528,0x00000003db780000)
 Metaspace       used 36400K, capacity 36765K, committed 37120K, reserved 1081344K
  class space    used 4366K, capacity 4519K, committed 4608K, reserved 1048576K
}
Event: 18.288 GC heap before
{Heap before GC invocations=17 (full 5):
 PSYoungGen      total 635392K, used 552448K [0x000000066b180000, 0x0000000697880000, 0x00000007c0000000)
  eden space 552448K, 100% used [0x000000066b180000,0x000000068cd00000,0x000000068cd00000)
  from space 82944K, 0% used [0x000000068cd00000,0x000000068cd00000,0x0000000691e00000)
  to   space 86528K, 0% used [0x0000000692400000,0x0000000692400000,0x0000000697880000)
 ParOldGen       total 429568K, used 115865K [0x00000003c1400000, 0x00000003db780000, 0x000000066b180000)
  object space 429568K, 26% used [0x00000003c1400000,0x00000003c8526528,0x00000003db780000)
 Metaspace       used 42807K, capacity 43267K, committed 43520K, reserved 1087488K
  class space    used 4975K, capacity 5094K, committed 5120K, reserved 1048576K
Event: 18.294 GC heap after
Heap after GC invocations=17 (full 5):
 PSYoungGen      total 644608K, used 41208K [0x000000066b180000, 0x00000006a8200000, 0x00000007c0000000)
  eden space 558080K, 0% used [0x000000066b180000,0x000000066b180000,0x000000068d280000)
  from space 86528K, 47% used [0x0000000692400000,0x0000000694c3e3d0,0x0000000697880000)
  to   space 83456K, 0% used [0x000000068d280000,0x000000068d280000,0x0000000692400000)
 ParOldGen       total 429568K, used 115881K [0x00000003c1400000, 0x00000003db780000, 0x000000066b180000)
  object space 429568K, 26% used [0x00000003c1400000,0x00000003c852a528,0x00000003db780000)
 Metaspace       used 42807K, capacity 43267K, committed 43520K, reserved 1087488K
  class space    used 4975K, capacity 5094K, committed 5120K, reserved 1048576K
}
Event: 24.343 GC heap before
{Heap before GC invocations=18 (full 5):
 PSYoungGen      total 644608K, used 599288K [0x000000066b180000, 0x00000006a8200000, 0x00000007c0000000)
  eden space 558080K, 100% used [0x000000066b180000,0x000000068d280000,0x000000068d280000)
  from space 86528K, 47% used [0x0000000692400000,0x0000000694c3e3d0,0x0000000697880000)
  to   space 83456K, 0% used [0x000000068d280000,0x000000068d280000,0x0000000692400000)
 ParOldGen       total 429568K, used 115881K [0x00000003c1400000, 0x00000003db780000, 0x000000066b180000)
  object space 429568K, 26% used [0x00000003c1400000,0x00000003c852a528,0x00000003db780000)
 Metaspace       used 43035K, capacity 43401K, committed 43776K, reserved 1087488K
  class space    used 4984K, capacity 5095K, committed 5120K, reserved 1048576K
Event: 24.354 GC heap after
Heap after GC invocations=18 (full 5):
 PSYoungGen      total 641536K, used 13354K [0x000000066b180000, 0x00000006a0780000, 0x00000007c0000000)
  eden space 558080K, 0% used [0x000000066b180000,0x000000066b180000,0x000000068d280000)
  from space 83456K, 16% used [0x000000068d280000,0x000000068df8aa90,0x0000000692400000)
  to   space 82432K, 0% used [0x000000069b700000,0x000000069b700000,0x00000006a0780000)
 ParOldGen       total 429568K, used 157374K [0x00000003c1400000, 0x00000003db780000, 0x000000066b180000)
  object space 429568K, 36% used [0x00000003c1400000,0x00000003cadafbb0,0x00000003db780000)
 Metaspace       used 43035K, capacity 43401K, committed 43776K, reserved 1087488K
  class space    used 4984K, capacity 5095K, committed 5120K, reserved 1048576K
}
Event: 30.233 GC heap before
{Heap before GC invocations=19 (full 5):
 PSYoungGen      total 641536K, used 571434K [0x000000066b180000, 0x00000006a0780000, 0x00000007c0000000)
  eden space 558080K, 100% used [0x000000066b180000,0x000000068d280000,0x000000068d280000)
  from space 83456K, 16% used [0x000000068d280000,0x000000068df8aa90,0x0000000692400000)
  to   space 82432K, 0% used [0x000000069b700000,0x000000069b700000,0x00000006a0780000)
 ParOldGen       total 429568K, used 157374K [0x00000003c1400000, 0x00000003db780000, 0x000000066b180000)
  object space 429568K, 36% used [0x00000003c1400000,0x00000003cadafbb0,0x00000003db780000)
 Metaspace       used 43145K, capacity 43593K, committed 44032K, reserved 1087488K
  class space    used 4984K, capacity 5095K, committed 5120K, reserved 1048576K
Event: 30.236 GC heap after
Heap after GC invocations=19 (full 5):
 PSYoungGen      total 748032K, used 13922K [0x000000066b180000, 0x000000069f100000, 0x00000007c0000000)
  eden space 688640K, 0% used [0x000000066b180000,0x000000066b180000,0x0000000695200000)
  from space 59392K, 23% used [0x000000069b700000,0x000000069c498b70,0x000000069f100000)
  to   space 81408K, 0% used [0x0000000695200000,0x0000000695200000,0x000000069a180000)
 ParOldGen       total 429568K, used 157382K [0x00000003c1400000, 0x00000003db780000, 0x000000066b180000)
  object space 429568K, 36% used [0x00000003c1400000,0x00000003cadb1bb0,0x00000003db780000)
 Metaspace       used 43145K, capacity 43593K, committed 44032K, reserved 1087488K
  class space    used 4984K, capacity 5095K, committed 5120K, reserved 1048576K
}
Event: 42.844 GC heap before
{Heap before GC invocations=20 (full 5):
 PSYoungGen      total 748032K, used 702562K [0x000000066b180000, 0x000000069f100000, 0x00000007c0000000)
  eden space 688640K, 100% used [0x000000066b180000,0x0000000695200000,0x0000000695200000)
  from space 59392K, 23% used [0x000000069b700000,0x000000069c498b70,0x000000069f100000)
  to   space 81408K, 0% used [0x0000000695200000,0x0000000695200000,0x000000069a180000)
 ParOldGen       total 429568K, used 157382K [0x00000003c1400000, 0x00000003db780000, 0x000000066b180000)
  object space 429568K, 36% used [0x00000003c1400000,0x00000003cadb1bb0,0x00000003db780000)
 Metaspace       used 43244K, capacity 43721K, committed 44032K, reserved 1087488K
  class space    used 4987K, capacity 5095K, committed 5120K, reserved 1048576K
Event: 42.847 GC heap after
Heap after GC invocations=20 (full 5):
 PSYoungGen      total 770048K, used 14499K [0x000000066b180000, 0x00000006a7100000, 0x00000007c0000000)
  eden space 688640K, 0% used [0x000000066b180000,0x000000066b180000,0x0000000695200000)
  from space 81408K, 17% used [0x0000000695200000,0x0000000696028c30,0x000000069a180000)
  to   space 79360K, 0% used [0x00000006a2380000,0x00000006a2380000,0x00000006a7100000)
 ParOldGen       total 429568K, used 157390K [0x00000003c1400000, 0x00000003db780000, 0x000000066b180000)
  object space 429568K, 36% used [0x00000003c1400000,0x00000003cadb3bb0,0x00000003db780000)
 Metaspace       used 43244K, capacity 43721K, committed 44032K, reserved 1087488K
  class space    used 4987K, capacity 5095K, committed 5120K, reserved 1048576K
}

