# JRE version: Java(TM) SE Runtime Environment (8.0_471) (build 1.8.0_471-b09)
# Java VM: Java HotSpot(TM) 64-Bit Server VM (25.471-b09 mixed mode windows-amd64 compressed oops)
Heap:
 PSYoungGen      total 636416K, used 30836K [0x000000066b180000, 0x0000000697480000, 0x00000007c0000000)
  eden space 551936K, 5% used [0x000000066b180000,0x000000066cf9d360,0x000000068cc80000)
  from space 84480K, 0% used [0x0000000692200000,0x0000000692200000,0x0000000697480000)
  to   space 86016K, 0% used [0x000000068cc80000,0x000000068cc80000,0x0000000692080000)
 ParOldGen       total 425472K, used 157872K [0x00000003c1400000, 0x00000003db380000, 0x000000066b180000)
  object space 425472K, 37% used [0x00000003c1400000,0x00000003cae2c0f0,0x00000003db380000)
 Metaspace       used 44365K, capacity 44889K, committed 45312K, reserved 1089536K
  class space    used 5104K, capacity 5265K, committed 5376K, reserved 1048576K
GC Heap History (10 events):
Event: 41.291 GC heap before
{Heap before GC invocations=22 (full 8):
 PSYoungGen      total 637440K, used 32K [0x000000066b180000, 0x0000000697580000, 0x00000007c0000000)
  eden space 551424K, 0% used [0x000000066b180000,0x000000066b180000,0x000000068cc00000)
  from space 86016K, 0% used [0x0000000692080000,0x0000000692088000,0x0000000697480000)
  to   space 86528K, 0% used [0x000000068cc00000,0x000000068cc00000,0x0000000692080000)
 ParOldGen       total 425472K, used 155748K [0x00000003c1400000, 0x00000003db380000, 0x000000066b180000)
  object space 425472K, 36% used [0x00000003c1400000,0x00000003cac19188,0x00000003db380000)
 Metaspace       used 44042K, capacity 44501K, committed 44928K, reserved 1089536K
  class space    used 5093K, capacity 5227K, committed 5248K, reserved 1048576K
Event: 41.318 GC heap after
Heap after GC invocations=22 (full 8):
 PSYoungGen      total 637440K, used 0K [0x000000066b180000, 0x0000000697580000, 0x00000007c0000000)
  eden space 551424K, 0% used [0x000000066b180000,0x000000066b180000,0x000000068cc00000)
  from space 86016K, 0% used [0x0000000692080000,0x0000000692080000,0x0000000697480000)
  to   space 86528K, 0% used [0x000000068cc00000,0x000000068cc00000,0x0000000692080000)
 ParOldGen       total 425472K, used 155748K [0x00000003c1400000, 0x00000003db380000, 0x000000066b180000)
  object space 425472K, 36% used [0x00000003c1400000,0x00000003cac19170,0x00000003db380000)
 Metaspace       used 44042K, capacity 44501K, committed 44928K, reserved 1089536K
  class space    used 5093K, capacity 5227K, committed 5248K, reserved 1048576K
}
Event: 41.807 GC heap before
{Heap before GC invocations=23 (full 8):
 PSYoungGen      total 637440K, used 161098K [0x000000066b180000, 0x0000000697580000, 0x00000007c0000000)
  eden space 551424K, 29% used [0x000000066b180000,0x0000000674ed2b58,0x000000068cc00000)
  from space 86016K, 0% used [0x0000000692080000,0x0000000692080000,0x0000000697480000)
  to   space 86528K, 0% used [0x000000068cc00000,0x000000068cc00000,0x0000000692080000)
 ParOldGen       total 425472K, used 155748K [0x00000003c1400000, 0x00000003db380000, 0x000000066b180000)
  object space 425472K, 36% used [0x00000003c1400000,0x00000003cac19170,0x00000003db380000)
 Metaspace       used 44100K, capacity 44595K, committed 44928K, reserved 1089536K
  class space    used 5096K, capacity 5232K, committed 5248K, reserved 1048576K
Event: 41.813 GC heap after
Heap after GC invocations=23 (full 8):
 PSYoungGen      total 637952K, used 47790K [0x000000066b180000, 0x0000000697780000, 0x00000007c0000000)
  eden space 551424K, 0% used [0x000000066b180000,0x000000066b180000,0x000000068cc00000)
  from space 86528K, 55% used [0x000000068cc00000,0x000000068faab900,0x0000000692080000)
  to   space 87552K, 0% used [0x0000000692200000,0x0000000692200000,0x0000000697780000)
 ParOldGen       total 425472K, used 155756K [0x00000003c1400000, 0x00000003db380000, 0x000000066b180000)
  object space 425472K, 36% used [0x00000003c1400000,0x00000003cac1b170,0x00000003db380000)
 Metaspace       used 44100K, capacity 44595K, committed 44928K, reserved 1089536K
  class space    used 5096K, capacity 5232K, committed 5248K, reserved 1048576K
}
Event: 41.813 GC heap before
{Heap before GC invocations=24 (full 9):
 PSYoungGen      total 637952K, used 47790K [0x000000066b180000, 0x0000000697780000, 0x00000007c0000000)
  eden space 551424K, 0% used [0x000000066b180000,0x000000066b180000,0x000000068cc00000)
  from space 86528K, 55% used [0x000000068cc00000,0x000000068faab900,0x0000000692080000)
  to   space 87552K, 0% used [0x0000000692200000,0x0000000692200000,0x0000000697780000)
 ParOldGen       total 425472K, used 155756K [0x00000003c1400000, 0x00000003db380000, 0x000000066b180000)
  object space 425472K, 36% used [0x00000003c1400000,0x00000003cac1b170,0x00000003db380000)
 Metaspace       used 44100K, capacity 44595K, committed 44928K, reserved 1089536K
  class space    used 5096K, capacity 5232K, committed 5248K, reserved 1048576K
Event: 41.877 GC heap after
Heap after GC invocations=24 (full 9):
 PSYoungGen      total 637952K, used 0K [0x000000066b180000, 0x0000000697780000, 0x00000007c0000000)
  eden space 551424K, 0% used [0x000000066b180000,0x000000066b180000,0x000000068cc00000)
  from space 86528K, 0% used [0x000000068cc00000,0x000000068cc00000,0x0000000692080000)
  to   space 87552K, 0% used [0x0000000692200000,0x0000000692200000,0x0000000697780000)
 ParOldGen       total 425472K, used 151353K [0x00000003c1400000, 0x00000003db380000, 0x000000066b180000)
  object space 425472K, 35% used [0x00000003c1400000,0x00000003ca7ce7c0,0x00000003db380000)
 Metaspace       used 44100K, capacity 44595K, committed 44928K, reserved 1089536K
  class space    used 5096K, capacity 5232K, committed 5248K, reserved 1048576K
}
Event: 48.852 GC heap before
{Heap before GC invocations=25 (full 9):
 PSYoungGen      total 637952K, used 472850K [0x000000066b180000, 0x0000000697780000, 0x00000007c0000000)
  eden space 551424K, 85% used [0x000000066b180000,0x0000000687f44a58,0x000000068cc00000)
  from space 86528K, 0% used [0x000000068cc00000,0x000000068cc00000,0x0000000692080000)
  to   space 87552K, 0% used [0x0000000692200000,0x0000000692200000,0x0000000697780000)
 ParOldGen       total 425472K, used 151353K [0x00000003c1400000, 0x00000003db380000, 0x000000066b180000)
  object space 425472K, 35% used [0x00000003c1400000,0x00000003ca7ce7c0,0x00000003db380000)
 Metaspace       used 44349K, capacity 44889K, committed 45312K, reserved 1089536K
  class space    used 5102K, capacity 5265K, committed 5376K, reserved 1048576K
Event: 48.857 GC heap after
Heap after GC invocations=25 (full 9):
 PSYoungGen      total 636416K, used 43714K [0x000000066b180000, 0x0000000697480000, 0x00000007c0000000)
  eden space 551936K, 0% used [0x000000066b180000,0x000000066b180000,0x000000068cc80000)
  from space 84480K, 51% used [0x0000000692200000,0x0000000694cb0948,0x0000000697480000)
  to   space 86016K, 0% used [0x000000068cc80000,0x000000068cc80000,0x0000000692080000)
 ParOldGen       total 425472K, used 151361K [0x00000003c1400000, 0x00000003db380000, 0x000000066b180000)
  object space 425472K, 35% used [0x00000003c1400000,0x00000003ca7d07c0,0x00000003db380000)
 Metaspace       used 44349K, capacity 44889K, committed 45312K, reserved 1089536K
  class space    used 5102K, capacity 5265K, committed 5376K, reserved 1048576K
}
Event: 48.857 GC heap before
{Heap before GC invocations=26 (full 10):
 PSYoungGen      total 636416K, used 43714K [0x000000066b180000, 0x0000000697480000, 0x00000007c0000000)
  eden space 551936K, 0% used [0x000000066b180000,0x000000066b180000,0x000000068cc80000)
  from space 84480K, 51% used [0x0000000692200000,0x0000000694cb0948,0x0000000697480000)
  to   space 86016K, 0% used [0x000000068cc80000,0x000000068cc80000,0x0000000692080000)
 ParOldGen       total 425472K, used 151361K [0x00000003c1400000, 0x00000003db380000, 0x000000066b180000)
  object space 425472K, 35% used [0x00000003c1400000,0x00000003ca7d07c0,0x00000003db380000)
 Metaspace       used 44349K, capacity 44889K, committed 45312K, reserved 1089536K
  class space    used 5102K, capacity 5265K, committed 5376K, reserved 1048576K
Event: 48.924 GC heap after
Heap after GC invocations=26 (full 10):
 PSYoungGen      total 636416K, used 0K [0x000000066b180000, 0x0000000697480000, 0x00000007c0000000)
  eden space 551936K, 0% used [0x000000066b180000,0x000000066b180000,0x000000068cc80000)
  from space 84480K, 0% used [0x0000000692200000,0x0000000692200000,0x0000000697480000)
  to   space 86016K, 0% used [0x000000068cc80000,0x000000068cc80000,0x0000000692080000)
 ParOldGen       total 425472K, used 157872K [0x00000003c1400000, 0x00000003db380000, 0x000000066b180000)
  object space 425472K, 37% used [0x00000003c1400000,0x00000003cae2c0f0,0x00000003db380000)
 Metaspace       used 44349K, capacity 44889K, committed 45312K, reserved 1089536K
  class space    used 5102K, capacity 5265K, committed 5376K, reserved 1048576K
}

