# JRE version: Java(TM) SE Runtime Environment (8.0_471) (build 1.8.0_471-b09)
# Java VM: Java HotSpot(TM) 64-Bit Server VM (25.471-b09 mixed mode windows-amd64 compressed oops)
Heap:
 PSYoungGen      total 229376K, used 180047K [0x000000066b180000, 0x000000067a180000, 0x00000007c0000000)
  eden space 222208K, 78% used [0x000000066b180000,0x0000000675b3df18,0x0000000678a80000)
  from space 7168K, 86% used [0x0000000679a80000,0x000000067a096028,0x000000067a180000)
  to   space 11776K, 0% used [0x0000000678a80000,0x0000000678a80000,0x0000000679600000)
 ParOldGen       total 418304K, used 180845K [0x00000003c1400000, 0x00000003dac80000, 0x000000066b180000)
  object space 418304K, 43% used [0x00000003c1400000,0x00000003cc49b7c8,0x00000003dac80000)
 Metaspace       used 44464K, capacity 44921K, committed 45184K, reserved 1089536K
  class space    used 5100K, capacity 5233K, committed 5248K, reserved 1048576K
GC Heap History (10 events):
Event: 475.089 GC heap before
{Heap before GC invocations=63 (full 5):
 PSYoungGen      total 249344K, used 249124K [0x000000066b180000, 0x000000067ba00000, 0x00000007c0000000)
  eden space 243200K, 100% used [0x000000066b180000,0x0000000679f00000,0x0000000679f00000)
  from space 6144K, 96% used [0x000000067a380000,0x000000067a9492a8,0x000000067a980000)
  to   space 13824K, 0% used [0x000000067ac80000,0x000000067ac80000,0x000000067ba00000)
 ParOldGen       total 418304K, used 180381K [0x00000003c1400000, 0x00000003dac80000, 0x000000066b180000)
  object space 418304K, 43% used [0x00000003c1400000,0x00000003cc4276e8,0x00000003dac80000)
 Metaspace       used 44419K, capacity 44921K, committed 45184K, reserved 1089536K
  class space    used 5091K, capacity 5233K, committed 5248K, reserved 1048576K
Event: 475.092 GC heap after
Heap after GC invocations=63 (full 5):
 PSYoungGen      total 248832K, used 8756K [0x000000066b180000, 0x000000067b680000, 0x00000007c0000000)
  eden space 238592K, 0% used [0x000000066b180000,0x000000066b180000,0x0000000679a80000)
  from space 10240K, 85% used [0x000000067ac80000,0x000000067b50d398,0x000000067b680000)
  to   space 14336K, 0% used [0x0000000679a80000,0x0000000679a80000,0x000000067a880000)
 ParOldGen       total 418304K, used 180413K [0x00000003c1400000, 0x00000003dac80000, 0x000000066b180000)
  object space 418304K, 43% used [0x00000003c1400000,0x00000003cc42f6e8,0x00000003dac80000)
 Metaspace       used 44419K, capacity 44921K, committed 45184K, reserved 1089536K
  class space    used 5091K, capacity 5233K, committed 5248K, reserved 1048576K
}
Event: 480.113 GC heap before
{Heap before GC invocations=64 (full 5):
 PSYoungGen      total 248832K, used 247348K [0x000000066b180000, 0x000000067b680000, 0x00000007c0000000)
  eden space 238592K, 100% used [0x000000066b180000,0x0000000679a80000,0x0000000679a80000)
  from space 10240K, 85% used [0x000000067ac80000,0x000000067b50d398,0x000000067b680000)
  to   space 14336K, 0% used [0x0000000679a80000,0x0000000679a80000,0x000000067a880000)
 ParOldGen       total 418304K, used 180413K [0x00000003c1400000, 0x00000003dac80000, 0x000000066b180000)
  object space 418304K, 43% used [0x00000003c1400000,0x00000003cc42f6e8,0x00000003dac80000)
 Metaspace       used 44419K, capacity 44921K, committed 45184K, reserved 1089536K
  class space    used 5091K, capacity 5233K, committed 5248K, reserved 1048576K
Event: 480.115 GC heap after
Heap after GC invocations=64 (full 5):
 PSYoungGen      total 239104K, used 4401K [0x000000066b180000, 0x000000067b180000, 0x00000007c0000000)
  eden space 234496K, 0% used [0x000000066b180000,0x000000066b180000,0x0000000679680000)
  from space 4608K, 95% used [0x0000000679a80000,0x0000000679ecc730,0x0000000679f00000)
  to   space 13824K, 0% used [0x000000067a400000,0x000000067a400000,0x000000067b180000)
 ParOldGen       total 418304K, used 180485K [0x00000003c1400000, 0x00000003dac80000, 0x000000066b180000)
  object space 418304K, 43% used [0x00000003c1400000,0x00000003cc4416e8,0x00000003dac80000)
 Metaspace       used 44419K, capacity 44921K, committed 45184K, reserved 1089536K
  class space    used 5091K, capacity 5233K, committed 5248K, reserved 1048576K
}
Event: 485.511 GC heap before
{Heap before GC invocations=65 (full 5):
 PSYoungGen      total 239104K, used 238897K [0x000000066b180000, 0x000000067b180000, 0x00000007c0000000)
  eden space 234496K, 100% used [0x000000066b180000,0x0000000679680000,0x0000000679680000)
  from space 4608K, 95% used [0x0000000679a80000,0x0000000679ecc730,0x0000000679f00000)
  to   space 13824K, 0% used [0x000000067a400000,0x000000067a400000,0x000000067b180000)
 ParOldGen       total 418304K, used 180485K [0x00000003c1400000, 0x00000003dac80000, 0x000000066b180000)
  object space 418304K, 43% used [0x00000003c1400000,0x00000003cc4416e8,0x00000003dac80000)
 Metaspace       used 44422K, capacity 44921K, committed 45184K, reserved 1089536K
  class space    used 5091K, capacity 5233K, committed 5248K, reserved 1048576K
Event: 485.513 GC heap after
Heap after GC invocations=65 (full 5):
 PSYoungGen      total 239104K, used 5058K [0x000000066b180000, 0x000000067ac80000, 0x00000007c0000000)
  eden space 230400K, 0% used [0x000000066b180000,0x000000066b180000,0x0000000679280000)
  from space 8704K, 58% used [0x000000067a400000,0x000000067a8f0b18,0x000000067ac80000)
  to   space 13312K, 0% used [0x0000000679280000,0x0000000679280000,0x0000000679f80000)
 ParOldGen       total 418304K, used 180581K [0x00000003c1400000, 0x00000003dac80000, 0x000000066b180000)
  object space 418304K, 43% used [0x00000003c1400000,0x00000003cc4596e8,0x00000003dac80000)
 Metaspace       used 44422K, capacity 44921K, committed 45184K, reserved 1089536K
  class space    used 5091K, capacity 5233K, committed 5248K, reserved 1048576K
}
Event: 490.761 GC heap before
{Heap before GC invocations=66 (full 5):
 PSYoungGen      total 239104K, used 235458K [0x000000066b180000, 0x000000067ac80000, 0x00000007c0000000)
  eden space 230400K, 100% used [0x000000066b180000,0x0000000679280000,0x0000000679280000)
  from space 8704K, 58% used [0x000000067a400000,0x000000067a8f0b18,0x000000067ac80000)
  to   space 13312K, 0% used [0x0000000679280000,0x0000000679280000,0x0000000679f80000)
 ParOldGen       total 418304K, used 180581K [0x00000003c1400000, 0x00000003dac80000, 0x000000066b180000)
  object space 418304K, 43% used [0x00000003c1400000,0x00000003cc4596e8,0x00000003dac80000)
 Metaspace       used 44422K, capacity 44921K, committed 45184K, reserved 1089536K
  class space    used 5091K, capacity 5233K, committed 5248K, reserved 1048576K
Event: 490.763 GC heap after
Heap after GC invocations=66 (full 5):
 PSYoungGen      total 232448K, used 5980K [0x000000066b180000, 0x000000067a680000, 0x00000007c0000000)
  eden space 226304K, 0% used [0x000000066b180000,0x000000066b180000,0x0000000678e80000)
  from space 6144K, 97% used [0x0000000679280000,0x0000000679857070,0x0000000679880000)
  to   space 12288K, 0% used [0x0000000679a80000,0x0000000679a80000,0x000000067a680000)
 ParOldGen       total 418304K, used 180785K [0x00000003c1400000, 0x00000003dac80000, 0x000000066b180000)
  object space 418304K, 43% used [0x00000003c1400000,0x00000003cc48c778,0x00000003dac80000)
 Metaspace       used 44422K, capacity 44921K, committed 45184K, reserved 1089536K
  class space    used 5091K, capacity 5233K, committed 5248K, reserved 1048576K
}
Event: 495.920 GC heap before
{Heap before GC invocations=67 (full 5):
 PSYoungGen      total 232448K, used 232284K [0x000000066b180000, 0x000000067a680000, 0x00000007c0000000)
  eden space 226304K, 100% used [0x000000066b180000,0x0000000678e80000,0x0000000678e80000)
  from space 6144K, 97% used [0x0000000679280000,0x0000000679857070,0x0000000679880000)
  to   space 12288K, 0% used [0x0000000679a80000,0x0000000679a80000,0x000000067a680000)
 ParOldGen       total 418304K, used 180785K [0x00000003c1400000, 0x00000003dac80000, 0x000000066b180000)
  object space 418304K, 43% used [0x00000003c1400000,0x00000003cc48c778,0x00000003dac80000)
 Metaspace       used 44422K, capacity 44921K, committed 45184K, reserved 1089536K
  class space    used 5091K, capacity 5233K, committed 5248K, reserved 1048576K
Event: 495.923 GC heap after
Heap after GC invocations=67 (full 5):
 PSYoungGen      total 229376K, used 6232K [0x000000066b180000, 0x000000067a180000, 0x00000007c0000000)
  eden space 222208K, 0% used [0x000000066b180000,0x000000066b180000,0x0000000678a80000)
  from space 7168K, 86% used [0x0000000679a80000,0x000000067a096028,0x000000067a180000)
  to   space 11776K, 0% used [0x0000000678a80000,0x0000000678a80000,0x0000000679600000)
 ParOldGen       total 418304K, used 180845K [0x00000003c1400000, 0x00000003dac80000, 0x000000066b180000)
  object space 418304K, 43% used [0x00000003c1400000,0x00000003cc49b7c8,0x00000003dac80000)
 Metaspace       used 44422K, capacity 44921K, committed 45184K, reserved 1089536K
  class space    used 5091K, capacity 5233K, committed 5248K, reserved 1048576K
}

