# JRE version: Java(TM) SE Runtime Environment (8.0_471) (build 1.8.0_471-b09)
# Java VM: Java HotSpot(TM) 64-Bit Server VM (25.471-b09 mixed mode windows-amd64 compressed oops)
Heap:
 PSYoungGen      total 663552K, used 511591K [0x000000066b180000, 0x00000006aa980000, 0x00000007c0000000)
  eden space 576512K, 80% used [0x000000066b180000,0x00000006874daf70,0x000000068e480000)
  from space 87040K, 56% used [0x0000000693900000,0x000000069693ef78,0x0000000698e00000)
  to   space 86528K, 0% used [0x000000068e480000,0x000000068e480000,0x0000000693900000)
 ParOldGen       total 409600K, used 116815K [0x00000003c1400000, 0x00000003da400000, 0x000000066b180000)
  object space 409600K, 28% used [0x00000003c1400000,0x00000003c8613c98,0x00000003da400000)
 Metaspace       used 43184K, capacity 43683K, committed 44160K, reserved 1087488K
  class space    used 4992K, capacity 5126K, committed 5248K, reserved 1048576K
GC Heap History (10 events):
Event: 27.153 GC heap before
{Heap before GC invocations=13 (full 3):
 PSYoungGen      total 600064K, used 1920K [0x000000066b180000, 0x0000000698200000, 0x00000007c0000000)
  eden space 576000K, 0% used [0x000000066b180000,0x000000066b360010,0x000000068e400000)
  from space 24064K, 0% used [0x000000068e400000,0x000000068e400000,0x000000068fb80000)
  to   space 80896K, 0% used [0x0000000693300000,0x0000000693300000,0x0000000698200000)
 ParOldGen       total 409600K, used 64644K [0x00000003c1400000, 0x00000003da400000, 0x000000066b180000)
  object space 409600K, 15% used [0x00000003c1400000,0x00000003c5321248,0x00000003da400000)
 Metaspace       used 31413K, capacity 31739K, committed 32128K, reserved 1077248K
  class space    used 3785K, capacity 3900K, committed 3968K, reserved 1048576K
Event: 27.155 GC heap after
Heap after GC invocations=13 (full 3):
 PSYoungGen      total 654848K, used 0K [0x000000066b180000, 0x0000000698600000, 0x00000007c0000000)
  eden space 573952K, 0% used [0x000000066b180000,0x000000066b180000,0x000000068e200000)
  from space 80896K, 0% used [0x0000000693300000,0x0000000693300000,0x0000000698200000)
  to   space 82944K, 0% used [0x000000068e200000,0x000000068e200000,0x0000000693300000)
 ParOldGen       total 409600K, used 64644K [0x00000003c1400000, 0x00000003da400000, 0x000000066b180000)
  object space 409600K, 15% used [0x00000003c1400000,0x00000003c5321248,0x00000003da400000)
 Metaspace       used 31413K, capacity 31739K, committed 32128K, reserved 1077248K
  class space    used 3785K, capacity 3900K, committed 3968K, reserved 1048576K
}
Event: 27.155 GC heap before
{Heap before GC invocations=14 (full 4):
 PSYoungGen      total 654848K, used 0K [0x000000066b180000, 0x0000000698600000, 0x00000007c0000000)
  eden space 573952K, 0% used [0x000000066b180000,0x000000066b180000,0x000000068e200000)
  from space 80896K, 0% used [0x0000000693300000,0x0000000693300000,0x0000000698200000)
  to   space 82944K, 0% used [0x000000068e200000,0x000000068e200000,0x0000000693300000)
 ParOldGen       total 409600K, used 64644K [0x00000003c1400000, 0x00000003da400000, 0x000000066b180000)
  object space 409600K, 15% used [0x00000003c1400000,0x00000003c5321248,0x00000003da400000)
 Metaspace       used 31413K, capacity 31739K, committed 32128K, reserved 1077248K
  class space    used 3785K, capacity 3900K, committed 3968K, reserved 1048576K
Event: 27.181 GC heap after
Heap after GC invocations=14 (full 4):
 PSYoungGen      total 654848K, used 0K [0x000000066b180000, 0x0000000698600000, 0x00000007c0000000)
  eden space 573952K, 0% used [0x000000066b180000,0x000000066b180000,0x000000068e200000)
  from space 80896K, 0% used [0x0000000693300000,0x0000000693300000,0x0000000698200000)
  to   space 82944K, 0% used [0x000000068e200000,0x000000068e200000,0x0000000693300000)
 ParOldGen       total 409600K, used 64644K [0x00000003c1400000, 0x00000003da400000, 0x000000066b180000)
  object space 409600K, 15% used [0x00000003c1400000,0x00000003c5321210,0x00000003da400000)
 Metaspace       used 31413K, capacity 31739K, committed 32128K, reserved 1077248K
  class space    used 3785K, capacity 3900K, committed 3968K, reserved 1048576K
}
Event: 28.710 GC heap before
{Heap before GC invocations=15 (full 4):
 PSYoungGen      total 654848K, used 404862K [0x000000066b180000, 0x0000000698600000, 0x00000007c0000000)
  eden space 573952K, 70% used [0x000000066b180000,0x0000000683cdf838,0x000000068e200000)
  from space 80896K, 0% used [0x0000000693300000,0x0000000693300000,0x0000000698200000)
  to   space 82944K, 0% used [0x000000068e200000,0x000000068e200000,0x0000000693300000)
 ParOldGen       total 409600K, used 64644K [0x00000003c1400000, 0x00000003da400000, 0x000000066b180000)
  object space 409600K, 15% used [0x00000003c1400000,0x00000003c5321210,0x00000003da400000)
 Metaspace       used 36674K, capacity 37143K, committed 37376K, reserved 1081344K
  class space    used 4371K, capacity 4518K, committed 4608K, reserved 1048576K
Event: 28.721 GC heap after
Heap after GC invocations=15 (full 4):
 PSYoungGen      total 656896K, used 57457K [0x000000066b180000, 0x0000000698e00000, 0x00000007c0000000)
  eden space 573952K, 0% used [0x000000066b180000,0x000000066b180000,0x000000068e200000)
  from space 82944K, 69% used [0x000000068e200000,0x0000000691a1c4f0,0x0000000693300000)
  to   space 87040K, 0% used [0x0000000693900000,0x0000000693900000,0x0000000698e00000)
 ParOldGen       total 409600K, used 64652K [0x00000003c1400000, 0x00000003da400000, 0x000000066b180000)
  object space 409600K, 15% used [0x00000003c1400000,0x00000003c5323210,0x00000003da400000)
 Metaspace       used 36674K, capacity 37143K, committed 37376K, reserved 1081344K
  class space    used 4371K, capacity 4518K, committed 4608K, reserved 1048576K
}
Event: 28.721 GC heap before
{Heap before GC invocations=16 (full 5):
 PSYoungGen      total 656896K, used 57457K [0x000000066b180000, 0x0000000698e00000, 0x00000007c0000000)
  eden space 573952K, 0% used [0x000000066b180000,0x000000066b180000,0x000000068e200000)
  from space 82944K, 69% used [0x000000068e200000,0x0000000691a1c4f0,0x0000000693300000)
  to   space 87040K, 0% used [0x0000000693900000,0x0000000693900000,0x0000000698e00000)
 ParOldGen       total 409600K, used 64652K [0x00000003c1400000, 0x00000003da400000, 0x000000066b180000)
  object space 409600K, 15% used [0x00000003c1400000,0x00000003c5323210,0x00000003da400000)
 Metaspace       used 36674K, capacity 37143K, committed 37376K, reserved 1081344K
  class space    used 4371K, capacity 4518K, committed 4608K, reserved 1048576K
Event: 28.809 GC heap after
Heap after GC invocations=16 (full 5):
 PSYoungGen      total 656896K, used 0K [0x000000066b180000, 0x0000000698e00000, 0x00000007c0000000)
  eden space 573952K, 0% used [0x000000066b180000,0x000000066b180000,0x000000068e200000)
  from space 82944K, 0% used [0x000000068e200000,0x000000068e200000,0x0000000693300000)
  to   space 87040K, 0% used [0x0000000693900000,0x0000000693900000,0x0000000698e00000)
 ParOldGen       total 409600K, used 116799K [0x00000003c1400000, 0x00000003da400000, 0x000000066b180000)
  object space 409600K, 28% used [0x00000003c1400000,0x00000003c860fc98,0x00000003da400000)
 Metaspace       used 36674K, capacity 37143K, committed 37376K, reserved 1081344K
  class space    used 4371K, capacity 4518K, committed 4608K, reserved 1048576K
}
Event: 36.593 GC heap before
{Heap before GC invocations=17 (full 5):
 PSYoungGen      total 656896K, used 573952K [0x000000066b180000, 0x0000000698e00000, 0x00000007c0000000)
  eden space 573952K, 100% used [0x000000066b180000,0x000000068e200000,0x000000068e200000)
  from space 82944K, 0% used [0x000000068e200000,0x000000068e200000,0x0000000693300000)
  to   space 87040K, 0% used [0x0000000693900000,0x0000000693900000,0x0000000698e00000)
 ParOldGen       total 409600K, used 116799K [0x00000003c1400000, 0x00000003da400000, 0x000000066b180000)
  object space 409600K, 28% used [0x00000003c1400000,0x00000003c860fc98,0x00000003da400000)
 Metaspace       used 42847K, capacity 43331K, committed 43776K, reserved 1087488K
  class space    used 4973K, capacity 5094K, committed 5120K, reserved 1048576K
Event: 36.600 GC heap after
Heap after GC invocations=17 (full 5):
 PSYoungGen      total 663552K, used 49403K [0x000000066b180000, 0x00000006aa980000, 0x00000007c0000000)
  eden space 576512K, 0% used [0x000000066b180000,0x000000066b180000,0x000000068e480000)
  from space 87040K, 56% used [0x0000000693900000,0x000000069693ef78,0x0000000698e00000)
  to   space 86528K, 0% used [0x000000068e480000,0x000000068e480000,0x0000000693900000)
 ParOldGen       total 409600K, used 116815K [0x00000003c1400000, 0x00000003da400000, 0x000000066b180000)
  object space 409600K, 28% used [0x00000003c1400000,0x00000003c8613c98,0x00000003da400000)
 Metaspace       used 42847K, capacity 43331K, committed 43776K, reserved 1087488K
  class space    used 4973K, capacity 5094K, committed 5120K, reserved 1048576K
}

