# JRE version: Java(TM) SE Runtime Environment (8.0_471) (build 1.8.0_471-b09)
# Java VM: Java HotSpot(TM) 64-Bit Server VM (25.471-b09 mixed mode windows-amd64 compressed oops)
Heap:
 PSYoungGen      total 646656K, used 309460K [0x000000066b180000, 0x0000000698980000, 0x00000007c0000000)
  eden space 573440K, 46% used [0x000000066b180000,0x000000067b39a008,0x000000068e180000)
  from space 73216K, 61% used [0x0000000694200000,0x0000000696e1b0c8,0x0000000698980000)
  to   space 86016K, 0% used [0x000000068e180000,0x000000068e180000,0x0000000693580000)
 ParOldGen       total 416256K, used 80059K [0x00000003c1400000, 0x00000003daa80000, 0x000000066b180000)
  object space 416256K, 19% used [0x00000003c1400000,0x00000003c622eed8,0x00000003daa80000)
 Metaspace       used 31328K, capacity 31675K, committed 32128K, reserved 1077248K
  class space    used 3776K, capacity 3900K, committed 3968K, reserved 1048576K
GC Heap History (10 events):
Event: 4.727 GC heap before
{Heap before GC invocations=6 (full 2):
 PSYoungGen      total 305664K, used 262144K [0x000000066b180000, 0x0000000680680000, 0x00000007c0000000)
  eden space 262144K, 100% used [0x000000066b180000,0x000000067b180000,0x000000067b180000)
  from space 43520K, 0% used [0x000000067b180000,0x000000067b180000,0x000000067dc00000)
  to   space 43520K, 0% used [0x000000067dc00000,0x000000067dc00000,0x0000000680680000)
 ParOldGen       total 416256K, used 28367K [0x00000003c1400000, 0x00000003daa80000, 0x000000066b180000)
  object space 416256K, 6% used [0x00000003c1400000,0x00000003c2fb3f00,0x00000003daa80000)
 Metaspace       used 25319K, capacity 25523K, committed 25728K, reserved 1071104K
  class space    used 3104K, capacity 3178K, committed 3200K, reserved 1048576K
Event: 4.734 GC heap after
Heap after GC invocations=6 (full 2):
 PSYoungGen      total 305664K, used 25048K [0x000000066b180000, 0x0000000688000000, 0x00000007c0000000)
  eden space 262144K, 0% used [0x000000066b180000,0x000000066b180000,0x000000067b180000)
  from space 43520K, 57% used [0x000000067dc00000,0x000000067f476310,0x0000000680680000)
  to   space 43520K, 0% used [0x000000067b180000,0x000000067b180000,0x000000067dc00000)
 ParOldGen       total 416256K, used 28375K [0x00000003c1400000, 0x00000003daa80000, 0x000000066b180000)
  object space 416256K, 6% used [0x00000003c1400000,0x00000003c2fb5f00,0x00000003daa80000)
 Metaspace       used 25319K, capacity 25523K, committed 25728K, reserved 1071104K
  class space    used 3104K, capacity 3178K, committed 3200K, reserved 1048576K
}
Event: 6.278 GC heap before
{Heap before GC invocations=7 (full 2):
 PSYoungGen      total 305664K, used 287192K [0x000000066b180000, 0x0000000688000000, 0x00000007c0000000)
  eden space 262144K, 100% used [0x000000066b180000,0x000000067b180000,0x000000067b180000)
  from space 43520K, 57% used [0x000000067dc00000,0x000000067f476310,0x0000000680680000)
  to   space 43520K, 0% used [0x000000067b180000,0x000000067b180000,0x000000067dc00000)
 ParOldGen       total 416256K, used 28375K [0x00000003c1400000, 0x00000003daa80000, 0x000000066b180000)
  object space 416256K, 6% used [0x00000003c1400000,0x00000003c2fb5f00,0x00000003daa80000)
 Metaspace       used 25341K, capacity 25523K, committed 25728K, reserved 1071104K
  class space    used 3104K, capacity 3178K, committed 3200K, reserved 1048576K
Event: 6.300 GC heap after
Heap after GC invocations=7 (full 2):
 PSYoungGen      total 305664K, used 43493K [0x000000066b180000, 0x0000000688f00000, 0x00000007c0000000)
  eden space 262144K, 0% used [0x000000066b180000,0x000000066b180000,0x000000067b180000)
  from space 43520K, 99% used [0x000000067b180000,0x000000067dbf9720,0x000000067dc00000)
  to   space 43520K, 0% used [0x0000000686480000,0x0000000686480000,0x0000000688f00000)
 ParOldGen       total 416256K, used 47646K [0x00000003c1400000, 0x00000003daa80000, 0x000000066b180000)
  object space 416256K, 11% used [0x00000003c1400000,0x00000003c4287800,0x00000003daa80000)
 Metaspace       used 25341K, capacity 25523K, committed 25728K, reserved 1071104K
  class space    used 3104K, capacity 3178K, committed 3200K, reserved 1048576K
}
Event: 7.278 GC heap before
{Heap before GC invocations=8 (full 2):
 PSYoungGen      total 305664K, used 305637K [0x000000066b180000, 0x0000000688f00000, 0x00000007c0000000)
  eden space 262144K, 100% used [0x000000066b180000,0x000000067b180000,0x000000067b180000)
  from space 43520K, 99% used [0x000000067b180000,0x000000067dbf9720,0x000000067dc00000)
  to   space 43520K, 0% used [0x0000000686480000,0x0000000686480000,0x0000000688f00000)
 ParOldGen       total 416256K, used 47646K [0x00000003c1400000, 0x00000003daa80000, 0x000000066b180000)
  object space 416256K, 11% used [0x00000003c1400000,0x00000003c4287800,0x00000003daa80000)
 Metaspace       used 25448K, capacity 25715K, committed 25984K, reserved 1073152K
  class space    used 3104K, capacity 3178K, committed 3200K, reserved 1048576K
Event: 7.304 GC heap after
Heap after GC invocations=8 (full 2):
 PSYoungGen      total 404992K, used 43492K [0x000000066b180000, 0x000000068f800000, 0x00000007c0000000)
  eden space 361472K, 0% used [0x000000066b180000,0x000000066b180000,0x0000000681280000)
  from space 43520K, 99% used [0x0000000686480000,0x0000000688ef9278,0x0000000688f00000)
  to   space 83968K, 0% used [0x0000000681280000,0x0000000681280000,0x0000000686480000)
 ParOldGen       total 416256K, used 80043K [0x00000003c1400000, 0x00000003daa80000, 0x000000066b180000)
  object space 416256K, 19% used [0x00000003c1400000,0x00000003c622aed8,0x00000003daa80000)
 Metaspace       used 25448K, capacity 25715K, committed 25984K, reserved 1073152K
  class space    used 3104K, capacity 3178K, committed 3200K, reserved 1048576K
}
Event: 9.362 GC heap before
{Heap before GC invocations=9 (full 2):
 PSYoungGen      total 404992K, used 404960K [0x000000066b180000, 0x000000068f800000, 0x00000007c0000000)
  eden space 361472K, 99% used [0x000000066b180000,0x000000068127eea0,0x0000000681280000)
  from space 43520K, 99% used [0x0000000686480000,0x0000000688ef9278,0x0000000688f00000)
  to   space 83968K, 0% used [0x0000000681280000,0x0000000681280000,0x0000000686480000)
 ParOldGen       total 416256K, used 80043K [0x00000003c1400000, 0x00000003daa80000, 0x000000066b180000)
  object space 416256K, 19% used [0x00000003c1400000,0x00000003c622aed8,0x00000003daa80000)
 Metaspace       used 29042K, capacity 29347K, committed 29824K, reserved 1075200K
  class space    used 3554K, capacity 3638K, committed 3712K, reserved 1048576K
Event: 9.379 GC heap after
Heap after GC invocations=9 (full 2):
 PSYoungGen      total 445440K, used 61228K [0x000000066b180000, 0x0000000699980000, 0x00000007c0000000)
  eden space 361472K, 0% used [0x000000066b180000,0x000000066b180000,0x0000000681280000)
  from space 83968K, 72% used [0x0000000681280000,0x0000000684e4b330,0x0000000686480000)
  to   space 89600K, 0% used [0x0000000694200000,0x0000000694200000,0x0000000699980000)
 ParOldGen       total 416256K, used 80051K [0x00000003c1400000, 0x00000003daa80000, 0x000000066b180000)
  object space 416256K, 19% used [0x00000003c1400000,0x00000003c622ced8,0x00000003daa80000)
 Metaspace       used 29042K, capacity 29347K, committed 29824K, reserved 1075200K
  class space    used 3554K, capacity 3638K, committed 3712K, reserved 1048576K
}
Event: 10.728 GC heap before
{Heap before GC invocations=10 (full 2):
 PSYoungGen      total 445440K, used 422700K [0x000000066b180000, 0x0000000699980000, 0x00000007c0000000)
  eden space 361472K, 100% used [0x000000066b180000,0x0000000681280000,0x0000000681280000)
  from space 83968K, 72% used [0x0000000681280000,0x0000000684e4b330,0x0000000686480000)
  to   space 89600K, 0% used [0x0000000694200000,0x0000000694200000,0x0000000699980000)
 ParOldGen       total 416256K, used 80051K [0x00000003c1400000, 0x00000003daa80000, 0x000000066b180000)
  object space 416256K, 19% used [0x00000003c1400000,0x00000003c622ced8,0x00000003daa80000)
 Metaspace       used 30625K, capacity 30901K, committed 31232K, reserved 1077248K
  class space    used 3735K, capacity 3835K, committed 3840K, reserved 1048576K
Event: 10.737 GC heap after
Heap after GC invocations=10 (full 2):
 PSYoungGen      total 646656K, used 45164K [0x000000066b180000, 0x0000000698980000, 0x00000007c0000000)
  eden space 573440K, 0% used [0x000000066b180000,0x000000066b180000,0x000000068e180000)
  from space 73216K, 61% used [0x0000000694200000,0x0000000696e1b0c8,0x0000000698980000)
  to   space 86016K, 0% used [0x000000068e180000,0x000000068e180000,0x0000000693580000)
 ParOldGen       total 416256K, used 80059K [0x00000003c1400000, 0x00000003daa80000, 0x000000066b180000)
  object space 416256K, 19% used [0x00000003c1400000,0x00000003c622eed8,0x00000003daa80000)
 Metaspace       used 30625K, capacity 30901K, committed 31232K, reserved 1077248K
  class space    used 3735K, capacity 3835K, committed 3840K, reserved 1048576K
}

