# JRE version: Java(TM) SE Runtime Environment (8.0_471) (build 1.8.0_471-b09)
# Java VM: Java HotSpot(TM) 64-Bit Server VM (25.471-b09 mixed mode windows-amd64 compressed oops)
Heap:
 PSYoungGen      total 69632K, used 59712K [0x000000066b180000, 0x000000066f680000, 0x00000007c0000000)
  eden space 68608K, 86% used [0x000000066b180000,0x000000066eb38200,0x000000066f480000)
  from space 1024K, 59% used [0x000000066f500000,0x000000066f598000,0x000000066f600000)
  to   space 512K, 0% used [0x000000066f600000,0x000000066f600000,0x000000066f680000)
 ParOldGen       total 425984K, used 241198K [0x00000003c1400000, 0x00000003db400000, 0x000000066b180000)
  object space 425984K, 56% used [0x00000003c1400000,0x00000003cff8b9a0,0x00000003db400000)
 Metaspace       used 44455K, capacity 44873K, committed 45184K, reserved 1089536K
  class space    used 5094K, capacity 5225K, committed 5248K, reserved 1048576K
GC Heap History (10 events):
Event: 619.673 GC heap before
{Heap before GC invocations=322 (full 5):
 PSYoungGen      total 69632K, used 69344K [0x000000066b180000, 0x000000066f700000, 0x00000007c0000000)
  eden space 68608K, 100% used [0x000000066b180000,0x000000066f480000,0x000000066f480000)
  from space 1024K, 71% used [0x000000066f600000,0x000000066f6b8000,0x000000066f700000)
  to   space 1024K, 0% used [0x000000066f500000,0x000000066f500000,0x000000066f600000)
 ParOldGen       total 425984K, used 240810K [0x00000003c1400000, 0x00000003db400000, 0x000000066b180000)
  object space 425984K, 56% used [0x00000003c1400000,0x00000003cff2a910,0x00000003db400000)
 Metaspace       used 44414K, capacity 44873K, committed 45184K, reserved 1089536K
  class space    used 5085K, capacity 5225K, committed 5248K, reserved 1048576K
Event: 619.675 GC heap after
Heap after GC invocations=322 (full 5):
 PSYoungGen      total 69632K, used 544K [0x000000066b180000, 0x000000066f780000, 0x00000007c0000000)
  eden space 68608K, 0% used [0x000000066b180000,0x000000066b180000,0x000000066f480000)
  from space 1024K, 53% used [0x000000066f500000,0x000000066f588000,0x000000066f600000)
  to   space 1536K, 0% used [0x000000066f600000,0x000000066f600000,0x000000066f780000)
 ParOldGen       total 425984K, used 240978K [0x00000003c1400000, 0x00000003db400000, 0x000000066b180000)
  object space 425984K, 56% used [0x00000003c1400000,0x00000003cff54970,0x00000003db400000)
 Metaspace       used 44414K, capacity 44873K, committed 45184K, reserved 1089536K
  class space    used 5085K, capacity 5225K, committed 5248K, reserved 1048576K
}
Event: 620.270 GC heap before
{Heap before GC invocations=323 (full 5):
 PSYoungGen      total 69632K, used 69152K [0x000000066b180000, 0x000000066f780000, 0x00000007c0000000)
  eden space 68608K, 100% used [0x000000066b180000,0x000000066f480000,0x000000066f480000)
  from space 1024K, 53% used [0x000000066f500000,0x000000066f588000,0x000000066f600000)
  to   space 1536K, 0% used [0x000000066f600000,0x000000066f600000,0x000000066f780000)
 ParOldGen       total 425984K, used 240978K [0x00000003c1400000, 0x00000003db400000, 0x000000066b180000)
  object space 425984K, 56% used [0x00000003c1400000,0x00000003cff54970,0x00000003db400000)
 Metaspace       used 44414K, capacity 44873K, committed 45184K, reserved 1089536K
  class space    used 5085K, capacity 5225K, committed 5248K, reserved 1048576K
Event: 620.271 GC heap after
Heap after GC invocations=323 (full 5):
 PSYoungGen      total 70144K, used 608K [0x000000066b180000, 0x000000066f780000, 0x00000007c0000000)
  eden space 68608K, 0% used [0x000000066b180000,0x000000066b180000,0x000000066f480000)
  from space 1536K, 39% used [0x000000066f600000,0x000000066f698000,0x000000066f780000)
  to   space 1536K, 0% used [0x000000066f480000,0x000000066f480000,0x000000066f600000)
 ParOldGen       total 425984K, used 241114K [0x00000003c1400000, 0x00000003db400000, 0x000000066b180000)
  object space 425984K, 56% used [0x00000003c1400000,0x00000003cff76970,0x00000003db400000)
 Metaspace       used 44414K, capacity 44873K, committed 45184K, reserved 1089536K
  class space    used 5085K, capacity 5225K, committed 5248K, reserved 1048576K
}
Event: 620.864 GC heap before
{Heap before GC invocations=324 (full 5):
 PSYoungGen      total 70144K, used 69216K [0x000000066b180000, 0x000000066f780000, 0x00000007c0000000)
  eden space 68608K, 100% used [0x000000066b180000,0x000000066f480000,0x000000066f480000)
  from space 1536K, 39% used [0x000000066f600000,0x000000066f698000,0x000000066f780000)
  to   space 1536K, 0% used [0x000000066f480000,0x000000066f480000,0x000000066f600000)
 ParOldGen       total 425984K, used 241114K [0x00000003c1400000, 0x00000003db400000, 0x000000066b180000)
  object space 425984K, 56% used [0x00000003c1400000,0x00000003cff76970,0x00000003db400000)
 Metaspace       used 44414K, capacity 44873K, committed 45184K, reserved 1089536K
  class space    used 5085K, capacity 5225K, committed 5248K, reserved 1048576K
Event: 620.865 GC heap after
Heap after GC invocations=324 (full 5):
 PSYoungGen      total 70144K, used 608K [0x000000066b180000, 0x000000066f780000, 0x00000007c0000000)
  eden space 68608K, 0% used [0x000000066b180000,0x000000066b180000,0x000000066f480000)
  from space 1536K, 39% used [0x000000066f480000,0x000000066f518000,0x000000066f600000)
  to   space 1536K, 0% used [0x000000066f600000,0x000000066f600000,0x000000066f780000)
 ParOldGen       total 425984K, used 241130K [0x00000003c1400000, 0x00000003db400000, 0x000000066b180000)
  object space 425984K, 56% used [0x00000003c1400000,0x00000003cff7a970,0x00000003db400000)
 Metaspace       used 44414K, capacity 44873K, committed 45184K, reserved 1089536K
  class space    used 5085K, capacity 5225K, committed 5248K, reserved 1048576K
}
Event: 621.456 GC heap before
{Heap before GC invocations=325 (full 5):
 PSYoungGen      total 70144K, used 69216K [0x000000066b180000, 0x000000066f780000, 0x00000007c0000000)
  eden space 68608K, 100% used [0x000000066b180000,0x000000066f480000,0x000000066f480000)
  from space 1536K, 39% used [0x000000066f480000,0x000000066f518000,0x000000066f600000)
  to   space 1536K, 0% used [0x000000066f600000,0x000000066f600000,0x000000066f780000)
 ParOldGen       total 425984K, used 241130K [0x00000003c1400000, 0x00000003db400000, 0x000000066b180000)
  object space 425984K, 56% used [0x00000003c1400000,0x00000003cff7a970,0x00000003db400000)
 Metaspace       used 44414K, capacity 44873K, committed 45184K, reserved 1089536K
  class space    used 5085K, capacity 5225K, committed 5248K, reserved 1048576K
Event: 621.458 GC heap after
Heap after GC invocations=325 (full 5):
 PSYoungGen      total 69632K, used 672K [0x000000066b180000, 0x000000066f700000, 0x00000007c0000000)
  eden space 68608K, 0% used [0x000000066b180000,0x000000066b180000,0x000000066f480000)
  from space 1024K, 65% used [0x000000066f600000,0x000000066f6a8000,0x000000066f700000)
  to   space 1024K, 0% used [0x000000066f500000,0x000000066f500000,0x000000066f600000)
 ParOldGen       total 425984K, used 241182K [0x00000003c1400000, 0x00000003db400000, 0x000000066b180000)
  object space 425984K, 56% used [0x00000003c1400000,0x00000003cff879a0,0x00000003db400000)
 Metaspace       used 44414K, capacity 44873K, committed 45184K, reserved 1089536K
  class space    used 5085K, capacity 5225K, committed 5248K, reserved 1048576K
}
Event: 622.057 GC heap before
{Heap before GC invocations=326 (full 5):
 PSYoungGen      total 69632K, used 69280K [0x000000066b180000, 0x000000066f700000, 0x00000007c0000000)
  eden space 68608K, 100% used [0x000000066b180000,0x000000066f480000,0x000000066f480000)
  from space 1024K, 65% used [0x000000066f600000,0x000000066f6a8000,0x000000066f700000)
  to   space 1024K, 0% used [0x000000066f500000,0x000000066f500000,0x000000066f600000)
 ParOldGen       total 425984K, used 241182K [0x00000003c1400000, 0x00000003db400000, 0x000000066b180000)
  object space 425984K, 56% used [0x00000003c1400000,0x00000003cff879a0,0x00000003db400000)
 Metaspace       used 44414K, capacity 44873K, committed 45184K, reserved 1089536K
  class space    used 5085K, capacity 5225K, committed 5248K, reserved 1048576K
Event: 622.058 GC heap after
Heap after GC invocations=326 (full 5):
 PSYoungGen      total 69632K, used 608K [0x000000066b180000, 0x000000066f680000, 0x00000007c0000000)
  eden space 68608K, 0% used [0x000000066b180000,0x000000066b180000,0x000000066f480000)
  from space 1024K, 59% used [0x000000066f500000,0x000000066f598000,0x000000066f600000)
  to   space 512K, 0% used [0x000000066f600000,0x000000066f600000,0x000000066f680000)
 ParOldGen       total 425984K, used 241198K [0x00000003c1400000, 0x00000003db400000, 0x000000066b180000)
  object space 425984K, 56% used [0x00000003c1400000,0x00000003cff8b9a0,0x00000003db400000)
 Metaspace       used 44414K, capacity 44873K, committed 45184K, reserved 1089536K
  class space    used 5085K, capacity 5225K, committed 5248K, reserved 1048576K
}

