# JRE version: Java(TM) SE Runtime Environment (8.0_471) (build 1.8.0_471-b09)
# Java VM: Java HotSpot(TM) 64-Bit Server VM (25.471-b09 mixed mode windows-amd64 compressed oops)
Heap:
 PSYoungGen      total 437248K, used 248299K [0x000000066b180000, 0x000000068ce80000, 0x00000007c0000000)
  eden space 427008K, 55% used [0x000000066b180000,0x0000000679a11590,0x0000000685280000)
  from space 10240K, 99% used [0x0000000685d80000,0x00000006867698c8,0x0000000686780000)
  to   space 63488K, 0% used [0x0000000689080000,0x0000000689080000,0x000000068ce80000)
 ParOldGen       total 420352K, used 169999K [0x00000003c1400000, 0x00000003dae80000, 0x000000066b180000)
  object space 420352K, 40% used [0x00000003c1400000,0x00000003cba03fe8,0x00000003dae80000)
 Metaspace       used 44472K, capacity 44961K, committed 45440K, reserved 1089536K
  class space    used 5098K, capacity 5229K, committed 5248K, reserved 1048576K
GC Heap History (10 events):
Event: 116.848 GC heap before
{Heap before GC invocations=24 (full 5):
 PSYoungGen      total 500736K, used 497280K [0x000000066b180000, 0x0000000692a80000, 0x00000007c0000000)
  eden space 488448K, 100% used [0x000000066b180000,0x0000000688e80000,0x0000000688e80000)
  from space 12288K, 71% used [0x0000000691e80000,0x0000000692720290,0x0000000692a80000)
  to   space 79872K, 0% used [0x0000000688e80000,0x0000000688e80000,0x000000068dc80000)
 ParOldGen       total 420352K, used 169983K [0x00000003c1400000, 0x00000003dae80000, 0x000000066b180000)
  object space 420352K, 40% used [0x00000003c1400000,0x00000003cb9fffe8,0x00000003dae80000)
 Metaspace       used 44385K, capacity 44897K, committed 45184K, reserved 1089536K
  class space    used 5091K, capacity 5229K, committed 5248K, reserved 1048576K
Event: 116.851 GC heap after
Heap after GC invocations=24 (full 5):
 PSYoungGen      total 484864K, used 9631K [0x000000066b180000, 0x0000000691f00000, 0x00000007c0000000)
  eden space 475136K, 0% used [0x000000066b180000,0x000000066b180000,0x0000000688180000)
  from space 9728K, 99% used [0x0000000688e80000,0x00000006897e7cc8,0x0000000689800000)
  to   space 76288K, 0% used [0x000000068d480000,0x000000068d480000,0x0000000691f00000)
 ParOldGen       total 420352K, used 169991K [0x00000003c1400000, 0x00000003dae80000, 0x000000066b180000)
  object space 420352K, 40% used [0x00000003c1400000,0x00000003cba01fe8,0x00000003dae80000)
 Metaspace       used 44385K, capacity 44897K, committed 45184K, reserved 1089536K
  class space    used 5091K, capacity 5229K, committed 5248K, reserved 1048576K
}
Event: 122.606 GC heap before
{Heap before GC invocations=25 (full 5):
 PSYoungGen      total 484864K, used 484767K [0x000000066b180000, 0x0000000691f00000, 0x00000007c0000000)
  eden space 475136K, 100% used [0x000000066b180000,0x0000000688180000,0x0000000688180000)
  from space 9728K, 99% used [0x0000000688e80000,0x00000006897e7cc8,0x0000000689800000)
  to   space 76288K, 0% used [0x000000068d480000,0x000000068d480000,0x0000000691f00000)
 ParOldGen       total 420352K, used 169991K [0x00000003c1400000, 0x00000003dae80000, 0x000000066b180000)
  object space 420352K, 40% used [0x00000003c1400000,0x00000003cba01fe8,0x00000003dae80000)
 Metaspace       used 44411K, capacity 44897K, committed 45184K, reserved 1089536K
  class space    used 5091K, capacity 5229K, committed 5248K, reserved 1048576K
Event: 122.610 GC heap after
Heap after GC invocations=25 (full 5):
 PSYoungGen      total 510976K, used 9766K [0x000000066b180000, 0x0000000690400000, 0x00000007c0000000)
  eden space 462336K, 0% used [0x000000066b180000,0x000000066b180000,0x0000000687500000)
  from space 48640K, 20% used [0x000000068d480000,0x000000068de09910,0x0000000690400000)
  to   space 73216K, 0% used [0x0000000687500000,0x0000000687500000,0x000000068bc80000)
 ParOldGen       total 420352K, used 169991K [0x00000003c1400000, 0x00000003dae80000, 0x000000066b180000)
  object space 420352K, 40% used [0x00000003c1400000,0x00000003cba01fe8,0x00000003dae80000)
 Metaspace       used 44411K, capacity 44897K, committed 45184K, reserved 1089536K
  class space    used 5091K, capacity 5229K, committed 5248K, reserved 1048576K
}
Event: 127.012 GC heap before
{Heap before GC invocations=26 (full 5):
 PSYoungGen      total 510976K, used 472102K [0x000000066b180000, 0x0000000690400000, 0x00000007c0000000)
  eden space 462336K, 100% used [0x000000066b180000,0x0000000687500000,0x0000000687500000)
  from space 48640K, 20% used [0x000000068d480000,0x000000068de09910,0x0000000690400000)
  to   space 73216K, 0% used [0x0000000687500000,0x0000000687500000,0x000000068bc80000)
 ParOldGen       total 420352K, used 169991K [0x00000003c1400000, 0x00000003dae80000, 0x000000066b180000)
  object space 420352K, 40% used [0x00000003c1400000,0x00000003cba01fe8,0x00000003dae80000)
 Metaspace       used 44420K, capacity 44897K, committed 45184K, reserved 1089536K
  class space    used 5091K, capacity 5229K, committed 5248K, reserved 1048576K
Event: 127.015 GC heap after
Heap after GC invocations=26 (full 5):
 PSYoungGen      total 461824K, used 11398K [0x000000066b180000, 0x000000068f100000, 0x00000007c0000000)
  eden space 450048K, 0% used [0x000000066b180000,0x000000066b180000,0x0000000686900000)
  from space 11776K, 96% used [0x0000000687500000,0x00000006880219b8,0x0000000688080000)
  to   space 69632K, 0% used [0x000000068ad00000,0x000000068ad00000,0x000000068f100000)
 ParOldGen       total 420352K, used 169999K [0x00000003c1400000, 0x00000003dae80000, 0x000000066b180000)
  object space 420352K, 40% used [0x00000003c1400000,0x00000003cba03fe8,0x00000003dae80000)
 Metaspace       used 44420K, capacity 44897K, committed 45184K, reserved 1089536K
  class space    used 5091K, capacity 5229K, committed 5248K, reserved 1048576K
}
Event: 131.326 GC heap before
{Heap before GC invocations=27 (full 5):
 PSYoungGen      total 461824K, used 461446K [0x000000066b180000, 0x000000068f100000, 0x00000007c0000000)
  eden space 450048K, 100% used [0x000000066b180000,0x0000000686900000,0x0000000686900000)
  from space 11776K, 96% used [0x0000000687500000,0x00000006880219b8,0x0000000688080000)
  to   space 69632K, 0% used [0x000000068ad00000,0x000000068ad00000,0x000000068f100000)
 ParOldGen       total 420352K, used 169999K [0x00000003c1400000, 0x00000003dae80000, 0x000000066b180000)
  object space 420352K, 40% used [0x00000003c1400000,0x00000003cba03fe8,0x00000003dae80000)
 Metaspace       used 44422K, capacity 44897K, committed 45184K, reserved 1089536K
  class space    used 5091K, capacity 5229K, committed 5248K, reserved 1048576K
Event: 131.329 GC heap after
Heap after GC invocations=27 (full 5):
 PSYoungGen      total 489984K, used 8050K [0x000000066b180000, 0x000000068df80000, 0x00000007c0000000)
  eden space 438272K, 0% used [0x000000066b180000,0x000000066b180000,0x0000000685d80000)
  from space 51712K, 15% used [0x000000068ad00000,0x000000068b4dca88,0x000000068df80000)
  to   space 66560K, 0% used [0x0000000685d80000,0x0000000685d80000,0x0000000689e80000)
 ParOldGen       total 420352K, used 169999K [0x00000003c1400000, 0x00000003dae80000, 0x000000066b180000)
  object space 420352K, 40% used [0x00000003c1400000,0x00000003cba03fe8,0x00000003dae80000)
 Metaspace       used 44422K, capacity 44897K, committed 45184K, reserved 1089536K
  class space    used 5091K, capacity 5229K, committed 5248K, reserved 1048576K
}
Event: 135.649 GC heap before
{Heap before GC invocations=28 (full 5):
 PSYoungGen      total 489984K, used 446322K [0x000000066b180000, 0x000000068df80000, 0x00000007c0000000)
  eden space 438272K, 100% used [0x000000066b180000,0x0000000685d80000,0x0000000685d80000)
  from space 51712K, 15% used [0x000000068ad00000,0x000000068b4dca88,0x000000068df80000)
  to   space 66560K, 0% used [0x0000000685d80000,0x0000000685d80000,0x0000000689e80000)
 ParOldGen       total 420352K, used 169999K [0x00000003c1400000, 0x00000003dae80000, 0x000000066b180000)
  object space 420352K, 40% used [0x00000003c1400000,0x00000003cba03fe8,0x00000003dae80000)
 Metaspace       used 44432K, capacity 44961K, committed 45440K, reserved 1089536K
  class space    used 5091K, capacity 5229K, committed 5248K, reserved 1048576K
Event: 135.652 GC heap after
Heap after GC invocations=28 (full 5):
 PSYoungGen      total 437248K, used 10150K [0x000000066b180000, 0x000000068ce80000, 0x00000007c0000000)
  eden space 427008K, 0% used [0x000000066b180000,0x000000066b180000,0x0000000685280000)
  from space 10240K, 99% used [0x0000000685d80000,0x00000006867698c8,0x0000000686780000)
  to   space 63488K, 0% used [0x0000000689080000,0x0000000689080000,0x000000068ce80000)
 ParOldGen       total 420352K, used 169999K [0x00000003c1400000, 0x00000003dae80000, 0x000000066b180000)
  object space 420352K, 40% used [0x00000003c1400000,0x00000003cba03fe8,0x00000003dae80000)
 Metaspace       used 44432K, capacity 44961K, committed 45440K, reserved 1089536K
  class space    used 5091K, capacity 5229K, committed 5248K, reserved 1048576K
}

