# JRE version: Java(TM) SE Runtime Environment (8.0_471) (build 1.8.0_471-b09)
# Java VM: Java HotSpot(TM) 64-Bit Server VM (25.471-b09 mixed mode windows-amd64 compressed oops)
Heap:
 PSYoungGen      total 692224K, used 675728K [0x000000066b180000, 0x00000006a5a00000, 0x00000007c0000000)
  eden space 656384K, 97% used [0x000000066b180000,0x00000006922741f0,0x0000000693280000)
  from space 35840K, 99% used [0x00000006a3700000,0x00000006a59eff88,0x00000006a5a00000)
  to   space 62464K, 0% used [0x000000069e000000,0x000000069e000000,0x00000006a1d00000)
 ParOldGen       total 418304K, used 164231K [0x00000003c1400000, 0x00000003dac80000, 0x000000066b180000)
  object space 418304K, 39% used [0x00000003c1400000,0x00000003cb461f48,0x00000003dac80000)
 Metaspace       used 44113K, capacity 44541K, committed 44928K, reserved 1089536K
  class space    used 5086K, capacity 5223K, committed 5248K, reserved 1048576K
GC Heap History (10 events):
Event: 35.060 GC heap before
{Heap before GC invocations=21 (full 5):
 PSYoungGen      total 849408K, used 787995K [0x000000066b180000, 0x00000006aff00000, 0x00000007c0000000)
  eden space 772608K, 100% used [0x000000066b180000,0x000000069a400000,0x000000069a400000)
  from space 76800K, 20% used [0x000000069a400000,0x000000069b306c98,0x000000069ef00000)
  to   space 74752K, 0% used [0x00000006ab600000,0x00000006ab600000,0x00000006aff00000)
 ParOldGen       total 418304K, used 164172K [0x00000003c1400000, 0x00000003dac80000, 0x000000066b180000)
  object space 418304K, 39% used [0x00000003c1400000,0x00000003cb4532f8,0x00000003dac80000)
 Metaspace       used 42747K, capacity 43231K, committed 43776K, reserved 1087488K
  class space    used 4964K, capacity 5088K, committed 5120K, reserved 1048576K
Event: 35.065 GC heap after
Heap after GC invocations=21 (full 5):
 PSYoungGen      total 779264K, used 31764K [0x000000066b180000, 0x00000006ad580000, 0x00000007c0000000)
  eden space 747008K, 0% used [0x000000066b180000,0x000000066b180000,0x0000000698b00000)
  from space 32256K, 98% used [0x00000006ab600000,0x00000006ad505300,0x00000006ad580000)
  to   space 71168K, 0% used [0x00000006a4a80000,0x00000006a4a80000,0x00000006a9000000)
 ParOldGen       total 418304K, used 164180K [0x00000003c1400000, 0x00000003dac80000, 0x000000066b180000)
  object space 418304K, 39% used [0x00000003c1400000,0x00000003cb4552f8,0x00000003dac80000)
 Metaspace       used 42747K, capacity 43231K, committed 43776K, reserved 1087488K
  class space    used 4964K, capacity 5088K, committed 5120K, reserved 1048576K
}
Event: 50.276 GC heap before
{Heap before GC invocations=22 (full 5):
 PSYoungGen      total 779264K, used 778720K [0x000000066b180000, 0x00000006ad580000, 0x00000007c0000000)
  eden space 747008K, 99% used [0x000000066b180000,0x0000000698af2f68,0x0000000698b00000)
  from space 32256K, 98% used [0x00000006ab600000,0x00000006ad505300,0x00000006ad580000)
  to   space 71168K, 0% used [0x00000006a4a80000,0x00000006a4a80000,0x00000006a9000000)
 ParOldGen       total 418304K, used 164180K [0x00000003c1400000, 0x00000003dac80000, 0x000000066b180000)
  object space 418304K, 39% used [0x00000003c1400000,0x00000003cb4552f8,0x00000003dac80000)
 Metaspace       used 43753K, capacity 44177K, committed 44672K, reserved 1089536K
  class space    used 5060K, capacity 5189K, committed 5248K, reserved 1048576K
Event: 50.283 GC heap after
Heap after GC invocations=22 (full 5):
 PSYoungGen      total 755712K, used 32601K [0x000000066b180000, 0x00000006ab680000, 0x00000007c0000000)
  eden space 722944K, 0% used [0x000000066b180000,0x000000066b180000,0x0000000697380000)
  from space 32768K, 99% used [0x00000006a4a80000,0x00000006a6a56478,0x00000006a6a80000)
  to   space 68096K, 0% used [0x00000006a7400000,0x00000006a7400000,0x00000006ab680000)
 ParOldGen       total 418304K, used 164207K [0x00000003c1400000, 0x00000003dac80000, 0x000000066b180000)
  object space 418304K, 39% used [0x00000003c1400000,0x00000003cb45bf48,0x00000003dac80000)
 Metaspace       used 43753K, capacity 44177K, committed 44672K, reserved 1089536K
  class space    used 5060K, capacity 5189K, committed 5248K, reserved 1048576K
}
Event: 64.810 GC heap before
{Heap before GC invocations=23 (full 5):
 PSYoungGen      total 755712K, used 755545K [0x000000066b180000, 0x00000006ab680000, 0x00000007c0000000)
  eden space 722944K, 100% used [0x000000066b180000,0x0000000697380000,0x0000000697380000)
  from space 32768K, 99% used [0x00000006a4a80000,0x00000006a6a56478,0x00000006a6a80000)
  to   space 68096K, 0% used [0x00000006a7400000,0x00000006a7400000,0x00000006ab680000)
 ParOldGen       total 418304K, used 164207K [0x00000003c1400000, 0x00000003dac80000, 0x000000066b180000)
  object space 418304K, 39% used [0x00000003c1400000,0x00000003cb45bf48,0x00000003dac80000)
 Metaspace       used 43964K, capacity 44471K, committed 44928K, reserved 1089536K
  class space    used 5074K, capacity 5222K, committed 5248K, reserved 1048576K
Event: 64.817 GC heap after
Heap after GC invocations=23 (full 5):
 PSYoungGen      total 733696K, used 33587K [0x000000066b180000, 0x00000006a9500000, 0x00000007c0000000)
  eden space 699904K, 0% used [0x000000066b180000,0x000000066b180000,0x0000000695d00000)
  from space 33792K, 99% used [0x00000006a7400000,0x00000006a94ccf60,0x00000006a9500000)
  to   space 65536K, 0% used [0x00000006a1500000,0x00000006a1500000,0x00000006a5500000)
 ParOldGen       total 418304K, used 164215K [0x00000003c1400000, 0x00000003dac80000, 0x000000066b180000)
  object space 418304K, 39% used [0x00000003c1400000,0x00000003cb45df48,0x00000003dac80000)
 Metaspace       used 43964K, capacity 44471K, committed 44928K, reserved 1089536K
  class space    used 5074K, capacity 5222K, committed 5248K, reserved 1048576K
}
Event: 79.146 GC heap before
{Heap before GC invocations=24 (full 5):
 PSYoungGen      total 733696K, used 733491K [0x000000066b180000, 0x00000006a9500000, 0x00000007c0000000)
  eden space 699904K, 100% used [0x000000066b180000,0x0000000695d00000,0x0000000695d00000)
  from space 33792K, 99% used [0x00000006a7400000,0x00000006a94ccf60,0x00000006a9500000)
  to   space 65536K, 0% used [0x00000006a1500000,0x00000006a1500000,0x00000006a5500000)
 ParOldGen       total 418304K, used 164215K [0x00000003c1400000, 0x00000003dac80000, 0x000000066b180000)
  object space 418304K, 39% used [0x00000003c1400000,0x00000003cb45df48,0x00000003dac80000)
 Metaspace       used 44000K, capacity 44471K, committed 44928K, reserved 1089536K
  class space    used 5075K, capacity 5222K, committed 5248K, reserved 1048576K
Event: 79.155 GC heap after
Heap after GC invocations=24 (full 5):
 PSYoungGen      total 712704K, used 34547K [0x000000066b180000, 0x00000006a7480000, 0x00000007c0000000)
  eden space 677888K, 0% used [0x000000066b180000,0x000000066b180000,0x0000000694780000)
  from space 34816K, 99% used [0x00000006a1500000,0x00000006a36bcfb0,0x00000006a3700000)
  to   space 62976K, 0% used [0x00000006a3700000,0x00000006a3700000,0x00000006a7480000)
 ParOldGen       total 418304K, used 164223K [0x00000003c1400000, 0x00000003dac80000, 0x000000066b180000)
  object space 418304K, 39% used [0x00000003c1400000,0x00000003cb45ff48,0x00000003dac80000)
 Metaspace       used 44000K, capacity 44471K, committed 44928K, reserved 1089536K
  class space    used 5075K, capacity 5222K, committed 5248K, reserved 1048576K
}
Event: 91.107 GC heap before
{Heap before GC invocations=25 (full 5):
 PSYoungGen      total 712704K, used 712435K [0x000000066b180000, 0x00000006a7480000, 0x00000007c0000000)
  eden space 677888K, 100% used [0x000000066b180000,0x0000000694780000,0x0000000694780000)
  from space 34816K, 99% used [0x00000006a1500000,0x00000006a36bcfb0,0x00000006a3700000)
  to   space 62976K, 0% used [0x00000006a3700000,0x00000006a3700000,0x00000006a7480000)
 ParOldGen       total 418304K, used 164223K [0x00000003c1400000, 0x00000003dac80000, 0x000000066b180000)
  object space 418304K, 39% used [0x00000003c1400000,0x00000003cb45ff48,0x00000003dac80000)
 Metaspace       used 44032K, capacity 44535K, committed 44928K, reserved 1089536K
  class space    used 5076K, capacity 5222K, committed 5248K, reserved 1048576K
Event: 91.113 GC heap after
Heap after GC invocations=25 (full 5):
 PSYoungGen      total 692224K, used 35775K [0x000000066b180000, 0x00000006a5a00000, 0x00000007c0000000)
  eden space 656384K, 0% used [0x000000066b180000,0x000000066b180000,0x0000000693280000)
  from space 35840K, 99% used [0x00000006a3700000,0x00000006a59eff88,0x00000006a5a00000)
  to   space 62464K, 0% used [0x000000069e000000,0x000000069e000000,0x00000006a1d00000)
 ParOldGen       total 418304K, used 164231K [0x00000003c1400000, 0x00000003dac80000, 0x000000066b180000)
  object space 418304K, 39% used [0x00000003c1400000,0x00000003cb461f48,0x00000003dac80000)
 Metaspace       used 44032K, capacity 44535K, committed 44928K, reserved 1089536K
  class space    used 5076K, capacity 5222K, committed 5248K, reserved 1048576K
}

