# JRE version: Java(TM) SE Runtime Environment (8.0_471) (build 1.8.0_471-b09)
# Java VM: Java HotSpot(TM) 64-Bit Server VM (25.471-b09 mixed mode windows-amd64 compressed oops)
Heap:
 PSYoungGen      total 622592K, used 171743K [0x000000066b180000, 0x0000000697400000, 0x00000007c0000000)
  eden space 548352K, 23% used [0x000000066b180000,0x0000000672de4ce8,0x000000068c900000)
  from space 74240K, 59% used [0x0000000692b80000,0x00000006956d2f68,0x0000000697400000)
  to   space 87552K, 0% used [0x000000068c900000,0x000000068c900000,0x0000000691e80000)
 ParOldGen       total 422400K, used 84070K [0x00000003c1400000, 0x00000003db080000, 0x000000066b180000)
  object space 422400K, 19% used [0x00000003c1400000,0x00000003c6619968,0x00000003db080000)
 Metaspace       used 30393K, capacity 30621K, committed 30976K, reserved 1077248K
  class space    used 3704K, capacity 3765K, committed 3840K, reserved 1048576K
GC Heap History (10 events):
Event: 4.690 GC heap before
{Heap before GC invocations=6 (full 2):
 PSYoungGen      total 305664K, used 262144K [0x000000066b180000, 0x0000000680680000, 0x00000007c0000000)
  eden space 262144K, 100% used [0x000000066b180000,0x000000067b180000,0x000000067b180000)
  from space 43520K, 0% used [0x000000067b180000,0x000000067b180000,0x000000067dc00000)
  to   space 43520K, 0% used [0x000000067dc00000,0x000000067dc00000,0x0000000680680000)
 ParOldGen       total 422400K, used 28522K [0x00000003c1400000, 0x00000003db080000, 0x000000066b180000)
  object space 422400K, 6% used [0x00000003c1400000,0x00000003c2fda8a8,0x00000003db080000)
 Metaspace       used 25182K, capacity 25363K, committed 25728K, reserved 1071104K
  class space    used 3081K, capacity 3146K, committed 3200K, reserved 1048576K
Event: 4.698 GC heap after
Heap after GC invocations=6 (full 2):
 PSYoungGen      total 305664K, used 27279K [0x000000066b180000, 0x0000000687a80000, 0x00000007c0000000)
  eden space 262144K, 0% used [0x000000066b180000,0x000000066b180000,0x000000067b180000)
  from space 43520K, 62% used [0x000000067dc00000,0x000000067f6a3cf0,0x0000000680680000)
  to   space 43520K, 0% used [0x000000067b180000,0x000000067b180000,0x000000067dc00000)
 ParOldGen       total 422400K, used 28530K [0x00000003c1400000, 0x00000003db080000, 0x000000066b180000)
  object space 422400K, 6% used [0x00000003c1400000,0x00000003c2fdc8a8,0x00000003db080000)
 Metaspace       used 25182K, capacity 25363K, committed 25728K, reserved 1071104K
  class space    used 3081K, capacity 3146K, committed 3200K, reserved 1048576K
}
Event: 6.350 GC heap before
{Heap before GC invocations=7 (full 2):
 PSYoungGen      total 305664K, used 289423K [0x000000066b180000, 0x0000000687a80000, 0x00000007c0000000)
  eden space 262144K, 100% used [0x000000066b180000,0x000000067b180000,0x000000067b180000)
  from space 43520K, 62% used [0x000000067dc00000,0x000000067f6a3cf0,0x0000000680680000)
  to   space 43520K, 0% used [0x000000067b180000,0x000000067b180000,0x000000067dc00000)
 ParOldGen       total 422400K, used 28530K [0x00000003c1400000, 0x00000003db080000, 0x000000066b180000)
  object space 422400K, 6% used [0x00000003c1400000,0x00000003c2fdc8a8,0x00000003db080000)
 Metaspace       used 25203K, capacity 25363K, committed 25728K, reserved 1071104K
  class space    used 3081K, capacity 3146K, committed 3200K, reserved 1048576K
Event: 6.372 GC heap after
Heap after GC invocations=7 (full 2):
 PSYoungGen      total 305664K, used 43491K [0x000000066b180000, 0x0000000688780000, 0x00000007c0000000)
  eden space 262144K, 0% used [0x000000066b180000,0x000000066b180000,0x000000067b180000)
  from space 43520K, 99% used [0x000000067b180000,0x000000067dbf8e20,0x000000067dc00000)
  to   space 43520K, 0% used [0x0000000685d00000,0x0000000685d00000,0x0000000688780000)
 ParOldGen       total 422400K, used 49775K [0x00000003c1400000, 0x00000003db080000, 0x000000066b180000)
  object space 422400K, 11% used [0x00000003c1400000,0x00000003c449bd48,0x00000003db080000)
 Metaspace       used 25203K, capacity 25363K, committed 25728K, reserved 1071104K
  class space    used 3081K, capacity 3146K, committed 3200K, reserved 1048576K
}
Event: 7.365 GC heap before
{Heap before GC invocations=8 (full 2):
 PSYoungGen      total 305664K, used 305635K [0x000000066b180000, 0x0000000688780000, 0x00000007c0000000)
  eden space 262144K, 100% used [0x000000066b180000,0x000000067b180000,0x000000067b180000)
  from space 43520K, 99% used [0x000000067b180000,0x000000067dbf8e20,0x000000067dc00000)
  to   space 43520K, 0% used [0x0000000685d00000,0x0000000685d00000,0x0000000688780000)
 ParOldGen       total 422400K, used 49775K [0x00000003c1400000, 0x00000003db080000, 0x000000066b180000)
  object space 422400K, 11% used [0x00000003c1400000,0x00000003c449bd48,0x00000003db080000)
 Metaspace       used 25282K, capacity 25491K, committed 25728K, reserved 1071104K
  class space    used 3082K, capacity 3146K, committed 3200K, reserved 1048576K
Event: 7.393 GC heap after
Heap after GC invocations=8 (full 2):
 PSYoungGen      total 394752K, used 43490K [0x000000066b180000, 0x000000068f700000, 0x00000007c0000000)
  eden space 351232K, 0% used [0x000000066b180000,0x000000066b180000,0x0000000680880000)
  from space 43520K, 99% used [0x0000000685d00000,0x00000006887788d8,0x0000000688780000)
  to   space 86528K, 0% used [0x0000000680880000,0x0000000680880000,0x0000000685d00000)
 ParOldGen       total 422400K, used 84054K [0x00000003c1400000, 0x00000003db080000, 0x000000066b180000)
  object space 422400K, 19% used [0x00000003c1400000,0x00000003c6615968,0x00000003db080000)
 Metaspace       used 25282K, capacity 25491K, committed 25728K, reserved 1071104K
  class space    used 3082K, capacity 3146K, committed 3200K, reserved 1048576K
}
Event: 9.401 GC heap before
{Heap before GC invocations=9 (full 2):
 PSYoungGen      total 394752K, used 394722K [0x000000066b180000, 0x000000068f700000, 0x00000007c0000000)
  eden space 351232K, 100% used [0x000000066b180000,0x0000000680880000,0x0000000680880000)
  from space 43520K, 99% used [0x0000000685d00000,0x00000006887788d8,0x0000000688780000)
  to   space 86528K, 0% used [0x0000000680880000,0x0000000680880000,0x0000000685d00000)
 ParOldGen       total 422400K, used 84054K [0x00000003c1400000, 0x00000003db080000, 0x000000066b180000)
  object space 422400K, 19% used [0x00000003c1400000,0x00000003c6615968,0x00000003db080000)
 Metaspace       used 28805K, capacity 29053K, committed 29312K, reserved 1075200K
  class space    used 3522K, capacity 3605K, committed 3712K, reserved 1048576K
Event: 9.418 GC heap after
Heap after GC invocations=9 (full 2):
 PSYoungGen      total 437760K, used 62143K [0x000000066b180000, 0x0000000698580000, 0x00000007c0000000)
  eden space 351232K, 0% used [0x000000066b180000,0x000000066b180000,0x0000000680880000)
  from space 86528K, 71% used [0x0000000680880000,0x000000068452fc28,0x0000000685d00000)
  to   space 92160K, 0% used [0x0000000692b80000,0x0000000692b80000,0x0000000698580000)
 ParOldGen       total 422400K, used 84062K [0x00000003c1400000, 0x00000003db080000, 0x000000066b180000)
  object space 422400K, 19% used [0x00000003c1400000,0x00000003c6617968,0x00000003db080000)
 Metaspace       used 28805K, capacity 29053K, committed 29312K, reserved 1075200K
  class space    used 3522K, capacity 3605K, committed 3712K, reserved 1048576K
}
Event: 10.656 GC heap before
{Heap before GC invocations=10 (full 2):
 PSYoungGen      total 437760K, used 398887K [0x000000066b180000, 0x0000000698580000, 0x00000007c0000000)
  eden space 351232K, 95% used [0x000000066b180000,0x000000067fa5a290,0x0000000680880000)
  from space 86528K, 71% used [0x0000000680880000,0x000000068452fc28,0x0000000685d00000)
  to   space 92160K, 0% used [0x0000000692b80000,0x0000000692b80000,0x0000000698580000)
 ParOldGen       total 422400K, used 84062K [0x00000003c1400000, 0x00000003db080000, 0x000000066b180000)
  object space 422400K, 19% used [0x00000003c1400000,0x00000003c6617968,0x00000003db080000)
 Metaspace       used 29958K, capacity 30205K, committed 30464K, reserved 1075200K
  class space    used 3656K, capacity 3733K, committed 3840K, reserved 1048576K
Event: 10.666 GC heap after
Heap after GC invocations=10 (full 2):
 PSYoungGen      total 622592K, used 44363K [0x000000066b180000, 0x0000000697400000, 0x00000007c0000000)
  eden space 548352K, 0% used [0x000000066b180000,0x000000066b180000,0x000000068c900000)
  from space 74240K, 59% used [0x0000000692b80000,0x00000006956d2f68,0x0000000697400000)
  to   space 87552K, 0% used [0x000000068c900000,0x000000068c900000,0x0000000691e80000)
 ParOldGen       total 422400K, used 84070K [0x00000003c1400000, 0x00000003db080000, 0x000000066b180000)
  object space 422400K, 19% used [0x00000003c1400000,0x00000003c6619968,0x00000003db080000)
 Metaspace       used 29958K, capacity 30205K, committed 30464K, reserved 1075200K
  class space    used 3656K, capacity 3733K, committed 3840K, reserved 1048576K
}

