# JRE version: Java(TM) SE Runtime Environment (8.0_471) (build 1.8.0_471-b09)
# Java VM: Java HotSpot(TM) 64-Bit Server VM (25.471-b09 mixed mode windows-amd64 compressed oops)
Heap:
 PSYoungGen      total 633856K, used 55547K [0x000000066b180000, 0x0000000698280000, 0x00000007c0000000)
  eden space 570368K, 4% used [0x000000066b180000,0x000000066c9432f0,0x000000068de80000)
  from space 63488K, 49% used [0x0000000694480000,0x00000006962fba90,0x0000000698280000)
  to   space 83968K, 0% used [0x000000068de80000,0x000000068de80000,0x0000000693080000)
 ParOldGen       total 419328K, used 176088K [0x00000003c1400000, 0x00000003dad80000, 0x000000066b180000)
  object space 419328K, 41% used [0x00000003c1400000,0x00000003cbff60c8,0x00000003dad80000)
 Metaspace       used 44495K, capacity 44969K, committed 45568K, reserved 1089536K
  class space    used 5100K, capacity 5257K, committed 5376K, reserved 1048576K
GC Heap History (10 events):
Event: 258.162 GC heap before
{Heap before GC invocations=31 (full 5):
 PSYoungGen      total 696832K, used 696776K [0x000000066b180000, 0x00000006a4900000, 0x00000007c0000000)
  eden space 666112K, 100% used [0x000000066b180000,0x0000000693c00000,0x0000000693c00000)
  from space 30720K, 99% used [0x000000069c100000,0x000000069def20e8,0x000000069df00000)
  to   space 96768K, 0% used [0x000000069ea80000,0x000000069ea80000,0x00000006a4900000)
 ParOldGen       total 419328K, used 176072K [0x00000003c1400000, 0x00000003dad80000, 0x000000066b180000)
  object space 419328K, 41% used [0x00000003c1400000,0x00000003cbff20c8,0x00000003dad80000)
 Metaspace       used 44406K, capacity 44867K, committed 45440K, reserved 1089536K
  class space    used 5090K, capacity 5224K, committed 5248K, reserved 1048576K
Event: 258.170 GC heap after
Heap after GC invocations=31 (full 5):
 PSYoungGen      total 676352K, used 30905K [0x000000066b180000, 0x00000006a0900000, 0x00000007c0000000)
  eden space 645120K, 0% used [0x000000066b180000,0x000000066b180000,0x0000000692780000)
  from space 31232K, 98% used [0x000000069ea80000,0x00000006a08ae628,0x00000006a0900000)
  to   space 94720K, 0% used [0x0000000695000000,0x0000000695000000,0x000000069ac80000)
 ParOldGen       total 419328K, used 176080K [0x00000003c1400000, 0x00000003dad80000, 0x000000066b180000)
  object space 419328K, 41% used [0x00000003c1400000,0x00000003cbff40c8,0x00000003dad80000)
 Metaspace       used 44406K, capacity 44867K, committed 45440K, reserved 1089536K
  class space    used 5090K, capacity 5224K, committed 5248K, reserved 1048576K
}
Event: 270.295 GC heap before
{Heap before GC invocations=32 (full 5):
 PSYoungGen      total 676352K, used 676025K [0x000000066b180000, 0x00000006a0900000, 0x00000007c0000000)
  eden space 645120K, 100% used [0x000000066b180000,0x0000000692780000,0x0000000692780000)
  from space 31232K, 98% used [0x000000069ea80000,0x00000006a08ae628,0x00000006a0900000)
  to   space 94720K, 0% used [0x0000000695000000,0x0000000695000000,0x000000069ac80000)
 ParOldGen       total 419328K, used 176080K [0x00000003c1400000, 0x00000003dad80000, 0x000000066b180000)
  object space 419328K, 41% used [0x00000003c1400000,0x00000003cbff40c8,0x00000003dad80000)
 Metaspace       used 44420K, capacity 44931K, committed 45440K, reserved 1089536K
  class space    used 5090K, capacity 5224K, committed 5248K, reserved 1048576K
Event: 270.300 GC heap after
Heap after GC invocations=32 (full 5):
 PSYoungGen      total 656384K, used 30750K [0x000000066b180000, 0x000000069eb00000, 0x00000007c0000000)
  eden space 625152K, 0% used [0x000000066b180000,0x000000066b180000,0x0000000691400000)
  from space 31232K, 98% used [0x0000000695000000,0x0000000696e078a0,0x0000000696e80000)
  to   space 92160K, 0% used [0x0000000699100000,0x0000000699100000,0x000000069eb00000)
 ParOldGen       total 419328K, used 176080K [0x00000003c1400000, 0x00000003dad80000, 0x000000066b180000)
  object space 419328K, 41% used [0x00000003c1400000,0x00000003cbff40c8,0x00000003dad80000)
 Metaspace       used 44420K, capacity 44931K, committed 45440K, reserved 1089536K
  class space    used 5090K, capacity 5224K, committed 5248K, reserved 1048576K
}
Event: 285.654 GC heap before
{Heap before GC invocations=33 (full 5):
 PSYoungGen      total 656384K, used 655902K [0x000000066b180000, 0x000000069eb00000, 0x00000007c0000000)
  eden space 625152K, 100% used [0x000000066b180000,0x0000000691400000,0x0000000691400000)
  from space 31232K, 98% used [0x0000000695000000,0x0000000696e078a0,0x0000000696e80000)
  to   space 92160K, 0% used [0x0000000699100000,0x0000000699100000,0x000000069eb00000)
 ParOldGen       total 419328K, used 176080K [0x00000003c1400000, 0x00000003dad80000, 0x000000066b180000)
  object space 419328K, 41% used [0x00000003c1400000,0x00000003cbff40c8,0x00000003dad80000)
 Metaspace       used 44429K, capacity 44931K, committed 45440K, reserved 1089536K
  class space    used 5091K, capacity 5224K, committed 5248K, reserved 1048576K
Event: 285.660 GC heap after
Heap after GC invocations=33 (full 5):
 PSYoungGen      total 638464K, used 30692K [0x000000066b180000, 0x000000069b080000, 0x00000007c0000000)
  eden space 606208K, 0% used [0x000000066b180000,0x000000066b180000,0x0000000690180000)
  from space 32256K, 95% used [0x0000000699100000,0x000000069aef9300,0x000000069b080000)
  to   space 89600K, 0% used [0x0000000690180000,0x0000000690180000,0x0000000695900000)
 ParOldGen       total 419328K, used 176080K [0x00000003c1400000, 0x00000003dad80000, 0x000000066b180000)
  object space 419328K, 41% used [0x00000003c1400000,0x00000003cbff40c8,0x00000003dad80000)
 Metaspace       used 44429K, capacity 44931K, committed 45440K, reserved 1089536K
  class space    used 5091K, capacity 5224K, committed 5248K, reserved 1048576K
}
Event: 305.758 GC heap before
{Heap before GC invocations=34 (full 5):
 PSYoungGen      total 638464K, used 636900K [0x000000066b180000, 0x000000069b080000, 0x00000007c0000000)
  eden space 606208K, 100% used [0x000000066b180000,0x0000000690180000,0x0000000690180000)
  from space 32256K, 95% used [0x0000000699100000,0x000000069aef9300,0x000000069b080000)
  to   space 89600K, 0% used [0x0000000690180000,0x0000000690180000,0x0000000695900000)
 ParOldGen       total 419328K, used 176080K [0x00000003c1400000, 0x00000003dad80000, 0x000000066b180000)
  object space 419328K, 41% used [0x00000003c1400000,0x00000003cbff40c8,0x00000003dad80000)
 Metaspace       used 44430K, capacity 44931K, committed 45440K, reserved 1089536K
  class space    used 5091K, capacity 5224K, committed 5248K, reserved 1048576K
Event: 305.763 GC heap after
Heap after GC invocations=34 (full 5):
 PSYoungGen      total 619008K, used 31026K [0x000000066b180000, 0x0000000699980000, 0x00000007c0000000)
  eden space 587776K, 0% used [0x000000066b180000,0x000000066b180000,0x000000068ef80000)
  from space 31232K, 99% used [0x0000000690180000,0x0000000691fccb60,0x0000000692000000)
  to   space 87040K, 0% used [0x0000000694480000,0x0000000694480000,0x0000000699980000)
 ParOldGen       total 419328K, used 176080K [0x00000003c1400000, 0x00000003dad80000, 0x000000066b180000)
  object space 419328K, 41% used [0x00000003c1400000,0x00000003cbff40c8,0x00000003dad80000)
 Metaspace       used 44430K, capacity 44931K, committed 45440K, reserved 1089536K
  class space    used 5091K, capacity 5224K, committed 5248K, reserved 1048576K
}
Event: 332.652 GC heap before
{Heap before GC invocations=35 (full 5):
 PSYoungGen      total 619008K, used 618802K [0x000000066b180000, 0x0000000699980000, 0x00000007c0000000)
  eden space 587776K, 100% used [0x000000066b180000,0x000000068ef80000,0x000000068ef80000)
  from space 31232K, 99% used [0x0000000690180000,0x0000000691fccb60,0x0000000692000000)
  to   space 87040K, 0% used [0x0000000694480000,0x0000000694480000,0x0000000699980000)
 ParOldGen       total 419328K, used 176080K [0x00000003c1400000, 0x00000003dad80000, 0x000000066b180000)
  object space 419328K, 41% used [0x00000003c1400000,0x00000003cbff40c8,0x00000003dad80000)
 Metaspace       used 44453K, capacity 44937K, committed 45440K, reserved 1089536K
  class space    used 5092K, capacity 5225K, committed 5248K, reserved 1048576K
Event: 332.657 GC heap after
Heap after GC invocations=35 (full 5):
 PSYoungGen      total 633856K, used 31214K [0x000000066b180000, 0x0000000698280000, 0x00000007c0000000)
  eden space 570368K, 0% used [0x000000066b180000,0x000000066b180000,0x000000068de80000)
  from space 63488K, 49% used [0x0000000694480000,0x00000006962fba90,0x0000000698280000)
  to   space 83968K, 0% used [0x000000068de80000,0x000000068de80000,0x0000000693080000)
 ParOldGen       total 419328K, used 176088K [0x00000003c1400000, 0x00000003dad80000, 0x000000066b180000)
  object space 419328K, 41% used [0x00000003c1400000,0x00000003cbff60c8,0x00000003dad80000)
 Metaspace       used 44453K, capacity 44937K, committed 45440K, reserved 1089536K
  class space    used 5092K, capacity 5225K, committed 5248K, reserved 1048576K
}

