# JRE version: Java(TM) SE Runtime Environment (8.0_471) (build 1.8.0_471-b09)
# Java VM: Java HotSpot(TM) 64-Bit Server VM (25.471-b09 mixed mode windows-amd64 compressed oops)
Heap:
 PSYoungGen      total 669696K, used 208716K [0x000000066b180000, 0x000000069a480000, 0x00000007c0000000)
  eden space 609280K, 31% used [0x000000066b180000,0x0000000676ee3568,0x0000000690480000)
  from space 60416K, 24% used [0x0000000696980000,0x00000006977efe50,0x000000069a480000)
  to   space 81920K, 0% used [0x0000000690480000,0x0000000690480000,0x0000000695480000)
 ParOldGen       total 431616K, used 163959K [0x00000003c1400000, 0x00000003db980000, 0x000000066b180000)
  object space 431616K, 37% used [0x00000003c1400000,0x00000003cb41dfe0,0x00000003db980000)
 Metaspace       used 43432K, capacity 43823K, committed 44160K, reserved 1087488K
  class space    used 5004K, capacity 5128K, committed 5248K, reserved 1048576K
GC Heap History (10 events):
Event: 26.808 GC heap before
{Heap before GC invocations=17 (full 5):
 PSYoungGen      total 617472K, used 531456K [0x000000066b180000, 0x0000000696880000, 0x00000007c0000000)
  eden space 531456K, 100% used [0x000000066b180000,0x000000068b880000,0x000000068b880000)
  from space 86016K, 0% used [0x000000068b880000,0x000000068b880000,0x0000000690c80000)
  to   space 89088K, 0% used [0x0000000691180000,0x0000000691180000,0x0000000696880000)
 ParOldGen       total 431616K, used 117309K [0x00000003c1400000, 0x00000003db980000, 0x000000066b180000)
  object space 431616K, 27% used [0x00000003c1400000,0x00000003c868f428,0x00000003db980000)
 Metaspace       used 42805K, capacity 43305K, committed 43648K, reserved 1087488K
  class space    used 4970K, capacity 5127K, committed 5248K, reserved 1048576K
Event: 26.815 GC heap after
Heap after GC invocations=17 (full 5):
 PSYoungGen      total 624128K, used 46127K [0x000000066b180000, 0x00000006a5b80000, 0x00000007c0000000)
  eden space 535040K, 0% used [0x000000066b180000,0x000000066b180000,0x000000068bc00000)
  from space 89088K, 51% used [0x0000000691180000,0x0000000693e8bff8,0x0000000696880000)
  to   space 87552K, 0% used [0x000000068bc00000,0x000000068bc00000,0x0000000691180000)
 ParOldGen       total 431616K, used 117325K [0x00000003c1400000, 0x00000003db980000, 0x000000066b180000)
  object space 431616K, 27% used [0x00000003c1400000,0x00000003c8693428,0x00000003db980000)
 Metaspace       used 42805K, capacity 43305K, committed 43648K, reserved 1087488K
  class space    used 4970K, capacity 5127K, committed 5248K, reserved 1048576K
}
Event: 40.540 GC heap before
{Heap before GC invocations=18 (full 5):
 PSYoungGen      total 624128K, used 581167K [0x000000066b180000, 0x00000006a5b80000, 0x00000007c0000000)
  eden space 535040K, 100% used [0x000000066b180000,0x000000068bc00000,0x000000068bc00000)
  from space 89088K, 51% used [0x0000000691180000,0x0000000693e8bff8,0x0000000696880000)
  to   space 87552K, 0% used [0x000000068bc00000,0x000000068bc00000,0x0000000691180000)
 ParOldGen       total 431616K, used 117325K [0x00000003c1400000, 0x00000003db980000, 0x000000066b180000)
  object space 431616K, 27% used [0x00000003c1400000,0x00000003c8693428,0x00000003db980000)
 Metaspace       used 43225K, capacity 43753K, committed 44160K, reserved 1087488K
  class space    used 4992K, capacity 5127K, committed 5248K, reserved 1048576K
Event: 40.552 GC heap after
Heap after GC invocations=18 (full 5):
 PSYoungGen      total 622592K, used 10498K [0x000000066b180000, 0x000000069e800000, 0x00000007c0000000)
  eden space 535040K, 0% used [0x000000066b180000,0x000000066b180000,0x000000068bc00000)
  from space 87552K, 11% used [0x000000068bc00000,0x000000068c640908,0x0000000691180000)
  to   space 87040K, 0% used [0x0000000699300000,0x0000000699300000,0x000000069e800000)
 ParOldGen       total 431616K, used 163935K [0x00000003c1400000, 0x00000003db980000, 0x000000066b180000)
  object space 431616K, 37% used [0x00000003c1400000,0x00000003cb417fe0,0x00000003db980000)
 Metaspace       used 43225K, capacity 43753K, committed 44160K, reserved 1087488K
  class space    used 4992K, capacity 5127K, committed 5248K, reserved 1048576K
}
Event: 49.719 GC heap before
{Heap before GC invocations=19 (full 5):
 PSYoungGen      total 622592K, used 545538K [0x000000066b180000, 0x000000069e800000, 0x00000007c0000000)
  eden space 535040K, 100% used [0x000000066b180000,0x000000068bc00000,0x000000068bc00000)
  from space 87552K, 11% used [0x000000068bc00000,0x000000068c640908,0x0000000691180000)
  to   space 87040K, 0% used [0x0000000699300000,0x0000000699300000,0x000000069e800000)
 ParOldGen       total 431616K, used 163935K [0x00000003c1400000, 0x00000003db980000, 0x000000066b180000)
  object space 431616K, 37% used [0x00000003c1400000,0x00000003cb417fe0,0x00000003db980000)
 Metaspace       used 43250K, capacity 43753K, committed 44160K, reserved 1087488K
  class space    used 4993K, capacity 5127K, committed 5248K, reserved 1048576K
Event: 49.722 GC heap after
Heap after GC invocations=19 (full 5):
 PSYoungGen      total 712192K, used 10540K [0x000000066b180000, 0x000000069d200000, 0x00000007c0000000)
  eden space 647680K, 0% used [0x000000066b180000,0x000000066b180000,0x0000000692a00000)
  from space 64512K, 16% used [0x0000000699300000,0x0000000699d4b0c8,0x000000069d200000)
  to   space 86016K, 0% used [0x0000000692a00000,0x0000000692a00000,0x0000000697e00000)
 ParOldGen       total 431616K, used 163943K [0x00000003c1400000, 0x00000003db980000, 0x000000066b180000)
  object space 431616K, 37% used [0x00000003c1400000,0x00000003cb419fe0,0x00000003db980000)
 Metaspace       used 43250K, capacity 43753K, committed 44160K, reserved 1087488K
  class space    used 4993K, capacity 5127K, committed 5248K, reserved 1048576K
}
Event: 59.369 GC heap before
{Heap before GC invocations=20 (full 5):
 PSYoungGen      total 712192K, used 658220K [0x000000066b180000, 0x000000069d200000, 0x00000007c0000000)
  eden space 647680K, 100% used [0x000000066b180000,0x0000000692a00000,0x0000000692a00000)
  from space 64512K, 16% used [0x0000000699300000,0x0000000699d4b0c8,0x000000069d200000)
  to   space 86016K, 0% used [0x0000000692a00000,0x0000000692a00000,0x0000000697e00000)
 ParOldGen       total 431616K, used 163943K [0x00000003c1400000, 0x00000003db980000, 0x000000066b180000)
  object space 431616K, 37% used [0x00000003c1400000,0x00000003cb419fe0,0x00000003db980000)
 Metaspace       used 43302K, capacity 43759K, committed 44160K, reserved 1087488K
  class space    used 4994K, capacity 5128K, committed 5248K, reserved 1048576K
Event: 59.371 GC heap after
Heap after GC invocations=20 (full 5):
 PSYoungGen      total 639488K, used 10999K [0x000000066b180000, 0x000000069bc00000, 0x00000007c0000000)
  eden space 628224K, 0% used [0x000000066b180000,0x000000066b180000,0x0000000691700000)
  from space 11264K, 97% used [0x0000000692a00000,0x00000006934bdfb0,0x0000000693500000)
  to   space 84480K, 0% used [0x0000000696980000,0x0000000696980000,0x000000069bc00000)
 ParOldGen       total 431616K, used 163951K [0x00000003c1400000, 0x00000003db980000, 0x000000066b180000)
  object space 431616K, 37% used [0x00000003c1400000,0x00000003cb41bfe0,0x00000003db980000)
 Metaspace       used 43302K, capacity 43759K, committed 44160K, reserved 1087488K
  class space    used 4994K, capacity 5128K, committed 5248K, reserved 1048576K
}
Event: 66.985 GC heap before
{Heap before GC invocations=21 (full 5):
 PSYoungGen      total 639488K, used 639223K [0x000000066b180000, 0x000000069bc00000, 0x00000007c0000000)
  eden space 628224K, 100% used [0x000000066b180000,0x0000000691700000,0x0000000691700000)
  from space 11264K, 97% used [0x0000000692a00000,0x00000006934bdfb0,0x0000000693500000)
  to   space 84480K, 0% used [0x0000000696980000,0x0000000696980000,0x000000069bc00000)
 ParOldGen       total 431616K, used 163951K [0x00000003c1400000, 0x00000003db980000, 0x000000066b180000)
  object space 431616K, 37% used [0x00000003c1400000,0x00000003cb41bfe0,0x00000003db980000)
 Metaspace       used 43386K, capacity 43823K, committed 44160K, reserved 1087488K
  class space    used 4995K, capacity 5128K, committed 5248K, reserved 1048576K
Event: 66.989 GC heap after
Heap after GC invocations=21 (full 5):
 PSYoungGen      total 669696K, used 14783K [0x000000066b180000, 0x000000069a480000, 0x00000007c0000000)
  eden space 609280K, 0% used [0x000000066b180000,0x000000066b180000,0x0000000690480000)
  from space 60416K, 24% used [0x0000000696980000,0x00000006977efe50,0x000000069a480000)
  to   space 81920K, 0% used [0x0000000690480000,0x0000000690480000,0x0000000695480000)
 ParOldGen       total 431616K, used 163959K [0x00000003c1400000, 0x00000003db980000, 0x000000066b180000)
  object space 431616K, 37% used [0x00000003c1400000,0x00000003cb41dfe0,0x00000003db980000)
 Metaspace       used 43386K, capacity 43823K, committed 44160K, reserved 1087488K
  class space    used 4995K, capacity 5128K, committed 5248K, reserved 1048576K
}

