# JRE version: Java(TM) SE Runtime Environment (8.0_471) (build 1.8.0_471-b09)
# Java VM: Java HotSpot(TM) 64-Bit Server VM (25.471-b09 mixed mode windows-amd64 compressed oops)
Heap:
 PSYoungGen      total 174080K, used 47839K [0x000000066b180000, 0x0000000677500000, 0x00000007c0000000)
  eden space 157184K, 19% used [0x000000066b180000,0x000000066cfdcd80,0x0000000674b00000)
  from space 16896K, 99% used [0x0000000674d00000,0x0000000675d5b0d0,0x0000000675d80000)
  to   space 21504K, 0% used [0x0000000676000000,0x0000000676000000,0x0000000677500000)
 ParOldGen       total 415744K, used 183613K [0x00000003c1400000, 0x00000003daa00000, 0x000000066b180000)
  object space 415744K, 44% used [0x00000003c1400000,0x00000003cc74f518,0x00000003daa00000)
 Metaspace       used 44610K, capacity 45095K, committed 45440K, reserved 1089536K
  class space    used 5099K, capacity 5230K, committed 5248K, reserved 1048576K
GC Heap History (10 events):
Event: 297.257 GC heap before
{Heap before GC invocations=86 (full 5):
 PSYoungGen      total 187904K, used 185454K [0x000000066b180000, 0x0000000678000000, 0x00000007c0000000)
  eden space 167424K, 100% used [0x000000066b180000,0x0000000675500000,0x0000000675500000)
  from space 20480K, 88% used [0x0000000676c00000,0x0000000677d9b960,0x0000000678000000)
  to   space 22016K, 0% used [0x0000000675500000,0x0000000675500000,0x0000000676a80000)
 ParOldGen       total 415744K, used 183072K [0x00000003c1400000, 0x00000003daa00000, 0x000000066b180000)
  object space 415744K, 44% used [0x00000003c1400000,0x00000003cc6c83e8,0x00000003daa00000)
 Metaspace       used 44569K, capacity 45095K, committed 45440K, reserved 1089536K
  class space    used 5090K, capacity 5230K, committed 5248K, reserved 1048576K
Event: 297.259 GC heap after
Heap after GC invocations=86 (full 5):
 PSYoungGen      total 182272K, used 16636K [0x000000066b180000, 0x0000000677e00000, 0x00000007c0000000)
  eden space 165376K, 0% used [0x000000066b180000,0x000000066b180000,0x0000000675300000)
  from space 16896K, 98% used [0x0000000675500000,0x000000067653f3f0,0x0000000676580000)
  to   space 22016K, 0% used [0x0000000676880000,0x0000000676880000,0x0000000677e00000)
 ParOldGen       total 415744K, used 183217K [0x00000003c1400000, 0x00000003daa00000, 0x000000066b180000)
  object space 415744K, 44% used [0x00000003c1400000,0x00000003cc6ec488,0x00000003daa00000)
 Metaspace       used 44569K, capacity 45095K, committed 45440K, reserved 1089536K
  class space    used 5090K, capacity 5230K, committed 5248K, reserved 1048576K
}
Event: 298.558 GC heap before
{Heap before GC invocations=87 (full 5):
 PSYoungGen      total 182272K, used 182012K [0x000000066b180000, 0x0000000677e00000, 0x00000007c0000000)
  eden space 165376K, 100% used [0x000000066b180000,0x0000000675300000,0x0000000675300000)
  from space 16896K, 98% used [0x0000000675500000,0x000000067653f3f0,0x0000000676580000)
  to   space 22016K, 0% used [0x0000000676880000,0x0000000676880000,0x0000000677e00000)
 ParOldGen       total 415744K, used 183217K [0x00000003c1400000, 0x00000003daa00000, 0x000000066b180000)
  object space 415744K, 44% used [0x00000003c1400000,0x00000003cc6ec488,0x00000003daa00000)
 Metaspace       used 44569K, capacity 45095K, committed 45440K, reserved 1089536K
  class space    used 5090K, capacity 5230K, committed 5248K, reserved 1048576K
Event: 298.560 GC heap after
Heap after GC invocations=87 (full 5):
 PSYoungGen      total 182272K, used 15400K [0x000000066b180000, 0x0000000677b00000, 0x00000007c0000000)
  eden space 163328K, 0% used [0x000000066b180000,0x000000066b180000,0x0000000675100000)
  from space 18944K, 81% used [0x0000000676880000,0x000000067778a270,0x0000000677b00000)
  to   space 21504K, 0% used [0x0000000675100000,0x0000000675100000,0x0000000676600000)
 ParOldGen       total 415744K, used 183309K [0x00000003c1400000, 0x00000003daa00000, 0x000000066b180000)
  object space 415744K, 44% used [0x00000003c1400000,0x00000003cc7034d8,0x00000003daa00000)
 Metaspace       used 44569K, capacity 45095K, committed 45440K, reserved 1089536K
  class space    used 5090K, capacity 5230K, committed 5248K, reserved 1048576K
}
Event: 299.920 GC heap before
{Heap before GC invocations=88 (full 5):
 PSYoungGen      total 182272K, used 178728K [0x000000066b180000, 0x0000000677b00000, 0x00000007c0000000)
  eden space 163328K, 100% used [0x000000066b180000,0x0000000675100000,0x0000000675100000)
  from space 18944K, 81% used [0x0000000676880000,0x000000067778a270,0x0000000677b00000)
  to   space 21504K, 0% used [0x0000000675100000,0x0000000675100000,0x0000000676600000)
 ParOldGen       total 415744K, used 183309K [0x00000003c1400000, 0x00000003daa00000, 0x000000066b180000)
  object space 415744K, 44% used [0x00000003c1400000,0x00000003cc7034d8,0x00000003daa00000)
 Metaspace       used 44569K, capacity 45095K, committed 45440K, reserved 1089536K
  class space    used 5090K, capacity 5230K, committed 5248K, reserved 1048576K
Event: 299.922 GC heap after
Heap after GC invocations=88 (full 5):
 PSYoungGen      total 177152K, used 15811K [0x000000066b180000, 0x0000000677900000, 0x00000007c0000000)
  eden space 161280K, 0% used [0x000000066b180000,0x000000066b180000,0x0000000674f00000)
  from space 15872K, 99% used [0x0000000675100000,0x0000000676070d10,0x0000000676080000)
  to   space 21504K, 0% used [0x0000000676400000,0x0000000676400000,0x0000000677900000)
 ParOldGen       total 415744K, used 183373K [0x00000003c1400000, 0x00000003daa00000, 0x000000066b180000)
  object space 415744K, 44% used [0x00000003c1400000,0x00000003cc713518,0x00000003daa00000)
 Metaspace       used 44569K, capacity 45095K, committed 45440K, reserved 1089536K
  class space    used 5090K, capacity 5230K, committed 5248K, reserved 1048576K
}
Event: 301.308 GC heap before
{Heap before GC invocations=89 (full 5):
 PSYoungGen      total 177152K, used 177091K [0x000000066b180000, 0x0000000677900000, 0x00000007c0000000)
  eden space 161280K, 100% used [0x000000066b180000,0x0000000674f00000,0x0000000674f00000)
  from space 15872K, 99% used [0x0000000675100000,0x0000000676070d10,0x0000000676080000)
  to   space 21504K, 0% used [0x0000000676400000,0x0000000676400000,0x0000000677900000)
 ParOldGen       total 415744K, used 183373K [0x00000003c1400000, 0x00000003daa00000, 0x000000066b180000)
  object space 415744K, 44% used [0x00000003c1400000,0x00000003cc713518,0x00000003daa00000)
 Metaspace       used 44570K, capacity 45095K, committed 45440K, reserved 1089536K
  class space    used 5090K, capacity 5230K, committed 5248K, reserved 1048576K
Event: 301.311 GC heap after
Heap after GC invocations=89 (full 5):
 PSYoungGen      total 178688K, used 16433K [0x000000066b180000, 0x0000000677700000, 0x00000007c0000000)
  eden space 159232K, 0% used [0x000000066b180000,0x000000066b180000,0x0000000674d00000)
  from space 19456K, 84% used [0x0000000676400000,0x000000067740c460,0x0000000677700000)
  to   space 21504K, 0% used [0x0000000674d00000,0x0000000674d00000,0x0000000676200000)
 ParOldGen       total 415744K, used 183381K [0x00000003c1400000, 0x00000003daa00000, 0x000000066b180000)
  object space 415744K, 44% used [0x00000003c1400000,0x00000003cc715518,0x00000003daa00000)
 Metaspace       used 44570K, capacity 45095K, committed 45440K, reserved 1089536K
  class space    used 5090K, capacity 5230K, committed 5248K, reserved 1048576K
}
Event: 302.666 GC heap before
{Heap before GC invocations=90 (full 5):
 PSYoungGen      total 178688K, used 175665K [0x000000066b180000, 0x0000000677700000, 0x00000007c0000000)
  eden space 159232K, 100% used [0x000000066b180000,0x0000000674d00000,0x0000000674d00000)
  from space 19456K, 84% used [0x0000000676400000,0x000000067740c460,0x0000000677700000)
  to   space 21504K, 0% used [0x0000000674d00000,0x0000000674d00000,0x0000000676200000)
 ParOldGen       total 415744K, used 183381K [0x00000003c1400000, 0x00000003daa00000, 0x000000066b180000)
  object space 415744K, 44% used [0x00000003c1400000,0x00000003cc715518,0x00000003daa00000)
 Metaspace       used 44570K, capacity 45095K, committed 45440K, reserved 1089536K
  class space    used 5090K, capacity 5230K, committed 5248K, reserved 1048576K
Event: 302.668 GC heap after
Heap after GC invocations=90 (full 5):
 PSYoungGen      total 174080K, used 16748K [0x000000066b180000, 0x0000000677500000, 0x00000007c0000000)
  eden space 157184K, 0% used [0x000000066b180000,0x000000066b180000,0x0000000674b00000)
  from space 16896K, 99% used [0x0000000674d00000,0x0000000675d5b0d0,0x0000000675d80000)
  to   space 21504K, 0% used [0x0000000676000000,0x0000000676000000,0x0000000677500000)
 ParOldGen       total 415744K, used 183613K [0x00000003c1400000, 0x00000003daa00000, 0x000000066b180000)
  object space 415744K, 44% used [0x00000003c1400000,0x00000003cc74f518,0x00000003daa00000)
 Metaspace       used 44570K, capacity 45095K, committed 45440K, reserved 1089536K
  class space    used 5090K, capacity 5230K, committed 5248K, reserved 1048576K
}

