# JRE version: Java(TM) SE Runtime Environment (8.0_471) (build 1.8.0_471-b09)
# Java VM: Java HotSpot(TM) 64-Bit Server VM (25.471-b09 mixed mode windows-amd64 compressed oops)
Heap:
 PSYoungGen      total 69632K, used 43812K [0x000000066b180000, 0x000000066f780000, 0x00000007c0000000)
  eden space 67584K, 62% used [0x000000066b180000,0x000000066da81308,0x000000066f380000)
  from space 2048K, 89% used [0x000000066f580000,0x000000066f748000,0x000000066f780000)
  to   space 2048K, 0% used [0x000000066f380000,0x000000066f380000,0x000000066f580000)
 ParOldGen       total 419328K, used 237124K [0x00000003c1400000, 0x00000003dad80000, 0x000000066b180000)
  object space 419328K, 56% used [0x00000003c1400000,0x00000003cfb911e0,0x00000003dad80000)
 Metaspace       used 44642K, capacity 45133K, committed 45568K, reserved 1089536K
  class space    used 5109K, capacity 5263K, committed 5376K, reserved 1048576K
GC Heap History (10 events):
Event: 603.097 GC heap before
{Heap before GC invocations=903 (full 5):
 PSYoungGen      total 69632K, used 69053K [0x000000066b180000, 0x000000066f700000, 0x00000007c0000000)
  eden space 68096K, 100% used [0x000000066b180000,0x000000066f400000,0x000000066f400000)
  from space 1536K, 62% used [0x000000066f400000,0x000000066f4ef410,0x000000066f580000)
  to   space 1536K, 0% used [0x000000066f580000,0x000000066f580000,0x000000066f700000)
 ParOldGen       total 419328K, used 236855K [0x00000003c1400000, 0x00000003dad80000, 0x000000066b180000)
  object space 419328K, 56% used [0x00000003c1400000,0x00000003cfb4ddc0,0x00000003dad80000)
 Metaspace       used 44603K, capacity 45133K, committed 45568K, reserved 1089536K
  class space    used 5100K, capacity 5263K, committed 5376K, reserved 1048576K
Event: 603.098 GC heap after
Heap after GC invocations=903 (full 5):
 PSYoungGen      total 69632K, used 1181K [0x000000066b180000, 0x000000066f700000, 0x00000007c0000000)
  eden space 68096K, 0% used [0x000000066b180000,0x000000066b180000,0x000000066f400000)
  from space 1536K, 76% used [0x000000066f580000,0x000000066f6a7410,0x000000066f700000)
  to   space 1536K, 0% used [0x000000066f400000,0x000000066f400000,0x000000066f580000)
 ParOldGen       total 419328K, used 236855K [0x00000003c1400000, 0x00000003dad80000, 0x000000066b180000)
  object space 419328K, 56% used [0x00000003c1400000,0x00000003cfb4ddc0,0x00000003dad80000)
 Metaspace       used 44603K, capacity 45133K, committed 45568K, reserved 1089536K
  class space    used 5100K, capacity 5263K, committed 5376K, reserved 1048576K
}
Event: 603.562 GC heap before
{Heap before GC invocations=904 (full 5):
 PSYoungGen      total 69632K, used 69277K [0x000000066b180000, 0x000000066f700000, 0x00000007c0000000)
  eden space 68096K, 100% used [0x000000066b180000,0x000000066f400000,0x000000066f400000)
  from space 1536K, 76% used [0x000000066f580000,0x000000066f6a7410,0x000000066f700000)
  to   space 1536K, 0% used [0x000000066f400000,0x000000066f400000,0x000000066f580000)
 ParOldGen       total 419328K, used 236855K [0x00000003c1400000, 0x00000003dad80000, 0x000000066b180000)
  object space 419328K, 56% used [0x00000003c1400000,0x00000003cfb4ddc0,0x00000003dad80000)
 Metaspace       used 44603K, capacity 45133K, committed 45568K, reserved 1089536K
  class space    used 5100K, capacity 5263K, committed 5376K, reserved 1048576K
Event: 603.564 GC heap after
Heap after GC invocations=904 (full 5):
 PSYoungGen      total 69632K, used 1245K [0x000000066b180000, 0x000000066f700000, 0x00000007c0000000)
  eden space 68096K, 0% used [0x000000066b180000,0x000000066b180000,0x000000066f400000)
  from space 1536K, 81% used [0x000000066f400000,0x000000066f537410,0x000000066f580000)
  to   space 1536K, 0% used [0x000000066f580000,0x000000066f580000,0x000000066f700000)
 ParOldGen       total 419328K, used 236863K [0x00000003c1400000, 0x00000003dad80000, 0x000000066b180000)
  object space 419328K, 56% used [0x00000003c1400000,0x00000003cfb4fdc0,0x00000003dad80000)
 Metaspace       used 44603K, capacity 45133K, committed 45568K, reserved 1089536K
  class space    used 5100K, capacity 5263K, committed 5376K, reserved 1048576K
}
Event: 604.045 GC heap before
{Heap before GC invocations=905 (full 5):
 PSYoungGen      total 69632K, used 69341K [0x000000066b180000, 0x000000066f700000, 0x00000007c0000000)
  eden space 68096K, 100% used [0x000000066b180000,0x000000066f400000,0x000000066f400000)
  from space 1536K, 81% used [0x000000066f400000,0x000000066f537410,0x000000066f580000)
  to   space 1536K, 0% used [0x000000066f580000,0x000000066f580000,0x000000066f700000)
 ParOldGen       total 419328K, used 236863K [0x00000003c1400000, 0x00000003dad80000, 0x000000066b180000)
  object space 419328K, 56% used [0x00000003c1400000,0x00000003cfb4fdc0,0x00000003dad80000)
 Metaspace       used 44603K, capacity 45133K, committed 45568K, reserved 1089536K
  class space    used 5100K, capacity 5263K, committed 5376K, reserved 1048576K
Event: 604.047 GC heap after
Heap after GC invocations=905 (full 5):
 PSYoungGen      total 69120K, used 1263K [0x000000066b180000, 0x000000066f800000, 0x00000007c0000000)
  eden space 67584K, 0% used [0x000000066b180000,0x000000066b180000,0x000000066f380000)
  from space 1536K, 82% used [0x000000066f580000,0x000000066f6bbc80,0x000000066f700000)
  to   space 2048K, 0% used [0x000000066f380000,0x000000066f380000,0x000000066f580000)
 ParOldGen       total 419328K, used 237029K [0x00000003c1400000, 0x00000003dad80000, 0x000000066b180000)
  object space 419328K, 56% used [0x00000003c1400000,0x00000003cfb79550,0x00000003dad80000)
 Metaspace       used 44603K, capacity 45133K, committed 45568K, reserved 1089536K
  class space    used 5100K, capacity 5263K, committed 5376K, reserved 1048576K
}
Event: 604.519 GC heap before
{Heap before GC invocations=906 (full 5):
 PSYoungGen      total 69120K, used 68847K [0x000000066b180000, 0x000000066f800000, 0x00000007c0000000)
  eden space 67584K, 100% used [0x000000066b180000,0x000000066f380000,0x000000066f380000)
  from space 1536K, 82% used [0x000000066f580000,0x000000066f6bbc80,0x000000066f700000)
  to   space 2048K, 0% used [0x000000066f380000,0x000000066f380000,0x000000066f580000)
 ParOldGen       total 419328K, used 237029K [0x00000003c1400000, 0x00000003dad80000, 0x000000066b180000)
  object space 419328K, 56% used [0x00000003c1400000,0x00000003cfb79550,0x00000003dad80000)
 Metaspace       used 44603K, capacity 45133K, committed 45568K, reserved 1089536K
  class space    used 5100K, capacity 5263K, committed 5376K, reserved 1048576K
Event: 604.521 GC heap after
Heap after GC invocations=906 (full 5):
 PSYoungGen      total 69632K, used 1504K [0x000000066b180000, 0x000000066f780000, 0x00000007c0000000)
  eden space 67584K, 0% used [0x000000066b180000,0x000000066b180000,0x000000066f380000)
  from space 2048K, 73% used [0x000000066f380000,0x000000066f4f8000,0x000000066f580000)
  to   space 2048K, 0% used [0x000000066f580000,0x000000066f580000,0x000000066f780000)
 ParOldGen       total 419328K, used 237124K [0x00000003c1400000, 0x00000003dad80000, 0x000000066b180000)
  object space 419328K, 56% used [0x00000003c1400000,0x00000003cfb911e0,0x00000003dad80000)
 Metaspace       used 44603K, capacity 45133K, committed 45568K, reserved 1089536K
  class space    used 5100K, capacity 5263K, committed 5376K, reserved 1048576K
}
Event: 605.010 GC heap before
{Heap before GC invocations=907 (full 5):
 PSYoungGen      total 69632K, used 69088K [0x000000066b180000, 0x000000066f780000, 0x00000007c0000000)
  eden space 67584K, 100% used [0x000000066b180000,0x000000066f380000,0x000000066f380000)
  from space 2048K, 73% used [0x000000066f380000,0x000000066f4f8000,0x000000066f580000)
  to   space 2048K, 0% used [0x000000066f580000,0x000000066f580000,0x000000066f780000)
 ParOldGen       total 419328K, used 237124K [0x00000003c1400000, 0x00000003dad80000, 0x000000066b180000)
  object space 419328K, 56% used [0x00000003c1400000,0x00000003cfb911e0,0x00000003dad80000)
 Metaspace       used 44603K, capacity 45133K, committed 45568K, reserved 1089536K
  class space    used 5100K, capacity 5263K, committed 5376K, reserved 1048576K
Event: 605.011 GC heap after
Heap after GC invocations=907 (full 5):
 PSYoungGen      total 69632K, used 1824K [0x000000066b180000, 0x000000066f780000, 0x00000007c0000000)
  eden space 67584K, 0% used [0x000000066b180000,0x000000066b180000,0x000000066f380000)
  from space 2048K, 89% used [0x000000066f580000,0x000000066f748000,0x000000066f780000)
  to   space 2048K, 0% used [0x000000066f380000,0x000000066f380000,0x000000066f580000)
 ParOldGen       total 419328K, used 237124K [0x00000003c1400000, 0x00000003dad80000, 0x000000066b180000)
  object space 419328K, 56% used [0x00000003c1400000,0x00000003cfb911e0,0x00000003dad80000)
 Metaspace       used 44603K, capacity 45133K, committed 45568K, reserved 1089536K
  class space    used 5100K, capacity 5263K, committed 5376K, reserved 1048576K
}

