# JRE version: Java(TM) SE Runtime Environment (8.0_471) (build 1.8.0_471-b09)
# Java VM: Java HotSpot(TM) 64-Bit Server VM (25.471-b09 mixed mode windows-amd64 compressed oops)
Heap:
 PSYoungGen      total 566784K, used 140549K [0x000000066b180000, 0x000000069e200000, 0x00000007c0000000)
  eden space 560640K, 24% used [0x000000066b180000,0x00000006734ecca0,0x000000068d500000)
  from space 6144K, 97% used [0x000000069dc00000,0x000000069e1d49b0,0x000000069e200000)
  to   space 89088K, 0% used [0x0000000693400000,0x0000000693400000,0x0000000698b00000)
 ParOldGen       total 408064K, used 167164K [0x00000003c1400000, 0x00000003da280000, 0x000000066b180000)
  object space 408064K, 40% used [0x00000003c1400000,0x00000003cb73f0a0,0x00000003da280000)
 Metaspace       used 43425K, capacity 43919K, committed 44416K, reserved 1089536K
  class space    used 5000K, capacity 5160K, committed 5248K, reserved 1048576K
GC Heap History (10 events):
Event: 16.681 GC heap before
{Heap before GC invocations=15 (full 4):
 PSYoungGen      total 659456K, used 393221K [0x000000066b180000, 0x0000000698d80000, 0x00000007c0000000)
  eden space 575488K, 68% used [0x000000066b180000,0x00000006831815c0,0x000000068e380000)
  from space 83968K, 0% used [0x0000000693780000,0x0000000693780000,0x0000000698980000)
  to   space 86016K, 0% used [0x000000068e380000,0x000000068e380000,0x0000000693780000)
 ParOldGen       total 408064K, used 68219K [0x00000003c1400000, 0x00000003da280000, 0x000000066b180000)
  object space 408064K, 16% used [0x00000003c1400000,0x00000003c569ed48,0x00000003da280000)
 Metaspace       used 36454K, capacity 36829K, committed 37120K, reserved 1081344K
  class space    used 4367K, capacity 4519K, committed 4608K, reserved 1048576K
Event: 16.693 GC heap after
Heap after GC invocations=15 (full 4):
 PSYoungGen      total 661504K, used 58145K [0x000000066b180000, 0x0000000699480000, 0x00000007c0000000)
  eden space 575488K, 0% used [0x000000066b180000,0x000000066b180000,0x000000068e380000)
  from space 86016K, 67% used [0x000000068e380000,0x0000000691c486f8,0x0000000693780000)
  to   space 89600K, 0% used [0x0000000693d00000,0x0000000693d00000,0x0000000699480000)
 ParOldGen       total 408064K, used 68227K [0x00000003c1400000, 0x00000003da280000, 0x000000066b180000)
  object space 408064K, 16% used [0x00000003c1400000,0x00000003c56a0d48,0x00000003da280000)
 Metaspace       used 36454K, capacity 36829K, committed 37120K, reserved 1081344K
  class space    used 4367K, capacity 4519K, committed 4608K, reserved 1048576K
}
Event: 16.693 GC heap before
{Heap before GC invocations=16 (full 5):
 PSYoungGen      total 661504K, used 58145K [0x000000066b180000, 0x0000000699480000, 0x00000007c0000000)
  eden space 575488K, 0% used [0x000000066b180000,0x000000066b180000,0x000000068e380000)
  from space 86016K, 67% used [0x000000068e380000,0x0000000691c486f8,0x0000000693780000)
  to   space 89600K, 0% used [0x0000000693d00000,0x0000000693d00000,0x0000000699480000)
 ParOldGen       total 408064K, used 68227K [0x00000003c1400000, 0x00000003da280000, 0x000000066b180000)
  object space 408064K, 16% used [0x00000003c1400000,0x00000003c56a0d48,0x00000003da280000)
 Metaspace       used 36454K, capacity 36829K, committed 37120K, reserved 1081344K
  class space    used 4367K, capacity 4519K, committed 4608K, reserved 1048576K
Event: 16.771 GC heap after
Heap after GC invocations=16 (full 5):
 PSYoungGen      total 661504K, used 0K [0x000000066b180000, 0x0000000699480000, 0x00000007c0000000)
  eden space 575488K, 0% used [0x000000066b180000,0x000000066b180000,0x000000068e380000)
  from space 86016K, 0% used [0x000000068e380000,0x000000068e380000,0x0000000693780000)
  to   space 89600K, 0% used [0x0000000693d00000,0x0000000693d00000,0x0000000699480000)
 ParOldGen       total 408064K, used 116666K [0x00000003c1400000, 0x00000003da280000, 0x000000066b180000)
  object space 408064K, 28% used [0x00000003c1400000,0x00000003c85ee9f0,0x00000003da280000)
 Metaspace       used 36454K, capacity 36829K, committed 37120K, reserved 1081344K
  class space    used 4367K, capacity 4519K, committed 4608K, reserved 1048576K
}
Event: 23.435 GC heap before
{Heap before GC invocations=17 (full 5):
 PSYoungGen      total 661504K, used 575488K [0x000000066b180000, 0x0000000699480000, 0x00000007c0000000)
  eden space 575488K, 100% used [0x000000066b180000,0x000000068e380000,0x000000068e380000)
  from space 86016K, 0% used [0x000000068e380000,0x000000068e380000,0x0000000693780000)
  to   space 89600K, 0% used [0x0000000693d00000,0x0000000693d00000,0x0000000699480000)
 ParOldGen       total 408064K, used 116666K [0x00000003c1400000, 0x00000003da280000, 0x000000066b180000)
  object space 408064K, 28% used [0x00000003c1400000,0x00000003c85ee9f0,0x00000003da280000)
 Metaspace       used 42849K, capacity 43337K, committed 43776K, reserved 1087488K
  class space    used 4973K, capacity 5095K, committed 5120K, reserved 1048576K
Event: 23.442 GC heap after
Heap after GC invocations=17 (full 5):
 PSYoungGen      total 667648K, used 48963K [0x000000066b180000, 0x00000006abb00000, 0x00000007c0000000)
  eden space 578048K, 0% used [0x000000066b180000,0x000000066b180000,0x000000068e600000)
  from space 89600K, 54% used [0x0000000693d00000,0x0000000696cd0ed8,0x0000000699480000)
  to   space 89088K, 0% used [0x000000068e600000,0x000000068e600000,0x0000000693d00000)
 ParOldGen       total 408064K, used 116682K [0x00000003c1400000, 0x00000003da280000, 0x000000066b180000)
  object space 408064K, 28% used [0x00000003c1400000,0x00000003c85f29f0,0x00000003da280000)
 Metaspace       used 42849K, capacity 43337K, committed 43776K, reserved 1087488K
  class space    used 4973K, capacity 5095K, committed 5120K, reserved 1048576K
}
Event: 35.190 GC heap before
{Heap before GC invocations=18 (full 5):
 PSYoungGen      total 667648K, used 627011K [0x000000066b180000, 0x00000006abb00000, 0x00000007c0000000)
  eden space 578048K, 100% used [0x000000066b180000,0x000000068e600000,0x000000068e600000)
  from space 89600K, 54% used [0x0000000693d00000,0x0000000696cd0ed8,0x0000000699480000)
  to   space 89088K, 0% used [0x000000068e600000,0x000000068e600000,0x0000000693d00000)
 ParOldGen       total 408064K, used 116682K [0x00000003c1400000, 0x00000003da280000, 0x000000066b180000)
  object space 408064K, 28% used [0x00000003c1400000,0x00000003c85f29f0,0x00000003da280000)
 Metaspace       used 43120K, capacity 43529K, committed 43776K, reserved 1087488K
  class space    used 4981K, capacity 5095K, committed 5120K, reserved 1048576K
Event: 35.202 GC heap after
Heap after GC invocations=18 (full 5):
 PSYoungGen      total 667136K, used 4899K [0x000000066b180000, 0x00000006a3380000, 0x00000007c0000000)
  eden space 578048K, 0% used [0x000000066b180000,0x000000066b180000,0x000000068e600000)
  from space 89088K, 5% used [0x000000068e600000,0x000000068eac8ce0,0x0000000693d00000)
  to   space 89600K, 0% used [0x000000069dc00000,0x000000069dc00000,0x00000006a3380000)
 ParOldGen       total 408064K, used 167156K [0x00000003c1400000, 0x00000003da280000, 0x000000066b180000)
  object space 408064K, 40% used [0x00000003c1400000,0x00000003cb73d0a0,0x00000003da280000)
 Metaspace       used 43120K, capacity 43529K, committed 43776K, reserved 1087488K
  class space    used 4981K, capacity 5095K, committed 5120K, reserved 1048576K
}
Event: 54.034 GC heap before
{Heap before GC invocations=19 (full 5):
 PSYoungGen      total 667136K, used 582947K [0x000000066b180000, 0x00000006a3380000, 0x00000007c0000000)
  eden space 578048K, 100% used [0x000000066b180000,0x000000068e600000,0x000000068e600000)
  from space 89088K, 5% used [0x000000068e600000,0x000000068eac8ce0,0x0000000693d00000)
  to   space 89600K, 0% used [0x000000069dc00000,0x000000069dc00000,0x00000006a3380000)
 ParOldGen       total 408064K, used 167156K [0x00000003c1400000, 0x00000003da280000, 0x000000066b180000)
  object space 408064K, 40% used [0x00000003c1400000,0x00000003cb73d0a0,0x00000003da280000)
 Metaspace       used 43212K, capacity 43663K, committed 44032K, reserved 1087488K
  class space    used 4984K, capacity 5096K, committed 5120K, reserved 1048576K
Event: 54.036 GC heap after
Heap after GC invocations=19 (full 5):
 PSYoungGen      total 566784K, used 5970K [0x000000066b180000, 0x000000069e200000, 0x00000007c0000000)
  eden space 560640K, 0% used [0x000000066b180000,0x000000066b180000,0x000000068d500000)
  from space 6144K, 97% used [0x000000069dc00000,0x000000069e1d49b0,0x000000069e200000)
  to   space 89088K, 0% used [0x0000000693400000,0x0000000693400000,0x0000000698b00000)
 ParOldGen       total 408064K, used 167164K [0x00000003c1400000, 0x00000003da280000, 0x000000066b180000)
  object space 408064K, 40% used [0x00000003c1400000,0x00000003cb73f0a0,0x00000003da280000)
 Metaspace       used 43212K, capacity 43663K, committed 44032K, reserved 1087488K
  class space    used 4984K, capacity 5096K, committed 5120K, reserved 1048576K
}

