# JRE version: Java(TM) SE Runtime Environment (8.0_471) (build 1.8.0_471-b09)
# Java VM: Java HotSpot(TM) 64-Bit Server VM (25.471-b09 mixed mode windows-amd64 compressed oops)
Heap:
 PSYoungGen      total 531456K, used 436296K [0x000000066b180000, 0x0000000698100000, 0x00000007c0000000)
  eden space 521216K, 81% used [0x000000066b180000,0x00000006851bbca0,0x000000068ae80000)
  from space 10240K, 98% used [0x0000000697700000,0x00000006980d6540,0x0000000698100000)
  to   space 83456K, 0% used [0x000000068de00000,0x000000068de00000,0x0000000692f80000)
 ParOldGen       total 408576K, used 166469K [0x00000003c1400000, 0x00000003da300000, 0x000000066b180000)
  object space 408576K, 40% used [0x00000003c1400000,0x00000003cb691608,0x00000003da300000)
 Metaspace       used 43403K, capacity 43887K, committed 44416K, reserved 1089536K
  class space    used 5006K, capacity 5128K, committed 5248K, reserved 1048576K
GC Heap History (10 events):
Event: 35.275 GC heap before
{Heap before GC invocations=17 (full 5):
 PSYoungGen      total 650752K, used 566784K [0x000000066b180000, 0x0000000698900000, 0x00000007c0000000)
  eden space 566784K, 100% used [0x000000066b180000,0x000000068db00000,0x000000068db00000)
  from space 83968K, 0% used [0x000000068db00000,0x000000068db00000,0x0000000692d00000)
  to   space 88064K, 0% used [0x0000000693300000,0x0000000693300000,0x0000000698900000)
 ParOldGen       total 408576K, used 117031K [0x00000003c1400000, 0x00000003da300000, 0x000000066b180000)
  object space 408576K, 28% used [0x00000003c1400000,0x00000003c8649f30,0x00000003da300000)
 Metaspace       used 42937K, capacity 43401K, committed 43776K, reserved 1087488K
  class space    used 4974K, capacity 5095K, committed 5120K, reserved 1048576K
Event: 35.282 GC heap after
Heap after GC invocations=17 (full 5):
 PSYoungGen      total 657920K, used 47940K [0x000000066b180000, 0x00000006aa380000, 0x00000007c0000000)
  eden space 569856K, 0% used [0x000000066b180000,0x000000066b180000,0x000000068de00000)
  from space 88064K, 54% used [0x0000000693300000,0x00000006961d1100,0x0000000698900000)
  to   space 87040K, 0% used [0x000000068de00000,0x000000068de00000,0x0000000693300000)
 ParOldGen       total 408576K, used 117047K [0x00000003c1400000, 0x00000003da300000, 0x000000066b180000)
  object space 408576K, 28% used [0x00000003c1400000,0x00000003c864df30,0x00000003da300000)
 Metaspace       used 42937K, capacity 43401K, committed 43776K, reserved 1087488K
  class space    used 4974K, capacity 5095K, committed 5120K, reserved 1048576K
}
Event: 53.351 GC heap before
{Heap before GC invocations=18 (full 5):
 PSYoungGen      total 657920K, used 617796K [0x000000066b180000, 0x00000006aa380000, 0x00000007c0000000)
  eden space 569856K, 100% used [0x000000066b180000,0x000000068de00000,0x000000068de00000)
  from space 88064K, 54% used [0x0000000693300000,0x00000006961d1100,0x0000000698900000)
  to   space 87040K, 0% used [0x000000068de00000,0x000000068de00000,0x0000000693300000)
 ParOldGen       total 408576K, used 117047K [0x00000003c1400000, 0x00000003da300000, 0x000000066b180000)
  object space 408576K, 28% used [0x00000003c1400000,0x00000003c864df30,0x00000003da300000)
 Metaspace       used 43195K, capacity 43657K, committed 44032K, reserved 1087488K
  class space    used 4985K, capacity 5095K, committed 5120K, reserved 1048576K
Event: 53.362 GC heap after
Heap after GC invocations=18 (full 5):
 PSYoungGen      total 656896K, used 4678K [0x000000066b180000, 0x00000006a2000000, 0x00000007c0000000)
  eden space 569856K, 0% used [0x000000066b180000,0x000000066b180000,0x000000068de00000)
  from space 87040K, 5% used [0x000000068de00000,0x000000068e2919a8,0x0000000693300000)
  to   space 87552K, 0% used [0x000000069ca80000,0x000000069ca80000,0x00000006a2000000)
 ParOldGen       total 408576K, used 166445K [0x00000003c1400000, 0x00000003da300000, 0x000000066b180000)
  object space 408576K, 40% used [0x00000003c1400000,0x00000003cb68b608,0x00000003da300000)
 Metaspace       used 43195K, capacity 43657K, committed 44032K, reserved 1087488K
  class space    used 4985K, capacity 5095K, committed 5120K, reserved 1048576K
}
Event: 65.396 GC heap before
{Heap before GC invocations=19 (full 5):
 PSYoungGen      total 656896K, used 574534K [0x000000066b180000, 0x00000006a2000000, 0x00000007c0000000)
  eden space 569856K, 100% used [0x000000066b180000,0x000000068de00000,0x000000068de00000)
  from space 87040K, 5% used [0x000000068de00000,0x000000068e2919a8,0x0000000693300000)
  to   space 87552K, 0% used [0x000000069ca80000,0x000000069ca80000,0x00000006a2000000)
 ParOldGen       total 408576K, used 166445K [0x00000003c1400000, 0x00000003da300000, 0x000000066b180000)
  object space 408576K, 40% used [0x00000003c1400000,0x00000003cb68b608,0x00000003da300000)
 Metaspace       used 43210K, capacity 43657K, committed 44032K, reserved 1087488K
  class space    used 4986K, capacity 5095K, committed 5120K, reserved 1048576K
Event: 65.399 GC heap after
Heap after GC invocations=19 (full 5):
 PSYoungGen      total 558592K, used 5429K [0x000000066b180000, 0x000000069d000000, 0x00000007c0000000)
  eden space 552960K, 0% used [0x000000066b180000,0x000000066b180000,0x000000068cd80000)
  from space 5632K, 96% used [0x000000069ca80000,0x000000069cfcd440,0x000000069d000000)
  to   space 87552K, 0% used [0x0000000692500000,0x0000000692500000,0x0000000697a80000)
 ParOldGen       total 408576K, used 166453K [0x00000003c1400000, 0x00000003da300000, 0x000000066b180000)
  object space 408576K, 40% used [0x00000003c1400000,0x00000003cb68d608,0x00000003da300000)
 Metaspace       used 43210K, capacity 43657K, committed 44032K, reserved 1087488K
  class space    used 4986K, capacity 5095K, committed 5120K, reserved 1048576K
}
Event: 75.057 GC heap before
{Heap before GC invocations=20 (full 5):
 PSYoungGen      total 558592K, used 558389K [0x000000066b180000, 0x000000069d000000, 0x00000007c0000000)
  eden space 552960K, 100% used [0x000000066b180000,0x000000068cd80000,0x000000068cd80000)
  from space 5632K, 96% used [0x000000069ca80000,0x000000069cfcd440,0x000000069d000000)
  to   space 87552K, 0% used [0x0000000692500000,0x0000000692500000,0x0000000697a80000)
 ParOldGen       total 408576K, used 166453K [0x00000003c1400000, 0x00000003da300000, 0x000000066b180000)
  object space 408576K, 40% used [0x00000003c1400000,0x00000003cb68d608,0x00000003da300000)
 Metaspace       used 43295K, capacity 43823K, committed 44160K, reserved 1087488K
  class space    used 4995K, capacity 5128K, committed 5248K, reserved 1048576K
Event: 75.059 GC heap after
Heap after GC invocations=20 (full 5):
 PSYoungGen      total 544768K, used 7872K [0x000000066b180000, 0x000000069cb00000, 0x00000007c0000000)
  eden space 536576K, 0% used [0x000000066b180000,0x000000066b180000,0x000000068bd80000)
  from space 8192K, 96% used [0x0000000692500000,0x0000000692cb03e8,0x0000000692d00000)
  to   space 86016K, 0% used [0x0000000697700000,0x0000000697700000,0x000000069cb00000)
 ParOldGen       total 408576K, used 166461K [0x00000003c1400000, 0x00000003da300000, 0x000000066b180000)
  object space 408576K, 40% used [0x00000003c1400000,0x00000003cb68f608,0x00000003da300000)
 Metaspace       used 43295K, capacity 43823K, committed 44160K, reserved 1087488K
  class space    used 4995K, capacity 5128K, committed 5248K, reserved 1048576K
}
Event: 86.902 GC heap before
{Heap before GC invocations=21 (full 5):
 PSYoungGen      total 544768K, used 544448K [0x000000066b180000, 0x000000069cb00000, 0x00000007c0000000)
  eden space 536576K, 100% used [0x000000066b180000,0x000000068bd80000,0x000000068bd80000)
  from space 8192K, 96% used [0x0000000692500000,0x0000000692cb03e8,0x0000000692d00000)
  to   space 86016K, 0% used [0x0000000697700000,0x0000000697700000,0x000000069cb00000)
 ParOldGen       total 408576K, used 166461K [0x00000003c1400000, 0x00000003da300000, 0x000000066b180000)
  object space 408576K, 40% used [0x00000003c1400000,0x00000003cb68f608,0x00000003da300000)
 Metaspace       used 43351K, capacity 43823K, committed 44160K, reserved 1087488K
  class space    used 4996K, capacity 5128K, committed 5248K, reserved 1048576K
Event: 86.906 GC heap after
Heap after GC invocations=21 (full 5):
 PSYoungGen      total 531456K, used 10073K [0x000000066b180000, 0x0000000698100000, 0x00000007c0000000)
  eden space 521216K, 0% used [0x000000066b180000,0x000000066b180000,0x000000068ae80000)
  from space 10240K, 98% used [0x0000000697700000,0x00000006980d6540,0x0000000698100000)
  to   space 83456K, 0% used [0x000000068de00000,0x000000068de00000,0x0000000692f80000)
 ParOldGen       total 408576K, used 166469K [0x00000003c1400000, 0x00000003da300000, 0x000000066b180000)
  object space 408576K, 40% used [0x00000003c1400000,0x00000003cb691608,0x00000003da300000)
 Metaspace       used 43351K, capacity 43823K, committed 44160K, reserved 1087488K
  class space    used 4996K, capacity 5128K, committed 5248K, reserved 1048576K
}

