# JRE version: Java(TM) SE Runtime Environment (8.0_471) (build 1.8.0_471-b09)
# Java VM: Java HotSpot(TM) 64-Bit Server VM (25.471-b09 mixed mode windows-amd64 compressed oops)
Heap:
 PSYoungGen      total 1437184K, used 844652K [0x000000066b180000, 0x00000006c9880000, 0x00000007c0000000)
  eden space 1374720K, 56% used [0x000000066b180000,0x000000069adc7a10,0x00000006bf000000)
  from space 62464K, 99% used [0x00000006c5b80000,0x00000006c9813998,0x00000006c9880000)
  to   space 81408K, 0% used [0x00000006bf980000,0x00000006bf980000,0x00000006c4900000)
 ParOldGen       total 416768K, used 144137K [0x00000003c1400000, 0x00000003dab00000, 0x000000066b180000)
  object space 416768K, 34% used [0x00000003c1400000,0x00000003ca0c2768,0x00000003dab00000)
 Metaspace       used 44228K, capacity 44701K, committed 45312K, reserved 1089536K
  class space    used 5096K, capacity 5255K, committed 5376K, reserved 1048576K
GC Heap History (10 events):
Event: 27.691 GC heap before
{Heap before GC invocations=17 (full 5):
 PSYoungGen      total 967680K, used 13305K [0x000000066b180000, 0x00000006ab280000, 0x00000007c0000000)
  eden space 887808K, 0% used [0x000000066b180000,0x000000066b180000,0x00000006a1480000)
  from space 79872K, 16% used [0x00000006a6480000,0x00000006a717e760,0x00000006ab280000)
  to   space 80896K, 0% used [0x00000006a1480000,0x00000006a1480000,0x00000006a6380000)
 ParOldGen       total 416768K, used 107684K [0x00000003c1400000, 0x00000003dab00000, 0x000000066b180000)
  object space 416768K, 25% used [0x00000003c1400000,0x00000003c7d29298,0x00000003dab00000)
 Metaspace       used 36229K, capacity 36603K, committed 36992K, reserved 1081344K
  class space    used 4359K, capacity 4476K, committed 4480K, reserved 1048576K
Event: 27.804 GC heap after
Heap after GC invocations=17 (full 5):
 PSYoungGen      total 967680K, used 0K [0x000000066b180000, 0x00000006ab280000, 0x00000007c0000000)
  eden space 887808K, 0% used [0x000000066b180000,0x000000066b180000,0x00000006a1480000)
  from space 79872K, 0% used [0x00000006a6480000,0x00000006a6480000,0x00000006ab280000)
  to   space 80896K, 0% used [0x00000006a1480000,0x00000006a1480000,0x00000006a6380000)
 ParOldGen       total 416768K, used 111998K [0x00000003c1400000, 0x00000003dab00000, 0x000000066b180000)
  object space 416768K, 26% used [0x00000003c1400000,0x00000003c815f8e0,0x00000003dab00000)
 Metaspace       used 36229K, capacity 36603K, committed 36992K, reserved 1081344K
  class space    used 4359K, capacity 4476K, committed 4480K, reserved 1048576K
}
Event: 30.087 GC heap before
{Heap before GC invocations=18 (full 5):
 PSYoungGen      total 967680K, used 887808K [0x000000066b180000, 0x00000006ab280000, 0x00000007c0000000)
  eden space 887808K, 100% used [0x000000066b180000,0x00000006a1480000,0x00000006a1480000)
  from space 79872K, 0% used [0x00000006a6480000,0x00000006a6480000,0x00000006ab280000)
  to   space 80896K, 0% used [0x00000006a1480000,0x00000006a1480000,0x00000006a6380000)
 ParOldGen       total 416768K, used 111998K [0x00000003c1400000, 0x00000003dab00000, 0x000000066b180000)
  object space 416768K, 26% used [0x00000003c1400000,0x00000003c815f8e0,0x00000003dab00000)
 Metaspace       used 42491K, capacity 42955K, committed 43392K, reserved 1087488K
  class space    used 4974K, capacity 5122K, committed 5248K, reserved 1048576K
Event: 30.095 GC heap after
Heap after GC invocations=18 (full 5):
 PSYoungGen      total 968704K, used 35812K [0x000000066b180000, 0x00000006bad80000, 0x00000007c0000000)
  eden space 887808K, 0% used [0x000000066b180000,0x000000066b180000,0x00000006a1480000)
  from space 80896K, 44% used [0x00000006a1480000,0x00000006a3779148,0x00000006a6380000)
  to   space 77312K, 0% used [0x00000006b6200000,0x00000006b6200000,0x00000006bad80000)
 ParOldGen       total 416768K, used 112014K [0x00000003c1400000, 0x00000003dab00000, 0x000000066b180000)
  object space 416768K, 26% used [0x00000003c1400000,0x00000003c81638e0,0x00000003dab00000)
 Metaspace       used 42491K, capacity 42955K, committed 43392K, reserved 1087488K
  class space    used 4974K, capacity 5122K, committed 5248K, reserved 1048576K
}
Event: 33.293 GC heap before
{Heap before GC invocations=19 (full 5):
 PSYoungGen      total 968704K, used 923620K [0x000000066b180000, 0x00000006bad80000, 0x00000007c0000000)
  eden space 887808K, 100% used [0x000000066b180000,0x00000006a1480000,0x00000006a1480000)
  from space 80896K, 44% used [0x00000006a1480000,0x00000006a3779148,0x00000006a6380000)
  to   space 77312K, 0% used [0x00000006b6200000,0x00000006b6200000,0x00000006bad80000)
 ParOldGen       total 416768K, used 112014K [0x00000003c1400000, 0x00000003dab00000, 0x000000066b180000)
  object space 416768K, 26% used [0x00000003c1400000,0x00000003c81638e0,0x00000003dab00000)
 Metaspace       used 42804K, capacity 43339K, committed 43904K, reserved 1087488K
  class space    used 4974K, capacity 5122K, committed 5248K, reserved 1048576K
Event: 33.303 GC heap after
Heap after GC invocations=19 (full 5):
 PSYoungGen      total 1178112K, used 24373K [0x000000066b180000, 0x00000006b9180000, 0x00000007c0000000)
  eden space 1129472K, 0% used [0x000000066b180000,0x000000066b180000,0x00000006b0080000)
  from space 48640K, 50% used [0x00000006b6200000,0x00000006b79cd4e0,0x00000006b9180000)
  to   space 74240K, 0% used [0x00000006b0080000,0x00000006b0080000,0x00000006b4900000)
 ParOldGen       total 416768K, used 144121K [0x00000003c1400000, 0x00000003dab00000, 0x000000066b180000)
  object space 416768K, 34% used [0x00000003c1400000,0x00000003ca0be768,0x00000003dab00000)
 Metaspace       used 42804K, capacity 43339K, committed 43904K, reserved 1087488K
  class space    used 4974K, capacity 5122K, committed 5248K, reserved 1048576K
}
Event: 37.017 GC heap before
{Heap before GC invocations=20 (full 5):
 PSYoungGen      total 1178112K, used 1153845K [0x000000066b180000, 0x00000006b9180000, 0x00000007c0000000)
  eden space 1129472K, 100% used [0x000000066b180000,0x00000006b0080000,0x00000006b0080000)
  from space 48640K, 50% used [0x00000006b6200000,0x00000006b79cd4e0,0x00000006b9180000)
  to   space 74240K, 0% used [0x00000006b0080000,0x00000006b0080000,0x00000006b4900000)
 ParOldGen       total 416768K, used 144121K [0x00000003c1400000, 0x00000003dab00000, 0x000000066b180000)
  object space 416768K, 34% used [0x00000003c1400000,0x00000003ca0be768,0x00000003dab00000)
 Metaspace       used 42949K, capacity 43403K, committed 43904K, reserved 1087488K
  class space    used 4981K, capacity 5122K, committed 5248K, reserved 1048576K
Event: 37.027 GC heap after
Heap after GC invocations=20 (full 5):
 PSYoungGen      total 1203712K, used 45952K [0x000000066b180000, 0x00000006ca500000, 0x00000007c0000000)
  eden space 1129472K, 0% used [0x000000066b180000,0x000000066b180000,0x00000006b0080000)
  from space 74240K, 61% used [0x00000006b0080000,0x00000006b2d60318,0x00000006b4900000)
  to   space 75264K, 0% used [0x00000006c5b80000,0x00000006c5b80000,0x00000006ca500000)
 ParOldGen       total 416768K, used 144129K [0x00000003c1400000, 0x00000003dab00000, 0x000000066b180000)
  object space 416768K, 34% used [0x00000003c1400000,0x00000003ca0c0768,0x00000003dab00000)
 Metaspace       used 42949K, capacity 43403K, committed 43904K, reserved 1087488K
  class space    used 4981K, capacity 5122K, committed 5248K, reserved 1048576K
}
Event: 45.585 GC heap before
{Heap before GC invocations=21 (full 5):
 PSYoungGen      total 1203712K, used 1175424K [0x000000066b180000, 0x00000006ca500000, 0x00000007c0000000)
  eden space 1129472K, 100% used [0x000000066b180000,0x00000006b0080000,0x00000006b0080000)
  from space 74240K, 61% used [0x00000006b0080000,0x00000006b2d60318,0x00000006b4900000)
  to   space 75264K, 0% used [0x00000006c5b80000,0x00000006c5b80000,0x00000006ca500000)
 ParOldGen       total 416768K, used 144129K [0x00000003c1400000, 0x00000003dab00000, 0x000000066b180000)
  object space 416768K, 34% used [0x00000003c1400000,0x00000003ca0c0768,0x00000003dab00000)
 Metaspace       used 43093K, capacity 43531K, committed 43904K, reserved 1087488K
  class space    used 4986K, capacity 5122K, committed 5248K, reserved 1048576K
Event: 45.595 GC heap after
Heap after GC invocations=21 (full 5):
 PSYoungGen      total 1437184K, used 62030K [0x000000066b180000, 0x00000006c9880000, 0x00000007c0000000)
  eden space 1374720K, 0% used [0x000000066b180000,0x000000066b180000,0x00000006bf000000)
  from space 62464K, 99% used [0x00000006c5b80000,0x00000006c9813998,0x00000006c9880000)
  to   space 81408K, 0% used [0x00000006bf980000,0x00000006bf980000,0x00000006c4900000)
 ParOldGen       total 416768K, used 144137K [0x00000003c1400000, 0x00000003dab00000, 0x000000066b180000)
  object space 416768K, 34% used [0x00000003c1400000,0x00000003ca0c2768,0x00000003dab00000)
 Metaspace       used 43093K, capacity 43531K, committed 43904K, reserved 1087488K
  class space    used 4986K, capacity 5122K, committed 5248K, reserved 1048576K
}

