# JRE version: Java(TM) SE Runtime Environment (8.0_471) (build 1.8.0_471-b09)
# Java VM: Java HotSpot(TM) 64-Bit Server VM (25.471-b09 mixed mode windows-amd64 compressed oops)
Heap:
 PSYoungGen      total 96256K, used 44167K [0x000000066b180000, 0x0000000671380000, 0x00000007c0000000)
  eden space 95744K, 45% used [0x000000066b180000,0x000000066dc81fa8,0x0000000670f00000)
  from space 512K, 25% used [0x0000000671300000,0x0000000671320000,0x0000000671380000)
  to   space 1536K, 0% used [0x0000000671080000,0x0000000671080000,0x0000000671200000)
 ParOldGen       total 407552K, used 195892K [0x00000003c1400000, 0x00000003da200000, 0x000000066b180000)
  object space 407552K, 48% used [0x00000003c1400000,0x00000003cd34d3a8,0x00000003da200000)
 Metaspace       used 44588K, capacity 45075K, committed 45568K, reserved 1089536K
  class space    used 5104K, capacity 5264K, committed 5376K, reserved 1048576K
GC Heap History (10 events):
Event: 329.050 GC heap before
{Heap before GC invocations=129 (full 5):
 PSYoungGen      total 100352K, used 98496K [0x000000066b180000, 0x0000000671700000, 0x00000007c0000000)
  eden space 98304K, 100% used [0x000000066b180000,0x0000000671180000,0x0000000671180000)
  from space 2048K, 9% used [0x0000000671300000,0x0000000671330000,0x0000000671500000)
  to   space 2048K, 0% used [0x0000000671500000,0x0000000671500000,0x0000000671700000)
 ParOldGen       total 407552K, used 195884K [0x00000003c1400000, 0x00000003da200000, 0x000000066b180000)
  object space 407552K, 48% used [0x00000003c1400000,0x00000003cd34b3a8,0x00000003da200000)
 Metaspace       used 44546K, capacity 45043K, committed 45440K, reserved 1089536K
  class space    used 5095K, capacity 5232K, committed 5248K, reserved 1048576K
Event: 329.052 GC heap after
Heap after GC invocations=129 (full 5):
 PSYoungGen      total 98304K, used 96K [0x000000066b180000, 0x0000000671580000, 0x00000007c0000000)
  eden space 97792K, 0% used [0x000000066b180000,0x000000066b180000,0x0000000671100000)
  from space 512K, 18% used [0x0000000671500000,0x0000000671518000,0x0000000671580000)
  to   space 1536K, 0% used [0x0000000671280000,0x0000000671280000,0x0000000671400000)
 ParOldGen       total 407552K, used 195884K [0x00000003c1400000, 0x00000003da200000, 0x000000066b180000)
  object space 407552K, 48% used [0x00000003c1400000,0x00000003cd34b3a8,0x00000003da200000)
 Metaspace       used 44546K, capacity 45043K, committed 45440K, reserved 1089536K
  class space    used 5095K, capacity 5232K, committed 5248K, reserved 1048576K
}
Event: 331.730 GC heap before
{Heap before GC invocations=130 (full 5):
 PSYoungGen      total 98304K, used 97887K [0x000000066b180000, 0x0000000671580000, 0x00000007c0000000)
  eden space 97792K, 99% used [0x000000066b180000,0x00000006710fff98,0x0000000671100000)
  from space 512K, 18% used [0x0000000671500000,0x0000000671518000,0x0000000671580000)
  to   space 1536K, 0% used [0x0000000671280000,0x0000000671280000,0x0000000671400000)
 ParOldGen       total 407552K, used 195884K [0x00000003c1400000, 0x00000003da200000, 0x000000066b180000)
  object space 407552K, 48% used [0x00000003c1400000,0x00000003cd34b3a8,0x00000003da200000)
 Metaspace       used 44546K, capacity 45043K, committed 45440K, reserved 1089536K
  class space    used 5095K, capacity 5232K, committed 5248K, reserved 1048576K
Event: 331.731 GC heap after
Heap after GC invocations=130 (full 5):
 PSYoungGen      total 98816K, used 160K [0x000000066b180000, 0x0000000671580000, 0x00000007c0000000)
  eden space 97280K, 0% used [0x000000066b180000,0x000000066b180000,0x0000000671080000)
  from space 1536K, 10% used [0x0000000671280000,0x00000006712a8000,0x0000000671400000)
  to   space 1536K, 0% used [0x0000000671400000,0x0000000671400000,0x0000000671580000)
 ParOldGen       total 407552K, used 195884K [0x00000003c1400000, 0x00000003da200000, 0x000000066b180000)
  object space 407552K, 48% used [0x00000003c1400000,0x00000003cd34b3a8,0x00000003da200000)
 Metaspace       used 44546K, capacity 45043K, committed 45440K, reserved 1089536K
  class space    used 5095K, capacity 5232K, committed 5248K, reserved 1048576K
}
Event: 334.346 GC heap before
{Heap before GC invocations=131 (full 5):
 PSYoungGen      total 98816K, used 97440K [0x000000066b180000, 0x0000000671580000, 0x00000007c0000000)
  eden space 97280K, 100% used [0x000000066b180000,0x0000000671080000,0x0000000671080000)
  from space 1536K, 10% used [0x0000000671280000,0x00000006712a8000,0x0000000671400000)
  to   space 1536K, 0% used [0x0000000671400000,0x0000000671400000,0x0000000671580000)
 ParOldGen       total 407552K, used 195884K [0x00000003c1400000, 0x00000003da200000, 0x000000066b180000)
  object space 407552K, 48% used [0x00000003c1400000,0x00000003cd34b3a8,0x00000003da200000)
 Metaspace       used 44546K, capacity 45043K, committed 45440K, reserved 1089536K
  class space    used 5095K, capacity 5232K, committed 5248K, reserved 1048576K
Event: 334.347 GC heap after
Heap after GC invocations=131 (full 5):
 PSYoungGen      total 97280K, used 128K [0x000000066b180000, 0x0000000671480000, 0x00000007c0000000)
  eden space 96768K, 0% used [0x000000066b180000,0x000000066b180000,0x0000000671000000)
  from space 512K, 25% used [0x0000000671400000,0x0000000671420000,0x0000000671480000)
  to   space 1536K, 0% used [0x0000000671180000,0x0000000671180000,0x0000000671300000)
 ParOldGen       total 407552K, used 195884K [0x00000003c1400000, 0x00000003da200000, 0x000000066b180000)
  object space 407552K, 48% used [0x00000003c1400000,0x00000003cd34b3a8,0x00000003da200000)
 Metaspace       used 44546K, capacity 45043K, committed 45440K, reserved 1089536K
  class space    used 5095K, capacity 5232K, committed 5248K, reserved 1048576K
}
Event: 336.979 GC heap before
{Heap before GC invocations=132 (full 5):
 PSYoungGen      total 97280K, used 96896K [0x000000066b180000, 0x0000000671480000, 0x00000007c0000000)
  eden space 96768K, 100% used [0x000000066b180000,0x0000000671000000,0x0000000671000000)
  from space 512K, 25% used [0x0000000671400000,0x0000000671420000,0x0000000671480000)
  to   space 1536K, 0% used [0x0000000671180000,0x0000000671180000,0x0000000671300000)
 ParOldGen       total 407552K, used 195884K [0x00000003c1400000, 0x00000003da200000, 0x000000066b180000)
  object space 407552K, 48% used [0x00000003c1400000,0x00000003cd34b3a8,0x00000003da200000)
 Metaspace       used 44546K, capacity 45043K, committed 45440K, reserved 1089536K
  class space    used 5095K, capacity 5232K, committed 5248K, reserved 1048576K
Event: 336.980 GC heap after
Heap after GC invocations=132 (full 5):
 PSYoungGen      total 97792K, used 160K [0x000000066b180000, 0x0000000671480000, 0x00000007c0000000)
  eden space 96256K, 0% used [0x000000066b180000,0x000000066b180000,0x0000000670f80000)
  from space 1536K, 10% used [0x0000000671180000,0x00000006711a8000,0x0000000671300000)
  to   space 1536K, 0% used [0x0000000671300000,0x0000000671300000,0x0000000671480000)
 ParOldGen       total 407552K, used 195884K [0x00000003c1400000, 0x00000003da200000, 0x000000066b180000)
  object space 407552K, 48% used [0x00000003c1400000,0x00000003cd34b3a8,0x00000003da200000)
 Metaspace       used 44546K, capacity 45043K, committed 45440K, reserved 1089536K
  class space    used 5095K, capacity 5232K, committed 5248K, reserved 1048576K
}
Event: 339.609 GC heap before
{Heap before GC invocations=133 (full 5):
 PSYoungGen      total 97792K, used 96416K [0x000000066b180000, 0x0000000671480000, 0x00000007c0000000)
  eden space 96256K, 100% used [0x000000066b180000,0x0000000670f80000,0x0000000670f80000)
  from space 1536K, 10% used [0x0000000671180000,0x00000006711a8000,0x0000000671300000)
  to   space 1536K, 0% used [0x0000000671300000,0x0000000671300000,0x0000000671480000)
 ParOldGen       total 407552K, used 195884K [0x00000003c1400000, 0x00000003da200000, 0x000000066b180000)
  object space 407552K, 48% used [0x00000003c1400000,0x00000003cd34b3a8,0x00000003da200000)
 Metaspace       used 44546K, capacity 45043K, committed 45440K, reserved 1089536K
  class space    used 5095K, capacity 5232K, committed 5248K, reserved 1048576K
Event: 339.611 GC heap after
Heap after GC invocations=133 (full 5):
 PSYoungGen      total 96256K, used 128K [0x000000066b180000, 0x0000000671380000, 0x00000007c0000000)
  eden space 95744K, 0% used [0x000000066b180000,0x000000066b180000,0x0000000670f00000)
  from space 512K, 25% used [0x0000000671300000,0x0000000671320000,0x0000000671380000)
  to   space 1536K, 0% used [0x0000000671080000,0x0000000671080000,0x0000000671200000)
 ParOldGen       total 407552K, used 195892K [0x00000003c1400000, 0x00000003da200000, 0x000000066b180000)
  object space 407552K, 48% used [0x00000003c1400000,0x00000003cd34d3a8,0x00000003da200000)
 Metaspace       used 44546K, capacity 45043K, committed 45440K, reserved 1089536K
  class space    used 5095K, capacity 5232K, committed 5248K, reserved 1048576K
}

