# JRE version: Java(TM) SE Runtime Environment (8.0_471) (build 1.8.0_471-b09)
# Java VM: Java HotSpot(TM) 64-Bit Server VM (25.471-b09 mixed mode windows-amd64 compressed oops)
Heap:
 PSYoungGen      total 644608K, used 409943K [0x000000066b180000, 0x00000006a0b80000, 0x00000007c0000000)
  eden space 629760K, 62% used [0x000000066b180000,0x00000006833b7a90,0x0000000691880000)
  from space 14848K, 97% used [0x0000000697600000,0x000000069841e468,0x0000000698480000)
  to   space 79360K, 0% used [0x000000069be00000,0x000000069be00000,0x00000006a0b80000)
 ParOldGen       total 427520K, used 159768K [0x00000003c1400000, 0x00000003db580000, 0x000000066b180000)
  object space 427520K, 37% used [0x00000003c1400000,0x00000003cb006250,0x00000003db580000)
 Metaspace       used 43361K, capacity 43823K, committed 44160K, reserved 1087488K
  class space    used 5005K, capacity 5128K, committed 5248K, reserved 1048576K
GC Heap History (10 events):
Event: 29.704 GC heap before
{Heap before GC invocations=18 (full 5):
 PSYoungGen      total 641536K, used 592047K [0x000000066b180000, 0x00000006a7180000, 0x00000007c0000000)
  eden space 550400K, 100% used [0x000000066b180000,0x000000068cb00000,0x000000068cb00000)
  from space 91136K, 45% used [0x0000000692000000,0x00000006948abc78,0x0000000697900000)
  to   space 87040K, 0% used [0x000000068cb00000,0x000000068cb00000,0x0000000692000000)
 ParOldGen       total 427520K, used 116834K [0x00000003c1400000, 0x00000003db580000, 0x000000066b180000)
  object space 427520K, 27% used [0x00000003c1400000,0x00000003c8618a60,0x00000003db580000)
 Metaspace       used 42902K, capacity 43343K, committed 43776K, reserved 1087488K
  class space    used 4980K, capacity 5096K, committed 5120K, reserved 1048576K
Event: 29.715 GC heap after
Heap after GC invocations=18 (full 5):
 PSYoungGen      total 637440K, used 9416K [0x000000066b180000, 0x000000069ff80000, 0x00000007c0000000)
  eden space 550400K, 0% used [0x000000066b180000,0x000000066b180000,0x000000068cb00000)
  from space 87040K, 10% used [0x000000068cb00000,0x000000068d4320d8,0x0000000692000000)
  to   space 87040K, 0% used [0x000000069aa80000,0x000000069aa80000,0x000000069ff80000)
 ParOldGen       total 427520K, used 159744K [0x00000003c1400000, 0x00000003db580000, 0x000000066b180000)
  object space 427520K, 37% used [0x00000003c1400000,0x00000003cb000250,0x00000003db580000)
 Metaspace       used 42902K, capacity 43343K, committed 43776K, reserved 1087488K
  class space    used 4980K, capacity 5096K, committed 5120K, reserved 1048576K
}
Event: 36.314 GC heap before
{Heap before GC invocations=19 (full 5):
 PSYoungGen      total 637440K, used 559816K [0x000000066b180000, 0x000000069ff80000, 0x00000007c0000000)
  eden space 550400K, 100% used [0x000000066b180000,0x000000068cb00000,0x000000068cb00000)
  from space 87040K, 10% used [0x000000068cb00000,0x000000068d4320d8,0x0000000692000000)
  to   space 87040K, 0% used [0x000000069aa80000,0x000000069aa80000,0x000000069ff80000)
 ParOldGen       total 427520K, used 159744K [0x00000003c1400000, 0x00000003db580000, 0x000000066b180000)
  object space 427520K, 37% used [0x00000003c1400000,0x00000003cb000250,0x00000003db580000)
 Metaspace       used 43009K, capacity 43471K, committed 43776K, reserved 1087488K
  class space    used 4980K, capacity 5096K, committed 5120K, reserved 1048576K
Event: 36.317 GC heap after
Heap after GC invocations=19 (full 5):
 PSYoungGen      total 734208K, used 10040K [0x000000066b180000, 0x000000069e880000, 0x00000007c0000000)
  eden space 670720K, 0% used [0x000000066b180000,0x000000066b180000,0x0000000694080000)
  from space 63488K, 15% used [0x000000069aa80000,0x000000069b44e050,0x000000069e880000)
  to   space 86016K, 0% used [0x0000000694080000,0x0000000694080000,0x0000000699480000)
 ParOldGen       total 427520K, used 159752K [0x00000003c1400000, 0x00000003db580000, 0x000000066b180000)
  object space 427520K, 37% used [0x00000003c1400000,0x00000003cb002250,0x00000003db580000)
 Metaspace       used 43009K, capacity 43471K, committed 43776K, reserved 1087488K
  class space    used 4980K, capacity 5096K, committed 5120K, reserved 1048576K
}
Event: 43.066 GC heap before
{Heap before GC invocations=20 (full 5):
 PSYoungGen      total 734208K, used 680760K [0x000000066b180000, 0x000000069e880000, 0x00000007c0000000)
  eden space 670720K, 100% used [0x000000066b180000,0x0000000694080000,0x0000000694080000)
  from space 63488K, 15% used [0x000000069aa80000,0x000000069b44e050,0x000000069e880000)
  to   space 86016K, 0% used [0x0000000694080000,0x0000000694080000,0x0000000699480000)
 ParOldGen       total 427520K, used 159752K [0x00000003c1400000, 0x00000003db580000, 0x000000066b180000)
  object space 427520K, 37% used [0x00000003c1400000,0x00000003cb002250,0x00000003db580000)
 Metaspace       used 43056K, capacity 43535K, committed 43776K, reserved 1087488K
  class space    used 4982K, capacity 5096K, committed 5120K, reserved 1048576K
Event: 43.068 GC heap after
Heap after GC invocations=20 (full 5):
 PSYoungGen      total 756736K, used 10660K [0x000000066b180000, 0x00000006a5d80000, 0x00000007c0000000)
  eden space 670720K, 0% used [0x000000066b180000,0x000000066b180000,0x0000000694080000)
  from space 86016K, 12% used [0x0000000694080000,0x0000000694ae91b8,0x0000000699480000)
  to   space 84480K, 0% used [0x00000006a0b00000,0x00000006a0b00000,0x00000006a5d80000)
 ParOldGen       total 427520K, used 159752K [0x00000003c1400000, 0x00000003db580000, 0x000000066b180000)
  object space 427520K, 37% used [0x00000003c1400000,0x00000003cb002250,0x00000003db580000)
 Metaspace       used 43056K, capacity 43535K, committed 43776K, reserved 1087488K
  class space    used 4982K, capacity 5096K, committed 5120K, reserved 1048576K
}
Event: 53.333 GC heap before
{Heap before GC invocations=21 (full 5):
 PSYoungGen      total 756736K, used 681380K [0x000000066b180000, 0x00000006a5d80000, 0x00000007c0000000)
  eden space 670720K, 100% used [0x000000066b180000,0x0000000694080000,0x0000000694080000)
  from space 86016K, 12% used [0x0000000694080000,0x0000000694ae91b8,0x0000000699480000)
  to   space 84480K, 0% used [0x00000006a0b00000,0x00000006a0b00000,0x00000006a5d80000)
 ParOldGen       total 427520K, used 159752K [0x00000003c1400000, 0x00000003db580000, 0x000000066b180000)
  object space 427520K, 37% used [0x00000003c1400000,0x00000003cb002250,0x00000003db580000)
 Metaspace       used 43132K, capacity 43535K, committed 43776K, reserved 1087488K
  class space    used 4985K, capacity 5096K, committed 5120K, reserved 1048576K
Event: 53.336 GC heap after
Heap after GC invocations=21 (full 5):
 PSYoungGen      total 662016K, used 11830K [0x000000066b180000, 0x00000006a1700000, 0x00000007c0000000)
  eden space 649728K, 0% used [0x000000066b180000,0x000000066b180000,0x0000000692c00000)
  from space 12288K, 96% used [0x00000006a0b00000,0x00000006a168d9b0,0x00000006a1700000)
  to   space 82432K, 0% used [0x0000000697600000,0x0000000697600000,0x000000069c680000)
 ParOldGen       total 427520K, used 159760K [0x00000003c1400000, 0x00000003db580000, 0x000000066b180000)
  object space 427520K, 37% used [0x00000003c1400000,0x00000003cb004250,0x00000003db580000)
 Metaspace       used 43132K, capacity 43535K, committed 43776K, reserved 1087488K
  class space    used 4985K, capacity 5096K, committed 5120K, reserved 1048576K
}
Event: 64.214 GC heap before
{Heap before GC invocations=22 (full 5):
 PSYoungGen      total 662016K, used 661558K [0x000000066b180000, 0x00000006a1700000, 0x00000007c0000000)
  eden space 649728K, 100% used [0x000000066b180000,0x0000000692c00000,0x0000000692c00000)
  from space 12288K, 96% used [0x00000006a0b00000,0x00000006a168d9b0,0x00000006a1700000)
  to   space 82432K, 0% used [0x0000000697600000,0x0000000697600000,0x000000069c680000)
 ParOldGen       total 427520K, used 159760K [0x00000003c1400000, 0x00000003db580000, 0x000000066b180000)
  object space 427520K, 37% used [0x00000003c1400000,0x00000003cb004250,0x00000003db580000)
 Metaspace       used 43284K, capacity 43759K, committed 44160K, reserved 1087488K
  class space    used 4995K, capacity 5128K, committed 5248K, reserved 1048576K
Event: 64.218 GC heap after
Heap after GC invocations=22 (full 5):
 PSYoungGen      total 644608K, used 14457K [0x000000066b180000, 0x00000006a0b80000, 0x00000007c0000000)
  eden space 629760K, 0% used [0x000000066b180000,0x000000066b180000,0x0000000691880000)
  from space 14848K, 97% used [0x0000000697600000,0x000000069841e468,0x0000000698480000)
  to   space 79360K, 0% used [0x000000069be00000,0x000000069be00000,0x00000006a0b80000)
 ParOldGen       total 427520K, used 159768K [0x00000003c1400000, 0x00000003db580000, 0x000000066b180000)
  object space 427520K, 37% used [0x00000003c1400000,0x00000003cb006250,0x00000003db580000)
 Metaspace       used 43284K, capacity 43759K, committed 44160K, reserved 1087488K
  class space    used 4995K, capacity 5128K, committed 5248K, reserved 1048576K
}

