# JRE version: Java(TM) SE Runtime Environment (8.0_471) (build 1.8.0_471-b09)
# Java VM: Java HotSpot(TM) 64-Bit Server VM (25.471-b09 mixed mode windows-amd64 compressed oops)
Heap:
 PSYoungGen      total 627712K, used 507819K [0x000000066b180000, 0x00000006a5e80000, 0x00000007c0000000)
  eden space 541184K, 87% used [0x000000066b180000,0x0000000687df1918,0x000000068c200000)
  from space 86528K, 41% used [0x0000000691200000,0x0000000693579450,0x0000000696680000)
  to   space 81920K, 0% used [0x000000068c200000,0x000000068c200000,0x0000000691200000)
 ParOldGen       total 434176K, used 117464K [0x00000003c1400000, 0x00000003dbc00000, 0x000000066b180000)
  object space 434176K, 27% used [0x00000003c1400000,0x00000003c86b6198,0x00000003dbc00000)
 Metaspace       used 43515K, capacity 43977K, committed 44416K, reserved 1089536K
  class space    used 5012K, capacity 5159K, committed 5248K, reserved 1048576K
GC Heap History (10 events):
Event: 15.529 GC heap before
{Heap before GC invocations=13 (full 3):
 PSYoungGen      total 562176K, used 0K [0x000000066b180000, 0x0000000695980000, 0x00000007c0000000)
  eden space 536576K, 0% used [0x000000066b180000,0x000000066b180000,0x000000068bd80000)
  from space 25600K, 0% used [0x000000068bd80000,0x000000068bd80000,0x000000068d680000)
  to   space 79872K, 0% used [0x0000000690b80000,0x0000000690b80000,0x0000000695980000)
 ParOldGen       total 434176K, used 63890K [0x00000003c1400000, 0x00000003dbc00000, 0x000000066b180000)
  object space 434176K, 14% used [0x00000003c1400000,0x00000003c5264b80,0x00000003dbc00000)
 Metaspace       used 31176K, capacity 31477K, committed 31872K, reserved 1077248K
  class space    used 3779K, capacity 3899K, committed 3968K, reserved 1048576K
Event: 15.530 GC heap after
Heap after GC invocations=13 (full 3):
 PSYoungGen      total 613888K, used 0K [0x000000066b180000, 0x0000000695e80000, 0x00000007c0000000)
  eden space 534016K, 0% used [0x000000066b180000,0x000000066b180000,0x000000068bb00000)
  from space 79872K, 0% used [0x0000000690b80000,0x0000000690b80000,0x0000000695980000)
  to   space 82432K, 0% used [0x000000068bb00000,0x000000068bb00000,0x0000000690b80000)
 ParOldGen       total 434176K, used 63890K [0x00000003c1400000, 0x00000003dbc00000, 0x000000066b180000)
  object space 434176K, 14% used [0x00000003c1400000,0x00000003c5264b80,0x00000003dbc00000)
 Metaspace       used 31176K, capacity 31477K, committed 31872K, reserved 1077248K
  class space    used 3779K, capacity 3899K, committed 3968K, reserved 1048576K
}
Event: 15.530 GC heap before
{Heap before GC invocations=14 (full 4):
 PSYoungGen      total 613888K, used 0K [0x000000066b180000, 0x0000000695e80000, 0x00000007c0000000)
  eden space 534016K, 0% used [0x000000066b180000,0x000000066b180000,0x000000068bb00000)
  from space 79872K, 0% used [0x0000000690b80000,0x0000000690b80000,0x0000000695980000)
  to   space 82432K, 0% used [0x000000068bb00000,0x000000068bb00000,0x0000000690b80000)
 ParOldGen       total 434176K, used 63890K [0x00000003c1400000, 0x00000003dbc00000, 0x000000066b180000)
  object space 434176K, 14% used [0x00000003c1400000,0x00000003c5264b80,0x00000003dbc00000)
 Metaspace       used 31176K, capacity 31477K, committed 31872K, reserved 1077248K
  class space    used 3779K, capacity 3899K, committed 3968K, reserved 1048576K
Event: 15.550 GC heap after
Heap after GC invocations=14 (full 4):
 PSYoungGen      total 613888K, used 0K [0x000000066b180000, 0x0000000695e80000, 0x00000007c0000000)
  eden space 534016K, 0% used [0x000000066b180000,0x000000066b180000,0x000000068bb00000)
  from space 79872K, 0% used [0x0000000690b80000,0x0000000690b80000,0x0000000695980000)
  to   space 82432K, 0% used [0x000000068bb00000,0x000000068bb00000,0x0000000690b80000)
 ParOldGen       total 434176K, used 63890K [0x00000003c1400000, 0x00000003dbc00000, 0x000000066b180000)
  object space 434176K, 14% used [0x00000003c1400000,0x00000003c5264b80,0x00000003dbc00000)
 Metaspace       used 31176K, capacity 31477K, committed 31872K, reserved 1077248K
  class space    used 3779K, capacity 3899K, committed 3968K, reserved 1048576K
}
Event: 17.194 GC heap before
{Heap before GC invocations=15 (full 4):
 PSYoungGen      total 613888K, used 406680K [0x000000066b180000, 0x0000000695e80000, 0x00000007c0000000)
  eden space 534016K, 76% used [0x000000066b180000,0x0000000683ea6008,0x000000068bb00000)
  from space 79872K, 0% used [0x0000000690b80000,0x0000000690b80000,0x0000000695980000)
  to   space 82432K, 0% used [0x000000068bb00000,0x000000068bb00000,0x0000000690b80000)
 ParOldGen       total 434176K, used 63890K [0x00000003c1400000, 0x00000003dbc00000, 0x000000066b180000)
  object space 434176K, 14% used [0x00000003c1400000,0x00000003c5264b80,0x00000003dbc00000)
 Metaspace       used 36502K, capacity 36893K, committed 37120K, reserved 1081344K
  class space    used 4364K, capacity 4519K, committed 4608K, reserved 1048576K
Event: 17.205 GC heap after
Heap after GC invocations=15 (full 4):
 PSYoungGen      total 616448K, used 59015K [0x000000066b180000, 0x0000000696680000, 0x00000007c0000000)
  eden space 534016K, 0% used [0x000000066b180000,0x000000066b180000,0x000000068bb00000)
  from space 82432K, 71% used [0x000000068bb00000,0x000000068f4a1d20,0x0000000690b80000)
  to   space 86528K, 0% used [0x0000000691200000,0x0000000691200000,0x0000000696680000)
 ParOldGen       total 434176K, used 63898K [0x00000003c1400000, 0x00000003dbc00000, 0x000000066b180000)
  object space 434176K, 14% used [0x00000003c1400000,0x00000003c5266b80,0x00000003dbc00000)
 Metaspace       used 36502K, capacity 36893K, committed 37120K, reserved 1081344K
  class space    used 4364K, capacity 4519K, committed 4608K, reserved 1048576K
}
Event: 17.205 GC heap before
{Heap before GC invocations=16 (full 5):
 PSYoungGen      total 616448K, used 59015K [0x000000066b180000, 0x0000000696680000, 0x00000007c0000000)
  eden space 534016K, 0% used [0x000000066b180000,0x000000066b180000,0x000000068bb00000)
  from space 82432K, 71% used [0x000000068bb00000,0x000000068f4a1d20,0x0000000690b80000)
  to   space 86528K, 0% used [0x0000000691200000,0x0000000691200000,0x0000000696680000)
 ParOldGen       total 434176K, used 63898K [0x00000003c1400000, 0x00000003dbc00000, 0x000000066b180000)
  object space 434176K, 14% used [0x00000003c1400000,0x00000003c5266b80,0x00000003dbc00000)
 Metaspace       used 36502K, capacity 36893K, committed 37120K, reserved 1081344K
  class space    used 4364K, capacity 4519K, committed 4608K, reserved 1048576K
Event: 17.331 GC heap after
Heap after GC invocations=16 (full 5):
 PSYoungGen      total 616448K, used 0K [0x000000066b180000, 0x0000000696680000, 0x00000007c0000000)
  eden space 534016K, 0% used [0x000000066b180000,0x000000066b180000,0x000000068bb00000)
  from space 82432K, 0% used [0x000000068bb00000,0x000000068bb00000,0x0000000690b80000)
  to   space 86528K, 0% used [0x0000000691200000,0x0000000691200000,0x0000000696680000)
 ParOldGen       total 434176K, used 117448K [0x00000003c1400000, 0x00000003dbc00000, 0x000000066b180000)
  object space 434176K, 27% used [0x00000003c1400000,0x00000003c86b2198,0x00000003dbc00000)
 Metaspace       used 36502K, capacity 36893K, committed 37120K, reserved 1081344K
  class space    used 4364K, capacity 4519K, committed 4608K, reserved 1048576K
}
Event: 21.176 GC heap before
{Heap before GC invocations=17 (full 5):
 PSYoungGen      total 616448K, used 534016K [0x000000066b180000, 0x0000000696680000, 0x00000007c0000000)
  eden space 534016K, 100% used [0x000000066b180000,0x000000068bb00000,0x000000068bb00000)
  from space 82432K, 0% used [0x000000068bb00000,0x000000068bb00000,0x0000000690b80000)
  to   space 86528K, 0% used [0x0000000691200000,0x0000000691200000,0x0000000696680000)
 ParOldGen       total 434176K, used 117448K [0x00000003c1400000, 0x00000003dbc00000, 0x000000066b180000)
  object space 434176K, 27% used [0x00000003c1400000,0x00000003c86b2198,0x00000003dbc00000)
 Metaspace       used 42893K, capacity 43363K, committed 43904K, reserved 1087488K
  class space    used 4988K, capacity 5126K, committed 5248K, reserved 1048576K
Event: 21.183 GC heap after
Heap after GC invocations=17 (full 5):
 PSYoungGen      total 627712K, used 36325K [0x000000066b180000, 0x00000006a5e80000, 0x00000007c0000000)
  eden space 541184K, 0% used [0x000000066b180000,0x000000066b180000,0x000000068c200000)
  from space 86528K, 41% used [0x0000000691200000,0x0000000693579450,0x0000000696680000)
  to   space 81920K, 0% used [0x000000068c200000,0x000000068c200000,0x0000000691200000)
 ParOldGen       total 434176K, used 117464K [0x00000003c1400000, 0x00000003dbc00000, 0x000000066b180000)
  object space 434176K, 27% used [0x00000003c1400000,0x00000003c86b6198,0x00000003dbc00000)
 Metaspace       used 42893K, capacity 43363K, committed 43904K, reserved 1087488K
  class space    used 4988K, capacity 5126K, committed 5248K, reserved 1048576K
}

