# JRE version: Java(TM) SE Runtime Environment (8.0_471) (build 1.8.0_471-b09)
# Java VM: Java HotSpot(TM) 64-Bit Server VM (25.471-b09 mixed mode windows-amd64 compressed oops)
Heap:
 PSYoungGen      total 656384K, used 37052K [0x000000066b180000, 0x0000000698900000, 0x00000007c0000000)
  eden space 577024K, 6% used [0x000000066b180000,0x000000066d5af3c8,0x000000068e500000)
  from space 79360K, 0% used [0x0000000693b80000,0x0000000693b80000,0x0000000698900000)
  to   space 83968K, 0% used [0x000000068e500000,0x000000068e500000,0x0000000693700000)
 ParOldGen       total 425472K, used 146340K [0x00000003c1400000, 0x00000003db380000, 0x000000066b180000)
  object space 425472K, 34% used [0x00000003c1400000,0x00000003ca2e93b8,0x00000003db380000)
 Metaspace       used 43737K, capacity 44245K, committed 44672K, reserved 1089536K
  class space    used 5079K, capacity 5227K, committed 5248K, reserved 1048576K
GC Heap History (10 events):
Event: 43.597 GC heap before
{Heap before GC invocations=14 (full 4):
 PSYoungGen      total 657920K, used 32K [0x000000066b180000, 0x0000000698b00000, 0x00000007c0000000)
  eden space 574976K, 0% used [0x000000066b180000,0x000000066b180000,0x000000068e300000)
  from space 82944K, 0% used [0x0000000693600000,0x0000000693608000,0x0000000698700000)
  to   space 84992K, 0% used [0x000000068e300000,0x000000068e300000,0x0000000693600000)
 ParOldGen       total 425472K, used 68582K [0x00000003c1400000, 0x00000003db380000, 0x000000066b180000)
  object space 425472K, 16% used [0x00000003c1400000,0x00000003c56f9a98,0x00000003db380000)
 Metaspace       used 31431K, capacity 31803K, committed 32128K, reserved 1077248K
  class space    used 3787K, capacity 3900K, committed 3968K, reserved 1048576K
Event: 43.625 GC heap after
Heap after GC invocations=14 (full 4):
 PSYoungGen      total 657920K, used 0K [0x000000066b180000, 0x0000000698b00000, 0x00000007c0000000)
  eden space 574976K, 0% used [0x000000066b180000,0x000000066b180000,0x000000068e300000)
  from space 82944K, 0% used [0x0000000693600000,0x0000000693600000,0x0000000698700000)
  to   space 84992K, 0% used [0x000000068e300000,0x000000068e300000,0x0000000693600000)
 ParOldGen       total 425472K, used 68582K [0x00000003c1400000, 0x00000003db380000, 0x000000066b180000)
  object space 425472K, 16% used [0x00000003c1400000,0x00000003c56f9a98,0x00000003db380000)
 Metaspace       used 31431K, capacity 31803K, committed 32128K, reserved 1077248K
  class space    used 3787K, capacity 3900K, committed 3968K, reserved 1048576K
}
Event: 45.549 GC heap before
{Heap before GC invocations=15 (full 4):
 PSYoungGen      total 657920K, used 409017K [0x000000066b180000, 0x0000000698b00000, 0x00000007c0000000)
  eden space 574976K, 71% used [0x000000066b180000,0x00000006840ee548,0x000000068e300000)
  from space 82944K, 0% used [0x0000000693600000,0x0000000693600000,0x0000000698700000)
  to   space 84992K, 0% used [0x000000068e300000,0x000000068e300000,0x0000000693600000)
 ParOldGen       total 425472K, used 68582K [0x00000003c1400000, 0x00000003db380000, 0x000000066b180000)
  object space 425472K, 16% used [0x00000003c1400000,0x00000003c56f9a98,0x00000003db380000)
 Metaspace       used 36762K, capacity 37219K, committed 37632K, reserved 1083392K
  class space    used 4379K, capacity 4520K, committed 4608K, reserved 1048576K
Event: 45.561 GC heap after
Heap after GC invocations=15 (full 4):
 PSYoungGen      total 659968K, used 58063K [0x000000066b180000, 0x0000000699200000, 0x00000007c0000000)
  eden space 574976K, 0% used [0x000000066b180000,0x000000066b180000,0x000000068e300000)
  from space 84992K, 68% used [0x000000068e300000,0x0000000691bb3dc8,0x0000000693600000)
  to   space 88576K, 0% used [0x0000000693b80000,0x0000000693b80000,0x0000000699200000)
 ParOldGen       total 425472K, used 68590K [0x00000003c1400000, 0x00000003db380000, 0x000000066b180000)
  object space 425472K, 16% used [0x00000003c1400000,0x00000003c56fba98,0x00000003db380000)
 Metaspace       used 36762K, capacity 37219K, committed 37632K, reserved 1083392K
  class space    used 4379K, capacity 4520K, committed 4608K, reserved 1048576K
}
Event: 45.561 GC heap before
{Heap before GC invocations=16 (full 5):
 PSYoungGen      total 659968K, used 58063K [0x000000066b180000, 0x0000000699200000, 0x00000007c0000000)
  eden space 574976K, 0% used [0x000000066b180000,0x000000066b180000,0x000000068e300000)
  from space 84992K, 68% used [0x000000068e300000,0x0000000691bb3dc8,0x0000000693600000)
  to   space 88576K, 0% used [0x0000000693b80000,0x0000000693b80000,0x0000000699200000)
 ParOldGen       total 425472K, used 68590K [0x00000003c1400000, 0x00000003db380000, 0x000000066b180000)
  object space 425472K, 16% used [0x00000003c1400000,0x00000003c56fba98,0x00000003db380000)
 Metaspace       used 36762K, capacity 37219K, committed 37632K, reserved 1083392K
  class space    used 4379K, capacity 4520K, committed 4608K, reserved 1048576K
Event: 45.647 GC heap after
Heap after GC invocations=16 (full 5):
 PSYoungGen      total 659968K, used 0K [0x000000066b180000, 0x0000000699200000, 0x00000007c0000000)
  eden space 574976K, 0% used [0x000000066b180000,0x000000066b180000,0x000000068e300000)
  from space 84992K, 0% used [0x000000068e300000,0x000000068e300000,0x0000000693600000)
  to   space 88576K, 0% used [0x0000000693b80000,0x0000000693b80000,0x0000000699200000)
 ParOldGen       total 425472K, used 117647K [0x00000003c1400000, 0x00000003db380000, 0x000000066b180000)
  object space 425472K, 27% used [0x00000003c1400000,0x00000003c86e3e90,0x00000003db380000)
 Metaspace       used 36762K, capacity 37219K, committed 37632K, reserved 1083392K
  class space    used 4379K, capacity 4520K, committed 4608K, reserved 1048576K
}
Event: 49.541 GC heap before
{Heap before GC invocations=17 (full 5):
 PSYoungGen      total 659968K, used 457641K [0x000000066b180000, 0x0000000699200000, 0x00000007c0000000)
  eden space 574976K, 79% used [0x000000066b180000,0x000000068706a7d8,0x000000068e300000)
  from space 84992K, 0% used [0x000000068e300000,0x000000068e300000,0x0000000693600000)
  to   space 88576K, 0% used [0x0000000693b80000,0x0000000693b80000,0x0000000699200000)
 ParOldGen       total 425472K, used 117647K [0x00000003c1400000, 0x00000003db380000, 0x000000066b180000)
  object space 425472K, 27% used [0x00000003c1400000,0x00000003c86e3e90,0x00000003db380000)
 Metaspace       used 43645K, capacity 44181K, committed 44416K, reserved 1089536K
  class space    used 5067K, capacity 5227K, committed 5248K, reserved 1048576K
Event: 49.547 GC heap after
Heap after GC invocations=17 (full 5):
 PSYoungGen      total 656384K, used 35649K [0x000000066b180000, 0x0000000698900000, 0x00000007c0000000)
  eden space 577024K, 0% used [0x000000066b180000,0x000000066b180000,0x000000068e500000)
  from space 79360K, 44% used [0x0000000693b80000,0x0000000695e507e0,0x0000000698900000)
  to   space 83968K, 0% used [0x000000068e500000,0x000000068e500000,0x0000000693700000)
 ParOldGen       total 425472K, used 117663K [0x00000003c1400000, 0x00000003db380000, 0x000000066b180000)
  object space 425472K, 27% used [0x00000003c1400000,0x00000003c86e7e90,0x00000003db380000)
 Metaspace       used 43645K, capacity 44181K, committed 44416K, reserved 1089536K
  class space    used 5067K, capacity 5227K, committed 5248K, reserved 1048576K
}
Event: 49.547 GC heap before
{Heap before GC invocations=18 (full 6):
 PSYoungGen      total 656384K, used 35649K [0x000000066b180000, 0x0000000698900000, 0x00000007c0000000)
  eden space 577024K, 0% used [0x000000066b180000,0x000000066b180000,0x000000068e500000)
  from space 79360K, 44% used [0x0000000693b80000,0x0000000695e507e0,0x0000000698900000)
  to   space 83968K, 0% used [0x000000068e500000,0x000000068e500000,0x0000000693700000)
 ParOldGen       total 425472K, used 117663K [0x00000003c1400000, 0x00000003db380000, 0x000000066b180000)
  object space 425472K, 27% used [0x00000003c1400000,0x00000003c86e7e90,0x00000003db380000)
 Metaspace       used 43645K, capacity 44181K, committed 44416K, reserved 1089536K
  class space    used 5067K, capacity 5227K, committed 5248K, reserved 1048576K
Event: 49.698 GC heap after
Heap after GC invocations=18 (full 6):
 PSYoungGen      total 656384K, used 0K [0x000000066b180000, 0x0000000698900000, 0x00000007c0000000)
  eden space 577024K, 0% used [0x000000066b180000,0x000000066b180000,0x000000068e500000)
  from space 79360K, 0% used [0x0000000693b80000,0x0000000693b80000,0x0000000698900000)
  to   space 83968K, 0% used [0x000000068e500000,0x000000068e500000,0x0000000693700000)
 ParOldGen       total 425472K, used 146340K [0x00000003c1400000, 0x00000003db380000, 0x000000066b180000)
  object space 425472K, 34% used [0x00000003c1400000,0x00000003ca2e93b8,0x00000003db380000)
 Metaspace       used 43645K, capacity 44181K, committed 44416K, reserved 1089536K
  class space    used 5067K, capacity 5227K, committed 5248K, reserved 1048576K
}

