# JRE version: Java(TM) SE Runtime Environment (8.0_471) (build 1.8.0_471-b09)
# Java VM: Java HotSpot(TM) 64-Bit Server VM (25.471-b09 mixed mode windows-amd64 compressed oops)
Heap:
 PSYoungGen      total 936960K, used 868573K [0x000000066b180000, 0x00000006aa900000, 0x00000007c0000000)
  eden space 882176K, 92% used [0x000000066b180000,0x000000069cfda958,0x00000006a0f00000)
  from space 54784K, 93% used [0x00000006a7380000,0x00000006aa55cd88,0x00000006aa900000)
  to   space 78848K, 0% used [0x00000006a0f00000,0x00000006a0f00000,0x00000006a5c00000)
 ParOldGen       total 413184K, used 139953K [0x00000003c1400000, 0x00000003da780000, 0x000000066b180000)
  object space 413184K, 33% used [0x00000003c1400000,0x00000003c9cac6e8,0x00000003da780000)
 Metaspace       used 43899K, capacity 44361K, committed 44672K, reserved 1089536K
  class space    used 5075K, capacity 5225K, committed 5248K, reserved 1048576K
GC Heap History (10 events):
Event: 16.023 GC heap before
{Heap before GC invocations=17 (full 5):
 PSYoungGen      total 659968K, used 573440K [0x000000066b180000, 0x0000000698c80000, 0x00000007c0000000)
  eden space 573440K, 100% used [0x000000066b180000,0x000000068e180000,0x000000068e180000)
  from space 86528K, 0% used [0x000000068e180000,0x000000068e180000,0x0000000693600000)
  to   space 86528K, 0% used [0x0000000693800000,0x0000000693800000,0x0000000698c80000)
 ParOldGen       total 413184K, used 106848K [0x00000003c1400000, 0x00000003da780000, 0x000000066b180000)
  object space 413184K, 25% used [0x00000003c1400000,0x00000003c7c581a8,0x00000003da780000)
 Metaspace       used 42717K, capacity 43121K, committed 43648K, reserved 1087488K
  class space    used 5034K, capacity 5157K, committed 5248K, reserved 1048576K
Event: 16.027 GC heap after
Heap after GC invocations=17 (full 5):
 PSYoungGen      total 664576K, used 20683K [0x000000066b180000, 0x00000006ab080000, 0x00000007c0000000)
  eden space 578048K, 0% used [0x000000066b180000,0x000000066b180000,0x000000068e600000)
  from space 86528K, 23% used [0x0000000693800000,0x0000000694c32ce8,0x0000000698c80000)
  to   space 83968K, 0% used [0x000000068e600000,0x000000068e600000,0x0000000693800000)
 ParOldGen       total 413184K, used 106864K [0x00000003c1400000, 0x00000003da780000, 0x000000066b180000)
  object space 413184K, 25% used [0x00000003c1400000,0x00000003c7c5c1a8,0x00000003da780000)
 Metaspace       used 42717K, capacity 43121K, committed 43648K, reserved 1087488K
  class space    used 5034K, capacity 5157K, committed 5248K, reserved 1048576K
}
Event: 18.127 GC heap before
{Heap before GC invocations=18 (full 5):
 PSYoungGen      total 664576K, used 598731K [0x000000066b180000, 0x00000006ab080000, 0x00000007c0000000)
  eden space 578048K, 100% used [0x000000066b180000,0x000000068e600000,0x000000068e600000)
  from space 86528K, 23% used [0x0000000693800000,0x0000000694c32ce8,0x0000000698c80000)
  to   space 83968K, 0% used [0x000000068e600000,0x000000068e600000,0x0000000693800000)
 ParOldGen       total 413184K, used 106864K [0x00000003c1400000, 0x00000003da780000, 0x000000066b180000)
  object space 413184K, 25% used [0x00000003c1400000,0x00000003c7c5c1a8,0x00000003da780000)
 Metaspace       used 43043K, capacity 43505K, committed 43904K, reserved 1087488K
  class space    used 5038K, capacity 5157K, committed 5248K, reserved 1048576K
Event: 18.134 GC heap after
Heap after GC invocations=18 (full 5):
 PSYoungGen      total 662016K, used 19245K [0x000000066b180000, 0x00000006a2b00000, 0x00000007c0000000)
  eden space 578048K, 0% used [0x000000066b180000,0x000000066b180000,0x000000068e600000)
  from space 83968K, 22% used [0x000000068e600000,0x000000068f8cb568,0x0000000693800000)
  to   space 81920K, 0% used [0x000000069db00000,0x000000069db00000,0x00000006a2b00000)
 ParOldGen       total 413184K, used 123575K [0x00000003c1400000, 0x00000003da780000, 0x000000066b180000)
  object space 413184K, 29% used [0x00000003c1400000,0x00000003c8cade60,0x00000003da780000)
 Metaspace       used 43043K, capacity 43505K, committed 43904K, reserved 1087488K
  class space    used 5038K, capacity 5157K, committed 5248K, reserved 1048576K
}
Event: 20.233 GC heap before
{Heap before GC invocations=19 (full 5):
 PSYoungGen      total 662016K, used 597293K [0x000000066b180000, 0x00000006a2b00000, 0x00000007c0000000)
  eden space 578048K, 100% used [0x000000066b180000,0x000000068e600000,0x000000068e600000)
  from space 83968K, 22% used [0x000000068e600000,0x000000068f8cb568,0x0000000693800000)
  to   space 81920K, 0% used [0x000000069db00000,0x000000069db00000,0x00000006a2b00000)
 ParOldGen       total 413184K, used 123575K [0x00000003c1400000, 0x00000003da780000, 0x000000066b180000)
  object space 413184K, 29% used [0x00000003c1400000,0x00000003c8cade60,0x00000003da780000)
 Metaspace       used 43208K, capacity 43703K, committed 44160K, reserved 1087488K
  class space    used 5039K, capacity 5158K, committed 5248K, reserved 1048576K
Event: 20.239 GC heap after
Heap after GC invocations=19 (full 5):
 PSYoungGen      total 791040K, used 22532K [0x000000066b180000, 0x00000006a1580000, 0x00000007c0000000)
  eden space 731136K, 0% used [0x000000066b180000,0x000000066b180000,0x0000000697b80000)
  from space 59904K, 37% used [0x000000069db00000,0x000000069f101200,0x00000006a1580000)
  to   space 78848K, 0% used [0x0000000697b80000,0x0000000697b80000,0x000000069c880000)
 ParOldGen       total 413184K, used 139937K [0x00000003c1400000, 0x00000003da780000, 0x000000066b180000)
  object space 413184K, 33% used [0x00000003c1400000,0x00000003c9ca86e8,0x00000003da780000)
 Metaspace       used 43208K, capacity 43703K, committed 44160K, reserved 1087488K
  class space    used 5039K, capacity 5158K, committed 5248K, reserved 1048576K
}
Event: 22.616 GC heap before
{Heap before GC invocations=20 (full 5):
 PSYoungGen      total 791040K, used 753668K [0x000000066b180000, 0x00000006a1580000, 0x00000007c0000000)
  eden space 731136K, 100% used [0x000000066b180000,0x0000000697b80000,0x0000000697b80000)
  from space 59904K, 37% used [0x000000069db00000,0x000000069f101200,0x00000006a1580000)
  to   space 78848K, 0% used [0x0000000697b80000,0x0000000697b80000,0x000000069c880000)
 ParOldGen       total 413184K, used 139937K [0x00000003c1400000, 0x00000003da780000, 0x000000066b180000)
  object space 413184K, 33% used [0x00000003c1400000,0x00000003c9ca86e8,0x00000003da780000)
 Metaspace       used 43324K, capacity 43831K, committed 44160K, reserved 1087488K
  class space    used 5043K, capacity 5158K, committed 5248K, reserved 1048576K
Event: 22.623 GC heap after
Heap after GC invocations=20 (full 5):
 PSYoungGen      total 809984K, used 37565K [0x000000066b180000, 0x00000006abe00000, 0x00000007c0000000)
  eden space 731136K, 0% used [0x000000066b180000,0x000000066b180000,0x0000000697b80000)
  from space 78848K, 47% used [0x0000000697b80000,0x000000069a02f758,0x000000069c880000)
  to   space 76288K, 0% used [0x00000006a7380000,0x00000006a7380000,0x00000006abe00000)
 ParOldGen       total 413184K, used 139945K [0x00000003c1400000, 0x00000003da780000, 0x000000066b180000)
  object space 413184K, 33% used [0x00000003c1400000,0x00000003c9caa6e8,0x00000003da780000)
 Metaspace       used 43324K, capacity 43831K, committed 44160K, reserved 1087488K
  class space    used 5043K, capacity 5158K, committed 5248K, reserved 1048576K
}
Event: 43.992 GC heap before
{Heap before GC invocations=21 (full 5):
 PSYoungGen      total 809984K, used 768701K [0x000000066b180000, 0x00000006abe00000, 0x00000007c0000000)
  eden space 731136K, 100% used [0x000000066b180000,0x0000000697b80000,0x0000000697b80000)
  from space 78848K, 47% used [0x0000000697b80000,0x000000069a02f758,0x000000069c880000)
  to   space 76288K, 0% used [0x00000006a7380000,0x00000006a7380000,0x00000006abe00000)
 ParOldGen       total 413184K, used 139945K [0x00000003c1400000, 0x00000003da780000, 0x000000066b180000)
  object space 413184K, 33% used [0x00000003c1400000,0x00000003c9caa6e8,0x00000003da780000)
 Metaspace       used 43608K, capacity 44055K, committed 44416K, reserved 1089536K
  class space    used 5052K, capacity 5190K, committed 5248K, reserved 1048576K
Event: 44.001 GC heap after
Heap after GC invocations=21 (full 5):
 PSYoungGen      total 936960K, used 51059K [0x000000066b180000, 0x00000006aa900000, 0x00000007c0000000)
  eden space 882176K, 0% used [0x000000066b180000,0x000000066b180000,0x00000006a0f00000)
  from space 54784K, 93% used [0x00000006a7380000,0x00000006aa55cd88,0x00000006aa900000)
  to   space 78848K, 0% used [0x00000006a0f00000,0x00000006a0f00000,0x00000006a5c00000)
 ParOldGen       total 413184K, used 139953K [0x00000003c1400000, 0x00000003da780000, 0x000000066b180000)
  object space 413184K, 33% used [0x00000003c1400000,0x00000003c9cac6e8,0x00000003da780000)
 Metaspace       used 43608K, capacity 44055K, committed 44416K, reserved 1089536K
  class space    used 5052K, capacity 5190K, committed 5248K, reserved 1048576K
}

