# JRE version: Java(TM) SE Runtime Environment (8.0_471) (build 1.8.0_471-b09)
# Java VM: Java HotSpot(TM) 64-Bit Server VM (25.471-b09 mixed mode windows-amd64 compressed oops)
Heap:
 PSYoungGen      total 680448K, used 106568K [0x000000066b180000, 0x00000006a4600000, 0x00000007c0000000)
  eden space 591360K, 16% used [0x000000066b180000,0x0000000671218818,0x000000068f300000)
  from space 89088K, 8% used [0x000000068f300000,0x000000068fa79910,0x0000000694a00000)
  to   space 89088K, 0% used [0x000000069ef00000,0x000000069ef00000,0x00000006a4600000)
 ParOldGen       total 406528K, used 165017K [0x00000003c1400000, 0x00000003da100000, 0x000000066b180000)
  object space 406528K, 40% used [0x00000003c1400000,0x00000003cb526788,0x00000003da100000)
 Metaspace       used 43612K, capacity 44105K, committed 44416K, reserved 1089536K
  class space    used 5007K, capacity 5159K, committed 5248K, reserved 1048576K
GC Heap History (10 events):
Event: 13.535 GC heap before
{Heap before GC invocations=14 (full 4):
 PSYoungGen      total 672768K, used 0K [0x000000066b180000, 0x0000000699b00000, 0x00000007c0000000)
  eden space 588288K, 0% used [0x000000066b180000,0x000000066b180000,0x000000068f000000)
  from space 84480K, 0% used [0x0000000694480000,0x0000000694480000,0x0000000699700000)
  to   space 86528K, 0% used [0x000000068f000000,0x000000068f000000,0x0000000694480000)
 ParOldGen       total 406528K, used 67272K [0x00000003c1400000, 0x00000003da100000, 0x000000066b180000)
  object space 406528K, 16% used [0x00000003c1400000,0x00000003c55b2178,0x00000003da100000)
 Metaspace       used 31186K, capacity 31477K, committed 31872K, reserved 1077248K
  class space    used 3786K, capacity 3899K, committed 3968K, reserved 1048576K
Event: 13.559 GC heap after
Heap after GC invocations=14 (full 4):
 PSYoungGen      total 672768K, used 0K [0x000000066b180000, 0x0000000699b00000, 0x00000007c0000000)
  eden space 588288K, 0% used [0x000000066b180000,0x000000066b180000,0x000000068f000000)
  from space 84480K, 0% used [0x0000000694480000,0x0000000694480000,0x0000000699700000)
  to   space 86528K, 0% used [0x000000068f000000,0x000000068f000000,0x0000000694480000)
 ParOldGen       total 406528K, used 67272K [0x00000003c1400000, 0x00000003da100000, 0x000000066b180000)
  object space 406528K, 16% used [0x00000003c1400000,0x00000003c55b2178,0x00000003da100000)
 Metaspace       used 31186K, capacity 31477K, committed 31872K, reserved 1077248K
  class space    used 3786K, capacity 3899K, committed 3968K, reserved 1048576K
}
Event: 14.989 GC heap before
{Heap before GC invocations=15 (full 4):
 PSYoungGen      total 672768K, used 389175K [0x000000066b180000, 0x0000000699b00000, 0x00000007c0000000)
  eden space 588288K, 66% used [0x000000066b180000,0x0000000682d8dd28,0x000000068f000000)
  from space 84480K, 0% used [0x0000000694480000,0x0000000694480000,0x0000000699700000)
  to   space 86528K, 0% used [0x000000068f000000,0x000000068f000000,0x0000000694480000)
 ParOldGen       total 406528K, used 67272K [0x00000003c1400000, 0x00000003da100000, 0x000000066b180000)
  object space 406528K, 16% used [0x00000003c1400000,0x00000003c55b2178,0x00000003da100000)
 Metaspace       used 36440K, capacity 36765K, committed 37120K, reserved 1081344K
  class space    used 4366K, capacity 4519K, committed 4608K, reserved 1048576K
Event: 15.006 GC heap after
Heap after GC invocations=15 (full 4):
 PSYoungGen      total 674816K, used 57769K [0x000000066b180000, 0x000000069a200000, 0x00000007c0000000)
  eden space 588288K, 0% used [0x000000066b180000,0x000000066b180000,0x000000068f000000)
  from space 86528K, 66% used [0x000000068f000000,0x000000069286a618,0x0000000694480000)
  to   space 90112K, 0% used [0x0000000694a00000,0x0000000694a00000,0x000000069a200000)
 ParOldGen       total 406528K, used 67280K [0x00000003c1400000, 0x00000003da100000, 0x000000066b180000)
  object space 406528K, 16% used [0x00000003c1400000,0x00000003c55b4178,0x00000003da100000)
 Metaspace       used 36440K, capacity 36765K, committed 37120K, reserved 1081344K
  class space    used 4366K, capacity 4519K, committed 4608K, reserved 1048576K
}
Event: 15.006 GC heap before
{Heap before GC invocations=16 (full 5):
 PSYoungGen      total 674816K, used 57769K [0x000000066b180000, 0x000000069a200000, 0x00000007c0000000)
  eden space 588288K, 0% used [0x000000066b180000,0x000000066b180000,0x000000068f000000)
  from space 86528K, 66% used [0x000000068f000000,0x000000069286a618,0x0000000694480000)
  to   space 90112K, 0% used [0x0000000694a00000,0x0000000694a00000,0x000000069a200000)
 ParOldGen       total 406528K, used 67280K [0x00000003c1400000, 0x00000003da100000, 0x000000066b180000)
  object space 406528K, 16% used [0x00000003c1400000,0x00000003c55b4178,0x00000003da100000)
 Metaspace       used 36440K, capacity 36765K, committed 37120K, reserved 1081344K
  class space    used 4366K, capacity 4519K, committed 4608K, reserved 1048576K
Event: 15.105 GC heap after
Heap after GC invocations=16 (full 5):
 PSYoungGen      total 674816K, used 0K [0x000000066b180000, 0x000000069a200000, 0x00000007c0000000)
  eden space 588288K, 0% used [0x000000066b180000,0x000000066b180000,0x000000068f000000)
  from space 86528K, 0% used [0x000000068f000000,0x000000068f000000,0x0000000694480000)
  to   space 90112K, 0% used [0x0000000694a00000,0x0000000694a00000,0x000000069a200000)
 ParOldGen       total 406528K, used 116295K [0x00000003c1400000, 0x00000003da100000, 0x000000066b180000)
  object space 406528K, 28% used [0x00000003c1400000,0x00000003c8591ef0,0x00000003da100000)
 Metaspace       used 36440K, capacity 36765K, committed 37120K, reserved 1081344K
  class space    used 4366K, capacity 4519K, committed 4608K, reserved 1048576K
}
Event: 21.371 GC heap before
{Heap before GC invocations=17 (full 5):
 PSYoungGen      total 674816K, used 588288K [0x000000066b180000, 0x000000069a200000, 0x00000007c0000000)
  eden space 588288K, 100% used [0x000000066b180000,0x000000068f000000,0x000000068f000000)
  from space 86528K, 0% used [0x000000068f000000,0x000000068f000000,0x0000000694480000)
  to   space 90112K, 0% used [0x0000000694a00000,0x0000000694a00000,0x000000069a200000)
 ParOldGen       total 406528K, used 116295K [0x00000003c1400000, 0x00000003da100000, 0x000000066b180000)
  object space 406528K, 28% used [0x00000003c1400000,0x00000003c8591ef0,0x00000003da100000)
 Metaspace       used 42998K, capacity 43453K, committed 43776K, reserved 1087488K
  class space    used 4978K, capacity 5093K, committed 5120K, reserved 1048576K
Event: 21.379 GC heap after
Heap after GC invocations=17 (full 5):
 PSYoungGen      total 681472K, used 48309K [0x000000066b180000, 0x00000006ad500000, 0x00000007c0000000)
  eden space 591360K, 0% used [0x000000066b180000,0x000000066b180000,0x000000068f300000)
  from space 90112K, 53% used [0x0000000694a00000,0x000000069792d518,0x000000069a200000)
  to   space 89088K, 0% used [0x000000068f300000,0x000000068f300000,0x0000000694a00000)
 ParOldGen       total 406528K, used 116311K [0x00000003c1400000, 0x00000003da100000, 0x000000066b180000)
  object space 406528K, 28% used [0x00000003c1400000,0x00000003c8595ef0,0x00000003da100000)
 Metaspace       used 42998K, capacity 43453K, committed 43776K, reserved 1087488K
  class space    used 4978K, capacity 5093K, committed 5120K, reserved 1048576K
}
Event: 39.464 GC heap before
{Heap before GC invocations=18 (full 5):
 PSYoungGen      total 681472K, used 639669K [0x000000066b180000, 0x00000006ad500000, 0x00000007c0000000)
  eden space 591360K, 100% used [0x000000066b180000,0x000000068f300000,0x000000068f300000)
  from space 90112K, 53% used [0x0000000694a00000,0x000000069792d518,0x000000069a200000)
  to   space 89088K, 0% used [0x000000068f300000,0x000000068f300000,0x0000000694a00000)
 ParOldGen       total 406528K, used 116311K [0x00000003c1400000, 0x00000003da100000, 0x000000066b180000)
  object space 406528K, 28% used [0x00000003c1400000,0x00000003c8595ef0,0x00000003da100000)
 Metaspace       used 43417K, capacity 43849K, committed 44288K, reserved 1089536K
  class space    used 4993K, capacity 5095K, committed 5120K, reserved 1048576K
Event: 39.476 GC heap after
Heap after GC invocations=18 (full 5):
 PSYoungGen      total 680448K, used 7654K [0x000000066b180000, 0x00000006a4600000, 0x00000007c0000000)
  eden space 591360K, 0% used [0x000000066b180000,0x000000066b180000,0x000000068f300000)
  from space 89088K, 8% used [0x000000068f300000,0x000000068fa79910,0x0000000694a00000)
  to   space 89088K, 0% used [0x000000069ef00000,0x000000069ef00000,0x00000006a4600000)
 ParOldGen       total 406528K, used 165017K [0x00000003c1400000, 0x00000003da100000, 0x000000066b180000)
  object space 406528K, 40% used [0x00000003c1400000,0x00000003cb526788,0x00000003da100000)
 Metaspace       used 43417K, capacity 43849K, committed 44288K, reserved 1089536K
  class space    used 4993K, capacity 5095K, committed 5120K, reserved 1048576K
}

