# JRE version: Java(TM) SE Runtime Environment (8.0_471) (build 1.8.0_471-b09)
# Java VM: Java HotSpot(TM) 64-Bit Server VM (25.471-b09 mixed mode windows-amd64 compressed oops)
Heap:
 PSYoungGen      total 942592K, used 78052K [0x000000066b180000, 0x00000006aae00000, 0x00000007c0000000)
  eden space 885248K, 2% used [0x000000066b180000,0x000000066c941db0,0x00000006a1200000)
  from space 57344K, 93% used [0x00000006a7600000,0x00000006aaa774c8,0x00000006aae00000)
  to   space 79872K, 0% used [0x00000006a1200000,0x00000006a1200000,0x00000006a6000000)
 ParOldGen       total 417792K, used 136928K [0x00000003c1400000, 0x00000003dac00000, 0x000000066b180000)
  object space 417792K, 32% used [0x00000003c1400000,0x00000003c99b8238,0x00000003dac00000)
 Metaspace       used 42831K, capacity 43327K, committed 43520K, reserved 1087488K
  class space    used 4969K, capacity 5120K, committed 5120K, reserved 1048576K
GC Heap History (10 events):
Event: 16.584 GC heap before
{Heap before GC invocations=17 (full 5):
 PSYoungGen      total 659968K, used 573440K [0x000000066b180000, 0x0000000698b80000, 0x00000007c0000000)
  eden space 573440K, 100% used [0x000000066b180000,0x000000068e180000,0x000000068e180000)
  from space 86528K, 0% used [0x000000068e180000,0x000000068e180000,0x0000000693600000)
  to   space 86016K, 0% used [0x0000000693780000,0x0000000693780000,0x0000000698b80000)
 ParOldGen       total 417792K, used 106128K [0x00000003c1400000, 0x00000003dac00000, 0x000000066b180000)
  object space 417792K, 25% used [0x00000003c1400000,0x00000003c7ba43d0,0x00000003dac00000)
 Metaspace       used 41681K, capacity 42073K, committed 42496K, reserved 1087488K
  class space    used 4940K, capacity 5087K, committed 5120K, reserved 1048576K
Event: 16.588 GC heap after
Heap after GC invocations=17 (full 5):
 PSYoungGen      total 663552K, used 18637K [0x000000066b180000, 0x00000006ab580000, 0x00000007c0000000)
  eden space 577536K, 0% used [0x000000066b180000,0x000000066b180000,0x000000068e580000)
  from space 86016K, 21% used [0x0000000693780000,0x00000006949b34a8,0x0000000698b80000)
  to   space 83968K, 0% used [0x000000068e580000,0x000000068e580000,0x0000000693780000)
 ParOldGen       total 417792K, used 106144K [0x00000003c1400000, 0x00000003dac00000, 0x000000066b180000)
  object space 417792K, 25% used [0x00000003c1400000,0x00000003c7ba83d0,0x00000003dac00000)
 Metaspace       used 41681K, capacity 42073K, committed 42496K, reserved 1087488K
  class space    used 4940K, capacity 5087K, committed 5120K, reserved 1048576K
}
Event: 18.578 GC heap before
{Heap before GC invocations=18 (full 5):
 PSYoungGen      total 663552K, used 587806K [0x000000066b180000, 0x00000006ab580000, 0x00000007c0000000)
  eden space 577536K, 98% used [0x000000066b180000,0x000000068dd543b0,0x000000068e580000)
  from space 86016K, 21% used [0x0000000693780000,0x00000006949b34a8,0x0000000698b80000)
  to   space 83968K, 0% used [0x000000068e580000,0x000000068e580000,0x0000000693780000)
 ParOldGen       total 417792K, used 106144K [0x00000003c1400000, 0x00000003dac00000, 0x000000066b180000)
  object space 417792K, 25% used [0x00000003c1400000,0x00000003c7ba83d0,0x00000003dac00000)
 Metaspace       used 42125K, capacity 42585K, committed 43008K, reserved 1087488K
  class space    used 4944K, capacity 5087K, committed 5120K, reserved 1048576K
Event: 18.583 GC heap after
Heap after GC invocations=18 (full 5):
 PSYoungGen      total 661504K, used 19244K [0x000000066b180000, 0x00000006a2c00000, 0x00000007c0000000)
  eden space 577536K, 0% used [0x000000066b180000,0x000000066b180000,0x000000068e580000)
  from space 83968K, 22% used [0x000000068e580000,0x000000068f84b380,0x0000000693780000)
  to   space 81920K, 0% used [0x000000069dc00000,0x000000069dc00000,0x00000006a2c00000)
 ParOldGen       total 417792K, used 120334K [0x00000003c1400000, 0x00000003dac00000, 0x000000066b180000)
  object space 417792K, 28% used [0x00000003c1400000,0x00000003c8983a48,0x00000003dac00000)
 Metaspace       used 42125K, capacity 42585K, committed 43008K, reserved 1087488K
  class space    used 4944K, capacity 5087K, committed 5120K, reserved 1048576K
}
Event: 20.743 GC heap before
{Heap before GC invocations=19 (full 5):
 PSYoungGen      total 661504K, used 596780K [0x000000066b180000, 0x00000006a2c00000, 0x00000007c0000000)
  eden space 577536K, 100% used [0x000000066b180000,0x000000068e580000,0x000000068e580000)
  from space 83968K, 22% used [0x000000068e580000,0x000000068f84b380,0x0000000693780000)
  to   space 81920K, 0% used [0x000000069dc00000,0x000000069dc00000,0x00000006a2c00000)
 ParOldGen       total 417792K, used 120334K [0x00000003c1400000, 0x00000003dac00000, 0x000000066b180000)
  object space 417792K, 28% used [0x00000003c1400000,0x00000003c8983a48,0x00000003dac00000)
 Metaspace       used 42342K, capacity 42841K, committed 43264K, reserved 1087488K
  class space    used 4944K, capacity 5087K, committed 5120K, reserved 1048576K
Event: 20.749 GC heap after
Heap after GC invocations=19 (full 5):
 PSYoungGen      total 794112K, used 20146K [0x000000066b180000, 0x00000006a1800000, 0x00000007c0000000)
  eden space 732672K, 0% used [0x000000066b180000,0x000000066b180000,0x0000000697d00000)
  from space 61440K, 32% used [0x000000069dc00000,0x000000069efac8d0,0x00000006a1800000)
  to   space 79360K, 0% used [0x0000000697d00000,0x0000000697d00000,0x000000069ca80000)
 ParOldGen       total 417792K, used 136912K [0x00000003c1400000, 0x00000003dac00000, 0x000000066b180000)
  object space 417792K, 32% used [0x00000003c1400000,0x00000003c99b4238,0x00000003dac00000)
 Metaspace       used 42342K, capacity 42841K, committed 43264K, reserved 1087488K
  class space    used 4944K, capacity 5087K, committed 5120K, reserved 1048576K
}
Event: 23.592 GC heap before
{Heap before GC invocations=20 (full 5):
 PSYoungGen      total 794112K, used 752818K [0x000000066b180000, 0x00000006a1800000, 0x00000007c0000000)
  eden space 732672K, 100% used [0x000000066b180000,0x0000000697d00000,0x0000000697d00000)
  from space 61440K, 32% used [0x000000069dc00000,0x000000069efac8d0,0x00000006a1800000)
  to   space 79360K, 0% used [0x0000000697d00000,0x0000000697d00000,0x000000069ca80000)
 ParOldGen       total 417792K, used 136912K [0x00000003c1400000, 0x00000003dac00000, 0x000000066b180000)
  object space 417792K, 32% used [0x00000003c1400000,0x00000003c99b4238,0x00000003dac00000)
 Metaspace       used 42425K, capacity 42911K, committed 43264K, reserved 1087488K
  class space    used 4946K, capacity 5088K, committed 5120K, reserved 1048576K
Event: 23.598 GC heap after
Heap after GC invocations=20 (full 5):
 PSYoungGen      total 812032K, used 36507K [0x000000066b180000, 0x00000006ac080000, 0x00000007c0000000)
  eden space 732672K, 0% used [0x000000066b180000,0x000000066b180000,0x0000000697d00000)
  from space 79360K, 46% used [0x0000000697d00000,0x000000069a0a6cf0,0x000000069ca80000)
  to   space 76288K, 0% used [0x00000006a7600000,0x00000006a7600000,0x00000006ac080000)
 ParOldGen       total 417792K, used 136920K [0x00000003c1400000, 0x00000003dac00000, 0x000000066b180000)
  object space 417792K, 32% used [0x00000003c1400000,0x00000003c99b6238,0x00000003dac00000)
 Metaspace       used 42425K, capacity 42911K, committed 43264K, reserved 1087488K
  class space    used 4946K, capacity 5088K, committed 5120K, reserved 1048576K
}
Event: 39.695 GC heap before
{Heap before GC invocations=21 (full 5):
 PSYoungGen      total 812032K, used 769179K [0x000000066b180000, 0x00000006ac080000, 0x00000007c0000000)
  eden space 732672K, 100% used [0x000000066b180000,0x0000000697d00000,0x0000000697d00000)
  from space 79360K, 46% used [0x0000000697d00000,0x000000069a0a6cf0,0x000000069ca80000)
  to   space 76288K, 0% used [0x00000006a7600000,0x00000006a7600000,0x00000006ac080000)
 ParOldGen       total 417792K, used 136920K [0x00000003c1400000, 0x00000003dac00000, 0x000000066b180000)
  object space 417792K, 32% used [0x00000003c1400000,0x00000003c99b6238,0x00000003dac00000)
 Metaspace       used 42814K, capacity 43263K, committed 43520K, reserved 1087488K
  class space    used 4967K, capacity 5120K, committed 5120K, reserved 1048576K
Event: 39.704 GC heap after
Heap after GC invocations=21 (full 5):
 PSYoungGen      total 942592K, used 53725K [0x000000066b180000, 0x00000006aae00000, 0x00000007c0000000)
  eden space 885248K, 0% used [0x000000066b180000,0x000000066b180000,0x00000006a1200000)
  from space 57344K, 93% used [0x00000006a7600000,0x00000006aaa774c8,0x00000006aae00000)
  to   space 79872K, 0% used [0x00000006a1200000,0x00000006a1200000,0x00000006a6000000)
 ParOldGen       total 417792K, used 136928K [0x00000003c1400000, 0x00000003dac00000, 0x000000066b180000)
  object space 417792K, 32% used [0x00000003c1400000,0x00000003c99b8238,0x00000003dac00000)
 Metaspace       used 42814K, capacity 43263K, committed 43520K, reserved 1087488K
  class space    used 4967K, capacity 5120K, committed 5120K, reserved 1048576K
}

