# JRE version: Java(TM) SE Runtime Environment (8.0_471) (build 1.8.0_471-b09)
# Java VM: Java HotSpot(TM) 64-Bit Server VM (25.471-b09 mixed mode windows-amd64 compressed oops)
Heap:
 PSYoungGen      total 650752K, used 83230K [0x000000066b180000, 0x00000006a1b00000, 0x00000007c0000000)
  eden space 562176K, 13% used [0x000000066b180000,0x000000066fcb5c40,0x000000068d680000)
  from space 88576K, 7% used [0x000000068d680000,0x000000068dc91c38,0x0000000692d00000)
  to   space 89088K, 0% used [0x000000069c400000,0x000000069c400000,0x00000006a1b00000)
 ParOldGen       total 429056K, used 165585K [0x00000003c1400000, 0x00000003db700000, 0x000000066b180000)
  object space 429056K, 38% used [0x00000003c1400000,0x00000003cb5b4470,0x00000003db700000)
 Metaspace       used 43152K, capacity 43619K, committed 44160K, reserved 1087488K
  class space    used 4992K, capacity 5126K, committed 5248K, reserved 1048576K
GC Heap History (10 events):
Event: 14.338 GC heap before
{Heap before GC invocations=14 (full 4):
 PSYoungGen      total 643584K, used 0K [0x000000066b180000, 0x0000000697e80000, 0x00000007c0000000)
  eden space 559104K, 0% used [0x000000066b180000,0x000000066b180000,0x000000068d380000)
  from space 84480K, 0% used [0x0000000692800000,0x0000000692800000,0x0000000697a80000)
  to   space 86528K, 0% used [0x000000068d380000,0x000000068d380000,0x0000000692800000)
 ParOldGen       total 429056K, used 68725K [0x00000003c1400000, 0x00000003db700000, 0x000000066b180000)
  object space 429056K, 16% used [0x00000003c1400000,0x00000003c571d6e8,0x00000003db700000)
 Metaspace       used 31140K, capacity 31413K, committed 31616K, reserved 1077248K
  class space    used 3785K, capacity 3899K, committed 3968K, reserved 1048576K
Event: 14.360 GC heap after
Heap after GC invocations=14 (full 4):
 PSYoungGen      total 643584K, used 0K [0x000000066b180000, 0x0000000697e80000, 0x00000007c0000000)
  eden space 559104K, 0% used [0x000000066b180000,0x000000066b180000,0x000000068d380000)
  from space 84480K, 0% used [0x0000000692800000,0x0000000692800000,0x0000000697a80000)
  to   space 86528K, 0% used [0x000000068d380000,0x000000068d380000,0x0000000692800000)
 ParOldGen       total 429056K, used 68725K [0x00000003c1400000, 0x00000003db700000, 0x000000066b180000)
  object space 429056K, 16% used [0x00000003c1400000,0x00000003c571d6e8,0x00000003db700000)
 Metaspace       used 31140K, capacity 31413K, committed 31616K, reserved 1077248K
  class space    used 3785K, capacity 3899K, committed 3968K, reserved 1048576K
}
Event: 15.660 GC heap before
{Heap before GC invocations=15 (full 4):
 PSYoungGen      total 643584K, used 397110K [0x000000066b180000, 0x0000000697e80000, 0x00000007c0000000)
  eden space 559104K, 71% used [0x000000066b180000,0x000000068354d960,0x000000068d380000)
  from space 84480K, 0% used [0x0000000692800000,0x0000000692800000,0x0000000697a80000)
  to   space 86528K, 0% used [0x000000068d380000,0x000000068d380000,0x0000000692800000)
 ParOldGen       total 429056K, used 68725K [0x00000003c1400000, 0x00000003db700000, 0x000000066b180000)
  object space 429056K, 16% used [0x00000003c1400000,0x00000003c571d6e8,0x00000003db700000)
 Metaspace       used 36449K, capacity 36829K, committed 37120K, reserved 1081344K
  class space    used 4376K, capacity 4519K, committed 4608K, reserved 1048576K
Event: 15.670 GC heap after
Heap after GC invocations=15 (full 4):
 PSYoungGen      total 645632K, used 57634K [0x000000066b180000, 0x0000000698480000, 0x00000007c0000000)
  eden space 559104K, 0% used [0x000000066b180000,0x000000066b180000,0x000000068d380000)
  from space 86528K, 66% used [0x000000068d380000,0x0000000690bc8830,0x0000000692800000)
  to   space 89600K, 0% used [0x0000000692d00000,0x0000000692d00000,0x0000000698480000)
 ParOldGen       total 429056K, used 68733K [0x00000003c1400000, 0x00000003db700000, 0x000000066b180000)
  object space 429056K, 16% used [0x00000003c1400000,0x00000003c571f6e8,0x00000003db700000)
 Metaspace       used 36449K, capacity 36829K, committed 37120K, reserved 1081344K
  class space    used 4376K, capacity 4519K, committed 4608K, reserved 1048576K
}
Event: 15.670 GC heap before
{Heap before GC invocations=16 (full 5):
 PSYoungGen      total 645632K, used 57634K [0x000000066b180000, 0x0000000698480000, 0x00000007c0000000)
  eden space 559104K, 0% used [0x000000066b180000,0x000000066b180000,0x000000068d380000)
  from space 86528K, 66% used [0x000000068d380000,0x0000000690bc8830,0x0000000692800000)
  to   space 89600K, 0% used [0x0000000692d00000,0x0000000692d00000,0x0000000698480000)
 ParOldGen       total 429056K, used 68733K [0x00000003c1400000, 0x00000003db700000, 0x000000066b180000)
  object space 429056K, 16% used [0x00000003c1400000,0x00000003c571f6e8,0x00000003db700000)
 Metaspace       used 36449K, capacity 36829K, committed 37120K, reserved 1081344K
  class space    used 4376K, capacity 4519K, committed 4608K, reserved 1048576K
Event: 15.746 GC heap after
Heap after GC invocations=16 (full 5):
 PSYoungGen      total 645632K, used 0K [0x000000066b180000, 0x0000000698480000, 0x00000007c0000000)
  eden space 559104K, 0% used [0x000000066b180000,0x000000066b180000,0x000000068d380000)
  from space 86528K, 0% used [0x000000068d380000,0x000000068d380000,0x0000000692800000)
  to   space 89600K, 0% used [0x0000000692d00000,0x0000000692d00000,0x0000000698480000)
 ParOldGen       total 429056K, used 116054K [0x00000003c1400000, 0x00000003db700000, 0x000000066b180000)
  object space 429056K, 27% used [0x00000003c1400000,0x00000003c8555938,0x00000003db700000)
 Metaspace       used 36449K, capacity 36829K, committed 37120K, reserved 1081344K
  class space    used 4376K, capacity 4519K, committed 4608K, reserved 1048576K
}
Event: 21.969 GC heap before
{Heap before GC invocations=17 (full 5):
 PSYoungGen      total 645632K, used 559104K [0x000000066b180000, 0x0000000698480000, 0x00000007c0000000)
  eden space 559104K, 100% used [0x000000066b180000,0x000000068d380000,0x000000068d380000)
  from space 86528K, 0% used [0x000000068d380000,0x000000068d380000,0x0000000692800000)
  to   space 89600K, 0% used [0x0000000692d00000,0x0000000692d00000,0x0000000698480000)
 ParOldGen       total 429056K, used 116054K [0x00000003c1400000, 0x00000003db700000, 0x000000066b180000)
  object space 429056K, 27% used [0x00000003c1400000,0x00000003c8555938,0x00000003db700000)
 Metaspace       used 42788K, capacity 43203K, committed 43520K, reserved 1087488K
  class space    used 4973K, capacity 5094K, committed 5120K, reserved 1048576K
Event: 21.976 GC heap after
Heap after GC invocations=17 (full 5):
 PSYoungGen      total 651776K, used 47978K [0x000000066b180000, 0x00000006a9a80000, 0x00000007c0000000)
  eden space 562176K, 0% used [0x000000066b180000,0x000000066b180000,0x000000068d680000)
  from space 89600K, 53% used [0x0000000692d00000,0x0000000695bda938,0x0000000698480000)
  to   space 88576K, 0% used [0x000000068d680000,0x000000068d680000,0x0000000692d00000)
 ParOldGen       total 429056K, used 116070K [0x00000003c1400000, 0x00000003db700000, 0x000000066b180000)
  object space 429056K, 27% used [0x00000003c1400000,0x00000003c8559938,0x00000003db700000)
 Metaspace       used 42788K, capacity 43203K, committed 43520K, reserved 1087488K
  class space    used 4973K, capacity 5094K, committed 5120K, reserved 1048576K
}
Event: 32.196 GC heap before
{Heap before GC invocations=18 (full 5):
 PSYoungGen      total 651776K, used 610154K [0x000000066b180000, 0x00000006a9a80000, 0x00000007c0000000)
  eden space 562176K, 100% used [0x000000066b180000,0x000000068d680000,0x000000068d680000)
  from space 89600K, 53% used [0x0000000692d00000,0x0000000695bda938,0x0000000698480000)
  to   space 88576K, 0% used [0x000000068d680000,0x000000068d680000,0x0000000692d00000)
 ParOldGen       total 429056K, used 116070K [0x00000003c1400000, 0x00000003db700000, 0x000000066b180000)
  object space 429056K, 27% used [0x00000003c1400000,0x00000003c8559938,0x00000003db700000)
 Metaspace       used 43080K, capacity 43523K, committed 43776K, reserved 1087488K
  class space    used 4982K, capacity 5094K, committed 5120K, reserved 1048576K
Event: 32.209 GC heap after
Heap after GC invocations=18 (full 5):
 PSYoungGen      total 650752K, used 6215K [0x000000066b180000, 0x00000006a1b00000, 0x00000007c0000000)
  eden space 562176K, 0% used [0x000000066b180000,0x000000066b180000,0x000000068d680000)
  from space 88576K, 7% used [0x000000068d680000,0x000000068dc91c38,0x0000000692d00000)
  to   space 89088K, 0% used [0x000000069c400000,0x000000069c400000,0x00000006a1b00000)
 ParOldGen       total 429056K, used 165585K [0x00000003c1400000, 0x00000003db700000, 0x000000066b180000)
  object space 429056K, 38% used [0x00000003c1400000,0x00000003cb5b4470,0x00000003db700000)
 Metaspace       used 43080K, capacity 43523K, committed 43776K, reserved 1087488K
  class space    used 4982K, capacity 5094K, committed 5120K, reserved 1048576K
}

