# JRE version: Java(TM) SE Runtime Environment (8.0_471) (build 1.8.0_471-b09)
# Java VM: Java HotSpot(TM) 64-Bit Server VM (25.471-b09 mixed mode windows-amd64 compressed oops)
Heap:
 PSYoungGen      total 570880K, used 120276K [0x000000066b180000, 0x0000000692800000, 0x00000007c0000000)
  eden space 532992K, 19% used [0x000000066b180000,0x00000006715371a8,0x000000068ba00000)
  from space 37888K, 47% used [0x0000000690300000,0x00000006914be130,0x0000000692800000)
  to   space 56320K, 0% used [0x000000068ba00000,0x000000068ba00000,0x000000068f100000)
 ParOldGen       total 410112K, used 158954K [0x00000003c1400000, 0x00000003da480000, 0x000000066b180000)
  object space 410112K, 38% used [0x00000003c1400000,0x00000003caf3a9c8,0x00000003da480000)
 Metaspace       used 44430K, capacity 44935K, committed 45312K, reserved 1089536K
  class space    used 5095K, capacity 5262K, committed 5376K, reserved 1048576K
GC Heap History (10 events):
Event: 111.694 GC heap before
{Heap before GC invocations=25 (full 5):
 PSYoungGen      total 637440K, used 637274K [0x000000066b180000, 0x0000000699980000, 0x00000007c0000000)
  eden space 619520K, 100% used [0x000000066b180000,0x0000000690e80000,0x0000000690e80000)
  from space 17920K, 99% used [0x0000000692200000,0x0000000693356bc0,0x0000000693380000)
  to   space 71168K, 0% used [0x0000000695400000,0x0000000695400000,0x0000000699980000)
 ParOldGen       total 410112K, used 158946K [0x00000003c1400000, 0x00000003da480000, 0x000000066b180000)
  object space 410112K, 38% used [0x00000003c1400000,0x00000003caf389c8,0x00000003da480000)
 Metaspace       used 44364K, capacity 44839K, committed 45184K, reserved 1089536K
  class space    used 5085K, capacity 5230K, committed 5248K, reserved 1048576K
Event: 111.698 GC heap after
Heap after GC invocations=25 (full 5):
 PSYoungGen      total 646656K, used 18298K [0x000000066b180000, 0x0000000698100000, 0x00000007c0000000)
  eden space 600576K, 0% used [0x000000066b180000,0x000000066b180000,0x000000068fc00000)
  from space 46080K, 39% used [0x0000000695400000,0x00000006965de928,0x0000000698100000)
  to   space 68096K, 0% used [0x000000068fc00000,0x000000068fc00000,0x0000000693e80000)
 ParOldGen       total 410112K, used 158946K [0x00000003c1400000, 0x00000003da480000, 0x000000066b180000)
  object space 410112K, 38% used [0x00000003c1400000,0x00000003caf389c8,0x00000003da480000)
 Metaspace       used 44364K, capacity 44839K, committed 45184K, reserved 1089536K
  class space    used 5085K, capacity 5230K, committed 5248K, reserved 1048576K
}
Event: 119.979 GC heap before
{Heap before GC invocations=26 (full 5):
 PSYoungGen      total 646656K, used 618874K [0x000000066b180000, 0x0000000698100000, 0x00000007c0000000)
  eden space 600576K, 100% used [0x000000066b180000,0x000000068fc00000,0x000000068fc00000)
  from space 46080K, 39% used [0x0000000695400000,0x00000006965de928,0x0000000698100000)
  to   space 68096K, 0% used [0x000000068fc00000,0x000000068fc00000,0x0000000693e80000)
 ParOldGen       total 410112K, used 158946K [0x00000003c1400000, 0x00000003da480000, 0x000000066b180000)
  object space 410112K, 38% used [0x00000003c1400000,0x00000003caf389c8,0x00000003da480000)
 Metaspace       used 44372K, capacity 44839K, committed 45184K, reserved 1089536K
  class space    used 5085K, capacity 5230K, committed 5248K, reserved 1048576K
Event: 119.983 GC heap after
Heap after GC invocations=26 (full 5):
 PSYoungGen      total 601600K, used 18724K [0x000000066b180000, 0x0000000696880000, 0x00000007c0000000)
  eden space 582656K, 0% used [0x000000066b180000,0x000000066b180000,0x000000068ea80000)
  from space 18944K, 98% used [0x000000068fc00000,0x0000000690e492c8,0x0000000690e80000)
  to   space 64512K, 0% used [0x0000000692980000,0x0000000692980000,0x0000000696880000)
 ParOldGen       total 410112K, used 158946K [0x00000003c1400000, 0x00000003da480000, 0x000000066b180000)
  object space 410112K, 38% used [0x00000003c1400000,0x00000003caf389c8,0x00000003da480000)
 Metaspace       used 44372K, capacity 44839K, committed 45184K, reserved 1089536K
  class space    used 5085K, capacity 5230K, committed 5248K, reserved 1048576K
}
Event: 127.718 GC heap before
{Heap before GC invocations=27 (full 5):
 PSYoungGen      total 601600K, used 601380K [0x000000066b180000, 0x0000000696880000, 0x00000007c0000000)
  eden space 582656K, 100% used [0x000000066b180000,0x000000068ea80000,0x000000068ea80000)
  from space 18944K, 98% used [0x000000068fc00000,0x0000000690e492c8,0x0000000690e80000)
  to   space 64512K, 0% used [0x0000000692980000,0x0000000692980000,0x0000000696880000)
 ParOldGen       total 410112K, used 158946K [0x00000003c1400000, 0x00000003da480000, 0x000000066b180000)
  object space 410112K, 38% used [0x00000003c1400000,0x00000003caf389c8,0x00000003da480000)
 Metaspace       used 44377K, capacity 44839K, committed 45184K, reserved 1089536K
  class space    used 5085K, capacity 5230K, committed 5248K, reserved 1048576K
Event: 127.722 GC heap after
Heap after GC invocations=27 (full 5):
 PSYoungGen      total 607232K, used 17089K [0x000000066b180000, 0x0000000695280000, 0x00000007c0000000)
  eden space 565248K, 0% used [0x000000066b180000,0x000000066b180000,0x000000068d980000)
  from space 41984K, 40% used [0x0000000692980000,0x0000000693a30428,0x0000000695280000)
  to   space 61952K, 0% used [0x000000068d980000,0x000000068d980000,0x0000000691600000)
 ParOldGen       total 410112K, used 158954K [0x00000003c1400000, 0x00000003da480000, 0x000000066b180000)
  object space 410112K, 38% used [0x00000003c1400000,0x00000003caf3a9c8,0x00000003da480000)
 Metaspace       used 44377K, capacity 44839K, committed 45184K, reserved 1089536K
  class space    used 5085K, capacity 5230K, committed 5248K, reserved 1048576K
}
Event: 135.522 GC heap before
{Heap before GC invocations=28 (full 5):
 PSYoungGen      total 607232K, used 582337K [0x000000066b180000, 0x0000000695280000, 0x00000007c0000000)
  eden space 565248K, 100% used [0x000000066b180000,0x000000068d980000,0x000000068d980000)
  from space 41984K, 40% used [0x0000000692980000,0x0000000693a30428,0x0000000695280000)
  to   space 61952K, 0% used [0x000000068d980000,0x000000068d980000,0x0000000691600000)
 ParOldGen       total 410112K, used 158954K [0x00000003c1400000, 0x00000003da480000, 0x000000066b180000)
  object space 410112K, 38% used [0x00000003c1400000,0x00000003caf3a9c8,0x00000003da480000)
 Metaspace       used 44380K, capacity 44839K, committed 45184K, reserved 1089536K
  class space    used 5085K, capacity 5230K, committed 5248K, reserved 1048576K
Event: 135.526 GC heap after
Heap after GC invocations=28 (full 5):
 PSYoungGen      total 567808K, used 18600K [0x000000066b180000, 0x0000000693c80000, 0x00000007c0000000)
  eden space 548864K, 0% used [0x000000066b180000,0x000000066b180000,0x000000068c980000)
  from space 18944K, 98% used [0x000000068d980000,0x000000068ebaa080,0x000000068ec00000)
  to   space 58880K, 0% used [0x0000000690300000,0x0000000690300000,0x0000000693c80000)
 ParOldGen       total 410112K, used 158954K [0x00000003c1400000, 0x00000003da480000, 0x000000066b180000)
  object space 410112K, 38% used [0x00000003c1400000,0x00000003caf3a9c8,0x00000003da480000)
 Metaspace       used 44380K, capacity 44839K, committed 45184K, reserved 1089536K
  class space    used 5085K, capacity 5230K, committed 5248K, reserved 1048576K
}
Event: 143.078 GC heap before
{Heap before GC invocations=29 (full 5):
 PSYoungGen      total 567808K, used 567464K [0x000000066b180000, 0x0000000693c80000, 0x00000007c0000000)
  eden space 548864K, 100% used [0x000000066b180000,0x000000068c980000,0x000000068c980000)
  from space 18944K, 98% used [0x000000068d980000,0x000000068ebaa080,0x000000068ec00000)
  to   space 58880K, 0% used [0x0000000690300000,0x0000000690300000,0x0000000693c80000)
 ParOldGen       total 410112K, used 158954K [0x00000003c1400000, 0x00000003da480000, 0x000000066b180000)
  object space 410112K, 38% used [0x00000003c1400000,0x00000003caf3a9c8,0x00000003da480000)
 Metaspace       used 44384K, capacity 44839K, committed 45184K, reserved 1089536K
  class space    used 5085K, capacity 5230K, committed 5248K, reserved 1048576K
Event: 143.081 GC heap after
Heap after GC invocations=29 (full 5):
 PSYoungGen      total 570880K, used 18168K [0x000000066b180000, 0x0000000692800000, 0x00000007c0000000)
  eden space 532992K, 0% used [0x000000066b180000,0x000000066b180000,0x000000068ba00000)
  from space 37888K, 47% used [0x0000000690300000,0x00000006914be130,0x0000000692800000)
  to   space 56320K, 0% used [0x000000068ba00000,0x000000068ba00000,0x000000068f100000)
 ParOldGen       total 410112K, used 158954K [0x00000003c1400000, 0x00000003da480000, 0x000000066b180000)
  object space 410112K, 38% used [0x00000003c1400000,0x00000003caf3a9c8,0x00000003da480000)
 Metaspace       used 44384K, capacity 44839K, committed 45184K, reserved 1089536K
  class space    used 5085K, capacity 5230K, committed 5248K, reserved 1048576K
}

