# JRE version: Java(TM) SE Runtime Environment (8.0_471) (build 1.8.0_471-b09)
# Java VM: Java HotSpot(TM) 64-Bit Server VM (25.471-b09 mixed mode windows-amd64 compressed oops)
Heap:
 PSYoungGen      total 56832K, used 11058K [0x000000066b180000, 0x000000066fd00000, 0x00000007c0000000)
  eden space 46592K, 1% used [0x000000066b180000,0x000000066b259368,0x000000066df00000)
  from space 10240K, 99% used [0x000000066df00000,0x000000066e8f3530,0x000000066e900000)
  to   space 15360K, 0% used [0x000000066ee00000,0x000000066ee00000,0x000000066fd00000)
 ParOldGen       total 413184K, used 329982K [0x00000003c1400000, 0x00000003da780000, 0x000000066b180000)
  object space 413184K, 79% used [0x00000003c1400000,0x00000003d563fa28,0x00000003da780000)
 Metaspace       used 44854K, capacity 45343K, committed 45824K, reserved 1089536K
  class space    used 5107K, capacity 5266K, committed 5376K, reserved 1048576K
GC Heap History (10 events):
Event: 1838.928 GC heap before
{Heap before GC invocations=632 (full 5):
 PSYoungGen      total 61952K, used 58561K [0x000000066b180000, 0x000000066fe00000, 0x00000007c0000000)
  eden space 47104K, 100% used [0x000000066b180000,0x000000066df80000,0x000000066df80000)
  from space 14848K, 77% used [0x000000066ee80000,0x000000066f9b0700,0x000000066fd00000)
  to   space 15360K, 0% used [0x000000066df80000,0x000000066df80000,0x000000066ee80000)
 ParOldGen       total 413184K, used 329646K [0x00000003c1400000, 0x00000003da780000, 0x000000066b180000)
  object space 413184K, 79% used [0x00000003c1400000,0x00000003d55eb9c8,0x00000003da780000)
 Metaspace       used 44813K, capacity 45311K, committed 45696K, reserved 1089536K
  class space    used 5097K, capacity 5234K, committed 5248K, reserved 1048576K
Event: 1838.930 GC heap after
Heap after GC invocations=632 (full 5):
 PSYoungGen      total 62464K, used 11484K [0x000000066b180000, 0x000000066fd80000, 0x00000007c0000000)
  eden space 47104K, 0% used [0x000000066b180000,0x000000066b180000,0x000000066df80000)
  from space 15360K, 74% used [0x000000066df80000,0x000000066eab72b0,0x000000066ee80000)
  to   space 15360K, 0% used [0x000000066ee80000,0x000000066ee80000,0x000000066fd80000)
 ParOldGen       total 413184K, used 329718K [0x00000003c1400000, 0x00000003da780000, 0x000000066b180000)
  object space 413184K, 79% used [0x00000003c1400000,0x00000003d55fd9c8,0x00000003da780000)
 Metaspace       used 44813K, capacity 45311K, committed 45696K, reserved 1089536K
  class space    used 5097K, capacity 5234K, committed 5248K, reserved 1048576K
}
Event: 1840.009 GC heap before
{Heap before GC invocations=633 (full 5):
 PSYoungGen      total 62464K, used 58588K [0x000000066b180000, 0x000000066fd80000, 0x00000007c0000000)
  eden space 47104K, 100% used [0x000000066b180000,0x000000066df80000,0x000000066df80000)
  from space 15360K, 74% used [0x000000066df80000,0x000000066eab72b0,0x000000066ee80000)
  to   space 15360K, 0% used [0x000000066ee80000,0x000000066ee80000,0x000000066fd80000)
 ParOldGen       total 413184K, used 329718K [0x00000003c1400000, 0x00000003da780000, 0x000000066b180000)
  object space 413184K, 79% used [0x00000003c1400000,0x00000003d55fd9c8,0x00000003da780000)
 Metaspace       used 44813K, capacity 45311K, committed 45696K, reserved 1089536K
  class space    used 5097K, capacity 5234K, committed 5248K, reserved 1048576K
Event: 1840.011 GC heap after
Heap after GC invocations=633 (full 5):
 PSYoungGen      total 62464K, used 12571K [0x000000066b180000, 0x000000066fd80000, 0x00000007c0000000)
  eden space 47104K, 0% used [0x000000066b180000,0x000000066b180000,0x000000066df80000)
  from space 15360K, 81% used [0x000000066ee80000,0x000000066fac6ea8,0x000000066fd80000)
  to   space 15360K, 0% used [0x000000066df80000,0x000000066df80000,0x000000066ee80000)
 ParOldGen       total 413184K, used 329806K [0x00000003c1400000, 0x00000003da780000, 0x000000066b180000)
  object space 413184K, 79% used [0x00000003c1400000,0x00000003d5613a28,0x00000003da780000)
 Metaspace       used 44813K, capacity 45311K, committed 45696K, reserved 1089536K
  class space    used 5097K, capacity 5234K, committed 5248K, reserved 1048576K
}
Event: 1841.109 GC heap before
{Heap before GC invocations=634 (full 5):
 PSYoungGen      total 62464K, used 59675K [0x000000066b180000, 0x000000066fd80000, 0x00000007c0000000)
  eden space 47104K, 100% used [0x000000066b180000,0x000000066df80000,0x000000066df80000)
  from space 15360K, 81% used [0x000000066ee80000,0x000000066fac6ea8,0x000000066fd80000)
  to   space 15360K, 0% used [0x000000066df80000,0x000000066df80000,0x000000066ee80000)
 ParOldGen       total 413184K, used 329806K [0x00000003c1400000, 0x00000003da780000, 0x000000066b180000)
  object space 413184K, 79% used [0x00000003c1400000,0x00000003d5613a28,0x00000003da780000)
 Metaspace       used 44813K, capacity 45311K, committed 45696K, reserved 1089536K
  class space    used 5097K, capacity 5234K, committed 5248K, reserved 1048576K
Event: 1841.110 GC heap after
Heap after GC invocations=634 (full 5):
 PSYoungGen      total 62464K, used 11758K [0x000000066b180000, 0x000000066fd80000, 0x00000007c0000000)
  eden space 47104K, 0% used [0x000000066b180000,0x000000066b180000,0x000000066df80000)
  from space 15360K, 76% used [0x000000066df80000,0x000000066eafba98,0x000000066ee80000)
  to   space 15360K, 0% used [0x000000066ee80000,0x000000066ee80000,0x000000066fd80000)
 ParOldGen       total 413184K, used 329806K [0x00000003c1400000, 0x00000003da780000, 0x000000066b180000)
  object space 413184K, 79% used [0x00000003c1400000,0x00000003d5613a28,0x00000003da780000)
 Metaspace       used 44813K, capacity 45311K, committed 45696K, reserved 1089536K
  class space    used 5097K, capacity 5234K, committed 5248K, reserved 1048576K
}
Event: 1842.160 GC heap before
{Heap before GC invocations=635 (full 5):
 PSYoungGen      total 62464K, used 58862K [0x000000066b180000, 0x000000066fd80000, 0x00000007c0000000)
  eden space 47104K, 100% used [0x000000066b180000,0x000000066df80000,0x000000066df80000)
  from space 15360K, 76% used [0x000000066df80000,0x000000066eafba98,0x000000066ee80000)
  to   space 15360K, 0% used [0x000000066ee80000,0x000000066ee80000,0x000000066fd80000)
 ParOldGen       total 413184K, used 329806K [0x00000003c1400000, 0x00000003da780000, 0x000000066b180000)
  object space 413184K, 79% used [0x00000003c1400000,0x00000003d5613a28,0x00000003da780000)
 Metaspace       used 44813K, capacity 45311K, committed 45696K, reserved 1089536K
  class space    used 5097K, capacity 5234K, committed 5248K, reserved 1048576K
Event: 1842.162 GC heap after
Heap after GC invocations=635 (full 5):
 PSYoungGen      total 61952K, used 7106K [0x000000066b180000, 0x000000066fe80000, 0x00000007c0000000)
  eden space 46592K, 0% used [0x000000066b180000,0x000000066b180000,0x000000066df00000)
  from space 15360K, 46% used [0x000000066ee80000,0x000000066f570a58,0x000000066fd80000)
  to   space 15872K, 0% used [0x000000066df00000,0x000000066df00000,0x000000066ee80000)
 ParOldGen       total 413184K, used 329846K [0x00000003c1400000, 0x00000003da780000, 0x000000066b180000)
  object space 413184K, 79% used [0x00000003c1400000,0x00000003d561da28,0x00000003da780000)
 Metaspace       used 44813K, capacity 45311K, committed 45696K, reserved 1089536K
  class space    used 5097K, capacity 5234K, committed 5248K, reserved 1048576K
}
Event: 1843.157 GC heap before
{Heap before GC invocations=636 (full 5):
 PSYoungGen      total 61952K, used 53698K [0x000000066b180000, 0x000000066fe80000, 0x00000007c0000000)
  eden space 46592K, 100% used [0x000000066b180000,0x000000066df00000,0x000000066df00000)
  from space 15360K, 46% used [0x000000066ee80000,0x000000066f570a58,0x000000066fd80000)
  to   space 15872K, 0% used [0x000000066df00000,0x000000066df00000,0x000000066ee80000)
 ParOldGen       total 413184K, used 329846K [0x00000003c1400000, 0x00000003da780000, 0x000000066b180000)
  object space 413184K, 79% used [0x00000003c1400000,0x00000003d561da28,0x00000003da780000)
 Metaspace       used 44852K, capacity 45343K, committed 45824K, reserved 1089536K
  class space    used 5107K, capacity 5266K, committed 5376K, reserved 1048576K
Event: 1843.158 GC heap after
Heap after GC invocations=636 (full 5):
 PSYoungGen      total 56832K, used 10189K [0x000000066b180000, 0x000000066fd00000, 0x00000007c0000000)
  eden space 46592K, 0% used [0x000000066b180000,0x000000066b180000,0x000000066df00000)
  from space 10240K, 99% used [0x000000066df00000,0x000000066e8f3530,0x000000066e900000)
  to   space 15360K, 0% used [0x000000066ee00000,0x000000066ee00000,0x000000066fd00000)
 ParOldGen       total 413184K, used 329982K [0x00000003c1400000, 0x00000003da780000, 0x000000066b180000)
  object space 413184K, 79% used [0x00000003c1400000,0x00000003d563fa28,0x00000003da780000)
 Metaspace       used 44852K, capacity 45343K, committed 45824K, reserved 1089536K
  class space    used 5107K, capacity 5266K, committed 5376K, reserved 1048576K
}

