# JRE version: Java(TM) SE Runtime Environment (8.0_471) (build 1.8.0_471-b09)
# Java VM: Java HotSpot(TM) 64-Bit Server VM (25.471-b09 mixed mode windows-amd64 compressed oops)
Heap:
 PSYoungGen      total 142848K, used 36953K [0x000000066b180000, 0x0000000674a80000, 0x00000007c0000000)
  eden space 141824K, 25% used [0x000000066b180000,0x000000066d4e6450,0x0000000673c00000)
  from space 1024K, 68% used [0x0000000674600000,0x00000006746b0000,0x0000000674700000)
  to   space 2560K, 0% used [0x0000000674800000,0x0000000674800000,0x0000000674a80000)
 ParOldGen       total 427520K, used 217940K [0x00000003c1400000, 0x00000003db580000, 0x000000066b180000)
  object space 427520K, 50% used [0x00000003c1400000,0x00000003ce8d51a8,0x00000003db580000)
 Metaspace       used 44537K, capacity 45021K, committed 45568K, reserved 1089536K
  class space    used 5099K, capacity 5255K, committed 5376K, reserved 1048576K
GC Heap History (10 events):
Event: 274.213 GC heap before
{Heap before GC invocations=108 (full 5):
 PSYoungGen      total 151040K, used 150880K [0x000000066b180000, 0x0000000675000000, 0x00000007c0000000)
  eden space 150016K, 100% used [0x000000066b180000,0x0000000674400000,0x0000000674400000)
  from space 1024K, 84% used [0x0000000674f00000,0x0000000674fd8000,0x0000000675000000)
  to   space 3072K, 0% used [0x0000000674a00000,0x0000000674a00000,0x0000000674d00000)
 ParOldGen       total 427520K, used 217576K [0x00000003c1400000, 0x00000003db580000, 0x000000066b180000)
  object space 427520K, 50% used [0x00000003c1400000,0x00000003ce87a198,0x00000003db580000)
 Metaspace       used 44493K, capacity 44925K, committed 45440K, reserved 1089536K
  class space    used 5090K, capacity 5223K, committed 5248K, reserved 1048576K
Event: 274.215 GC heap after
Heap after GC invocations=108 (full 5):
 PSYoungGen      total 148992K, used 832K [0x000000066b180000, 0x0000000674f80000, 0x00000007c0000000)
  eden space 147968K, 0% used [0x000000066b180000,0x000000066b180000,0x0000000674200000)
  from space 1024K, 81% used [0x0000000674a00000,0x0000000674ad0000,0x0000000674b00000)
  to   space 3072K, 0% used [0x0000000674c80000,0x0000000674c80000,0x0000000674f80000)
 ParOldGen       total 427520K, used 217616K [0x00000003c1400000, 0x00000003db580000, 0x000000066b180000)
  object space 427520K, 50% used [0x00000003c1400000,0x00000003ce884198,0x00000003db580000)
 Metaspace       used 44493K, capacity 44925K, committed 45440K, reserved 1089536K
  class space    used 5090K, capacity 5223K, committed 5248K, reserved 1048576K
}
Event: 275.021 GC heap before
{Heap before GC invocations=109 (full 5):
 PSYoungGen      total 148992K, used 148800K [0x000000066b180000, 0x0000000674f80000, 0x00000007c0000000)
  eden space 147968K, 100% used [0x000000066b180000,0x0000000674200000,0x0000000674200000)
  from space 1024K, 81% used [0x0000000674a00000,0x0000000674ad0000,0x0000000674b00000)
  to   space 3072K, 0% used [0x0000000674c80000,0x0000000674c80000,0x0000000674f80000)
 ParOldGen       total 427520K, used 217616K [0x00000003c1400000, 0x00000003db580000, 0x000000066b180000)
  object space 427520K, 50% used [0x00000003c1400000,0x00000003ce884198,0x00000003db580000)
 Metaspace       used 44493K, capacity 44925K, committed 45440K, reserved 1089536K
  class space    used 5090K, capacity 5223K, committed 5248K, reserved 1048576K
Event: 275.022 GC heap after
Heap after GC invocations=109 (full 5):
 PSYoungGen      total 147456K, used 800K [0x000000066b180000, 0x0000000674d80000, 0x00000007c0000000)
  eden space 146432K, 0% used [0x000000066b180000,0x000000066b180000,0x0000000674080000)
  from space 1024K, 78% used [0x0000000674c80000,0x0000000674d48000,0x0000000674d80000)
  to   space 3072K, 0% used [0x0000000674780000,0x0000000674780000,0x0000000674a80000)
 ParOldGen       total 427520K, used 217780K [0x00000003c1400000, 0x00000003db580000, 0x000000066b180000)
  object space 427520K, 50% used [0x00000003c1400000,0x00000003ce8ad1a8,0x00000003db580000)
 Metaspace       used 44493K, capacity 44925K, committed 45440K, reserved 1089536K
  class space    used 5090K, capacity 5223K, committed 5248K, reserved 1048576K
}
Event: 275.832 GC heap before
{Heap before GC invocations=110 (full 5):
 PSYoungGen      total 147456K, used 147232K [0x000000066b180000, 0x0000000674d80000, 0x00000007c0000000)
  eden space 146432K, 100% used [0x000000066b180000,0x0000000674080000,0x0000000674080000)
  from space 1024K, 78% used [0x0000000674c80000,0x0000000674d48000,0x0000000674d80000)
  to   space 3072K, 0% used [0x0000000674780000,0x0000000674780000,0x0000000674a80000)
 ParOldGen       total 427520K, used 217780K [0x00000003c1400000, 0x00000003db580000, 0x000000066b180000)
  object space 427520K, 50% used [0x00000003c1400000,0x00000003ce8ad1a8,0x00000003db580000)
 Metaspace       used 44493K, capacity 44925K, committed 45440K, reserved 1089536K
  class space    used 5090K, capacity 5223K, committed 5248K, reserved 1048576K
Event: 275.833 GC heap after
Heap after GC invocations=110 (full 5):
 PSYoungGen      total 145920K, used 704K [0x000000066b180000, 0x0000000674d00000, 0x00000007c0000000)
  eden space 144896K, 0% used [0x000000066b180000,0x000000066b180000,0x0000000673f00000)
  from space 1024K, 68% used [0x0000000674780000,0x0000000674830000,0x0000000674880000)
  to   space 3072K, 0% used [0x0000000674a00000,0x0000000674a00000,0x0000000674d00000)
 ParOldGen       total 427520K, used 217820K [0x00000003c1400000, 0x00000003db580000, 0x000000066b180000)
  object space 427520K, 50% used [0x00000003c1400000,0x00000003ce8b71a8,0x00000003db580000)
 Metaspace       used 44493K, capacity 44925K, committed 45440K, reserved 1089536K
  class space    used 5090K, capacity 5223K, committed 5248K, reserved 1048576K
}
Event: 276.634 GC heap before
{Heap before GC invocations=111 (full 5):
 PSYoungGen      total 145920K, used 145600K [0x000000066b180000, 0x0000000674d00000, 0x00000007c0000000)
  eden space 144896K, 100% used [0x000000066b180000,0x0000000673f00000,0x0000000673f00000)
  from space 1024K, 68% used [0x0000000674780000,0x0000000674830000,0x0000000674880000)
  to   space 3072K, 0% used [0x0000000674a00000,0x0000000674a00000,0x0000000674d00000)
 ParOldGen       total 427520K, used 217820K [0x00000003c1400000, 0x00000003db580000, 0x000000066b180000)
  object space 427520K, 50% used [0x00000003c1400000,0x00000003ce8b71a8,0x00000003db580000)
 Metaspace       used 44495K, capacity 44925K, committed 45440K, reserved 1089536K
  class space    used 5090K, capacity 5223K, committed 5248K, reserved 1048576K
Event: 276.635 GC heap after
Heap after GC invocations=111 (full 5):
 PSYoungGen      total 144384K, used 704K [0x000000066b180000, 0x0000000674b00000, 0x00000007c0000000)
  eden space 143360K, 0% used [0x000000066b180000,0x000000066b180000,0x0000000673d80000)
  from space 1024K, 68% used [0x0000000674a00000,0x0000000674ab0000,0x0000000674b00000)
  to   space 2560K, 0% used [0x0000000674600000,0x0000000674600000,0x0000000674880000)
 ParOldGen       total 427520K, used 217868K [0x00000003c1400000, 0x00000003db580000, 0x000000066b180000)
  object space 427520K, 50% used [0x00000003c1400000,0x00000003ce8c31a8,0x00000003db580000)
 Metaspace       used 44495K, capacity 44925K, committed 45440K, reserved 1089536K
  class space    used 5090K, capacity 5223K, committed 5248K, reserved 1048576K
}
Event: 277.431 GC heap before
{Heap before GC invocations=112 (full 5):
 PSYoungGen      total 144384K, used 144064K [0x000000066b180000, 0x0000000674b00000, 0x00000007c0000000)
  eden space 143360K, 100% used [0x000000066b180000,0x0000000673d80000,0x0000000673d80000)
  from space 1024K, 68% used [0x0000000674a00000,0x0000000674ab0000,0x0000000674b00000)
  to   space 2560K, 0% used [0x0000000674600000,0x0000000674600000,0x0000000674880000)
 ParOldGen       total 427520K, used 217868K [0x00000003c1400000, 0x00000003db580000, 0x000000066b180000)
  object space 427520K, 50% used [0x00000003c1400000,0x00000003ce8c31a8,0x00000003db580000)
 Metaspace       used 44495K, capacity 44925K, committed 45440K, reserved 1089536K
  class space    used 5090K, capacity 5223K, committed 5248K, reserved 1048576K
Event: 277.433 GC heap after
Heap after GC invocations=112 (full 5):
 PSYoungGen      total 142848K, used 704K [0x000000066b180000, 0x0000000674a80000, 0x00000007c0000000)
  eden space 141824K, 0% used [0x000000066b180000,0x000000066b180000,0x0000000673c00000)
  from space 1024K, 68% used [0x0000000674600000,0x00000006746b0000,0x0000000674700000)
  to   space 2560K, 0% used [0x0000000674800000,0x0000000674800000,0x0000000674a80000)
 ParOldGen       total 427520K, used 217940K [0x00000003c1400000, 0x00000003db580000, 0x000000066b180000)
  object space 427520K, 50% used [0x00000003c1400000,0x00000003ce8d51a8,0x00000003db580000)
 Metaspace       used 44495K, capacity 44925K, committed 45440K, reserved 1089536K
  class space    used 5090K, capacity 5223K, committed 5248K, reserved 1048576K
}

