# JRE version: Java(TM) SE Runtime Environment (8.0_471) (build 1.8.0_471-b09)
# Java VM: Java HotSpot(TM) 64-Bit Server VM (25.471-b09 mixed mode windows-amd64 compressed oops)
Heap:
 PSYoungGen      total 879616K, used 314735K [0x000000066b180000, 0x00000006a7f80000, 0x00000007c0000000)
  eden space 823296K, 31% used [0x000000066b180000,0x000000067ae1a238,0x000000069d580000)
  from space 56320K, 99% used [0x000000069f580000,0x00000006a2c41af0,0x00000006a2c80000)
  to   space 84992K, 0% used [0x00000006a2c80000,0x00000006a2c80000,0x00000006a7f80000)
 ParOldGen       total 411648K, used 140801K [0x00000003c1400000, 0x00000003da600000, 0x000000066b180000)
  object space 411648K, 34% used [0x00000003c1400000,0x00000003c9d80708,0x00000003da600000)
 Metaspace       used 44423K, capacity 44899K, committed 45312K, reserved 1089536K
  class space    used 5099K, capacity 5256K, committed 5376K, reserved 1048576K
GC Heap History (10 events):
Event: 25.063 GC heap before
{Heap before GC invocations=20 (full 5):
 PSYoungGen      total 809984K, used 770820K [0x000000066b180000, 0x00000006a2400000, 0x00000007c0000000)
  eden space 749056K, 100% used [0x000000066b180000,0x0000000698d00000,0x0000000698d00000)
  from space 60928K, 35% used [0x000000069e880000,0x000000069fdc13f8,0x00000006a2400000)
  to   space 77312K, 0% used [0x0000000698d00000,0x0000000698d00000,0x000000069d880000)
 ParOldGen       total 411648K, used 140769K [0x00000003c1400000, 0x00000003da600000, 0x000000066b180000)
  object space 411648K, 34% used [0x00000003c1400000,0x00000003c9d78708,0x00000003da600000)
 Metaspace       used 43753K, capacity 44177K, committed 44672K, reserved 1089536K
  class space    used 5066K, capacity 5189K, committed 5248K, reserved 1048576K
Event: 25.070 GC heap after
Heap after GC invocations=20 (full 5):
 PSYoungGen      total 826368K, used 40268K [0x000000066b180000, 0x00000006adc80000, 0x00000007c0000000)
  eden space 749056K, 0% used [0x000000066b180000,0x000000066b180000,0x0000000698d00000)
  from space 77312K, 52% used [0x0000000698d00000,0x000000069b453190,0x000000069d880000)
  to   space 75776K, 0% used [0x00000006a9280000,0x00000006a9280000,0x00000006adc80000)
 ParOldGen       total 411648K, used 140777K [0x00000003c1400000, 0x00000003da600000, 0x000000066b180000)
  object space 411648K, 34% used [0x00000003c1400000,0x00000003c9d7a708,0x00000003da600000)
 Metaspace       used 43753K, capacity 44177K, committed 44672K, reserved 1089536K
  class space    used 5066K, capacity 5189K, committed 5248K, reserved 1048576K
}
Event: 37.874 GC heap before
{Heap before GC invocations=21 (full 5):
 PSYoungGen      total 826368K, used 789324K [0x000000066b180000, 0x00000006adc80000, 0x00000007c0000000)
  eden space 749056K, 100% used [0x000000066b180000,0x0000000698d00000,0x0000000698d00000)
  from space 77312K, 52% used [0x0000000698d00000,0x000000069b453190,0x000000069d880000)
  to   space 75776K, 0% used [0x00000006a9280000,0x00000006a9280000,0x00000006adc80000)
 ParOldGen       total 411648K, used 140777K [0x00000003c1400000, 0x00000003da600000, 0x000000066b180000)
  object space 411648K, 34% used [0x00000003c1400000,0x00000003c9d7a708,0x00000003da600000)
 Metaspace       used 44005K, capacity 44497K, committed 44928K, reserved 1089536K
  class space    used 5072K, capacity 5189K, committed 5248K, reserved 1048576K
Event: 37.883 GC heap after
Heap after GC invocations=21 (full 5):
 PSYoungGen      total 971776K, used 53307K [0x000000066b180000, 0x00000006aca00000, 0x00000007c0000000)
  eden space 914944K, 0% used [0x000000066b180000,0x000000066b180000,0x00000006a2f00000)
  from space 56832K, 93% used [0x00000006a9280000,0x00000006ac68ee20,0x00000006aca00000)
  to   space 79360K, 0% used [0x00000006a2f00000,0x00000006a2f00000,0x00000006a7c80000)
 ParOldGen       total 411648K, used 140785K [0x00000003c1400000, 0x00000003da600000, 0x000000066b180000)
  object space 411648K, 34% used [0x00000003c1400000,0x00000003c9d7c708,0x00000003da600000)
 Metaspace       used 44005K, capacity 44497K, committed 44928K, reserved 1089536K
  class space    used 5072K, capacity 5189K, committed 5248K, reserved 1048576K
}
Event: 63.401 GC heap before
{Heap before GC invocations=22 (full 5):
 PSYoungGen      total 971776K, used 968251K [0x000000066b180000, 0x00000006aca00000, 0x00000007c0000000)
  eden space 914944K, 100% used [0x000000066b180000,0x00000006a2f00000,0x00000006a2f00000)
  from space 56832K, 93% used [0x00000006a9280000,0x00000006ac68ee20,0x00000006aca00000)
  to   space 79360K, 0% used [0x00000006a2f00000,0x00000006a2f00000,0x00000006a7c80000)
 ParOldGen       total 411648K, used 140785K [0x00000003c1400000, 0x00000003da600000, 0x000000066b180000)
  object space 411648K, 34% used [0x00000003c1400000,0x00000003c9d7c708,0x00000003da600000)
 Metaspace       used 44240K, capacity 44727K, committed 45184K, reserved 1089536K
  class space    used 5087K, capacity 5222K, committed 5248K, reserved 1048576K
Event: 63.412 GC heap after
Heap after GC invocations=22 (full 5):
 PSYoungGen      total 937984K, used 54541K [0x000000066b180000, 0x00000006ab100000, 0x00000007c0000000)
  eden space 883200K, 0% used [0x000000066b180000,0x000000066b180000,0x00000006a1000000)
  from space 54784K, 99% used [0x00000006a2f00000,0x00000006a6443658,0x00000006a6480000)
  to   space 78336K, 0% used [0x00000006a6480000,0x00000006a6480000,0x00000006ab100000)
 ParOldGen       total 411648K, used 140793K [0x00000003c1400000, 0x00000003da600000, 0x000000066b180000)
  object space 411648K, 34% used [0x00000003c1400000,0x00000003c9d7e708,0x00000003da600000)
 Metaspace       used 44240K, capacity 44727K, committed 45184K, reserved 1089536K
  class space    used 5087K, capacity 5222K, committed 5248K, reserved 1048576K
}
Event: 94.189 GC heap before
{Heap before GC invocations=23 (full 5):
 PSYoungGen      total 937984K, used 937741K [0x000000066b180000, 0x00000006ab100000, 0x00000007c0000000)
  eden space 883200K, 100% used [0x000000066b180000,0x00000006a1000000,0x00000006a1000000)
  from space 54784K, 99% used [0x00000006a2f00000,0x00000006a6443658,0x00000006a6480000)
  to   space 78336K, 0% used [0x00000006a6480000,0x00000006a6480000,0x00000006ab100000)
 ParOldGen       total 411648K, used 140793K [0x00000003c1400000, 0x00000003da600000, 0x000000066b180000)
  object space 411648K, 34% used [0x00000003c1400000,0x00000003c9d7e708,0x00000003da600000)
 Metaspace       used 44293K, capacity 44733K, committed 45184K, reserved 1089536K
  class space    used 5088K, capacity 5223K, committed 5248K, reserved 1048576K
Event: 94.198 GC heap after
Heap after GC invocations=23 (full 5):
 PSYoungGen      total 908800K, used 56017K [0x000000066b180000, 0x00000006a9b80000, 0x00000007c0000000)
  eden space 852480K, 0% used [0x000000066b180000,0x000000066b180000,0x000000069f200000)
  from space 56320K, 99% used [0x00000006a6480000,0x00000006a9b346d0,0x00000006a9b80000)
  to   space 84992K, 0% used [0x000000069f580000,0x000000069f580000,0x00000006a4880000)
 ParOldGen       total 411648K, used 140793K [0x00000003c1400000, 0x00000003da600000, 0x000000066b180000)
  object space 411648K, 34% used [0x00000003c1400000,0x00000003c9d7e708,0x00000003da600000)
 Metaspace       used 44293K, capacity 44733K, committed 45184K, reserved 1089536K
  class space    used 5088K, capacity 5223K, committed 5248K, reserved 1048576K
}
Event: 116.694 GC heap before
{Heap before GC invocations=24 (full 5):
 PSYoungGen      total 908800K, used 908497K [0x000000066b180000, 0x00000006a9b80000, 0x00000007c0000000)
  eden space 852480K, 100% used [0x000000066b180000,0x000000069f200000,0x000000069f200000)
  from space 56320K, 99% used [0x00000006a6480000,0x00000006a9b346d0,0x00000006a9b80000)
  to   space 84992K, 0% used [0x000000069f580000,0x000000069f580000,0x00000006a4880000)
 ParOldGen       total 411648K, used 140793K [0x00000003c1400000, 0x00000003da600000, 0x000000066b180000)
  object space 411648K, 34% used [0x00000003c1400000,0x00000003c9d7e708,0x00000003da600000)
 Metaspace       used 44370K, capacity 44803K, committed 45184K, reserved 1089536K
  class space    used 5089K, capacity 5224K, committed 5248K, reserved 1048576K
Event: 116.702 GC heap after
Heap after GC invocations=24 (full 5):
 PSYoungGen      total 879616K, used 56070K [0x000000066b180000, 0x00000006a7f80000, 0x00000007c0000000)
  eden space 823296K, 0% used [0x000000066b180000,0x000000066b180000,0x000000069d580000)
  from space 56320K, 99% used [0x000000069f580000,0x00000006a2c41af0,0x00000006a2c80000)
  to   space 84992K, 0% used [0x00000006a2c80000,0x00000006a2c80000,0x00000006a7f80000)
 ParOldGen       total 411648K, used 140801K [0x00000003c1400000, 0x00000003da600000, 0x000000066b180000)
  object space 411648K, 34% used [0x00000003c1400000,0x00000003c9d80708,0x00000003da600000)
 Metaspace       used 44370K, capacity 44803K, committed 45184K, reserved 1089536K
  class space    used 5089K, capacity 5224K, committed 5248K, reserved 1048576K
}

