# JRE version: Java(TM) SE Runtime Environment (8.0_471) (build 1.8.0_471-b09)
# Java VM: Java HotSpot(TM) 64-Bit Server VM (25.471-b09 mixed mode windows-amd64 compressed oops)
Heap:
 PSYoungGen      total 505344K, used 398015K [0x000000066b180000, 0x0000000694200000, 0x00000007c0000000)
  eden space 490496K, 78% used [0x000000066b180000,0x000000068281e228,0x0000000689080000)
  from space 14848K, 97% used [0x000000068b800000,0x000000068c611a00,0x000000068c680000)
  to   space 73216K, 0% used [0x000000068fa80000,0x000000068fa80000,0x0000000694200000)
 ParOldGen       total 416256K, used 163132K [0x00000003c1400000, 0x00000003daa80000, 0x000000066b180000)
  object space 416256K, 39% used [0x00000003c1400000,0x00000003cb34f000,0x00000003daa80000)
 Metaspace       used 44351K, capacity 44769K, committed 45184K, reserved 1089536K
  class space    used 5096K, capacity 5229K, committed 5248K, reserved 1048576K
GC Heap History (10 events):
Event: 66.525 GC heap before
{Heap before GC invocations=20 (full 5):
 PSYoungGen      total 577024K, used 576818K [0x000000066b180000, 0x000000069eb00000, 0x00000007c0000000)
  eden space 566272K, 100% used [0x000000066b180000,0x000000068da80000,0x000000068da80000)
  from space 10752K, 98% used [0x000000069e080000,0x000000069eaccac0,0x000000069eb00000)
  to   space 86016K, 0% used [0x0000000694300000,0x0000000694300000,0x0000000699700000)
 ParOldGen       total 416256K, used 163132K [0x00000003c1400000, 0x00000003daa80000, 0x000000066b180000)
  object space 416256K, 39% used [0x00000003c1400000,0x00000003cb34f000,0x00000003daa80000)
 Metaspace       used 44262K, capacity 44763K, committed 45184K, reserved 1089536K
  class space    used 5086K, capacity 5228K, committed 5248K, reserved 1048576K
Event: 66.528 GC heap after
Heap after GC invocations=20 (full 5):
 PSYoungGen      total 561152K, used 10900K [0x000000066b180000, 0x000000069e100000, 0x00000007c0000000)
  eden space 549888K, 0% used [0x000000066b180000,0x000000066b180000,0x000000068ca80000)
  from space 11264K, 96% used [0x0000000694300000,0x0000000694da51f0,0x0000000694e00000)
  to   space 84480K, 0% used [0x0000000698e80000,0x0000000698e80000,0x000000069e100000)
 ParOldGen       total 416256K, used 163132K [0x00000003c1400000, 0x00000003daa80000, 0x000000066b180000)
  object space 416256K, 39% used [0x00000003c1400000,0x00000003cb34f000,0x00000003daa80000)
 Metaspace       used 44262K, capacity 44763K, committed 45184K, reserved 1089536K
  class space    used 5086K, capacity 5228K, committed 5248K, reserved 1048576K
}
Event: 77.325 GC heap before
{Heap before GC invocations=21 (full 5):
 PSYoungGen      total 561152K, used 560788K [0x000000066b180000, 0x000000069e100000, 0x00000007c0000000)
  eden space 549888K, 100% used [0x000000066b180000,0x000000068ca80000,0x000000068ca80000)
  from space 11264K, 96% used [0x0000000694300000,0x0000000694da51f0,0x0000000694e00000)
  to   space 84480K, 0% used [0x0000000698e80000,0x0000000698e80000,0x000000069e100000)
 ParOldGen       total 416256K, used 163132K [0x00000003c1400000, 0x00000003daa80000, 0x000000066b180000)
  object space 416256K, 39% used [0x00000003c1400000,0x00000003cb34f000,0x00000003daa80000)
 Metaspace       used 44273K, capacity 44763K, committed 45184K, reserved 1089536K
  class space    used 5086K, capacity 5228K, committed 5248K, reserved 1048576K
Event: 77.328 GC heap after
Heap after GC invocations=21 (full 5):
 PSYoungGen      total 546816K, used 12560K [0x000000066b180000, 0x0000000699b00000, 0x00000007c0000000)
  eden space 534016K, 0% used [0x000000066b180000,0x000000066b180000,0x000000068bb00000)
  from space 12800K, 98% used [0x0000000698e80000,0x0000000699ac4100,0x0000000699b00000)
  to   space 81920K, 0% used [0x000000068fb00000,0x000000068fb00000,0x0000000694b00000)
 ParOldGen       total 416256K, used 163132K [0x00000003c1400000, 0x00000003daa80000, 0x000000066b180000)
  object space 416256K, 39% used [0x00000003c1400000,0x00000003cb34f000,0x00000003daa80000)
 Metaspace       used 44273K, capacity 44763K, committed 45184K, reserved 1089536K
  class space    used 5086K, capacity 5228K, committed 5248K, reserved 1048576K
}
Event: 87.170 GC heap before
{Heap before GC invocations=22 (full 5):
 PSYoungGen      total 546816K, used 546576K [0x000000066b180000, 0x0000000699b00000, 0x00000007c0000000)
  eden space 534016K, 100% used [0x000000066b180000,0x000000068bb00000,0x000000068bb00000)
  from space 12800K, 98% used [0x0000000698e80000,0x0000000699ac4100,0x0000000699b00000)
  to   space 81920K, 0% used [0x000000068fb00000,0x000000068fb00000,0x0000000694b00000)
 ParOldGen       total 416256K, used 163132K [0x00000003c1400000, 0x00000003daa80000, 0x000000066b180000)
  object space 416256K, 39% used [0x00000003c1400000,0x00000003cb34f000,0x00000003daa80000)
 Metaspace       used 44283K, capacity 44769K, committed 45184K, reserved 1089536K
  class space    used 5087K, capacity 5229K, committed 5248K, reserved 1048576K
Event: 87.173 GC heap after
Heap after GC invocations=22 (full 5):
 PSYoungGen      total 530432K, used 11688K [0x000000066b180000, 0x0000000698f00000, 0x00000007c0000000)
  eden space 518656K, 0% used [0x000000066b180000,0x000000066b180000,0x000000068ac00000)
  from space 11776K, 99% used [0x000000068fb00000,0x000000069066a0a0,0x0000000690680000)
  to   space 79360K, 0% used [0x0000000694180000,0x0000000694180000,0x0000000698f00000)
 ParOldGen       total 416256K, used 163132K [0x00000003c1400000, 0x00000003daa80000, 0x000000066b180000)
  object space 416256K, 39% used [0x00000003c1400000,0x00000003cb34f000,0x00000003daa80000)
 Metaspace       used 44283K, capacity 44769K, committed 45184K, reserved 1089536K
  class space    used 5087K, capacity 5229K, committed 5248K, reserved 1048576K
}
Event: 96.665 GC heap before
{Heap before GC invocations=23 (full 5):
 PSYoungGen      total 530432K, used 530344K [0x000000066b180000, 0x0000000698f00000, 0x00000007c0000000)
  eden space 518656K, 100% used [0x000000066b180000,0x000000068ac00000,0x000000068ac00000)
  from space 11776K, 99% used [0x000000068fb00000,0x000000069066a0a0,0x0000000690680000)
  to   space 79360K, 0% used [0x0000000694180000,0x0000000694180000,0x0000000698f00000)
 ParOldGen       total 416256K, used 163132K [0x00000003c1400000, 0x00000003daa80000, 0x000000066b180000)
  object space 416256K, 39% used [0x00000003c1400000,0x00000003cb34f000,0x00000003daa80000)
 Metaspace       used 44291K, capacity 44769K, committed 45184K, reserved 1089536K
  class space    used 5087K, capacity 5229K, committed 5248K, reserved 1048576K
Event: 96.671 GC heap after
Heap after GC invocations=23 (full 5):
 PSYoungGen      total 517120K, used 12780K [0x000000066b180000, 0x0000000694e00000, 0x00000007c0000000)
  eden space 504320K, 0% used [0x000000066b180000,0x000000066b180000,0x0000000689e00000)
  from space 12800K, 99% used [0x0000000694180000,0x0000000694dfb0f8,0x0000000694e00000)
  to   space 76800K, 0% used [0x000000068b800000,0x000000068b800000,0x0000000690300000)
 ParOldGen       total 416256K, used 163132K [0x00000003c1400000, 0x00000003daa80000, 0x000000066b180000)
  object space 416256K, 39% used [0x00000003c1400000,0x00000003cb34f000,0x00000003daa80000)
 Metaspace       used 44291K, capacity 44769K, committed 45184K, reserved 1089536K
  class space    used 5087K, capacity 5229K, committed 5248K, reserved 1048576K
}
Event: 105.594 GC heap before
{Heap before GC invocations=24 (full 5):
 PSYoungGen      total 517120K, used 517100K [0x000000066b180000, 0x0000000694e00000, 0x00000007c0000000)
  eden space 504320K, 100% used [0x000000066b180000,0x0000000689e00000,0x0000000689e00000)
  from space 12800K, 99% used [0x0000000694180000,0x0000000694dfb0f8,0x0000000694e00000)
  to   space 76800K, 0% used [0x000000068b800000,0x000000068b800000,0x0000000690300000)
 ParOldGen       total 416256K, used 163132K [0x00000003c1400000, 0x00000003daa80000, 0x000000066b180000)
  object space 416256K, 39% used [0x00000003c1400000,0x00000003cb34f000,0x00000003daa80000)
 Metaspace       used 44307K, capacity 44769K, committed 45184K, reserved 1089536K
  class space    used 5087K, capacity 5229K, committed 5248K, reserved 1048576K
Event: 105.597 GC heap after
Heap after GC invocations=24 (full 5):
 PSYoungGen      total 505344K, used 14406K [0x000000066b180000, 0x0000000694200000, 0x00000007c0000000)
  eden space 490496K, 0% used [0x000000066b180000,0x000000066b180000,0x0000000689080000)
  from space 14848K, 97% used [0x000000068b800000,0x000000068c611a00,0x000000068c680000)
  to   space 73216K, 0% used [0x000000068fa80000,0x000000068fa80000,0x0000000694200000)
 ParOldGen       total 416256K, used 163132K [0x00000003c1400000, 0x00000003daa80000, 0x000000066b180000)
  object space 416256K, 39% used [0x00000003c1400000,0x00000003cb34f000,0x00000003daa80000)
 Metaspace       used 44307K, capacity 44769K, committed 45184K, reserved 1089536K
  class space    used 5087K, capacity 5229K, committed 5248K, reserved 1048576K
}

