# JRE version: Java(TM) SE Runtime Environment (8.0_471) (build 1.8.0_471-b09)
# Java VM: Java HotSpot(TM) 64-Bit Server VM (25.471-b09 mixed mode windows-amd64 compressed oops)
Heap:
 PSYoungGen      total 1259008K, used 594346K [0x000000066b180000, 0x00000006c3900000, 0x00000007c0000000)
  eden space 1213440K, 45% used [0x000000066b180000,0x000000068c9802b0,0x00000006b5280000)
  from space 45568K, 99% used [0x00000006ba400000,0x00000006bd06a5f0,0x00000006bd080000)
  to   space 107008K, 0% used [0x00000006bd080000,0x00000006bd080000,0x00000006c3900000)
 ParOldGen       total 410624K, used 151154K [0x00000003c1400000, 0x00000003da500000, 0x000000066b180000)
  object space 410624K, 36% used [0x00000003c1400000,0x00000003ca79c8d8,0x00000003da500000)
 Metaspace       used 44276K, capacity 44801K, committed 45312K, reserved 1089536K
  class space    used 5097K, capacity 5261K, committed 5376K, reserved 1048576K
GC Heap History (10 events):
Event: 35.737 GC heap before
{Heap before GC invocations=24 (full 7):
 PSYoungGen      total 1173504K, used 1157025K [0x000000066b180000, 0x00000006b8a00000, 0x00000007c0000000)
  eden space 1113600K, 100% used [0x000000066b180000,0x00000006af100000,0x00000006af100000)
  from space 59904K, 72% used [0x00000006b4f80000,0x00000006b79e86b8,0x00000006b8a00000)
  to   space 78336K, 0% used [0x00000006af100000,0x00000006af100000,0x00000006b3d80000)
 ParOldGen       total 410624K, used 109927K [0x00000003c1400000, 0x00000003da500000, 0x000000066b180000)
  object space 410624K, 26% used [0x00000003c1400000,0x00000003c7f59e68,0x00000003da500000)
 Metaspace       used 43726K, capacity 44195K, committed 44672K, reserved 1089536K
  class space    used 5068K, capacity 5192K, committed 5248K, reserved 1048576K
Event: 35.748 GC heap after
Heap after GC invocations=24 (full 7):
 PSYoungGen      total 1191936K, used 65461K [0x000000066b180000, 0x00000006cab80000, 0x00000007c0000000)
  eden space 1113600K, 0% used [0x000000066b180000,0x000000066b180000,0x00000006af100000)
  from space 78336K, 83% used [0x00000006af100000,0x00000006b30ed540,0x00000006b3d80000)
  to   space 86528K, 0% used [0x00000006c5700000,0x00000006c5700000,0x00000006cab80000)
 ParOldGen       total 410624K, used 109935K [0x00000003c1400000, 0x00000003da500000, 0x000000066b180000)
  object space 410624K, 26% used [0x00000003c1400000,0x00000003c7f5be68,0x00000003da500000)
 Metaspace       used 43726K, capacity 44195K, committed 44672K, reserved 1089536K
  class space    used 5068K, capacity 5192K, committed 5248K, reserved 1048576K
}
Event: 44.495 GC heap before
{Heap before GC invocations=25 (full 7):
 PSYoungGen      total 1191936K, used 1179061K [0x000000066b180000, 0x00000006cab80000, 0x00000007c0000000)
  eden space 1113600K, 100% used [0x000000066b180000,0x00000006af100000,0x00000006af100000)
  from space 78336K, 83% used [0x00000006af100000,0x00000006b30ed540,0x00000006b3d80000)
  to   space 86528K, 0% used [0x00000006c5700000,0x00000006c5700000,0x00000006cab80000)
 ParOldGen       total 410624K, used 109935K [0x00000003c1400000, 0x00000003da500000, 0x000000066b180000)
  object space 410624K, 26% used [0x00000003c1400000,0x00000003c7f5be68,0x00000003da500000)
 Metaspace       used 43912K, capacity 44387K, committed 45056K, reserved 1089536K
  class space    used 5073K, capacity 5256K, committed 5376K, reserved 1048576K
Event: 44.512 GC heap after
Heap after GC invocations=25 (full 7):
 PSYoungGen      total 1448448K, used 82501K [0x000000066b180000, 0x00000006ca800000, 0x00000007c0000000)
  eden space 1365504K, 0% used [0x000000066b180000,0x000000066b180000,0x00000006be700000)
  from space 82944K, 99% used [0x00000006c5700000,0x00000006ca791640,0x00000006ca800000)
  to   space 98816K, 0% used [0x00000006be700000,0x00000006be700000,0x00000006c4780000)
 ParOldGen       total 410624K, used 109943K [0x00000003c1400000, 0x00000003da500000, 0x000000066b180000)
  object space 410624K, 26% used [0x00000003c1400000,0x00000003c7f5de68,0x00000003da500000)
 Metaspace       used 43912K, capacity 44387K, committed 45056K, reserved 1089536K
  class space    used 5073K, capacity 5256K, committed 5376K, reserved 1048576K
}
Event: 63.431 GC heap before
{Heap before GC invocations=26 (full 7):
 PSYoungGen      total 1448448K, used 1448005K [0x000000066b180000, 0x00000006ca800000, 0x00000007c0000000)
  eden space 1365504K, 100% used [0x000000066b180000,0x00000006be700000,0x00000006be700000)
  from space 82944K, 99% used [0x00000006c5700000,0x00000006ca791640,0x00000006ca800000)
  to   space 98816K, 0% used [0x00000006be700000,0x00000006be700000,0x00000006c4780000)
 ParOldGen       total 410624K, used 109943K [0x00000003c1400000, 0x00000003da500000, 0x000000066b180000)
  object space 410624K, 26% used [0x00000003c1400000,0x00000003c7f5de68,0x00000003da500000)
 Metaspace       used 44102K, capacity 44643K, committed 45312K, reserved 1089536K
  class space    used 5086K, capacity 5256K, committed 5376K, reserved 1048576K
Event: 63.446 GC heap after
Heap after GC invocations=26 (full 7):
 PSYoungGen      total 1395712K, used 83169K [0x000000066b180000, 0x00000006c8800000, 0x00000007c0000000)
  eden space 1312256K, 0% used [0x000000066b180000,0x000000066b180000,0x00000006bb300000)
  from space 83456K, 99% used [0x00000006be700000,0x00000006c3838708,0x00000006c3880000)
  to   space 81408K, 0% used [0x00000006c3880000,0x00000006c3880000,0x00000006c8800000)
 ParOldGen       total 410624K, used 109951K [0x00000003c1400000, 0x00000003da500000, 0x000000066b180000)
  object space 410624K, 26% used [0x00000003c1400000,0x00000003c7f5fe68,0x00000003da500000)
 Metaspace       used 44102K, capacity 44643K, committed 45312K, reserved 1089536K
  class space    used 5086K, capacity 5256K, committed 5376K, reserved 1048576K
}
Event: 82.235 GC heap before
{Heap before GC invocations=27 (full 7):
 PSYoungGen      total 1395712K, used 1395425K [0x000000066b180000, 0x00000006c8800000, 0x00000007c0000000)
  eden space 1312256K, 100% used [0x000000066b180000,0x00000006bb300000,0x00000006bb300000)
  from space 83456K, 99% used [0x00000006be700000,0x00000006c3838708,0x00000006c3880000)
  to   space 81408K, 0% used [0x00000006c3880000,0x00000006c3880000,0x00000006c8800000)
 ParOldGen       total 410624K, used 109951K [0x00000003c1400000, 0x00000003da500000, 0x000000066b180000)
  object space 410624K, 26% used [0x00000003c1400000,0x00000003c7f5fe68,0x00000003da500000)
 Metaspace       used 44190K, capacity 44719K, committed 45312K, reserved 1089536K
  class space    used 5091K, capacity 5258K, committed 5376K, reserved 1048576K
Event: 82.246 GC heap after
Heap after GC invocations=27 (full 7):
 PSYoungGen      total 1342976K, used 81407K [0x000000066b180000, 0x00000006c8800000, 0x00000007c0000000)
  eden space 1261568K, 0% used [0x000000066b180000,0x000000066b180000,0x00000006b8180000)
  from space 81408K, 99% used [0x00000006c3880000,0x00000006c87fffb0,0x00000006c8800000)
  to   space 116736K, 0% used [0x00000006ba400000,0x00000006ba400000,0x00000006c1600000)
 ParOldGen       total 410624K, used 111553K [0x00000003c1400000, 0x00000003da500000, 0x000000066b180000)
  object space 410624K, 27% used [0x00000003c1400000,0x00000003c80f0738,0x00000003da500000)
 Metaspace       used 44190K, capacity 44719K, committed 45312K, reserved 1089536K
  class space    used 5091K, capacity 5258K, committed 5376K, reserved 1048576K
}
Event: 108.736 GC heap before
{Heap before GC invocations=28 (full 7):
 PSYoungGen      total 1342976K, used 1342975K [0x000000066b180000, 0x00000006c8800000, 0x00000007c0000000)
  eden space 1261568K, 100% used [0x000000066b180000,0x00000006b8180000,0x00000006b8180000)
  from space 81408K, 99% used [0x00000006c3880000,0x00000006c87fffb0,0x00000006c8800000)
  to   space 116736K, 0% used [0x00000006ba400000,0x00000006ba400000,0x00000006c1600000)
 ParOldGen       total 410624K, used 111553K [0x00000003c1400000, 0x00000003da500000, 0x000000066b180000)
  object space 410624K, 27% used [0x00000003c1400000,0x00000003c80f0738,0x00000003da500000)
 Metaspace       used 44216K, capacity 44719K, committed 45312K, reserved 1089536K
  class space    used 5092K, capacity 5258K, committed 5376K, reserved 1048576K
Event: 108.750 GC heap after
Heap after GC invocations=28 (full 7):
 PSYoungGen      total 1259008K, used 45481K [0x000000066b180000, 0x00000006c3900000, 0x00000007c0000000)
  eden space 1213440K, 0% used [0x000000066b180000,0x000000066b180000,0x00000006b5280000)
  from space 45568K, 99% used [0x00000006ba400000,0x00000006bd06a5f0,0x00000006bd080000)
  to   space 107008K, 0% used [0x00000006bd080000,0x00000006bd080000,0x00000006c3900000)
 ParOldGen       total 410624K, used 151154K [0x00000003c1400000, 0x00000003da500000, 0x000000066b180000)
  object space 410624K, 36% used [0x00000003c1400000,0x00000003ca79c8d8,0x00000003da500000)
 Metaspace       used 44216K, capacity 44719K, committed 45312K, reserved 1089536K
  class space    used 5092K, capacity 5258K, committed 5376K, reserved 1048576K
}

